2020-11-10T23:00:00.811Z 260.1 73.0
2020-11-10T23:00:01.811Z 265.0 68.0
2020-11-10T23:00:02.811Z 262.8 70.9
2020-11-10T23:00:03.811Z 266.2 67.0
2020-11-10T23:00:04.811Z 254.0 78.0
2020-11-10T23:00:05.811Z 272.9 61.0
2020-11-10T23:00:06.811Z 276.1 57.0
2020-11-10T23:00:07.812Z 267.7 64.9
2020-11-10T23:00:08.811Z 272.3 60.1
2020-11-10T23:00:09.811Z 268.0 66.0
2020-11-10T23:00:10.812Z 273.8 59.0
2020-11-10T23:00:11.811Z 256.2 77.1
2020-11-10T23:00:12.811Z 270.0 62.0
2020-11-10T23:00:13.811Z 263.0 70.0
2020-11-10T23:00:14.811Z 260.0 73.0
2020-11-10T23:00:15.811Z 253.8 80.0
2020-11-10T23:00:16.811Z 259.2 73.0
2020-11-10T23:00:17.811Z 277.9 56.0
2020-11-10T23:00:18.811Z 277.1 56.0
2020-11-10T23:00:19.811Z 270.0 62.0
2020-11-10T23:00:20.811Z 272.0 62.0
2020-11-10T23:00:21.812Z 263.8 69.0
2020-11-10T23:00:22.811Z 266.1 67.0
2020-11-10T23:00:23.811Z 278.1 54.0
2020-11-10T23:00:24.812Z 273.7 59.9
2020-11-10T23:00:25.812Z 266.0 67.0
2020-11-10T23:00:26.811Z 262.2 70.1
2020-11-10T23:00:27.811Z 279.1 55.0
2020-11-10T23:00:28.812Z 274.8 58.0
2020-11-10T23:00:29.811Z 272.2 61.0
2020-11-10T23:00:30.812Z 255.8 76.0
2020-11-10T23:00:31.811Z 261.2 72.1
2020-11-10T23:00:32.811Z 265.0 68.0
2020-11-10T23:00:33.812Z 278.7 54.9
2020-11-10T23:00:34.811Z 267.2 66.1
2020-11-10T23:00:35.811Z 266.0 66.0
2020-11-10T23:00:36.811Z 265.0 68.0
2020-11-10T23:00:37.811Z 263.9 69.0
2020-11-10T23:00:38.811Z 271.0 62.0
2020-11-10T23:00:39.812Z 260.9 73.0
2020-11-10T23:00:40.811Z 257.1 75.0
2020-11-10T23:00:41.811Z 279.0 55.0
2020-11-10T23:00:42.811Z 277.0 56.0
2020-11-10T23:00:43.811Z 268.0 64.0
2020-11-10T23:00:44.812Z 271.8 62.0
2020-11-10T23:00:45.811Z 264.2 68.1
2020-11-10T23:00:46.811Z 263.0 71.0
2020-11-10T23:00:47.811Z 253.0 79.0
2020-11-10T23:00:48.812Z 262.8 70.9
2020-11-10T23:00:49.812Z 275.1 58.0
2020-11-10T23:00:50.811Z 254.1 79.0
2020-11-10T23:00:51.811Z 266.0 67.0
2020-11-10T23:00:52.812Z 264.8 67.9
2020-11-10T23:00:53.811Z 272.3 60.1
2020-11-10T23:00:54.812Z 258.9 74.0
2020-11-10T23:00:55.812Z 278.9 55.0
2020-11-10T23:00:56.811Z 260.1 72.0
2020-11-10T23:00:57.812Z 265.8 67.9
2020-11-10T23:00:58.811Z 269.2 63.1
2020-11-10T23:00:59.812Z 254.0 79.0
2020-11-10T23:01:00.811Z 259.0 74.0
2020-11-10T23:01:01.812Z 267.0 66.0
2020-11-10T23:01:02.812Z 272.0 62.0
2020-11-10T23:01:03.812Z 264.9 67.0
2020-11-10T23:01:04.812Z 255.0 78.0
2020-11-10T23:01:05.811Z 258.1 75.0
2020-11-10T23:01:06.811Z 271.0 62.0
2020-11-10T23:01:07.812Z 269.9 63.0
2020-11-10T23:01:08.812Z 266.1 67.0
2020-11-10T23:01:09.812Z 259.0 74.0
2020-11-10T23:01:10.812Z 269.8 63.0
2020-11-10T23:01:11.812Z 262.2 71.0
2020-11-10T23:01:12.812Z 261.8 71.9
2020-11-10T23:01:13.812Z 255.1 77.0
2020-11-10T23:01:14.812Z 269.0 64.0
2020-11-10T23:01:15.812Z 266.0 67.0
2020-11-10T23:01:16.812Z 272.0 61.0
2020-11-10T23:01:17.812Z 287.9 45.0
2020-11-10T23:01:18.812Z 246.0 87.0
2020-11-10T23:01:19.812Z 263.0 70.0
2020-11-10T23:01:20.813Z 261.8 71.9
2020-11-10T23:01:21.813Z 268.0 64.0
2020-11-10T23:01:22.813Z 271.0 63.0
2020-11-10T23:01:23.812Z 265.2 67.1
2020-11-10T23:01:24.812Z 264.9 68.0
2020-11-10T23:01:25.812Z 261.1 72.0
2020-11-10T23:01:26.813Z 265.7 67.9
2020-11-10T23:01:27.812Z 270.3 62.1
2020-11-10T23:01:28.812Z 281.0 47.0
2020-11-10T23:01:29.812Z 270.9 62.0
2020-11-10T23:01:30.812Z 262.1 71.0
2020-11-10T23:01:31.812Z 265.9 68.0
2020-11-10T23:01:32.813Z 270.8 61.0
2020-11-10T23:01:33.812Z 273.2 60.0
2020-11-10T23:01:34.812Z 272.0 61.0
2020-11-10T23:01:35.812Z 262.0 71.0
2020-11-10T23:01:36.813Z 271.9 61.0
2020-11-10T23:01:37.813Z 263.8 66.9
2020-11-10T23:01:38.813Z 246.2 87.1
2020-11-10T23:01:39.813Z 270.9 62.0
2020-11-10T23:01:40.812Z 280.1 53.0
2020-11-10T23:01:41.813Z 260.9 72.0
2020-11-10T23:01:42.813Z 270.0 63.0
2020-11-10T23:01:43.813Z 254.0 79.0
2020-11-10T23:01:44.812Z 265.1 68.0
2020-11-10T23:01:45.813Z 273.8 59.0
2020-11-10T23:01:46.812Z 260.2 73.1
2020-11-10T23:01:47.812Z 264.0 69.0
2020-11-10T23:01:48.812Z 276.9 56.0
2020-11-10T23:01:49.813Z 256.8 75.9
2020-11-10T23:01:50.813Z 265.1 68.0
2020-11-10T23:01:51.813Z 270.9 62.0
2020-11-10T23:01:52.813Z 267.0 66.0
2020-11-10T23:01:53.813Z 277.0 56.0
2020-11-10T23:01:54.813Z 267.0 66.0
2020-11-10T23:01:55.813Z 244.9 88.0
2020-11-10T23:01:56.813Z 278.1 55.0
2020-11-10T23:01:57.813Z 265.9 67.0
2020-11-10T23:01:58.812Z 258.2 74.1
2020-11-10T23:01:59.813Z 267.9 66.0
2020-11-10T23:02:00.812Z 267.1 66.0
2020-11-10T23:02:01.812Z 265.0 68.0
2020-11-10T23:02:02.813Z 263.9 69.0
2020-11-10T23:02:03.813Z 264.0 69.0
2020-11-10T23:02:04.813Z 251.0 82.0
2020-11-10T23:02:05.813Z 260.9 71.0
2020-11-10T23:02:06.813Z 264.0 70.0
2020-11-10T23:02:07.813Z 267.9 65.0
2020-11-10T23:02:08.813Z 267.2 66.0
2020-11-10T23:02:09.813Z 265.9 67.0
2020-11-10T23:02:10.813Z 270.1 63.0
2020-11-10T23:02:11.813Z 259.9 73.0
2020-11-10T23:02:12.813Z 257.9 75.0
2020-11-10T23:02:13.813Z 262.0 71.0
2020-11-10T23:02:14.813Z 263.1 70.0
2020-11-10T23:02:15.813Z 268.8 63.0
2020-11-10T23:02:16.813Z 271.0 63.0
2020-11-10T23:02:17.813Z 272.0 61.0
2020-11-10T23:02:18.813Z 272.2 61.0
2020-11-10T23:02:19.813Z 264.0 69.0
2020-11-10T23:02:20.813Z 271.0 62.0
2020-11-10T23:02:21.813Z 267.0 66.0
2020-11-10T23:02:22.813Z 269.8 63.0
2020-11-10T23:02:23.813Z 262.2 71.0
2020-11-10T23:02:24.814Z 260.8 71.9
2020-11-10T23:02:25.813Z 262.2 71.1
2020-11-10T23:02:26.813Z 258.0 75.0
2020-11-10T23:02:27.813Z 266.9 66.0
2020-11-10T23:02:28.813Z 273.2 60.0
2020-11-10T23:02:29.814Z 273.7 58.9
2020-11-10T23:02:30.814Z 264.0 69.0
2020-11-10T23:02:31.813Z 257.2 76.1
2020-11-10T23:02:32.813Z 250.9 82.0
2020-11-10T23:02:33.813Z 271.1 62.0
2020-11-10T23:02:34.813Z 266.0 59.0
2020-11-10T23:02:35.814Z 269.8 64.0
2020-11-10T23:02:36.814Z 265.0 68.0
2020-11-10T23:02:37.813Z 274.2 59.0
2020-11-10T23:02:38.813Z 265.0 68.0
2020-11-10T23:02:39.814Z 275.8 57.0
2020-11-10T23:02:40.813Z 265.2 67.1
2020-11-10T23:02:41.813Z 278.0 55.0
2020-11-10T23:02:42.814Z 265.8 68.0
2020-11-10T23:02:43.813Z 263.2 69.1
2020-11-10T23:02:44.813Z 264.9 69.0
2020-11-10T23:02:45.813Z 262.0 70.0
2020-11-10T23:02:46.814Z 275.8 58.0
2020-11-10T23:02:47.814Z 281.1 52.0
2020-11-10T23:02:48.813Z 260.2 73.1
2020-11-10T23:02:49.813Z 273.0 59.0
2020-11-10T23:02:50.814Z 281.8 52.0
2020-11-10T23:02:51.813Z 267.1 66.0
2020-11-10T23:02:52.813Z 260.1 72.0
2020-11-10T23:02:53.814Z 270.8 62.9
2020-11-10T23:02:54.813Z 266.1 67.0
2020-11-10T23:02:55.814Z 252.0 80.0
2020-11-10T23:02:56.814Z 261.9 72.0
2020-11-10T23:02:57.813Z 287.3 46.0
2020-11-10T23:02:58.813Z 263.8 69.0
2020-11-10T23:02:59.813Z 274.0 59.0
2020-11-10T23:03:00.813Z 257.1 75.0
2020-11-10T23:03:01.813Z 262.9 71.0
2020-11-10T23:03:02.814Z 266.9 66.0
2020-11-10T23:03:03.813Z 267.2 66.1
2020-11-10T23:03:04.814Z 262.9 70.0
2020-11-10T23:03:05.813Z 273.1 60.0
2020-11-10T23:03:06.813Z 268.9 64.0
2020-11-10T23:03:07.813Z 263.1 70.0
2020-11-10T23:03:08.814Z 272.7 59.9
2020-11-10T23:03:09.813Z 260.3 73.1
2020-11-10T23:03:10.813Z 256.9 76.0
2020-11-10T23:03:11.813Z 271.0 61.0
2020-11-10T23:03:12.813Z 263.0 70.0
2020-11-10T23:03:13.813Z 268.0 66.0
2020-11-10T23:03:14.814Z 265.8 66.9
2020-11-10T23:03:15.814Z 267.1 66.0
2020-11-10T23:03:16.814Z 275.0 58.0
2020-11-10T23:03:17.815Z 267.9 65.0
2020-11-10T23:03:18.813Z 266.3 67.1
2020-11-10T23:03:19.813Z 267.0 66.0
2020-11-10T23:03:20.813Z 271.0 61.0
2020-11-10T23:03:21.813Z 270.0 63.0
2020-11-10T23:03:22.813Z 273.0 61.0
2020-11-10T23:03:23.815Z 258.7 73.9
2020-11-10T23:03:24.814Z 255.1 77.0
2020-11-10T23:03:25.814Z 264.0 69.0
2020-11-10T23:03:26.814Z 261.0 72.0
2020-11-10T23:03:27.813Z 279.2 54.0
2020-11-10T23:03:28.814Z 266.9 66.0
2020-11-10T23:03:29.813Z 259.1 74.0
2020-11-10T23:03:30.814Z 265.9 67.0
2020-11-10T23:03:31.814Z 258.0 75.0
2020-11-10T23:03:32.814Z 267.9 65.0
2020-11-10T23:03:33.814Z 251.1 82.0
2020-11-10T23:03:34.814Z 277.0 56.0
2020-11-10T23:03:35.814Z 270.9 62.0
2020-11-10T23:03:36.814Z 255.1 79.0
2020-11-10T23:03:37.814Z 261.0 71.0
2020-11-10T23:03:38.814Z 268.0 65.0
2020-11-10T23:03:39.814Z 270.0 63.0
2020-11-10T23:03:40.814Z 274.0 59.0
2020-11-10T23:03:41.814Z 263.0 70.0
2020-11-10T23:03:42.814Z 264.9 68.0
2020-11-10T23:03:43.814Z 269.9 64.0
2020-11-10T23:03:44.814Z 258.2 74.1
2020-11-10T23:03:45.815Z 264.8 67.9
2020-11-10T23:03:46.814Z 263.2 70.1
2020-11-10T23:03:47.814Z 284.0 49.0
2020-11-10T23:03:48.814Z 270.0 63.0
2020-11-10T23:03:49.814Z 265.9 67.0
2020-11-10T23:03:50.814Z 265.1 68.0
2020-11-10T23:03:51.814Z 270.8 62.0
2020-11-10T23:03:52.814Z 267.2 66.0
2020-11-10T23:03:53.814Z 271.0 62.0
2020-11-10T23:03:54.814Z 265.0 68.0
2020-11-10T23:03:55.814Z 262.0 70.0
2020-11-10T23:03:56.814Z 275.9 57.0
2020-11-10T23:03:57.814Z 265.9 67.0
2020-11-10T23:03:58.814Z 263.1 70.0
2020-11-10T23:03:59.814Z 268.0 65.0
2020-11-10T23:04:00.815Z 267.8 64.9
2020-11-10T23:04:01.814Z 260.2 73.1
2020-11-10T23:04:02.814Z 261.1 72.0
2020-11-10T23:04:03.815Z 266.8 66.0
2020-11-10T23:04:04.815Z 265.0 68.0
2020-11-10T23:04:05.814Z 271.1 62.0
2020-11-10T23:04:06.814Z 261.0 72.0
2020-11-10T23:04:07.814Z 263.0 71.0
2020-11-10T23:04:08.814Z 275.0 57.0
2020-11-10T23:04:09.815Z 277.8 55.0
2020-11-10T23:04:10.814Z 266.2 67.0
2020-11-10T23:04:11.815Z 258.7 73.9
2020-11-10T23:04:12.814Z 272.3 61.1
2020-11-10T23:04:13.815Z 273.9 59.0
2020-11-10T23:04:14.814Z 267.1 67.0
2020-11-10T23:04:15.814Z 270.9 61.0
2020-11-10T23:04:16.815Z 263.8 68.9
2020-11-10T23:04:17.815Z 271.0 62.0
2020-11-10T23:04:18.814Z 272.2 61.0
2020-11-10T23:04:19.815Z 265.8 67.0
2020-11-10T23:04:20.815Z 264.0 69.0
2020-11-10T23:04:21.815Z 273.1 60.0
2020-11-10T23:04:22.814Z 282.1 51.0
2020-11-10T23:04:23.815Z 278.7 53.9
2020-11-10T23:04:24.814Z 270.2 63.1
2020-11-10T23:04:25.814Z 253.0 80.0
2020-11-10T23:04:26.814Z 259.0 74.0
2020-11-10T23:04:27.814Z 270.0 63.0
2020-11-10T23:04:28.815Z 266.8 65.9
2020-11-10T23:04:29.816Z 278.9 54.0
2020-11-10T23:04:30.815Z 274.2 59.1
2020-11-10T23:04:31.815Z 273.0 60.0
2020-11-10T23:04:32.815Z 278.0 55.0
2020-11-10T23:04:33.815Z 266.8 65.9
2020-11-10T23:04:34.814Z 275.3 58.1
2020-11-10T23:04:35.815Z 274.8 59.0
2020-11-10T23:04:36.814Z 260.2 72.1
2020-11-10T23:04:37.815Z 264.9 68.0
2020-11-10T23:04:38.815Z 262.9 70.0
2020-11-10T23:04:39.814Z 264.2 69.0
2020-11-10T23:04:40.815Z 253.8 78.9
2020-11-10T23:04:41.815Z 258.9 74.0
2020-11-10T23:04:42.815Z 267.1 66.0
2020-11-10T23:04:43.815Z 256.9 76.0
2020-11-10T23:04:44.815Z 261.0 72.0
2020-11-10T23:04:45.815Z 261.1 72.0
2020-11-10T23:04:46.814Z 269.0 64.0
2020-11-10T23:04:47.815Z 269.8 62.9
2020-11-10T23:04:48.815Z 268.2 65.0
2020-11-10T23:04:49.815Z 275.8 57.0
2020-11-10T23:04:50.815Z 272.1 61.0
2020-11-10T23:04:51.815Z 269.1 64.0
2020-11-10T23:04:52.815Z 270.9 62.0
2020-11-10T23:04:53.815Z 261.0 72.0
2020-11-10T23:04:54.815Z 277.9 55.0
2020-11-10T23:04:55.815Z 273.0 60.0
2020-11-10T23:04:56.815Z 268.1 65.0
2020-11-10T23:04:57.815Z 262.1 71.0
2020-11-10T23:04:58.815Z 272.0 61.0
2020-11-10T23:04:59.815Z 258.0 75.0
2020-11-10T23:05:00.815Z 270.9 62.0
2020-11-10T23:05:01.816Z 267.9 65.0
2020-11-10T23:05:02.815Z 253.2 79.1
2020-11-10T23:05:03.815Z 263.9 70.0
2020-11-10T23:05:04.815Z 261.1 72.0
2020-11-10T23:05:05.815Z 270.0 64.0
2020-11-10T23:05:06.815Z 272.0 60.0
2020-11-10T23:05:07.815Z 266.0 67.0
2020-11-10T23:05:08.816Z 270.8 61.9
2020-11-10T23:05:09.816Z 281.9 51.0
2020-11-10T23:05:10.815Z 258.3 75.1
2020-11-10T23:05:11.815Z 268.0 65.0
2020-11-10T23:05:12.815Z 261.9 71.0
2020-11-10T23:05:13.815Z 274.1 59.0
2020-11-10T23:05:14.815Z 264.1 69.0
2020-11-10T23:05:15.815Z 257.9 75.0
2020-11-10T23:05:16.816Z 279.0 55.0
2020-11-10T23:05:17.815Z 269.0 63.0
2020-11-10T23:05:18.816Z 260.0 73.0
2020-11-10T23:05:19.815Z 257.2 76.1
2020-11-10T23:05:20.816Z 261.8 70.9
2020-11-10T23:05:21.815Z 284.1 48.0
2020-11-10T23:05:22.815Z 266.0 68.0
2020-11-10T23:05:23.815Z 268.1 65.0
2020-11-10T23:05:24.815Z 265.0 68.0
2020-11-10T23:05:25.815Z 266.9 66.0
2020-11-10T23:05:26.815Z 263.0 70.0
2020-11-10T23:05:27.815Z 264.1 69.0
2020-11-10T23:05:28.815Z 258.0 75.0
2020-11-10T23:05:29.815Z 269.9 63.0
2020-11-10T23:05:30.815Z 266.1 67.0
2020-11-10T23:05:31.815Z 251.0 82.0
2020-11-10T23:05:32.815Z 272.0 61.0
2020-11-10T23:05:33.816Z 259.7 72.9
2020-11-10T23:05:34.815Z 266.3 67.1
2020-11-10T23:05:35.815Z 268.0 65.0
2020-11-10T23:05:36.816Z 263.8 69.0
2020-11-10T23:05:37.816Z 252.0 81.0
2020-11-10T23:05:38.815Z 268.2 65.0
2020-11-10T23:05:39.816Z 262.8 69.9
2020-11-10T23:05:40.816Z 262.9 70.0
2020-11-10T23:05:41.815Z 267.2 66.1
2020-11-10T23:05:42.816Z 259.9 73.0
2020-11-10T23:05:43.816Z 264.8 68.0
2020-11-10T23:05:44.815Z 255.2 78.1
2020-11-10T23:05:45.816Z 261.9 71.0
2020-11-10T23:05:46.816Z 260.0 73.0
2020-11-10T23:05:47.816Z 262.9 71.0
2020-11-10T23:05:48.816Z 259.1 73.0
2020-11-10T23:05:49.816Z 268.1 66.0
2020-11-10T23:05:50.815Z 276.1 56.0
2020-11-10T23:05:51.815Z 258.0 75.0
2020-11-10T23:05:52.815Z 255.0 78.0
2020-11-10T23:05:53.816Z 268.9 64.0
2020-11-10T23:05:54.816Z 269.1 64.0
2020-11-10T23:05:55.815Z 277.1 56.0
2020-11-10T23:05:56.816Z 270.9 62.0
2020-11-10T23:05:57.815Z 264.1 69.0
2020-11-10T23:05:58.816Z 258.0 66.0
2020-11-10T23:05:59.816Z 265.8 66.9
2020-11-10T23:06:00.816Z 260.1 73.0
2020-11-10T23:06:01.815Z 267.2 66.1
2020-11-10T23:06:02.816Z 269.9 63.0
2020-11-10T23:06:03.816Z 261.0 72.0
2020-11-10T23:06:04.816Z 273.9 59.0
2020-11-10T23:06:05.816Z 273.0 60.0
2020-11-10T23:06:06.817Z 273.8 59.0
2020-11-10T23:06:07.816Z 268.3 65.1
2020-11-10T23:06:08.817Z 259.8 68.9
2020-11-10T23:06:09.816Z 260.3 73.1
2020-11-10T23:06:10.816Z 254.8 77.9
2020-11-10T23:06:11.816Z 265.2 68.0
2020-11-10T23:06:12.817Z 269.7 62.9
2020-11-10T23:06:13.816Z 267.2 66.0
2020-11-10T23:06:14.816Z 208.0 44.0
2020-11-10T23:06:15.816Z 147.0 45.0
2020-11-10T23:06:16.817Z 262.8 69.9
2020-11-10T23:06:17.816Z 259.2 73.1
2020-11-10T23:06:18.816Z 266.1 68.0
2020-11-10T23:06:19.816Z 268.0 65.0
2020-11-10T23:06:20.817Z 256.7 75.9
2020-11-10T23:06:21.817Z 267.0 66.0
2020-11-10T23:06:22.817Z 254.0 79.0
2020-11-10T23:06:23.816Z 263.1 70.0
2020-11-10T23:06:24.817Z 272.8 60.0
2020-11-10T23:06:25.816Z 275.2 58.0
2020-11-10T23:06:26.817Z 260.9 72.0
2020-11-10T23:06:27.816Z 276.2 57.0
2020-11-10T23:06:28.817Z 263.8 70.0
2020-11-10T23:06:29.817Z 268.9 64.0
2020-11-10T23:06:30.817Z 265.1 67.0
2020-11-10T23:06:31.817Z 270.0 63.0
2020-11-10T23:06:32.817Z 254.9 78.0
2020-11-10T23:06:33.816Z 264.3 69.1
2020-11-10T23:06:34.817Z 273.7 58.9
2020-11-10T23:06:35.817Z 261.0 72.0
2020-11-10T23:06:36.817Z 273.0 60.0
2020-11-10T23:06:37.817Z 266.0 67.0
2020-11-10T23:06:38.817Z 265.9 67.0
2020-11-10T23:06:39.817Z 273.0 60.0
2020-11-10T23:06:40.816Z 271.2 62.0
2020-11-10T23:06:41.816Z 270.1 62.0
2020-11-10T23:06:42.817Z 262.8 71.0
2020-11-10T23:06:43.817Z 258.0 75.0
2020-11-10T23:06:44.817Z 261.8 70.9
2020-11-10T23:06:45.817Z 269.0 64.0
2020-11-10T23:06:46.817Z 271.1 62.0
2020-11-10T23:06:47.817Z 278.8 54.0
2020-11-10T23:06:48.817Z 276.0 57.0
2020-11-10T23:06:49.817Z 274.1 59.0
2020-11-10T23:06:50.816Z 269.2 63.0
2020-11-10T23:06:51.816Z 271.9 62.0
2020-11-10T23:06:52.817Z 256.8 76.0
2020-11-10T23:06:53.817Z 272.1 61.0
2020-11-10T23:06:54.817Z 269.8 63.0
2020-11-10T23:06:55.817Z 258.1 75.0
2020-11-10T23:06:56.817Z 267.0 66.0
2020-11-10T23:06:57.817Z 267.0 66.0
2020-11-10T23:06:58.816Z 257.1 75.0
2020-11-10T23:06:59.817Z 264.7 68.9
2020-11-10T23:07:00.817Z 258.1 75.0
2020-11-10T23:07:01.817Z 264.1 69.0
2020-11-10T23:07:02.817Z 271.0 62.0
2020-11-10T23:07:03.817Z 263.9 69.0
2020-11-10T23:07:04.817Z 267.1 66.0
2020-11-10T23:07:05.816Z 275.1 58.0
2020-11-10T23:07:06.816Z 278.0 55.0
2020-11-10T23:07:07.817Z 258.8 73.9
2020-11-10T23:07:08.817Z 274.1 59.0
2020-11-10T23:07:09.817Z 266.1 67.0
2020-11-10T23:07:10.817Z 264.8 68.0
2020-11-10T23:07:11.816Z 262.2 71.1
2020-11-10T23:07:12.818Z 269.7 62.9
2020-11-10T23:07:13.817Z 263.2 70.1
2020-11-10T23:07:14.817Z 262.8 69.9
2020-11-10T23:07:15.817Z 254.2 79.1
2020-11-10T23:07:16.816Z 255.0 78.0
2020-11-10T23:07:17.817Z 258.9 74.0
2020-11-10T23:07:18.817Z 276.0 57.0
2020-11-10T23:07:19.817Z 271.7 60.9
2020-11-10T23:07:20.817Z 270.0 62.0
2020-11-10T23:07:21.817Z 261.0 73.0
2020-11-10T23:07:22.817Z 263.1 70.0
2020-11-10T23:07:23.818Z 259.8 72.9
2020-11-10T23:07:24.817Z 264.3 69.1
2020-11-10T23:07:25.817Z 273.0 59.0
2020-11-10T23:07:26.817Z 255.9 78.0
2020-11-10T23:07:27.818Z 262.8 69.9
2020-11-10T23:07:28.818Z 258.1 75.0
2020-11-10T23:07:29.817Z 272.1 61.0
2020-11-10T23:07:30.817Z 262.1 71.0
2020-11-10T23:07:31.817Z 263.9 69.0
2020-11-10T23:07:32.817Z 257.9 75.0
2020-11-10T23:07:33.818Z 265.0 68.0
2020-11-10T23:07:34.818Z 268.0 65.0
2020-11-10T23:07:35.817Z 262.2 71.0
2020-11-10T23:07:36.817Z 265.9 67.0
2020-11-10T23:07:37.817Z 271.0 62.0
2020-11-10T23:07:38.818Z 259.8 72.9
2020-11-10T23:07:39.818Z 269.0 64.0
2020-11-10T23:07:40.817Z 283.3 50.0
2020-11-10T23:07:41.817Z 259.0 73.0
2020-11-10T23:07:42.817Z 263.0 71.0
2020-11-10T23:07:43.817Z 263.9 69.0
2020-11-10T23:07:44.817Z 268.0 65.0
2020-11-10T23:07:45.818Z 260.8 72.0
2020-11-10T23:07:46.818Z 267.0 66.0
2020-11-10T23:07:47.817Z 263.1 70.0
2020-11-10T23:07:48.817Z 257.9 75.0
2020-11-10T23:07:49.818Z 263.0 70.0
2020-11-10T23:07:50.817Z 272.1 61.0
2020-11-10T23:07:51.817Z 271.0 62.0
2020-11-10T23:07:52.818Z 269.8 63.0
2020-11-10T23:07:53.817Z 272.2 61.0
2020-11-10T23:07:54.817Z 270.0 63.0
2020-11-10T23:07:55.818Z 263.8 69.0
2020-11-10T23:07:56.818Z 273.9 59.0
2020-11-10T23:07:57.818Z 263.1 70.0
2020-11-10T23:07:58.818Z 267.0 66.0
2020-11-10T23:07:59.818Z 271.9 61.0
2020-11-10T23:08:00.817Z 266.2 67.1
2020-11-10T23:08:01.817Z 261.0 72.0
2020-11-10T23:08:02.818Z 262.8 69.9
2020-11-10T23:08:03.818Z 269.0 64.0
2020-11-10T23:08:04.817Z 267.3 66.1
2020-11-10T23:08:05.817Z 268.9 64.0
2020-11-10T23:08:06.817Z 278.0 55.0
2020-11-10T23:08:07.818Z 257.8 74.9
2020-11-10T23:08:08.818Z 255.1 78.0
2020-11-10T23:08:09.818Z 279.9 53.0
2020-11-10T23:08:10.818Z 263.0 70.0
2020-11-10T23:08:11.818Z 259.2 74.1
2020-11-10T23:08:12.818Z 271.8 62.0
2020-11-10T23:08:13.818Z 263.0 69.0
2020-11-10T23:08:14.817Z 264.2 68.0
2020-11-10T23:08:15.817Z 260.0 74.0
2020-11-10T23:08:16.818Z 271.0 62.0
2020-11-10T23:08:17.818Z 274.0 59.0
2020-11-10T23:08:18.819Z 266.8 65.9
2020-11-10T23:08:19.819Z 261.0 72.0
2020-11-10T23:08:20.818Z 260.1 73.0
2020-11-10T23:08:21.818Z 267.0 66.0
2020-11-10T23:08:22.818Z 267.1 66.0
2020-11-10T23:08:23.818Z 270.9 62.0
2020-11-10T23:08:24.818Z 257.2 76.1
2020-11-10T23:08:25.819Z 274.7 58.9
2020-11-10T23:08:26.819Z 261.0 71.0
2020-11-10T23:08:27.818Z 262.1 71.0
2020-11-10T23:08:28.818Z 264.2 69.1
2020-11-10T23:08:29.819Z 258.8 73.9
2020-11-10T23:08:30.818Z 253.2 80.1
2020-11-10T23:08:31.819Z 279.7 52.9
2020-11-10T23:08:32.818Z 285.3 48.0
2020-11-10T23:08:33.819Z 263.8 68.9
2020-11-10T23:08:34.818Z 272.2 61.1
2020-11-10T23:08:35.819Z 260.8 71.9
2020-11-10T23:08:36.819Z 265.0 68.0
2020-11-10T23:08:37.818Z 250.3 83.1
2020-11-10T23:08:38.818Z 271.9 61.0
2020-11-10T23:08:39.818Z 266.1 67.0
2020-11-10T23:08:40.821Z 259.1 72.7
2020-11-10T23:08:41.819Z 274.7 59.1
2020-11-10T23:08:42.818Z 265.1 68.0
2020-11-10T23:08:43.819Z 265.9 67.0
2020-11-10T23:08:44.818Z 266.0 67.0
2020-11-10T23:08:45.818Z 263.1 70.0
2020-11-10T23:08:46.819Z 268.8 63.9
2020-11-10T23:08:47.819Z 267.1 66.0
2020-11-10T23:08:48.819Z 256.9 76.0
2020-11-10T23:08:49.819Z 268.1 65.0
2020-11-10T23:08:50.818Z 256.1 76.0
2020-11-10T23:08:51.819Z 269.8 63.9
2020-11-10T23:08:52.818Z 267.2 66.1
2020-11-10T23:08:53.818Z 264.0 69.0
2020-11-10T23:08:54.818Z 251.9 81.0
2020-11-10T23:08:55.818Z 266.0 67.0
2020-11-10T23:08:56.818Z 276.1 57.0
2020-11-10T23:08:57.818Z 279.9 53.0
2020-11-10T23:08:58.818Z 258.1 75.0
2020-11-10T23:08:59.819Z 254.6 77.9
2020-11-10T23:09:00.820Z 255.8 76.9
2020-11-10T23:09:01.819Z 284.3 50.1
2020-11-10T23:09:02.819Z 260.1 72.0
2020-11-10T23:09:03.818Z 261.2 71.1
2020-11-10T23:09:04.819Z 252.9 81.0
2020-11-10T23:09:05.819Z 267.9 65.0
2020-11-10T23:09:06.819Z 255.9 77.0
2020-11-10T23:09:07.819Z 267.0 66.0
2020-11-10T23:09:08.819Z 262.0 71.0
2020-11-10T23:09:09.819Z 264.1 69.0
2020-11-10T23:09:10.820Z 268.5 63.9
2020-11-10T23:09:11.818Z 256.6 77.2
2020-11-10T23:09:12.819Z 267.7 64.9
2020-11-10T23:09:13.818Z 264.3 69.1
2020-11-10T23:09:14.818Z 257.9 75.0
2020-11-10T23:09:15.818Z 264.0 69.0
2020-11-10T23:09:16.819Z 264.9 68.0
2020-11-10T23:09:17.820Z 252.8 79.9
2020-11-10T23:09:18.819Z 276.2 57.0
2020-11-10T23:09:19.819Z 260.9 72.0
2020-11-10T23:09:20.819Z 258.0 74.0
2020-11-10T23:09:21.819Z 266.1 68.0
2020-11-10T23:09:22.819Z 263.8 68.9
2020-11-10T23:09:23.819Z 270.2 63.0
2020-11-10T23:09:24.818Z 276.1 56.0
2020-11-10T23:09:25.819Z 272.8 60.0
2020-11-10T23:09:26.818Z 272.2 61.1
2020-11-10T23:09:27.818Z 265.0 67.0
2020-11-10T23:09:28.819Z 271.9 62.0
2020-11-10T23:09:29.818Z 265.1 67.0
2020-11-10T23:09:30.819Z 259.0 74.0
2020-11-10T23:09:31.819Z 263.8 69.9
2020-11-10T23:09:32.819Z 268.2 65.0
2020-11-10T23:09:33.819Z 265.0 68.0
2020-11-10T23:09:34.820Z 266.8 65.9
2020-11-10T23:09:35.819Z 275.3 58.1
2020-11-10T23:09:36.819Z 261.0 72.0
2020-11-10T23:09:37.818Z 257.1 76.0
2020-11-10T23:09:38.818Z 276.0 57.0
2020-11-10T23:09:39.819Z 265.9 67.0
2020-11-10T23:09:40.819Z 265.0 68.0
2020-11-10T23:09:41.820Z 266.8 66.0
2020-11-10T23:09:42.820Z 270.0 63.0
2020-11-10T23:09:43.819Z 265.2 68.1
2020-11-10T23:09:44.819Z 260.1 73.0
2020-11-10T23:09:45.819Z 263.9 69.0
2020-11-10T23:09:46.819Z 257.1 76.0
2020-11-10T23:09:47.819Z 264.0 69.0
2020-11-10T23:09:48.819Z 267.0 66.0
2020-11-10T23:09:49.820Z 270.8 61.9
2020-11-10T23:09:50.820Z 253.8 77.9
2020-11-10T23:09:51.819Z 262.2 73.1
2020-11-10T23:09:52.820Z 265.9 66.0
2020-11-10T23:09:53.819Z 265.3 68.1
2020-11-10T23:09:54.819Z 274.0 59.0
2020-11-10T23:09:55.820Z 268.7 63.9
2020-11-10T23:09:56.819Z 268.1 65.0
2020-11-10T23:09:57.819Z 271.1 62.0
2020-11-10T23:09:58.819Z 271.1 62.0
2020-11-10T23:09:59.820Z 278.8 54.0
2020-11-10T23:10:00.819Z 272.1 61.0
2020-11-10T23:10:01.819Z 268.1 65.0
2020-11-10T23:10:02.819Z 260.0 73.0
2020-11-10T23:10:03.819Z 264.9 68.0
2020-11-10T23:10:04.819Z 258.9 74.0
2020-11-10T23:10:05.820Z 254.9 78.0
2020-11-10T23:10:06.819Z 251.1 81.0
2020-11-10T23:10:07.819Z 272.0 62.0
2020-11-10T23:10:08.819Z 263.1 70.0
2020-11-10T23:10:09.819Z 268.1 65.0
2020-11-10T23:10:10.819Z 261.0 71.0
2020-11-10T23:10:11.820Z 266.8 67.0
2020-11-10T23:10:12.819Z 260.0 73.0
2020-11-10T23:10:13.819Z 268.1 65.0
2020-11-10T23:10:14.819Z 266.0 66.0
2020-11-10T23:10:15.819Z 264.9 69.0
2020-11-10T23:10:16.819Z 263.1 70.0
2020-11-10T23:10:17.819Z 283.0 50.0
2020-11-10T23:10:18.820Z 248.7 83.9
2020-11-10T23:10:19.820Z 279.1 54.0
2020-11-10T23:10:20.820Z 264.0 69.0
2020-11-10T23:10:21.819Z 266.2 66.1
2020-11-10T23:10:22.819Z 269.0 65.0
2020-11-10T23:10:23.820Z 273.9 59.0
2020-11-10T23:10:24.819Z 271.1 62.0
2020-11-10T23:10:25.819Z 262.0 71.0
2020-11-10T23:10:26.819Z 268.0 64.0
2020-11-10T23:10:27.819Z 253.9 79.0
2020-11-10T23:10:28.819Z 254.1 69.0
2020-11-10T23:10:29.819Z 261.9 72.0
2020-11-10T23:10:30.819Z 262.1 71.0
2020-11-10T23:10:31.820Z 270.9 62.0
2020-11-10T23:10:32.819Z 271.1 61.0
2020-11-10T23:10:33.819Z 269.0 65.0
2020-11-10T23:10:34.820Z 259.8 73.0
2020-11-10T23:10:35.820Z 266.1 66.0
2020-11-10T23:10:36.819Z 265.1 68.0
2020-11-10T23:10:37.819Z 273.0 60.0
2020-11-10T23:10:38.820Z 269.0 64.0
2020-11-10T23:10:39.820Z 271.0 62.0
2020-11-10T23:10:40.820Z 273.8 60.0
2020-11-10T23:10:41.820Z 256.1 76.0
2020-11-10T23:10:42.820Z 259.1 74.0
2020-11-10T23:10:43.819Z 259.1 74.0
2020-11-10T23:10:44.820Z 267.9 66.0
2020-11-10T23:10:45.820Z 266.1 66.0
2020-11-10T23:10:46.820Z 262.0 71.0
2020-11-10T23:10:47.819Z 261.1 72.0
2020-11-10T23:10:48.819Z 271.0 62.0
2020-11-10T23:10:49.819Z 274.0 60.0
2020-11-10T23:10:50.820Z 277.7 55.0
2020-11-10T23:10:51.820Z 266.2 66.1
2020-11-10T23:10:52.820Z 260.9 73.0
2020-11-10T23:10:53.820Z 269.0 63.0
2020-11-10T23:10:54.820Z 264.0 69.0
2020-11-10T23:10:55.820Z 265.0 68.0
2020-11-10T23:10:56.820Z 283.0 50.0
2020-11-10T23:10:57.821Z 266.7 66.9
2020-11-10T23:10:58.820Z 268.2 65.1
2020-11-10T23:10:59.820Z 256.1 76.0
2020-11-10T23:11:00.821Z 264.8 68.9
2020-11-10T23:11:01.820Z 262.2 70.1
2020-11-10T23:11:02.820Z 256.9 77.0
2020-11-10T23:11:03.821Z 266.8 65.9
2020-11-10T23:11:04.820Z 264.3 67.1
2020-11-10T23:11:05.821Z 273.8 60.9
2020-11-10T23:11:06.820Z 269.1 64.0
2020-11-10T23:11:07.820Z 261.1 72.0
2020-11-10T23:11:08.820Z 269.9 63.0
2020-11-10T23:11:09.821Z 262.7 69.9
2020-11-10T23:11:10.820Z 266.2 67.1
2020-11-10T23:11:11.820Z 268.2 64.0
2020-11-10T23:11:12.820Z 260.0 74.0
2020-11-10T23:11:13.820Z 273.0 59.0
2020-11-10T23:11:14.820Z 247.0 86.0
2020-11-10T23:11:15.820Z 276.0 58.0
2020-11-10T23:11:16.820Z 265.9 66.0
2020-11-10T23:11:17.820Z 261.0 72.0
2020-11-10T23:11:18.820Z 252.0 81.0
2020-11-10T23:11:19.820Z 270.0 64.0
2020-11-10T23:11:20.820Z 269.1 64.0
2020-11-10T23:11:21.820Z 271.9 61.0
2020-11-10T23:11:22.820Z 269.1 63.0
2020-11-10T23:11:23.820Z 273.0 60.0
2020-11-10T23:11:24.820Z 283.9 49.0
2020-11-10T23:11:25.820Z 270.1 64.0
2020-11-10T23:11:26.820Z 259.0 74.0
2020-11-10T23:11:27.820Z 270.9 61.0
2020-11-10T23:11:28.820Z 267.0 67.0
2020-11-10T23:11:29.821Z 266.8 65.9
2020-11-10T23:11:30.820Z 263.3 70.1
2020-11-10T23:11:31.820Z 260.0 72.0
2020-11-10T23:11:32.820Z 268.1 66.0
2020-11-10T23:11:33.820Z 264.0 68.0
2020-11-10T23:11:34.821Z 261.8 71.9
2020-11-10T23:11:35.820Z 253.2 79.1
2020-11-10T23:11:36.820Z 268.0 65.0
2020-11-10T23:11:37.821Z 266.8 66.9
2020-11-10T23:11:38.820Z 261.2 71.1
2020-11-10T23:11:39.820Z 263.0 70.0
2020-11-10T23:11:40.821Z 265.9 67.0
2020-11-10T23:11:41.820Z 266.1 67.0
2020-11-10T23:11:42.820Z 260.9 72.0
2020-11-10T23:11:43.820Z 273.0 60.0
2020-11-10T23:11:44.820Z 278.0 55.0
2020-11-10T23:11:45.821Z 264.9 69.0
2020-11-10T23:11:46.820Z 259.1 73.0
2020-11-10T23:11:47.820Z 272.0 62.0
2020-11-10T23:11:48.820Z 281.0 52.0
2020-11-10T23:11:49.820Z 267.0 65.0
2020-11-10T23:11:50.820Z 271.0 62.0
2020-11-10T23:11:51.822Z 260.6 72.9
2020-11-10T23:11:52.820Z 254.3 78.1
2020-11-10T23:11:53.820Z 271.0 62.0
2020-11-10T23:11:54.820Z 273.0 61.0
2020-11-10T23:11:55.821Z 269.9 62.0
2020-11-10T23:11:56.821Z 267.0 66.0
2020-11-10T23:11:57.820Z 262.0 71.0
2020-11-10T23:11:58.822Z 265.7 67.9
2020-11-10T23:11:59.820Z 259.3 73.1
2020-11-10T23:12:00.820Z 266.0 67.0
2020-11-10T23:12:01.821Z 276.8 57.0
2020-11-10T23:12:02.821Z 259.2 73.0
2020-11-10T23:12:03.820Z 277.0 57.0
2020-11-10T23:12:04.821Z 256.9 75.0
2020-11-10T23:12:05.821Z 264.8 69.0
2020-11-10T23:12:06.821Z 278.2 54.0
2020-11-10T23:12:07.821Z 275.0 58.0
2020-11-10T23:12:08.821Z 261.0 72.0
2020-11-10T23:12:09.822Z 271.7 61.9
2020-11-10T23:12:10.821Z 263.3 69.1
2020-11-10T23:12:11.821Z 261.9 71.0
2020-11-10T23:12:12.821Z 262.1 71.0
2020-11-10T23:12:13.821Z 272.0 61.0
2020-11-10T23:12:14.821Z 270.0 63.0
2020-11-10T23:12:15.821Z 267.9 66.0
2020-11-10T23:12:16.821Z 269.1 63.0
2020-11-10T23:12:17.821Z 275.0 58.0
2020-11-10T23:12:18.822Z 276.7 56.9
2020-11-10T23:12:19.821Z 261.2 72.1
2020-11-10T23:12:20.821Z 267.0 65.0
2020-11-10T23:12:21.821Z 266.0 67.0
2020-11-10T23:12:22.821Z 261.0 72.0
2020-11-10T23:12:23.821Z 256.0 77.0
2020-11-10T23:12:24.821Z 274.1 59.0
2020-11-10T23:12:25.821Z 266.0 67.0
2020-11-10T23:12:26.821Z 268.0 65.0
2020-11-10T23:12:27.821Z 269.0 65.0
2020-11-10T23:12:28.821Z 264.1 68.0
2020-11-10T23:12:29.821Z 271.0 63.0
2020-11-10T23:12:30.821Z 268.0 65.0
2020-11-10T23:12:31.821Z 267.0 65.0
2020-11-10T23:12:32.822Z 265.7 67.9
2020-11-10T23:12:33.821Z 267.3 65.1
2020-11-10T23:12:34.822Z 279.8 53.0
2020-11-10T23:12:35.821Z 265.2 68.0
2020-11-10T23:12:36.821Z 257.9 75.0
2020-11-10T23:12:37.822Z 259.8 73.9
2020-11-10T23:12:38.822Z 273.0 59.0
2020-11-10T23:12:39.822Z 280.9 53.0
2020-11-10T23:12:40.821Z 270.3 62.1
2020-11-10T23:12:41.821Z 265.0 69.0
2020-11-10T23:12:42.821Z 269.0 63.0
2020-11-10T23:12:43.822Z 259.9 73.0
2020-11-10T23:12:44.821Z 261.1 73.0
2020-11-10T23:12:45.821Z 271.0 62.0
2020-11-10T23:12:46.821Z 267.9 64.0
2020-11-10T23:12:47.821Z 266.0 67.0
2020-11-10T23:12:48.822Z 272.9 61.0
2020-11-10T23:12:49.821Z 272.1 60.0
2020-11-10T23:12:50.822Z 254.9 79.0
2020-11-10T23:12:51.822Z 260.8 71.9
2020-11-10T23:12:52.822Z 267.1 66.0
2020-11-10T23:12:53.821Z 267.2 66.0
2020-11-10T23:12:54.821Z 255.0 77.0
2020-11-10T23:12:55.822Z 270.7 62.9
2020-11-10T23:12:56.821Z 271.3 62.1
2020-11-10T23:12:57.822Z 249.8 81.9
2020-11-10T23:12:58.821Z 267.3 66.1
2020-11-10T23:12:59.821Z 263.9 69.0
2020-11-10T23:13:00.821Z 265.0 69.0
2020-11-10T23:13:01.821Z 259.0 73.0
2020-11-10T23:13:02.822Z 266.9 67.0
2020-11-10T23:13:03.822Z 268.1 64.0
2020-11-10T23:13:04.821Z 263.0 70.0
2020-11-10T23:13:05.823Z 251.7 81.9
2020-11-10T23:13:06.822Z 263.3 69.1
2020-11-10T23:13:07.821Z 260.0 73.0
2020-11-10T23:13:08.822Z 283.9 50.0
2020-11-10T23:13:09.822Z 265.9 67.0
2020-11-10T23:13:10.821Z 254.2 78.1
2020-11-10T23:13:11.822Z 265.0 69.0
2020-11-10T23:13:12.822Z 257.0 75.0
2020-11-10T23:13:13.822Z 265.0 68.0
2020-11-10T23:13:14.821Z 259.0 74.0
2020-11-10T23:13:15.822Z 269.9 63.0
2020-11-10T23:13:16.822Z 278.0 55.0
2020-11-10T23:13:17.822Z 278.0 55.0
2020-11-10T23:13:18.822Z 260.9 72.0
2020-11-10T23:13:19.822Z 250.0 83.0
2020-11-10T23:13:20.822Z 278.1 56.0
2020-11-10T23:13:21.822Z 271.9 61.0
2020-11-10T23:13:22.822Z 274.1 59.0
2020-11-10T23:13:23.822Z 267.0 65.0
2020-11-10T23:13:24.822Z 252.8 80.9
2020-11-10T23:13:25.822Z 52.0 73.0
2020-11-10T23:13:26.822Z 0.0 74.0
2020-11-10T23:13:27.822Z 0.0 50.0
2020-11-10T23:13:28.822Z 0.0 5.0
2020-11-10T23:13:29.822Z 0.0 0.0
2020-11-10T23:13:30.822Z 0.0 5.0
2020-11-10T23:13:31.822Z 0.0 6.0
2020-11-10T23:13:32.822Z 0.0 10.0
2020-11-10T23:13:33.822Z 0.0 7.0
2020-11-10T23:13:34.822Z 0.0 5.0
2020-11-10T23:13:35.822Z 0.0 2.0
2020-11-10T23:13:36.822Z 0.0 14.0
2020-11-10T23:13:37.822Z 0.0 3.0
2020-11-10T23:13:38.822Z 0.0 8.0
2020-11-10T23:13:39.822Z 0.0 5.0
2020-11-10T23:13:40.822Z 0.0 0.0
2020-11-10T23:13:41.822Z 0.0 16.0
2020-11-10T23:13:42.822Z 0.0 11.0
2020-11-10T23:13:43.822Z 0.0 0.0
2020-11-10T23:13:44.822Z 0.0 8.0
2020-11-10T23:13:45.822Z 0.0 1.0
2020-11-10T23:13:46.822Z 0.0 8.0
2020-11-10T23:13:47.822Z 0.0 0.0
2020-11-10T23:13:48.822Z 0.0 12.0
2020-11-10T23:13:49.822Z 0.0 3.0
2020-11-10T23:13:50.822Z 0.0 8.0
2020-11-10T23:13:51.822Z 0.0 0.0
2020-11-10T23:13:52.822Z 0.0 8.0
2020-11-10T23:13:53.822Z 0.0 1.0
2020-11-10T23:13:54.822Z 0.0 7.0
2020-11-10T23:13:55.822Z 0.0 0.0
2020-11-10T23:13:56.823Z 133.9 37.0
2020-11-10T23:13:57.822Z 100.1 16.0
2020-11-10T23:13:58.823Z 18.0 9.0
2020-11-10T23:13:59.822Z 254.2 78.1
2020-11-10T23:14:00.823Z 257.9 75.0
2020-11-10T23:14:01.823Z 263.8 69.0
2020-11-10T23:14:02.822Z 267.3 61.1
2020-11-10T23:14:03.823Z 261.8 71.0
2020-11-10T23:14:04.823Z 266.0 67.0
2020-11-10T23:14:05.822Z 264.0 67.0
2020-11-10T23:14:06.822Z 268.1 64.0
2020-11-10T23:14:07.822Z 253.0 79.0
2020-11-10T23:14:08.822Z 262.0 71.0
2020-11-10T23:14:09.823Z 262.9 70.0
2020-11-10T23:14:10.822Z 273.1 59.0
2020-11-10T23:14:11.822Z 281.0 52.0
2020-11-10T23:14:12.822Z 266.0 67.0
2020-11-10T23:14:13.822Z 259.0 74.0
2020-11-10T23:14:14.823Z 269.9 63.0
2020-11-10T23:14:15.822Z 268.0 65.0
2020-11-10T23:14:16.823Z 256.9 76.0
2020-11-10T23:14:17.823Z 255.0 76.0
2020-11-10T23:14:18.823Z 258.9 76.0
2020-11-10T23:14:19.823Z 271.0 62.0
2020-11-10T23:14:20.823Z 269.0 63.0
2020-11-10T23:14:21.822Z 264.1 70.0
2020-11-10T23:14:22.823Z 273.9 59.0
2020-11-10T23:14:23.823Z 275.0 58.0
2020-11-10T23:14:24.823Z 278.0 55.0
2020-11-10T23:14:25.823Z 267.0 66.0
2020-11-10T23:14:26.823Z 263.0 70.0
2020-11-10T23:14:27.824Z 254.8 77.9
2020-11-10T23:14:28.822Z 253.3 80.1
2020-11-10T23:14:29.823Z 265.9 67.0
2020-11-10T23:14:30.823Z 268.0 65.0
2020-11-10T23:14:31.823Z 273.0 60.0
2020-11-10T23:14:32.823Z 265.1 68.0
2020-11-10T23:14:33.823Z 275.9 57.0
2020-11-10T23:14:34.823Z 259.0 74.0
2020-11-10T23:14:35.823Z 252.0 81.0
2020-11-10T23:14:36.823Z 262.0 71.0
2020-11-10T23:14:37.823Z 260.0 73.0
2020-11-10T23:14:38.823Z 278.0 55.0
2020-11-10T23:14:39.823Z 265.9 67.0
2020-11-10T23:14:40.823Z 268.1 64.0
2020-11-10T23:14:41.823Z 274.1 59.0
2020-11-10T23:14:42.823Z 255.8 77.9
2020-11-10T23:14:43.823Z 272.1 60.0
2020-11-10T23:14:44.823Z 266.9 67.0
2020-11-10T23:14:45.823Z 263.2 70.0
2020-11-10T23:14:46.823Z 259.8 73.0
2020-11-10T23:14:47.823Z 263.1 69.0
2020-11-10T23:14:48.823Z 263.0 70.0
2020-11-10T23:14:49.824Z 262.8 70.9
2020-11-10T23:14:50.823Z 262.1 71.0
2020-11-10T23:14:51.824Z 269.9 63.0
2020-11-10T23:14:52.824Z 257.9 75.0
2020-11-10T23:14:53.824Z 258.0 75.0
2020-11-10T23:14:54.823Z 280.2 53.0
2020-11-10T23:14:55.823Z 262.1 71.0
2020-11-10T23:14:56.823Z 268.0 65.0
2020-11-10T23:14:57.823Z 262.8 70.0
2020-11-10T23:14:58.824Z 259.8 73.0
2020-11-10T23:14:59.823Z 261.3 72.1
2020-11-10T23:15:00.823Z 274.0 59.0
2020-11-10T23:15:01.823Z 259.9 73.0
2020-11-10T23:15:02.823Z 265.0 67.0
2020-11-10T23:15:03.823Z 277.1 57.0
2020-11-10T23:15:04.823Z 269.0 64.0
2020-11-10T23:15:05.824Z 260.8 72.0
2020-11-10T23:15:06.823Z 260.2 73.1
2020-11-10T23:15:07.824Z 257.8 75.0
2020-11-10T23:15:08.823Z 260.1 62.0
2020-11-10T23:15:09.823Z 262.1 73.0
2020-11-10T23:15:10.823Z 272.0 60.0
2020-11-10T23:15:11.824Z 264.8 67.0
2020-11-10T23:15:12.824Z 264.0 69.0
2020-11-10T23:15:13.823Z 272.2 60.0
2020-11-10T23:15:14.823Z 273.0 60.0
2020-11-10T23:15:15.823Z 271.0 62.0
2020-11-10T23:15:16.824Z 253.7 79.9
2020-11-10T23:15:17.823Z 270.3 63.1
2020-11-10T23:15:18.824Z 265.7 66.9
2020-11-10T23:15:19.824Z 267.2 66.1
2020-11-10T23:15:20.823Z 263.1 69.0
2020-11-10T23:15:21.824Z 270.9 63.0
2020-11-10T23:15:22.823Z 283.1 50.0
2020-11-10T23:15:23.824Z 283.8 49.0
2020-11-10T23:15:24.824Z 262.0 71.0
2020-11-10T23:15:25.823Z 267.1 66.0
2020-11-10T23:15:26.823Z 264.0 69.0
2020-11-10T23:15:27.823Z 276.0 56.0
2020-11-10T23:15:28.823Z 260.0 73.0
2020-11-10T23:15:29.824Z 274.8 59.0
2020-11-10T23:15:30.823Z 257.2 75.1
2020-11-10T23:15:31.823Z 252.0 81.0
2020-11-10T23:15:32.823Z 272.0 61.0
2020-11-10T23:15:33.824Z 266.9 66.0
2020-11-10T23:15:34.824Z 264.0 69.0
2020-11-10T23:15:35.823Z 279.1 54.0
2020-11-10T23:15:36.824Z 255.9 78.0
2020-11-10T23:15:37.824Z 272.0 61.0
2020-11-10T23:15:38.823Z 274.1 58.0
2020-11-10T23:15:39.824Z 281.9 52.0
2020-11-10T23:15:40.824Z 255.1 77.0
2020-11-10T23:15:41.824Z 254.0 79.0
2020-11-10T23:15:42.824Z 267.0 67.0
2020-11-10T23:15:43.824Z 257.0 75.0
2020-11-10T23:15:44.824Z 263.0 70.0
2020-11-10T23:15:45.824Z 273.0 60.0
2020-11-10T23:15:46.824Z 252.9 81.0
2020-11-10T23:15:47.824Z 265.9 67.0
2020-11-10T23:15:48.824Z 248.2 84.1
2020-11-10T23:15:49.824Z 245.9 88.0
2020-11-10T23:15:50.824Z 274.0 59.0
2020-11-10T23:15:51.825Z 263.8 69.0
2020-11-10T23:15:52.824Z 276.3 57.1
2020-11-10T23:15:53.824Z 263.9 69.0
2020-11-10T23:15:54.824Z 267.1 65.0
2020-11-10T23:15:55.824Z 267.0 66.0
2020-11-10T23:15:56.824Z 278.0 56.0
2020-11-10T23:15:57.824Z 259.8 71.9
2020-11-10T23:15:58.824Z 264.2 69.1
2020-11-10T23:15:59.824Z 279.0 55.0
2020-11-10T23:16:00.824Z 272.0 60.0
2020-11-10T23:16:01.824Z 271.0 62.0
2020-11-10T23:16:02.824Z 271.0 63.0
2020-11-10T23:16:03.824Z 264.0 68.0
2020-11-10T23:16:04.824Z 272.9 61.0
2020-11-10T23:16:05.824Z 274.1 58.0
2020-11-10T23:16:06.824Z 260.9 73.0
2020-11-10T23:16:07.824Z 263.0 70.0
2020-11-10T23:16:08.825Z 264.9 68.0
2020-11-10T23:16:09.824Z 263.2 69.1
2020-11-10T23:16:10.825Z 266.8 67.0
2020-11-10T23:16:11.824Z 261.2 71.0
2020-11-10T23:16:12.824Z 264.0 69.0
2020-11-10T23:16:13.825Z 264.7 68.9
2020-11-10T23:16:14.824Z 268.2 64.0
2020-11-10T23:16:15.824Z 261.0 72.0
2020-11-10T23:16:16.825Z 265.9 68.0
2020-11-10T23:16:17.824Z 267.1 65.0
2020-11-10T23:16:18.824Z 270.0 63.0
2020-11-10T23:16:19.824Z 274.0 59.0
2020-11-10T23:16:20.824Z 262.0 71.0
2020-11-10T23:16:21.825Z 266.8 67.0
2020-11-10T23:16:22.824Z 267.2 65.0
2020-11-10T23:16:23.824Z 276.0 57.0
2020-11-10T23:16:24.824Z 275.0 59.0
2020-11-10T23:16:25.825Z 258.7 73.9
2020-11-10T23:16:26.824Z 276.3 56.1
2020-11-10T23:16:27.824Z 261.0 72.0
2020-11-10T23:16:28.824Z 273.0 61.0
2020-11-10T23:16:29.824Z 264.0 68.0
2020-11-10T23:16:30.824Z 262.0 71.0
2020-11-10T23:16:31.824Z 273.0 60.0
2020-11-10T23:16:32.824Z 267.0 66.0
2020-11-10T23:16:33.824Z 254.0 80.0
2020-11-10T23:16:34.824Z 267.0 65.0
2020-11-10T23:16:35.825Z 274.9 58.0
2020-11-10T23:16:36.824Z 264.0 68.0
2020-11-10T23:16:37.824Z 272.1 62.0
2020-11-10T23:16:38.825Z 262.7 70.9
2020-11-10T23:16:39.824Z 268.3 64.1
2020-11-10T23:16:40.824Z 257.0 76.0
2020-11-10T23:16:41.825Z 264.9 68.0
2020-11-10T23:16:42.824Z 252.0 81.0
2020-11-10T23:16:43.824Z 269.0 64.0
2020-11-10T23:16:44.825Z 266.0 67.0
2020-11-10T23:16:45.825Z 269.0 64.0
2020-11-10T23:16:46.824Z 266.1 68.0
2020-11-10T23:16:47.824Z 271.0 61.0
2020-11-10T23:16:48.825Z 253.0 81.0
2020-11-10T23:16:49.825Z 265.9 67.0
2020-11-10T23:16:50.824Z 268.1 64.0
2020-11-10T23:16:51.825Z 275.0 58.0
2020-11-10T23:16:52.825Z 274.9 58.0
2020-11-10T23:16:53.824Z 283.1 50.0
2020-11-10T23:16:54.826Z 263.7 69.9
2020-11-10T23:16:55.826Z 262.1 71.0
2020-11-10T23:16:56.825Z 265.2 68.1
2020-11-10T23:16:57.825Z 269.0 63.0
2020-11-10T23:16:58.826Z 263.7 69.9
2020-11-10T23:16:59.826Z 262.0 71.0
2020-11-10T23:17:00.825Z 252.2 80.1
2020-11-10T23:17:01.825Z 269.9 63.0
2020-11-10T23:17:02.825Z 267.1 66.0
2020-11-10T23:17:03.825Z 261.0 72.0
2020-11-10T23:17:04.825Z 269.9 64.0
2020-11-10T23:17:05.825Z 264.1 68.0
2020-11-10T23:17:06.825Z 263.0 70.0
2020-11-10T23:17:07.825Z 265.9 68.0
2020-11-10T23:17:08.825Z 263.1 69.0
2020-11-10T23:17:09.825Z 262.0 72.0
2020-11-10T23:17:10.825Z 257.9 74.0
2020-11-10T23:17:11.825Z 279.0 54.0
2020-11-10T23:17:12.825Z 269.0 65.0
2020-11-10T23:17:13.825Z 253.0 79.0
2020-11-10T23:17:14.826Z 275.7 57.9
2020-11-10T23:17:15.826Z 264.0 69.0
2020-11-10T23:17:16.825Z 271.3 61.1
2020-11-10T23:17:17.825Z 261.0 73.0
2020-11-10T23:17:18.825Z 263.9 69.0
2020-11-10T23:17:19.825Z 272.1 60.0
2020-11-10T23:17:20.826Z 271.8 62.0
2020-11-10T23:17:21.825Z 251.2 82.1
2020-11-10T23:17:22.825Z 261.9 70.0
2020-11-10T23:17:23.826Z 271.8 62.0
2020-11-10T23:17:24.825Z 255.3 77.1
2020-11-10T23:17:25.825Z 264.0 69.0
2020-11-10T23:17:26.826Z 258.8 74.9
2020-11-10T23:17:27.826Z 261.0 72.0
2020-11-10T23:17:28.825Z 269.2 64.0
2020-11-10T23:17:29.825Z 258.0 74.0
2020-11-10T23:17:30.825Z 267.1 67.0
2020-11-10T23:17:31.826Z 262.9 70.0
2020-11-10T23:17:32.825Z 282.1 50.0
2020-11-10T23:17:33.826Z 263.8 70.0
2020-11-10T23:17:34.825Z 253.1 80.0
2020-11-10T23:17:35.825Z 256.0 76.0
2020-11-10T23:17:36.825Z 258.0 75.0
2020-11-10T23:17:37.825Z 273.9 59.0
2020-11-10T23:17:38.825Z 261.0 72.0
2020-11-10T23:17:39.825Z 257.9 75.0
2020-11-10T23:17:40.825Z 259.1 74.0
2020-11-10T23:17:41.825Z 276.0 57.0
2020-11-10T23:17:42.825Z 269.0 64.0
2020-11-10T23:17:43.825Z 277.0 57.0
2020-11-10T23:17:44.825Z 270.0 62.0
2020-11-10T23:17:45.825Z 266.0 67.0
2020-11-10T23:17:46.826Z 273.7 59.9
2020-11-10T23:17:47.826Z 277.2 55.0
2020-11-10T23:17:48.825Z 247.1 87.0
2020-11-10T23:17:49.825Z 260.0 72.0
2020-11-10T23:17:50.825Z 239.0 94.0
2020-11-10T23:17:51.826Z 275.7 57.9
2020-11-10T23:17:52.825Z 268.3 64.1
2020-11-10T23:17:53.826Z 269.8 64.0
2020-11-10T23:17:54.825Z 255.1 78.0
2020-11-10T23:17:55.825Z 255.0 77.0
2020-11-10T23:17:56.826Z 264.9 69.0
2020-11-10T23:17:57.825Z 256.1 76.0
2020-11-10T23:17:58.825Z 260.0 73.0
2020-11-10T23:17:59.826Z 266.9 62.0
2020-11-10T23:18:00.826Z 272.9 60.0
2020-11-10T23:18:01.825Z 266.2 67.1
2020-11-10T23:18:02.826Z 262.7 69.9
2020-11-10T23:18:03.826Z 272.2 61.0
2020-11-10T23:18:04.826Z 268.0 65.0
2020-11-10T23:18:05.826Z 259.0 73.0
2020-11-10T23:18:06.826Z 248.0 86.0
2020-11-10T23:18:07.826Z 266.8 66.0
2020-11-10T23:18:08.827Z 277.0 56.0
2020-11-10T23:18:09.826Z 275.1 58.0
2020-11-10T23:18:10.826Z 276.0 57.0
2020-11-10T23:18:11.826Z 272.9 60.0
2020-11-10T23:18:12.826Z 263.1 70.0
2020-11-10T23:18:13.825Z 269.2 63.0
2020-11-10T23:18:14.826Z 268.9 65.0
2020-11-10T23:18:15.826Z 264.0 69.0
2020-11-10T23:18:16.826Z 266.8 66.0
2020-11-10T23:18:17.826Z 278.0 55.0
2020-11-10T23:18:18.827Z 274.8 58.0
2020-11-10T23:18:19.827Z 269.0 64.0
2020-11-10T23:18:20.827Z 265.0 69.0
2020-11-10T23:18:21.826Z 257.1 75.0
2020-11-10T23:18:22.827Z 263.9 69.0
2020-11-10T23:18:23.827Z 256.9 76.0
2020-11-10T23:18:24.826Z 281.2 52.0
2020-11-10T23:18:25.827Z 272.9 60.0
2020-11-10T23:18:26.826Z 269.2 64.1
2020-11-10T23:18:27.826Z 267.9 65.0
2020-11-10T23:18:28.826Z 255.1 78.0
2020-11-10T23:18:29.827Z 259.8 72.9
2020-11-10T23:18:30.826Z 253.3 80.1
2020-11-10T23:18:31.827Z 265.7 66.9
2020-11-10T23:18:32.826Z 267.3 66.1
2020-11-10T23:18:33.826Z 268.9 64.0
2020-11-10T23:18:34.826Z 270.1 63.0
2020-11-10T23:18:35.827Z 278.7 54.0
2020-11-10T23:18:36.826Z 259.2 74.0
2020-11-10T23:18:37.827Z 247.8 84.9
2020-11-10T23:18:38.826Z 261.2 72.1
2020-11-10T23:18:39.826Z 265.0 68.0
2020-11-10T23:18:40.827Z 279.8 53.0
2020-11-10T23:18:41.826Z 271.1 62.0
2020-11-10T23:18:42.827Z 260.8 71.9
2020-11-10T23:18:43.827Z 268.1 65.0
2020-11-10T23:18:44.827Z 263.9 69.0
2020-11-10T23:18:45.826Z 267.3 66.1
2020-11-10T23:18:46.827Z 266.7 65.9
2020-11-10T23:18:47.826Z 261.2 67.0
2020-11-10T23:18:48.826Z 264.0 69.0
2020-11-10T23:18:49.826Z 249.0 47.0
2020-11-10T23:18:50.827Z 272.9 61.0
2020-11-10T23:18:51.827Z 260.0 73.0
2020-11-10T23:18:52.826Z 266.1 66.0
2020-11-10T23:18:53.826Z 271.0 62.0
2020-11-10T23:18:54.827Z 256.8 76.9
2020-11-10T23:18:55.826Z 263.2 69.0
2020-11-10T23:18:56.826Z 276.0 57.0
2020-11-10T23:18:57.826Z 266.0 67.0
2020-11-10T23:18:58.826Z 263.0 70.0
2020-11-10T23:18:59.826Z 257.0 77.0
2020-11-10T23:19:00.827Z 268.8 64.0
2020-11-10T23:19:01.826Z 267.1 65.0
2020-11-10T23:19:02.826Z 266.0 67.0
2020-11-10T23:19:03.826Z 263.1 71.0
2020-11-10T23:19:04.827Z 257.9 75.0
2020-11-10T23:19:05.826Z 275.1 58.0
2020-11-10T23:19:06.826Z 259.0 74.0
2020-11-10T23:19:07.826Z 267.0 65.0
2020-11-10T23:19:08.827Z 271.9 61.0
2020-11-10T23:19:09.827Z 270.0 64.0
2020-11-10T23:19:10.827Z 269.8 62.0
2020-11-10T23:19:11.827Z 259.1 75.0
2020-11-10T23:19:12.827Z 260.8 72.0
2020-11-10T23:19:13.826Z 275.3 58.1
2020-11-10T23:19:14.827Z 279.9 53.0
2020-11-10T23:19:15.827Z 269.8 63.0
2020-11-10T23:19:16.826Z 255.2 77.1
2020-11-10T23:19:17.827Z 263.0 70.0
2020-11-10T23:19:18.827Z 270.9 62.0
2020-11-10T23:19:19.826Z 262.1 72.0
2020-11-10T23:19:20.827Z 259.9 72.0
2020-11-10T23:19:21.827Z 251.1 82.0
2020-11-10T23:19:22.827Z 273.9 60.0
2020-11-10T23:19:23.827Z 272.1 61.0
2020-11-10T23:19:24.827Z 262.8 69.9
2020-11-10T23:19:25.827Z 264.2 69.1
2020-11-10T23:19:26.827Z 278.0 53.0
2020-11-10T23:19:27.828Z 271.8 61.9
2020-11-10T23:19:28.827Z 268.2 65.0
2020-11-10T23:19:29.827Z 277.1 56.0
2020-11-10T23:19:30.827Z 262.8 69.9
2020-11-10T23:19:31.827Z 273.0 60.0
2020-11-10T23:19:32.827Z 272.2 61.0
2020-11-10T23:19:33.827Z 256.0 77.0
2020-11-10T23:19:34.828Z 273.7 58.9
2020-11-10T23:19:35.828Z 267.0 66.0
2020-11-10T23:19:36.827Z 253.2 80.1
2020-11-10T23:19:37.827Z 270.9 62.0
2020-11-10T23:19:38.827Z 278.0 55.0
2020-11-10T23:19:39.827Z 270.2 63.0
2020-11-10T23:19:40.827Z 274.9 58.0
2020-11-10T23:19:41.827Z 271.0 62.0
2020-11-10T23:19:42.828Z 268.7 63.9
2020-11-10T23:19:43.827Z 267.1 66.0
2020-11-10T23:19:44.827Z 254.2 79.1
2020-11-10T23:19:45.828Z 268.8 64.9
2020-11-10T23:19:46.827Z 245.2 81.1
2020-11-10T23:19:47.827Z 271.0 62.0
2020-11-10T23:19:48.827Z 267.1 67.0
2020-11-10T23:19:49.828Z 276.8 56.0
2020-11-10T23:19:50.828Z 258.0 75.0
2020-11-10T23:19:51.828Z 283.9 49.0
2020-11-10T23:19:52.828Z 262.1 71.0
2020-11-10T23:19:53.827Z 264.1 67.0
2020-11-10T23:19:54.827Z 277.1 56.0
2020-11-10T23:19:55.827Z 255.0 78.0
2020-11-10T23:19:56.827Z 267.0 67.0
2020-11-10T23:19:57.828Z 270.9 62.0
2020-11-10T23:19:58.827Z 280.1 52.0
2020-11-10T23:19:59.827Z 262.0 72.0
2020-11-10T23:20:00.827Z 265.9 67.0
2020-11-10T23:20:01.827Z 247.1 85.0
2020-11-10T23:20:02.827Z 270.0 63.0
2020-11-10T23:20:03.827Z 266.9 66.0
2020-11-10T23:20:04.827Z 260.1 73.0
2020-11-10T23:20:05.828Z 262.9 71.0
2020-11-10T23:20:06.827Z 261.1 71.0
2020-11-10T23:20:07.828Z 277.7 55.9
2020-11-10T23:20:08.827Z 267.2 65.1
2020-11-10T23:20:09.827Z 278.0 55.0
2020-11-10T23:20:10.828Z 264.9 69.0
2020-11-10T23:20:11.827Z 273.1 59.0
2020-11-10T23:20:12.828Z 265.9 68.0
2020-11-10T23:20:13.828Z 268.0 65.0
2020-11-10T23:20:14.828Z 269.0 64.0
2020-11-10T23:20:15.827Z 264.1 68.0
2020-11-10T23:20:16.827Z 269.0 65.0
2020-11-10T23:20:17.827Z 259.0 73.0
2020-11-10T23:20:18.828Z 252.8 79.9
2020-11-10T23:20:19.828Z 262.2 71.0
2020-11-10T23:20:20.828Z 259.0 74.0
2020-11-10T23:20:21.828Z 259.0 74.0
2020-11-10T23:20:22.827Z 263.0 70.0
2020-11-10T23:20:23.828Z 263.8 70.0
2020-11-10T23:20:24.828Z 256.0 77.0
2020-11-10T23:20:25.828Z 267.9 64.0
2020-11-10T23:20:26.828Z 279.1 54.0
2020-11-10T23:20:27.828Z 262.9 70.0
2020-11-10T23:20:28.827Z 260.2 65.1
2020-11-10T23:20:29.827Z 276.0 60.0
2020-11-10T23:20:30.828Z 275.9 58.0
2020-11-10T23:20:31.828Z 251.0 81.0
2020-11-10T23:20:32.827Z 266.1 67.0
2020-11-10T23:20:33.828Z 264.0 69.0
2020-11-10T23:20:34.828Z 250.8 81.9
2020-11-10T23:20:35.828Z 267.2 66.0
2020-11-10T23:20:36.828Z 254.9 78.0
2020-11-10T23:20:37.828Z 258.1 76.0
2020-11-10T23:20:38.828Z 267.0 65.0
2020-11-10T23:20:39.828Z 271.0 62.0
2020-11-10T23:20:40.828Z 258.9 74.0
2020-11-10T23:20:41.828Z 269.0 64.0
2020-11-10T23:20:42.828Z 275.0 58.0
2020-11-10T23:20:43.828Z 256.9 76.0
2020-11-10T23:20:44.829Z 252.9 80.0
2020-11-10T23:20:45.828Z 258.2 75.1
2020-11-10T23:20:46.828Z 264.8 68.0
2020-11-10T23:20:47.828Z 272.2 61.0
2020-11-10T23:20:48.828Z 276.8 56.0
2020-11-10T23:20:49.828Z 258.1 75.0
2020-11-10T23:20:50.828Z 264.0 69.0
2020-11-10T23:20:51.828Z 274.0 59.0
2020-11-10T23:20:52.828Z 262.0 71.0
2020-11-10T23:20:53.828Z 267.9 65.0
2020-11-10T23:20:54.829Z 251.9 82.0
2020-11-10T23:20:55.829Z 262.0 70.0
2020-11-10T23:20:56.828Z 271.3 62.1
2020-11-10T23:20:57.829Z 271.8 61.0
2020-11-10T23:20:58.828Z 263.2 70.0
2020-11-10T23:20:59.828Z 283.0 50.0
2020-11-10T23:21:00.828Z 252.9 80.0
2020-11-10T23:21:01.828Z 269.0 64.0
2020-11-10T23:21:02.829Z 276.8 56.0
2020-11-10T23:21:03.828Z 260.2 73.1
2020-11-10T23:21:04.828Z 266.0 67.0
2020-11-10T23:21:05.828Z 263.0 70.0
2020-11-10T23:21:06.828Z 274.0 59.0
2020-11-10T23:21:07.829Z 270.9 62.0
2020-11-10T23:21:08.828Z 265.2 68.0
2020-11-10T23:21:09.829Z 272.9 60.0
2020-11-10T23:21:10.829Z 253.0 80.0
2020-11-10T23:21:11.829Z 268.0 65.0
2020-11-10T23:21:12.829Z 267.9 65.0
2020-11-10T23:21:13.829Z 267.1 66.0
2020-11-10T23:21:14.828Z 272.1 61.0
2020-11-10T23:21:15.828Z 269.0 64.0
2020-11-10T23:21:16.828Z 271.9 61.0
2020-11-10T23:21:17.829Z 266.9 67.0
2020-11-10T23:21:18.828Z 255.1 77.0
2020-11-10T23:21:19.828Z 267.0 66.0
2020-11-10T23:21:20.829Z 261.9 71.0
2020-11-10T23:21:21.828Z 266.1 68.0
2020-11-10T23:21:22.828Z 280.0 52.0
2020-11-10T23:21:23.829Z 256.9 76.0
2020-11-10T23:21:24.828Z 265.1 68.0
2020-11-10T23:21:25.828Z 266.9 66.0
2020-11-10T23:21:26.828Z 275.1 58.0
2020-11-10T23:21:27.828Z 282.0 51.0
2020-11-10T23:21:28.828Z 259.0 74.0
2020-11-10T23:21:29.829Z 256.8 76.9
2020-11-10T23:21:30.828Z 262.2 70.1
2020-11-10T23:21:31.830Z 261.7 70.9
2020-11-10T23:21:32.829Z 266.2 67.0
2020-11-10T23:21:33.828Z 278.1 55.0
2020-11-10T23:21:34.828Z 259.0 74.0
2020-11-10T23:21:35.828Z 267.0 66.0
2020-11-10T23:21:36.828Z 275.0 58.0
2020-11-10T23:21:37.829Z 267.7 64.9
2020-11-10T23:21:38.828Z 253.3 81.1
2020-11-10T23:21:39.829Z 267.8 64.0
2020-11-10T23:21:40.829Z 268.0 65.0
2020-11-10T23:21:41.829Z 255.1 78.0
2020-11-10T23:21:42.829Z 268.9 65.0
2020-11-10T23:21:43.829Z 271.1 61.0
2020-11-10T23:21:44.829Z 267.8 65.0
2020-11-10T23:21:45.829Z 254.0 79.0
2020-11-10T23:21:46.829Z 284.2 49.0
2020-11-10T23:21:47.829Z 268.0 65.0
2020-11-10T23:21:48.829Z 263.0 70.0
2020-11-10T23:21:49.829Z 282.0 51.0
2020-11-10T23:21:50.829Z 272.9 61.0
2020-11-10T23:21:51.829Z 280.0 52.0
2020-11-10T23:21:52.829Z 280.0 53.0
2020-11-10T23:21:53.829Z 262.0 71.0
2020-11-10T23:21:54.829Z 261.9 71.0
2020-11-10T23:21:55.829Z 257.0 77.0
2020-11-10T23:21:56.829Z 272.0 61.0
2020-11-10T23:21:57.829Z 268.9 63.0
2020-11-10T23:21:58.829Z 261.0 72.0
2020-11-10T23:21:59.829Z 274.0 59.0
2020-11-10T23:22:00.829Z 268.0 65.0
2020-11-10T23:22:01.829Z 258.0 75.0
2020-11-10T23:22:02.829Z 264.0 69.0
2020-11-10T23:22:03.829Z 270.1 63.0
2020-11-10T23:22:04.829Z 265.0 68.0
2020-11-10T23:22:05.829Z 265.9 67.0
2020-11-10T23:22:06.829Z 272.9 60.0
2020-11-10T23:22:07.829Z 274.2 59.0
2020-11-10T23:22:08.829Z 266.0 67.0
2020-11-10T23:22:09.829Z 260.9 73.0
2020-11-10T23:22:10.830Z 273.9 58.0
2020-11-10T23:22:11.829Z 255.1 78.0
2020-11-10T23:22:12.829Z 274.0 59.0
2020-11-10T23:22:13.829Z 273.9 59.0
2020-11-10T23:22:14.829Z 274.1 59.0
2020-11-10T23:22:15.829Z 269.0 63.0
2020-11-10T23:22:16.830Z 271.8 61.9
2020-11-10T23:22:17.830Z 271.1 63.0
2020-11-10T23:22:18.829Z 258.2 74.1
2020-11-10T23:22:19.829Z 268.9 65.0
2020-11-10T23:22:20.829Z 270.0 62.0
2020-11-10T23:22:21.829Z 263.0 70.0
2020-11-10T23:22:22.829Z 259.0 74.0
2020-11-10T23:22:23.829Z 261.1 72.0
2020-11-10T23:22:24.829Z 256.0 77.0
2020-11-10T23:22:25.829Z 264.0 70.0
2020-11-10T23:22:26.830Z 256.8 74.9
2020-11-10T23:22:27.829Z 291.2 42.0
2020-11-10T23:22:28.829Z 273.9 60.0
2020-11-10T23:22:29.829Z 266.0 67.0
2020-11-10T23:22:30.829Z 254.0 78.0
2020-11-10T23:22:31.829Z 271.0 62.0
2020-11-10T23:22:32.830Z 264.8 67.9
2020-11-10T23:22:33.829Z 264.2 69.0
2020-11-10T23:22:34.829Z 270.0 63.0
2020-11-10T23:22:35.830Z 261.8 70.9
2020-11-10T23:22:36.830Z 256.1 77.0
2020-11-10T23:22:37.829Z 266.2 67.0
2020-11-10T23:22:38.830Z 262.7 70.9
2020-11-10T23:22:39.829Z 257.3 75.1
2020-11-10T23:22:40.830Z 277.9 55.0
2020-11-10T23:22:41.829Z 269.0 64.0
2020-11-10T23:22:42.830Z 256.9 76.0
2020-11-10T23:22:43.830Z 275.0 58.0
2020-11-10T23:22:44.830Z 259.0 74.0
2020-11-10T23:22:45.830Z 273.1 60.0
2020-11-10T23:22:46.830Z 272.0 62.0
2020-11-10T23:22:47.829Z 266.0 66.0
2020-11-10T23:22:48.830Z 266.8 66.9
2020-11-10T23:22:49.830Z 268.2 64.0
2020-11-10T23:22:50.829Z 269.0 65.0
2020-11-10T23:22:51.830Z 271.0 61.0
2020-11-10T23:22:52.829Z 277.1 56.0
2020-11-10T23:22:53.830Z 256.8 75.9
2020-11-10T23:22:54.830Z 281.0 53.0
2020-11-10T23:22:55.830Z 259.1 73.0
2020-11-10T23:22:56.830Z 268.9 64.0
2020-11-10T23:22:57.830Z 259.1 74.0
2020-11-10T23:22:58.830Z 249.0 84.0
2020-11-10T23:22:59.830Z 261.0 72.0
2020-11-10T23:23:00.830Z 263.9 69.0
2020-11-10T23:23:01.830Z 276.1 57.0
2020-11-10T23:23:02.830Z 272.9 60.0
2020-11-10T23:23:03.830Z 261.1 72.0
2020-11-10T23:23:04.830Z 271.0 62.0
2020-11-10T23:23:05.831Z 287.7 45.9
2020-11-10T23:23:06.830Z 277.1 55.0
2020-11-10T23:23:07.830Z 260.2 74.0
2020-11-10T23:23:08.830Z 262.0 70.0
2020-11-10T23:23:09.830Z 275.9 57.0
2020-11-10T23:23:10.831Z 265.9 67.0
2020-11-10T23:23:11.830Z 276.2 57.0
2020-11-10T23:23:12.831Z 256.8 75.9
2020-11-10T23:23:13.830Z 271.2 62.0
2020-11-10T23:23:14.830Z 274.9 58.0
2020-11-10T23:23:15.830Z 281.2 52.0
2020-11-10T23:23:16.830Z 266.0 67.0
2020-11-10T23:23:17.830Z 266.0 67.0
2020-11-10T23:23:18.830Z 277.0 56.0
2020-11-10T23:23:19.830Z 276.9 57.0
2020-11-10T23:23:20.830Z 266.1 66.0
2020-11-10T23:23:21.831Z 270.8 62.0
2020-11-10T23:23:22.830Z 265.2 68.0
2020-11-10T23:23:23.830Z 270.0 63.0
2020-11-10T23:23:24.830Z 268.0 65.0
2020-11-10T23:23:25.831Z 261.9 72.0
2020-11-10T23:23:26.830Z 266.1 66.0
2020-11-10T23:23:27.830Z 284.1 49.0
2020-11-10T23:23:28.830Z 268.0 65.0
2020-11-10T23:23:29.831Z 263.8 68.9
2020-11-10T23:23:30.830Z 253.2 79.1
2020-11-10T23:23:31.830Z 271.0 63.0
2020-11-10T23:23:32.830Z 277.0 56.0
2020-11-10T23:23:33.830Z 256.0 77.0
2020-11-10T23:23:34.830Z 267.9 65.0
2020-11-10T23:23:35.830Z 269.0 64.0
2020-11-10T23:23:36.830Z 265.1 68.0
2020-11-10T23:23:37.830Z 258.9 74.0
2020-11-10T23:23:38.830Z 255.1 78.0
2020-11-10T23:23:39.830Z 257.0 76.0
2020-11-10T23:23:40.830Z 275.0 58.0
2020-11-10T23:23:41.830Z 264.0 69.0
2020-11-10T23:23:42.831Z 262.9 70.0
2020-11-10T23:23:43.830Z 259.1 74.0
2020-11-10T23:23:44.830Z 267.0 66.0
2020-11-10T23:23:45.830Z 258.0 75.0
2020-11-10T23:23:46.830Z 248.0 83.0
2020-11-10T23:23:47.831Z 257.0 76.0
2020-11-10T23:23:48.830Z 261.1 72.0
2020-11-10T23:23:49.830Z 274.0 59.0
2020-11-10T23:23:50.830Z 259.0 74.0
2020-11-10T23:23:51.830Z 255.9 77.0
2020-11-10T23:23:52.830Z 268.1 65.0
2020-11-10T23:23:53.830Z 252.9 80.0
2020-11-10T23:23:54.831Z 255.9 77.0
2020-11-10T23:23:55.831Z 268.1 66.0
2020-11-10T23:23:56.831Z 265.8 66.0
2020-11-10T23:23:57.830Z 267.2 66.1
2020-11-10T23:23:58.831Z 273.9 59.0
2020-11-10T23:23:59.830Z 253.0 80.0
2020-11-10T23:24:00.831Z 267.8 65.0
2020-11-10T23:24:01.831Z 270.2 64.0
2020-11-10T23:24:02.831Z 264.0 68.0
2020-11-10T23:24:03.830Z 267.1 66.0
2020-11-10T23:24:04.831Z 277.9 55.0
2020-11-10T23:24:05.831Z 266.0 67.0
2020-11-10T23:24:06.831Z 264.9 68.0
2020-11-10T23:24:07.830Z 271.1 62.0
2020-11-10T23:24:08.830Z 262.0 71.0
2020-11-10T23:24:09.830Z 262.0 71.0
2020-11-10T23:24:10.831Z 268.9 64.0
2020-11-10T23:24:11.831Z 266.0 66.0
2020-11-10T23:24:12.831Z 259.1 74.0
2020-11-10T23:24:13.831Z 267.0 67.0
2020-11-10T23:24:14.831Z 253.0 80.0
2020-11-10T23:24:15.831Z 267.9 65.0
2020-11-10T23:24:16.831Z 252.1 81.0
2020-11-10T23:24:17.831Z 264.0 68.0
2020-11-10T23:24:18.831Z 267.9 66.0
2020-11-10T23:24:19.831Z 251.1 82.0
2020-11-10T23:24:20.831Z 266.0 67.0
2020-11-10T23:24:21.831Z 272.0 61.0
2020-11-10T23:24:22.831Z 263.0 70.0
2020-11-10T23:24:23.831Z 254.9 78.0
2020-11-10T23:24:24.831Z 271.1 62.0
2020-11-10T23:24:25.831Z 277.0 56.0
2020-11-10T23:24:26.831Z 262.0 71.0
2020-11-10T23:24:27.831Z 267.9 65.0
2020-11-10T23:24:28.831Z 265.1 68.0
2020-11-10T23:24:29.831Z 258.0 76.0
2020-11-10T23:24:30.831Z 247.0 85.0
2020-11-10T23:24:31.831Z 259.0 74.0
2020-11-10T23:24:32.831Z 267.9 65.0
2020-11-10T23:24:33.831Z 269.1 64.0
2020-11-10T23:24:34.831Z 266.1 67.0
2020-11-10T23:24:35.831Z 263.9 69.0
2020-11-10T23:24:36.831Z 273.9 59.0
2020-11-10T23:24:37.831Z 245.1 88.0
2020-11-10T23:24:38.832Z 277.8 55.0
2020-11-10T23:24:39.831Z 268.2 65.1
2020-11-10T23:24:40.831Z 272.9 61.0
2020-11-10T23:24:41.831Z 269.9 62.0
2020-11-10T23:24:42.831Z 258.1 72.0
2020-11-10T23:24:43.832Z 271.7 60.9
2020-11-10T23:24:44.832Z 260.1 73.0
2020-11-10T23:24:45.832Z 268.9 64.0
2020-11-10T23:24:46.831Z 278.2 55.0
2020-11-10T23:24:47.831Z 266.0 67.0
2020-11-10T23:24:48.831Z 265.0 68.0
2020-11-10T23:24:49.831Z 270.1 62.0
2020-11-10T23:24:50.831Z 275.0 58.0
2020-11-10T23:24:51.831Z 268.0 65.0
2020-11-10T23:24:52.832Z 254.9 79.0
2020-11-10T23:24:53.832Z 262.9 70.0
2020-11-10T23:24:54.831Z 267.2 65.0
2020-11-10T23:24:55.831Z 260.0 74.0
2020-11-10T23:24:56.831Z 264.0 69.0
2020-11-10T23:24:57.831Z 260.9 71.0
2020-11-10T23:24:58.831Z 265.1 68.0
2020-11-10T23:24:59.832Z 271.9 62.0
2020-11-10T23:25:00.832Z 283.9 49.0
2020-11-10T23:25:01.831Z 260.3 72.1
2020-11-10T23:25:02.832Z 258.8 74.9
2020-11-10T23:25:03.831Z 273.3 59.1
2020-11-10T23:25:04.831Z 271.9 62.0
2020-11-10T23:25:05.832Z 249.7 81.9
2020-11-10T23:25:06.832Z 264.1 69.0
2020-11-10T23:25:07.832Z 268.1 65.0
2020-11-10T23:25:08.832Z 259.1 74.0
2020-11-10T23:25:09.832Z 268.9 65.0
2020-11-10T23:25:10.832Z 265.1 67.0
2020-11-10T23:25:11.832Z 260.9 72.0
2020-11-10T23:25:12.832Z 273.0 60.0
2020-11-10T23:25:13.832Z 265.0 68.0
2020-11-10T23:25:14.832Z 269.1 64.0
2020-11-10T23:25:15.832Z 266.0 68.0
2020-11-10T23:25:16.831Z 258.1 74.0
2020-11-10T23:25:17.832Z 260.8 72.0
2020-11-10T23:25:18.832Z 262.0 71.0
2020-11-10T23:25:19.831Z 278.2 55.0
2020-11-10T23:25:20.832Z 256.8 75.0
2020-11-10T23:25:21.832Z 264.0 69.0
2020-11-10T23:25:22.832Z 274.0 60.0
2020-11-10T23:25:23.832Z 273.2 60.0
2020-11-10T23:25:24.832Z 258.9 74.0
2020-11-10T23:25:25.832Z 275.0 58.0
2020-11-10T23:25:26.832Z 276.0 51.0
2020-11-10T23:25:27.832Z 270.1 63.0
2020-11-10T23:25:28.832Z 274.9 58.0
2020-11-10T23:25:29.832Z 279.1 54.0
2020-11-10T23:25:30.833Z 261.7 70.9
2020-11-10T23:25:31.832Z 272.3 61.1
2020-11-10T23:25:32.832Z 264.9 68.0
2020-11-10T23:25:33.832Z 268.0 65.0
2020-11-10T23:25:34.832Z 273.9 59.0
2020-11-10T23:25:35.832Z 267.0 66.0
2020-11-10T23:25:36.832Z 263.9 69.0
2020-11-10T23:25:37.832Z 264.1 69.0
2020-11-10T23:25:38.832Z 277.1 56.0
2020-11-10T23:25:39.832Z 271.0 63.0
2020-11-10T23:25:40.832Z 263.0 69.0
2020-11-10T23:25:41.833Z 268.9 64.0
2020-11-10T23:25:42.832Z 266.1 67.0
2020-11-10T23:25:43.833Z 265.8 66.9
2020-11-10T23:25:44.832Z 265.1 68.0
2020-11-10T23:25:45.833Z 261.9 71.0
2020-11-10T23:25:46.832Z 264.1 69.0
2020-11-10T23:25:47.832Z 271.1 62.0
2020-11-10T23:25:48.832Z 272.9 60.0
2020-11-10T23:25:49.832Z 260.0 73.0
2020-11-10T23:25:50.833Z 261.8 70.9
2020-11-10T23:25:51.832Z 266.2 67.1
2020-11-10T23:25:52.832Z 279.9 53.0
2020-11-10T23:25:53.832Z 267.0 66.0
2020-11-10T23:25:54.832Z 273.9 59.0
2020-11-10T23:25:55.833Z 263.8 69.0
2020-11-10T23:25:56.832Z 273.2 60.0
2020-11-10T23:25:57.833Z 258.9 74.0
2020-11-10T23:25:58.832Z 275.1 58.0
2020-11-10T23:25:59.832Z 258.0 74.0
2020-11-10T23:26:00.832Z 267.0 67.0
2020-11-10T23:26:01.832Z 261.0 72.0
2020-11-10T23:26:02.833Z 267.9 65.0
2020-11-10T23:26:03.833Z 262.9 70.0
2020-11-10T23:26:04.832Z 267.2 66.0
2020-11-10T23:26:05.833Z 265.9 67.0
2020-11-10T23:26:06.832Z 252.1 81.0
2020-11-10T23:26:07.833Z 279.9 53.0
2020-11-10T23:26:08.832Z 259.1 74.0
2020-11-10T23:26:09.832Z 268.0 65.0
2020-11-10T23:26:10.832Z 259.0 74.0
2020-11-10T23:26:11.832Z 268.0 66.0
2020-11-10T23:26:12.833Z 269.9 62.0
2020-11-10T23:26:13.832Z 267.1 66.0
2020-11-10T23:26:14.832Z 246.0 87.0
2020-11-10T23:26:15.833Z 258.8 73.9
2020-11-10T23:26:16.833Z 258.1 75.0
2020-11-10T23:26:17.834Z 259.7 72.9
2020-11-10T23:26:18.832Z 267.3 66.1
2020-11-10T23:26:19.832Z 269.1 64.0
2020-11-10T23:26:20.833Z 265.8 66.9
2020-11-10T23:26:21.833Z 273.9 59.0
2020-11-10T23:26:22.833Z 268.2 65.0
2020-11-10T23:26:23.833Z 261.8 71.0
2020-11-10T23:26:24.833Z 276.2 57.0
2020-11-10T23:26:25.833Z 274.0 59.0
2020-11-10T23:26:26.833Z 271.9 61.0
2020-11-10T23:26:27.833Z 267.2 66.0
2020-11-10T23:26:28.833Z 274.0 59.0
2020-11-10T23:26:29.833Z 266.9 66.0
2020-11-10T23:26:30.833Z 274.1 59.0
2020-11-10T23:26:31.833Z 274.0 58.0
2020-11-10T23:26:32.833Z 277.8 56.0
2020-11-10T23:26:33.833Z 269.1 64.0
2020-11-10T23:26:34.833Z 274.0 59.0
2020-11-10T23:26:35.833Z 250.0 83.0
2020-11-10T23:26:36.833Z 252.9 80.0
2020-11-10T23:26:37.833Z 269.2 64.0
2020-11-10T23:26:38.833Z 267.0 66.0
2020-11-10T23:26:39.833Z 259.9 73.0
2020-11-10T23:26:40.833Z 268.9 64.0
2020-11-10T23:26:41.833Z 258.1 76.0
2020-11-10T23:26:42.833Z 265.0 67.0
2020-11-10T23:26:43.833Z 263.1 70.0
2020-11-10T23:26:44.833Z 276.0 57.0
2020-11-10T23:26:45.833Z 272.9 60.0
2020-11-10T23:26:46.833Z 262.0 70.0
2020-11-10T23:26:47.834Z 274.8 59.0
2020-11-10T23:26:48.833Z 266.3 67.1
2020-11-10T23:26:49.833Z 267.9 65.0
2020-11-10T23:26:50.833Z 272.0 61.0
2020-11-10T23:26:51.833Z 258.9 75.0
2020-11-10T23:26:52.834Z 283.8 48.0
2020-11-10T23:26:53.834Z 275.0 58.0
2020-11-10T23:26:54.833Z 265.2 69.0
2020-11-10T23:26:55.834Z 270.8 62.0
2020-11-10T23:26:56.833Z 276.1 56.0
2020-11-10T23:26:57.833Z 255.0 79.0
2020-11-10T23:26:58.833Z 271.0 61.0
2020-11-10T23:26:59.833Z 270.1 63.0
2020-11-10T23:27:00.833Z 268.0 65.0
2020-11-10T23:27:01.833Z 253.9 79.0
2020-11-10T23:27:02.833Z 271.0 62.0
2020-11-10T23:27:03.834Z 260.9 72.0
2020-11-10T23:27:04.833Z 262.1 71.0
2020-11-10T23:27:05.834Z 262.8 69.9
2020-11-10T23:27:06.834Z 271.0 62.0
2020-11-10T23:27:07.833Z 276.1 58.0
2020-11-10T23:27:08.833Z 260.0 72.0
2020-11-10T23:27:09.833Z 266.0 68.0
2020-11-10T23:27:10.834Z 262.9 69.0
2020-11-10T23:27:11.833Z 264.2 69.0
2020-11-10T23:27:12.834Z 264.9 68.0
2020-11-10T23:27:13.833Z 270.1 63.0
2020-11-10T23:27:14.833Z 263.0 70.0
2020-11-10T23:27:15.833Z 258.1 75.0
2020-11-10T23:27:16.833Z 271.0 62.0
2020-11-10T23:27:17.834Z 265.8 66.9
2020-11-10T23:27:18.833Z 261.1 72.0
2020-11-10T23:27:19.834Z 253.9 80.0
2020-11-10T23:27:20.833Z 264.2 68.0
2020-11-10T23:27:21.833Z 261.0 72.0
2020-11-10T23:27:22.833Z 256.0 77.0
2020-11-10T23:27:23.833Z 265.0 68.0
2020-11-10T23:27:24.833Z 258.0 75.0
2020-11-10T23:27:25.833Z 243.0 90.0
2020-11-10T23:27:26.834Z 247.9 85.0
2020-11-10T23:27:27.833Z 274.1 59.0
2020-11-10T23:27:28.834Z 259.8 72.9
2020-11-10T23:27:29.833Z 265.2 68.0
2020-11-10T23:27:30.833Z 261.0 72.0
2020-11-10T23:27:31.833Z 257.0 76.0
2020-11-10T23:27:32.834Z 251.9 81.0
2020-11-10T23:27:33.833Z 263.1 70.0
2020-11-10T23:27:34.834Z 279.9 53.0
2020-11-10T23:27:35.833Z 266.1 67.0
2020-11-10T23:27:36.834Z 265.9 67.0
2020-11-10T23:27:37.833Z 270.1 63.0
2020-11-10T23:27:38.834Z 263.9 69.0
2020-11-10T23:27:39.834Z 267.0 66.0
2020-11-10T23:27:40.834Z 258.8 74.0
2020-11-10T23:27:41.834Z 260.0 73.0
2020-11-10T23:27:42.834Z 275.1 58.0
2020-11-10T23:27:43.834Z 258.0 75.0
2020-11-10T23:27:44.834Z 251.0 82.0
2020-11-10T23:27:45.834Z 246.0 87.0
2020-11-10T23:27:46.834Z 270.0 64.0
2020-11-10T23:27:47.834Z 270.9 61.0
2020-11-10T23:27:48.834Z 262.1 71.0
2020-11-10T23:27:49.835Z 261.9 71.0
2020-11-10T23:27:50.834Z 265.2 68.1
2020-11-10T23:27:51.834Z 265.9 67.0
2020-11-10T23:27:52.834Z 259.0 74.0
2020-11-10T23:27:53.834Z 270.0 63.0
2020-11-10T23:27:54.834Z 259.0 74.0
2020-11-10T23:27:55.834Z 262.0 71.0
2020-11-10T23:27:56.834Z 265.0 69.0
2020-11-10T23:27:57.834Z 264.8 67.0
2020-11-10T23:27:58.834Z 254.2 79.1
2020-11-10T23:27:59.834Z 271.0 62.0
2020-11-10T23:28:00.834Z 270.0 64.0
2020-11-10T23:28:01.834Z 258.8 73.0
2020-11-10T23:28:02.835Z 260.0 74.0
2020-11-10T23:28:03.834Z 264.2 68.0
2020-11-10T23:28:04.834Z 264.0 69.0
2020-11-10T23:28:05.834Z 279.0 54.0
2020-11-10T23:28:06.834Z 257.9 75.0
2020-11-10T23:28:07.835Z 268.9 64.0
2020-11-10T23:28:08.834Z 274.1 59.0
2020-11-10T23:28:09.834Z 273.1 60.0
2020-11-10T23:28:10.834Z 275.0 58.0
2020-11-10T23:28:11.834Z 267.9 65.0
2020-11-10T23:28:12.834Z 270.1 63.0
2020-11-10T23:28:13.834Z 260.9 72.0
2020-11-10T23:28:14.834Z 263.9 69.0
2020-11-10T23:28:15.835Z 268.9 64.0
2020-11-10T23:28:16.834Z 268.1 65.0
2020-11-10T23:28:17.834Z 257.0 70.0
2020-11-10T23:28:18.834Z 260.1 69.0
2020-11-10T23:28:19.834Z 245.0 58.0
2020-11-10T23:28:20.834Z 141.9 31.0
2020-11-10T23:28:21.834Z 256.1 77.0
2020-11-10T23:28:22.834Z 254.0 79.0
2020-11-10T23:28:23.835Z 266.8 66.0
2020-11-10T23:28:24.834Z 256.1 77.0
2020-11-10T23:28:25.834Z 259.0 74.0
2020-11-10T23:28:26.835Z 260.8 72.0
2020-11-10T23:28:27.834Z 253.2 80.1
2020-11-10T23:28:28.834Z 269.1 64.0
2020-11-10T23:28:29.834Z 269.0 64.0
2020-11-10T23:28:30.834Z 276.0 57.0
2020-11-10T23:28:31.835Z 268.9 64.0
2020-11-10T23:28:32.835Z 267.9 64.0
2020-11-10T23:28:33.835Z 257.0 77.0
2020-11-10T23:28:34.835Z 273.0 60.0
2020-11-10T23:28:35.835Z 267.0 66.0
2020-11-10T23:28:36.835Z 272.9 60.0
2020-11-10T23:28:37.835Z 268.0 65.0
2020-11-10T23:28:38.835Z 261.9 71.0
2020-11-10T23:28:39.835Z 271.0 62.0
2020-11-10T23:28:40.835Z 258.1 75.0
2020-11-10T23:28:41.835Z 267.9 65.0
2020-11-10T23:28:42.835Z 247.2 86.1
2020-11-10T23:28:43.835Z 278.8 54.0
2020-11-10T23:28:44.835Z 278.0 55.0
2020-11-10T23:28:45.835Z 271.1 62.0
2020-11-10T23:28:46.835Z 271.9 60.0
2020-11-10T23:28:47.835Z 274.0 60.0
2020-11-10T23:28:48.835Z 265.1 68.0
2020-11-10T23:28:49.835Z 278.9 55.0
2020-11-10T23:28:50.835Z 266.9 65.0
2020-11-10T23:28:51.835Z 265.0 68.0
2020-11-10T23:28:52.835Z 243.1 90.0
2020-11-10T23:28:53.835Z 252.0 81.0
2020-11-10T23:28:54.835Z 270.1 63.0
2020-11-10T23:28:55.836Z 270.8 62.0
2020-11-10T23:28:56.834Z 266.3 67.1
2020-11-10T23:28:57.835Z 266.9 66.0
2020-11-10T23:28:58.835Z 264.1 69.0
2020-11-10T23:28:59.835Z 264.0 69.0
2020-11-10T23:29:00.836Z 272.7 59.9
2020-11-10T23:29:01.835Z 258.2 75.1
2020-11-10T23:29:02.834Z 255.1 78.0
2020-11-10T23:29:03.835Z 271.8 61.0
2020-11-10T23:29:04.835Z 264.1 69.0
2020-11-10T23:29:05.835Z 277.0 56.0
2020-11-10T23:29:06.835Z 272.7 58.9
2020-11-10T23:29:07.835Z 272.1 62.0
2020-11-10T23:29:08.835Z 273.0 60.0
2020-11-10T23:29:09.835Z 261.0 72.0
2020-11-10T23:29:10.835Z 276.8 56.0
2020-11-10T23:29:11.836Z 263.0 70.0
2020-11-10T23:29:12.835Z 270.3 63.1
2020-11-10T23:29:13.835Z 276.8 54.0
2020-11-10T23:29:14.836Z 272.9 60.0
2020-11-10T23:29:15.835Z 264.2 70.0
2020-11-10T23:29:16.835Z 262.0 70.0
2020-11-10T23:29:17.835Z 265.0 68.0
2020-11-10T23:29:18.835Z 270.0 63.0
2020-11-10T23:29:19.835Z 264.9 68.0
2020-11-10T23:29:20.835Z 269.0 64.0
2020-11-10T23:29:21.835Z 273.0 60.0
2020-11-10T23:29:22.836Z 269.8 63.0
2020-11-10T23:29:23.835Z 272.2 61.0
2020-11-10T23:29:24.835Z 261.0 72.0
2020-11-10T23:29:25.836Z 268.8 64.0
2020-11-10T23:29:26.835Z 268.1 65.0
2020-11-10T23:29:27.835Z 278.1 55.0
2020-11-10T23:29:28.835Z 265.9 67.0
2020-11-10T23:29:29.835Z 258.1 76.0
2020-11-10T23:29:30.835Z 253.9 78.0
2020-11-10T23:29:31.835Z 278.0 56.0
2020-11-10T23:29:32.836Z 265.9 66.0
2020-11-10T23:29:33.835Z 272.2 60.0
2020-11-10T23:29:34.835Z 253.1 80.0
2020-11-10T23:29:35.836Z 266.7 66.9
2020-11-10T23:29:36.835Z 262.3 70.1
2020-11-10T23:29:37.835Z 272.0 62.0
2020-11-10T23:29:38.835Z 276.0 57.0
2020-11-10T23:29:39.835Z 263.0 70.0
2020-11-10T23:29:40.836Z 281.7 50.9
2020-11-10T23:29:41.836Z 281.0 52.0
2020-11-10T23:29:42.836Z 279.0 54.0
2020-11-10T23:29:43.835Z 272.1 61.0
2020-11-10T23:29:44.835Z 254.1 78.0
2020-11-10T23:29:45.835Z 263.0 70.0
2020-11-10T23:29:46.836Z 270.7 62.9
2020-11-10T23:29:47.835Z 276.2 56.0
2020-11-10T23:29:48.836Z 275.8 56.0
2020-11-10T23:29:49.836Z 251.1 81.0
2020-11-10T23:29:50.836Z 257.0 77.0
2020-11-10T23:29:51.835Z 268.0 65.0
2020-11-10T23:29:52.836Z 263.8 69.0
2020-11-10T23:29:53.836Z 274.2 59.0
2020-11-10T23:29:54.836Z 264.8 67.9
2020-11-10T23:29:55.836Z 277.1 56.0
2020-11-10T23:29:56.835Z 265.1 68.0
2020-11-10T23:29:57.836Z 269.8 62.9
2020-11-10T23:29:58.835Z 271.3 62.1
2020-11-10T23:29:59.836Z 257.9 75.0
