2020-11-10T23:00:00.693Z 257.0 76.0
2020-11-10T23:00:01.694Z 259.9 73.0
2020-11-10T23:00:02.693Z 266.1 67.0
2020-11-10T23:00:03.693Z 263.9 69.0
2020-11-10T23:00:04.694Z 255.0 78.0
2020-11-10T23:00:05.693Z 269.1 64.0
2020-11-10T23:00:06.694Z 280.9 52.0
2020-11-10T23:00:07.694Z 275.9 57.0
2020-11-10T23:00:08.693Z 272.3 61.1
2020-11-10T23:00:09.694Z 276.8 56.0
2020-11-10T23:00:10.694Z 268.0 65.0
2020-11-10T23:00:11.693Z 268.2 65.0
2020-11-10T23:00:12.693Z 267.0 66.0
2020-11-10T23:00:13.693Z 274.0 59.0
2020-11-10T23:00:14.693Z 257.1 76.0
2020-11-10T23:00:15.693Z 276.0 57.0
2020-11-10T23:00:16.694Z 260.7 71.9
2020-11-10T23:00:17.693Z 281.3 52.1
2020-11-10T23:00:18.693Z 264.0 69.0
2020-11-10T23:00:19.693Z 260.9 72.0
2020-11-10T23:00:20.694Z 261.9 70.0
2020-11-10T23:00:21.693Z 283.1 51.0
2020-11-10T23:00:22.694Z 269.9 63.0
2020-11-10T23:00:23.694Z 264.0 69.0
2020-11-10T23:00:24.694Z 272.9 60.0
2020-11-10T23:00:25.694Z 275.0 58.0
2020-11-10T23:00:26.693Z 265.1 68.0
2020-11-10T23:00:27.694Z 257.9 74.0
2020-11-10T23:00:28.693Z 260.1 74.0
2020-11-10T23:00:29.694Z 267.8 64.9
2020-11-10T23:00:30.694Z 272.1 61.0
2020-11-10T23:00:31.693Z 261.2 72.0
2020-11-10T23:00:32.694Z 264.9 68.0
2020-11-10T23:00:33.693Z 271.1 62.0
2020-11-10T23:00:34.694Z 279.9 53.0
2020-11-10T23:00:35.694Z 272.9 60.0
2020-11-10T23:00:36.694Z 270.1 63.0
2020-11-10T23:00:37.694Z 263.0 70.0
2020-11-10T23:00:38.694Z 256.0 77.0
2020-11-10T23:00:39.694Z 267.8 65.0
2020-11-10T23:00:40.693Z 277.2 56.0
2020-11-10T23:00:41.694Z 264.8 67.0
2020-11-10T23:00:42.694Z 264.1 70.0
2020-11-10T23:00:43.694Z 257.1 76.0
2020-11-10T23:00:44.694Z 266.0 67.0
2020-11-10T23:00:45.694Z 263.0 70.0
2020-11-10T23:00:46.694Z 274.0 59.0
2020-11-10T23:00:47.694Z 265.1 68.0
2020-11-10T23:00:48.694Z 256.9 76.0
2020-11-10T23:00:49.694Z 259.0 74.0
2020-11-10T23:00:50.694Z 266.1 67.0
2020-11-10T23:00:51.694Z 264.0 69.0
2020-11-10T23:00:52.694Z 266.9 67.0
2020-11-10T23:00:53.694Z 248.0 84.0
2020-11-10T23:00:54.694Z 267.0 66.0
2020-11-10T23:00:55.694Z 267.0 66.0
2020-11-10T23:00:56.694Z 268.1 65.0
2020-11-10T23:00:57.694Z 274.9 58.0
2020-11-10T23:00:58.693Z 262.1 71.0
2020-11-10T23:00:59.694Z 271.9 61.0
2020-11-10T23:01:00.694Z 269.9 63.0
2020-11-10T23:01:01.694Z 265.1 68.0
2020-11-10T23:01:02.694Z 271.9 61.0
2020-11-10T23:01:03.694Z 271.1 62.0
2020-11-10T23:01:04.694Z 265.0 68.0
2020-11-10T23:01:05.695Z 265.9 67.0
2020-11-10T23:01:06.694Z 277.1 57.0
2020-11-10T23:01:07.694Z 267.9 64.0
2020-11-10T23:01:08.694Z 273.1 60.0
2020-11-10T23:01:09.694Z 261.9 71.0
2020-11-10T23:01:10.694Z 275.1 58.0
2020-11-10T23:01:11.694Z 251.1 82.0
2020-11-10T23:01:12.695Z 270.8 61.9
2020-11-10T23:01:13.694Z 269.2 64.1
2020-11-10T23:01:14.694Z 256.9 75.0
2020-11-10T23:01:15.695Z 270.9 63.0
2020-11-10T23:01:16.694Z 275.2 59.0
2020-11-10T23:01:17.694Z 268.0 64.0
2020-11-10T23:01:18.694Z 263.0 70.0
2020-11-10T23:01:19.695Z 270.8 61.9
2020-11-10T23:01:20.694Z 270.2 63.1
2020-11-10T23:01:21.694Z 266.0 67.0
2020-11-10T23:01:22.695Z 266.7 66.9
2020-11-10T23:01:23.694Z 281.1 51.0
2020-11-10T23:01:24.694Z 274.0 59.0
2020-11-10T23:01:25.694Z 275.0 58.0
2020-11-10T23:01:26.694Z 273.1 60.0
2020-11-10T23:01:27.694Z 261.1 72.0
2020-11-10T23:01:28.694Z 243.0 78.0
2020-11-10T23:01:29.694Z 268.9 65.0
2020-11-10T23:01:30.694Z 257.1 76.0
2020-11-10T23:01:31.694Z 284.0 48.0
2020-11-10T23:01:32.695Z 266.8 66.9
2020-11-10T23:01:33.694Z 262.2 71.1
2020-11-10T23:01:34.694Z 262.0 71.0
2020-11-10T23:01:35.695Z 270.7 61.9
2020-11-10T23:01:36.694Z 262.3 70.1
2020-11-10T23:01:37.694Z 259.0 67.0
2020-11-10T23:01:38.694Z 277.0 57.0
2020-11-10T23:01:39.694Z 267.0 66.0
2020-11-10T23:01:40.694Z 289.9 43.0
2020-11-10T23:01:41.694Z 268.0 65.0
2020-11-10T23:01:42.694Z 261.0 72.0
2020-11-10T23:01:43.695Z 276.9 57.0
2020-11-10T23:01:44.694Z 260.1 72.0
2020-11-10T23:01:45.695Z 270.9 62.0
2020-11-10T23:01:46.694Z 268.1 65.0
2020-11-10T23:01:47.695Z 272.9 60.0
2020-11-10T23:01:48.694Z 253.1 81.0
2020-11-10T23:01:49.694Z 268.0 65.0
2020-11-10T23:01:50.695Z 261.8 69.9
2020-11-10T23:01:51.695Z 268.1 65.0
2020-11-10T23:01:52.695Z 269.1 64.0
2020-11-10T23:01:53.694Z 266.1 68.0
2020-11-10T23:01:54.695Z 264.9 67.0
2020-11-10T23:01:55.695Z 273.1 60.0
2020-11-10T23:01:56.695Z 271.0 62.0
2020-11-10T23:01:57.694Z 261.0 72.0
2020-11-10T23:01:58.694Z 265.0 69.0
2020-11-10T23:01:59.695Z 264.9 67.0
2020-11-10T23:02:00.695Z 259.0 75.0
2020-11-10T23:02:01.694Z 271.1 61.0
2020-11-10T23:02:02.694Z 263.0 70.0
2020-11-10T23:02:03.694Z 268.0 66.0
2020-11-10T23:02:04.695Z 265.9 66.0
2020-11-10T23:02:05.695Z 255.0 78.0
2020-11-10T23:02:06.695Z 264.8 67.9
2020-11-10T23:02:07.695Z 263.2 70.1
2020-11-10T23:02:08.695Z 264.0 70.0
2020-11-10T23:02:09.695Z 269.9 62.0
2020-11-10T23:02:10.695Z 265.1 68.0
2020-11-10T23:02:11.695Z 253.9 79.0
2020-11-10T23:02:12.696Z 272.8 61.0
2020-11-10T23:02:13.695Z 256.3 77.1
2020-11-10T23:02:14.695Z 272.0 60.0
2020-11-10T23:02:15.695Z 261.9 71.0
2020-11-10T23:02:16.695Z 263.9 70.0
2020-11-10T23:02:17.695Z 269.0 63.0
2020-11-10T23:02:18.695Z 271.1 62.0
2020-11-10T23:02:19.695Z 274.0 59.0
2020-11-10T23:02:20.695Z 276.0 57.0
2020-11-10T23:02:21.695Z 277.0 57.0
2020-11-10T23:02:22.696Z 255.8 75.9
2020-11-10T23:02:23.695Z 274.1 59.0
2020-11-10T23:02:24.695Z 264.2 69.0
2020-11-10T23:02:25.695Z 277.0 56.0
2020-11-10T23:02:26.695Z 280.0 53.0
2020-11-10T23:02:27.695Z 267.9 65.0
2020-11-10T23:02:28.695Z 257.1 76.0
2020-11-10T23:02:29.695Z 271.8 61.0
2020-11-10T23:02:30.695Z 267.1 66.0
2020-11-10T23:02:31.695Z 274.1 59.0
2020-11-10T23:02:32.695Z 264.9 68.0
2020-11-10T23:02:33.695Z 263.9 69.0
2020-11-10T23:02:34.695Z 261.2 64.0
2020-11-10T23:02:35.695Z 275.9 57.0
2020-11-10T23:02:36.695Z 268.0 65.0
2020-11-10T23:02:37.695Z 269.0 64.0
2020-11-10T23:02:38.696Z 273.7 59.9
2020-11-10T23:02:39.695Z 259.2 73.1
2020-11-10T23:02:40.695Z 280.1 53.0
2020-11-10T23:02:41.695Z 270.0 64.0
2020-11-10T23:02:42.695Z 268.0 65.0
2020-11-10T23:02:43.695Z 264.0 68.0
2020-11-10T23:02:44.695Z 264.0 69.0
2020-11-10T23:02:45.696Z 262.8 70.9
2020-11-10T23:02:46.695Z 263.2 69.1
2020-11-10T23:02:47.695Z 263.0 70.0
2020-11-10T23:02:48.696Z 258.9 74.0
2020-11-10T23:02:49.695Z 266.1 68.0
2020-11-10T23:02:50.695Z 266.0 67.0
2020-11-10T23:02:51.695Z 271.0 61.0
2020-11-10T23:02:52.696Z 264.9 69.0
2020-11-10T23:02:53.695Z 269.1 63.0
2020-11-10T23:02:54.695Z 270.9 62.0
2020-11-10T23:02:55.696Z 265.9 67.0
2020-11-10T23:02:56.696Z 272.0 61.0
2020-11-10T23:02:57.695Z 276.2 57.0
2020-11-10T23:02:58.695Z 270.0 64.0
2020-11-10T23:02:59.695Z 259.0 73.0
2020-11-10T23:03:00.695Z 275.9 57.0
2020-11-10T23:03:01.696Z 262.0 71.0
2020-11-10T23:03:02.695Z 263.1 70.0
2020-11-10T23:03:03.696Z 258.9 75.0
2020-11-10T23:03:04.696Z 272.0 60.0
2020-11-10T23:03:05.695Z 278.1 55.0
2020-11-10T23:03:06.695Z 268.1 65.0
2020-11-10T23:03:07.696Z 266.9 66.0
2020-11-10T23:03:08.695Z 273.0 59.0
2020-11-10T23:03:09.696Z 276.8 57.0
2020-11-10T23:03:10.696Z 266.0 67.0
2020-11-10T23:03:11.696Z 277.0 56.0
2020-11-10T23:03:12.696Z 277.9 55.0
2020-11-10T23:03:13.696Z 266.0 67.0
2020-11-10T23:03:14.695Z 263.2 70.1
2020-11-10T23:03:15.695Z 251.0 82.0
2020-11-10T23:03:16.696Z 266.9 66.0
2020-11-10T23:03:17.696Z 268.9 64.0
2020-11-10T23:03:18.697Z 277.9 55.0
2020-11-10T23:03:19.696Z 269.1 65.0
2020-11-10T23:03:20.695Z 265.2 66.0
2020-11-10T23:03:21.697Z 268.7 64.9
2020-11-10T23:03:22.696Z 267.0 66.0
2020-11-10T23:03:23.695Z 255.2 78.1
2020-11-10T23:03:24.696Z 274.0 59.0
2020-11-10T23:03:25.696Z 272.0 61.0
2020-11-10T23:03:26.696Z 258.9 74.0
2020-11-10T23:03:27.696Z 257.0 76.0
2020-11-10T23:03:28.696Z 264.9 68.0
2020-11-10T23:03:29.696Z 263.2 70.1
2020-11-10T23:03:30.696Z 262.8 69.9
2020-11-10T23:03:31.696Z 266.0 67.0
2020-11-10T23:03:32.696Z 274.2 59.0
2020-11-10T23:03:33.696Z 265.8 66.9
2020-11-10T23:03:34.696Z 269.1 64.0
2020-11-10T23:03:35.696Z 267.0 66.0
2020-11-10T23:03:36.696Z 261.1 72.0
2020-11-10T23:03:37.697Z 257.9 75.0
2020-11-10T23:03:38.696Z 261.1 72.0
2020-11-10T23:03:39.696Z 273.0 60.0
2020-11-10T23:03:40.696Z 254.9 78.0
2020-11-10T23:03:41.697Z 260.9 72.0
2020-11-10T23:03:42.696Z 272.1 61.0
2020-11-10T23:03:43.696Z 264.0 69.0
2020-11-10T23:03:44.697Z 264.0 69.0
2020-11-10T23:03:45.697Z 263.0 70.0
2020-11-10T23:03:46.696Z 269.2 64.0
2020-11-10T23:03:47.697Z 264.8 67.9
2020-11-10T23:03:48.696Z 268.2 65.1
2020-11-10T23:03:49.696Z 257.0 76.0
2020-11-10T23:03:50.696Z 262.9 70.0
2020-11-10T23:03:51.697Z 264.9 68.0
2020-11-10T23:03:52.697Z 280.9 53.0
2020-11-10T23:03:53.697Z 275.1 58.0
2020-11-10T23:03:54.696Z 282.2 50.0
2020-11-10T23:03:55.696Z 263.9 69.0
2020-11-10T23:03:56.696Z 254.0 79.0
2020-11-10T23:03:57.696Z 274.2 59.0
2020-11-10T23:03:58.696Z 265.0 68.0
2020-11-10T23:03:59.696Z 265.9 67.0
2020-11-10T23:04:00.697Z 263.9 69.0
2020-11-10T23:04:01.697Z 260.0 73.0
2020-11-10T23:04:02.697Z 274.0 59.0
2020-11-10T23:04:03.697Z 259.0 74.0
2020-11-10T23:04:04.696Z 260.1 73.0
2020-11-10T23:04:05.696Z 265.0 68.0
2020-11-10T23:04:06.697Z 268.9 64.0
2020-11-10T23:04:07.697Z 281.0 52.0
2020-11-10T23:04:08.697Z 260.0 73.0
2020-11-10T23:04:09.697Z 266.8 66.0
2020-11-10T23:04:10.697Z 268.1 65.0
2020-11-10T23:04:11.697Z 264.9 68.0
2020-11-10T23:04:12.697Z 268.0 65.0
2020-11-10T23:04:13.697Z 264.1 69.0
2020-11-10T23:04:14.697Z 268.9 64.0
2020-11-10T23:04:15.696Z 261.2 72.1
2020-11-10T23:04:16.697Z 267.9 65.0
2020-11-10T23:04:17.697Z 255.9 77.0
2020-11-10T23:04:18.696Z 273.2 60.1
2020-11-10T23:04:19.697Z 266.8 66.0
2020-11-10T23:04:20.697Z 269.0 64.0
2020-11-10T23:04:21.697Z 261.9 71.0
2020-11-10T23:04:22.697Z 263.0 71.0
2020-11-10T23:04:23.696Z 283.2 49.0
2020-11-10T23:04:24.697Z 256.8 76.0
2020-11-10T23:04:25.696Z 266.2 67.0
2020-11-10T23:04:26.697Z 274.9 58.0
2020-11-10T23:04:27.697Z 259.0 74.0
2020-11-10T23:04:28.696Z 264.1 69.0
2020-11-10T23:04:29.697Z 275.8 57.0
2020-11-10T23:04:30.697Z 274.0 59.0
2020-11-10T23:04:31.697Z 276.0 58.0
2020-11-10T23:04:32.697Z 259.0 73.0
2020-11-10T23:04:33.697Z 263.2 70.0
2020-11-10T23:04:34.697Z 258.0 75.0
2020-11-10T23:04:35.697Z 278.0 55.0
2020-11-10T23:04:36.698Z 271.7 60.9
2020-11-10T23:04:37.696Z 260.3 73.1
2020-11-10T23:04:38.697Z 258.0 75.0
2020-11-10T23:04:39.697Z 261.0 72.0
2020-11-10T23:04:40.697Z 278.8 55.0
2020-11-10T23:04:41.697Z 263.1 69.0
2020-11-10T23:04:42.697Z 257.1 76.0
2020-11-10T23:04:43.697Z 274.9 58.0
2020-11-10T23:04:44.697Z 261.1 72.0
2020-11-10T23:04:45.697Z 277.1 56.0
2020-11-10T23:04:46.697Z 253.0 80.0
2020-11-10T23:04:47.697Z 277.9 55.0
2020-11-10T23:04:48.697Z 280.9 52.0
2020-11-10T23:04:49.697Z 269.1 64.0
2020-11-10T23:04:50.697Z 263.9 69.0
2020-11-10T23:04:51.698Z 261.0 72.0
2020-11-10T23:04:52.698Z 263.9 69.0
2020-11-10T23:04:53.697Z 262.2 71.0
2020-11-10T23:04:54.697Z 282.2 51.0
2020-11-10T23:04:55.697Z 267.9 65.0
2020-11-10T23:04:56.698Z 268.8 63.0
2020-11-10T23:04:57.697Z 266.2 68.1
2020-11-10T23:04:58.697Z 271.0 62.0
2020-11-10T23:04:59.697Z 270.0 63.0
2020-11-10T23:05:00.698Z 253.8 78.9
2020-11-10T23:05:01.697Z 275.1 58.0
2020-11-10T23:05:02.698Z 262.8 70.0
2020-11-10T23:05:03.698Z 269.0 64.0
2020-11-10T23:05:04.697Z 266.1 67.0
2020-11-10T23:05:05.698Z 258.9 74.0
2020-11-10T23:05:06.698Z 263.0 70.0
2020-11-10T23:05:07.697Z 265.1 68.0
2020-11-10T23:05:08.697Z 261.0 72.0
2020-11-10T23:05:09.697Z 263.0 70.0
2020-11-10T23:05:10.698Z 258.9 74.0
2020-11-10T23:05:11.698Z 269.9 63.0
2020-11-10T23:05:12.697Z 261.2 72.1
2020-11-10T23:05:13.698Z 269.8 63.0
2020-11-10T23:05:14.697Z 266.2 67.0
2020-11-10T23:05:15.697Z 258.0 75.0
2020-11-10T23:05:16.697Z 258.0 75.0
2020-11-10T23:05:17.698Z 262.8 69.9
2020-11-10T23:05:18.697Z 272.3 61.1
2020-11-10T23:05:19.698Z 272.8 59.9
2020-11-10T23:05:20.697Z 256.2 77.1
2020-11-10T23:05:21.697Z 273.0 59.0
2020-11-10T23:05:22.698Z 268.8 64.9
2020-11-10T23:05:23.697Z 266.3 67.1
2020-11-10T23:05:24.698Z 275.9 57.0
2020-11-10T23:05:25.698Z 274.9 58.0
2020-11-10T23:05:26.698Z 283.1 50.0
2020-11-10T23:05:27.697Z 263.1 70.0
2020-11-10T23:05:28.698Z 258.9 73.0
2020-11-10T23:05:29.698Z 259.0 75.0
2020-11-10T23:05:30.698Z 258.0 75.0
2020-11-10T23:05:31.697Z 264.1 69.0
2020-11-10T23:05:32.697Z 273.0 60.0
2020-11-10T23:05:33.698Z 267.0 66.0
2020-11-10T23:05:34.697Z 260.0 73.0
2020-11-10T23:05:35.697Z 285.0 47.0
2020-11-10T23:05:36.698Z 275.9 58.0
2020-11-10T23:05:37.697Z 269.1 64.0
2020-11-10T23:05:38.698Z 270.0 63.0
2020-11-10T23:05:39.698Z 260.0 73.0
2020-11-10T23:05:40.698Z 266.0 66.0
2020-11-10T23:05:41.698Z 270.0 63.0
2020-11-10T23:05:42.698Z 263.8 69.9
2020-11-10T23:05:43.698Z 255.2 77.1
2020-11-10T23:05:44.698Z 273.8 60.0
2020-11-10T23:05:45.698Z 264.1 69.0
2020-11-10T23:05:46.698Z 270.1 63.0
2020-11-10T23:05:47.698Z 262.1 70.0
2020-11-10T23:05:48.698Z 273.0 61.0
2020-11-10T23:05:49.698Z 271.9 60.0
2020-11-10T23:05:50.698Z 263.0 70.0
2020-11-10T23:05:51.698Z 263.0 71.0
2020-11-10T23:05:52.698Z 265.0 68.0
2020-11-10T23:05:53.698Z 270.0 62.0
2020-11-10T23:05:54.698Z 272.0 62.0
2020-11-10T23:05:55.698Z 268.9 64.0
2020-11-10T23:05:56.698Z 261.1 72.0
2020-11-10T23:05:57.698Z 255.9 77.0
2020-11-10T23:05:58.699Z 255.9 69.0
2020-11-10T23:05:59.698Z 257.2 76.1
2020-11-10T23:06:00.698Z 272.0 62.0
2020-11-10T23:06:01.699Z 267.9 64.0
2020-11-10T23:06:02.698Z 280.2 53.0
2020-11-10T23:06:03.698Z 275.0 58.0
2020-11-10T23:06:04.698Z 270.0 62.0
2020-11-10T23:06:05.698Z 278.1 56.0
2020-11-10T23:06:06.698Z 265.9 66.0
2020-11-10T23:06:07.699Z 268.9 65.0
2020-11-10T23:06:08.698Z 255.0 75.0
2020-11-10T23:06:09.698Z 272.0 61.0
2020-11-10T23:06:10.698Z 287.1 46.0
2020-11-10T23:06:11.699Z 250.9 82.0
2020-11-10T23:06:12.698Z 283.2 50.0
2020-11-10T23:06:13.698Z 265.9 67.0
2020-11-10T23:06:14.698Z 244.1 53.0
2020-11-10T23:06:15.698Z 112.0 25.0
2020-11-10T23:06:16.698Z 264.9 68.0
2020-11-10T23:06:17.698Z 266.1 67.0
2020-11-10T23:06:18.698Z 256.0 77.0
2020-11-10T23:06:19.698Z 267.0 66.0
2020-11-10T23:06:20.698Z 274.9 59.0
2020-11-10T23:06:21.698Z 269.1 64.0
2020-11-10T23:06:22.698Z 266.0 66.0
2020-11-10T23:06:23.698Z 264.0 69.0
2020-11-10T23:06:24.698Z 272.0 61.0
2020-11-10T23:06:25.698Z 276.0 57.0
2020-11-10T23:06:26.698Z 271.9 62.0
2020-11-10T23:06:27.698Z 260.1 72.0
2020-11-10T23:06:28.698Z 272.0 61.0
2020-11-10T23:06:29.699Z 270.9 63.0
2020-11-10T23:06:30.698Z 269.2 64.0
2020-11-10T23:06:31.699Z 260.9 71.0
2020-11-10T23:06:32.699Z 250.0 84.0
2020-11-10T23:06:33.699Z 271.0 62.0
2020-11-10T23:06:34.698Z 269.1 63.0
2020-11-10T23:06:35.698Z 276.9 57.0
2020-11-10T23:06:36.699Z 262.0 70.0
2020-11-10T23:06:37.698Z 273.1 60.0
2020-11-10T23:06:38.698Z 276.0 57.0
2020-11-10T23:06:39.698Z 274.0 59.0
2020-11-10T23:06:40.698Z 264.0 69.0
2020-11-10T23:06:41.698Z 256.0 77.0
2020-11-10T23:06:42.699Z 265.8 67.9
2020-11-10T23:06:43.698Z 273.2 59.0
2020-11-10T23:06:44.698Z 266.1 68.0
2020-11-10T23:06:45.698Z 270.9 61.0
2020-11-10T23:06:46.698Z 274.0 59.0
2020-11-10T23:06:47.698Z 262.0 71.0
2020-11-10T23:06:48.698Z 276.0 57.0
2020-11-10T23:06:49.699Z 278.9 54.0
2020-11-10T23:06:50.699Z 265.0 69.0
2020-11-10T23:06:51.698Z 255.1 77.0
2020-11-10T23:06:52.699Z 262.9 70.0
2020-11-10T23:06:53.698Z 265.1 68.0
2020-11-10T23:06:54.698Z 269.0 64.0
2020-11-10T23:06:55.699Z 273.0 61.0
2020-11-10T23:06:56.698Z 272.0 60.0
2020-11-10T23:06:57.699Z 267.7 65.9
2020-11-10T23:06:58.699Z 274.3 58.1
2020-11-10T23:06:59.699Z 272.9 60.0
2020-11-10T23:07:00.699Z 267.0 66.0
2020-11-10T23:07:01.699Z 270.1 63.0
2020-11-10T23:07:02.699Z 268.0 65.0
2020-11-10T23:07:03.698Z 283.0 51.0
2020-11-10T23:07:04.699Z 254.0 79.0
2020-11-10T23:07:05.700Z 263.7 68.9
2020-11-10T23:07:06.699Z 272.1 60.0
2020-11-10T23:07:07.699Z 256.1 78.0
2020-11-10T23:07:08.699Z 266.0 66.0
2020-11-10T23:07:09.699Z 266.0 68.0
2020-11-10T23:07:10.699Z 253.0 80.0
2020-11-10T23:07:11.699Z 267.0 65.0
2020-11-10T23:07:12.699Z 274.9 58.0
2020-11-10T23:07:13.699Z 259.0 74.0
2020-11-10T23:07:14.700Z 273.7 59.9
2020-11-10T23:07:15.699Z 262.1 70.0
2020-11-10T23:07:16.699Z 268.1 65.0
2020-11-10T23:07:17.699Z 277.0 56.0
2020-11-10T23:07:18.699Z 271.0 62.0
2020-11-10T23:07:19.699Z 264.9 68.0
2020-11-10T23:07:20.699Z 267.0 67.0
2020-11-10T23:07:21.699Z 253.0 79.0
2020-11-10T23:07:22.699Z 251.0 82.0
2020-11-10T23:07:23.699Z 266.0 67.0
2020-11-10T23:07:24.700Z 273.8 59.9
2020-11-10T23:07:25.699Z 263.2 69.1
2020-11-10T23:07:26.699Z 265.0 68.0
2020-11-10T23:07:27.700Z 268.7 64.9
2020-11-10T23:07:28.699Z 265.1 68.0
2020-11-10T23:07:29.700Z 273.9 59.0
2020-11-10T23:07:30.699Z 263.2 69.1
2020-11-10T23:07:31.699Z 267.0 66.0
2020-11-10T23:07:32.699Z 258.9 74.0
2020-11-10T23:07:33.700Z 268.9 65.0
2020-11-10T23:07:34.700Z 266.0 67.0
2020-11-10T23:07:35.699Z 259.2 73.1
2020-11-10T23:07:36.699Z 282.0 51.0
2020-11-10T23:07:37.699Z 267.9 65.0
2020-11-10T23:07:38.700Z 263.9 70.0
2020-11-10T23:07:39.699Z 257.1 76.0
2020-11-10T23:07:40.699Z 258.1 74.0
2020-11-10T23:07:41.699Z 269.0 64.0
2020-11-10T23:07:42.700Z 266.9 67.0
2020-11-10T23:07:43.699Z 267.1 66.0
2020-11-10T23:07:44.699Z 259.0 73.0
2020-11-10T23:07:45.699Z 255.0 79.0
2020-11-10T23:07:46.699Z 268.0 64.0
2020-11-10T23:07:47.699Z 279.0 55.0
2020-11-10T23:07:48.699Z 266.0 66.0
2020-11-10T23:07:49.700Z 274.9 58.0
2020-11-10T23:07:50.700Z 268.9 65.0
2020-11-10T23:07:51.699Z 264.2 68.0
2020-11-10T23:07:52.699Z 268.0 65.0
2020-11-10T23:07:53.700Z 257.8 74.9
2020-11-10T23:07:54.699Z 264.2 69.0
2020-11-10T23:07:55.700Z 270.7 62.9
2020-11-10T23:07:56.699Z 268.2 64.1
2020-11-10T23:07:57.699Z 269.0 64.0
2020-11-10T23:07:58.699Z 275.0 59.0
2020-11-10T23:07:59.699Z 272.0 60.0
2020-11-10T23:08:00.699Z 268.0 65.0
2020-11-10T23:08:01.699Z 273.0 60.0
2020-11-10T23:08:02.700Z 278.7 54.9
2020-11-10T23:08:03.699Z 275.2 57.1
2020-11-10T23:08:04.699Z 273.0 60.0
2020-11-10T23:08:05.700Z 264.9 68.0
2020-11-10T23:08:06.701Z 267.7 65.9
2020-11-10T23:08:07.700Z 265.3 67.1
2020-11-10T23:08:08.700Z 276.0 58.0
2020-11-10T23:08:09.699Z 272.0 60.0
2020-11-10T23:08:10.700Z 278.8 55.0
2020-11-10T23:08:11.700Z 266.2 66.1
2020-11-10T23:08:12.700Z 272.9 60.0
2020-11-10T23:08:13.700Z 265.1 68.0
2020-11-10T23:08:14.700Z 259.0 74.0
2020-11-10T23:08:15.700Z 271.0 62.0
2020-11-10T23:08:16.700Z 267.8 66.0
2020-11-10T23:08:17.700Z 267.2 65.0
2020-11-10T23:08:18.700Z 267.0 66.0
2020-11-10T23:08:19.700Z 259.0 74.0
2020-11-10T23:08:20.700Z 280.0 53.0
2020-11-10T23:08:21.700Z 259.0 74.0
2020-11-10T23:08:22.700Z 264.0 69.0
2020-11-10T23:08:23.700Z 268.0 65.0
2020-11-10T23:08:24.700Z 257.0 75.0
2020-11-10T23:08:25.700Z 271.0 63.0
2020-11-10T23:08:26.700Z 263.0 70.0
2020-11-10T23:08:27.700Z 260.0 73.0
2020-11-10T23:08:28.700Z 263.0 71.0
2020-11-10T23:08:29.700Z 268.9 64.0
2020-11-10T23:08:30.700Z 265.1 67.0
2020-11-10T23:08:31.701Z 269.8 63.9
2020-11-10T23:08:32.700Z 272.1 60.0
2020-11-10T23:08:33.700Z 260.1 73.0
2020-11-10T23:08:34.700Z 269.0 65.0
2020-11-10T23:08:35.700Z 245.0 87.0
2020-11-10T23:08:36.700Z 275.0 58.0
2020-11-10T23:08:37.700Z 267.0 66.0
2020-11-10T23:08:38.700Z 272.9 61.0
2020-11-10T23:08:39.700Z 264.1 68.0
2020-11-10T23:08:40.700Z 266.0 67.0
2020-11-10T23:08:41.700Z 260.0 74.0
2020-11-10T23:08:42.700Z 262.0 70.0
2020-11-10T23:08:43.700Z 268.0 65.0
2020-11-10T23:08:44.700Z 262.0 72.0
2020-11-10T23:08:45.701Z 269.8 62.0
2020-11-10T23:08:46.700Z 279.1 54.0
2020-11-10T23:08:47.701Z 251.9 82.0
2020-11-10T23:08:48.700Z 257.1 75.0
2020-11-10T23:08:49.700Z 268.1 65.0
2020-11-10T23:08:50.700Z 270.9 63.0
2020-11-10T23:08:51.700Z 270.1 63.0
2020-11-10T23:08:52.700Z 263.0 69.0
2020-11-10T23:08:53.700Z 280.0 53.0
2020-11-10T23:08:54.700Z 266.0 68.0
2020-11-10T23:08:55.700Z 269.9 63.0
2020-11-10T23:08:56.701Z 272.8 60.0
2020-11-10T23:08:57.700Z 259.2 73.1
2020-11-10T23:08:58.700Z 265.0 69.0
2020-11-10T23:08:59.700Z 267.0 66.0
2020-11-10T23:09:00.700Z 258.0 74.0
2020-11-10T23:09:01.700Z 276.0 57.0
2020-11-10T23:09:02.701Z 263.8 69.0
2020-11-10T23:09:03.700Z 275.2 58.0
2020-11-10T23:09:04.701Z 263.9 70.0
2020-11-10T23:09:05.700Z 270.1 62.0
2020-11-10T23:09:06.701Z 269.8 64.0
2020-11-10T23:09:07.700Z 254.2 78.0
2020-11-10T23:09:08.700Z 260.0 73.0
2020-11-10T23:09:09.701Z 258.8 74.9
2020-11-10T23:09:10.701Z 262.2 70.0
2020-11-10T23:09:11.701Z 268.0 65.0
2020-11-10T23:09:12.701Z 272.9 61.0
2020-11-10T23:09:13.700Z 272.1 60.0
2020-11-10T23:09:14.700Z 270.0 63.0
2020-11-10T23:09:15.700Z 264.0 69.0
2020-11-10T23:09:16.700Z 264.0 69.0
2020-11-10T23:09:17.701Z 262.8 71.0
2020-11-10T23:09:18.700Z 260.2 72.0
2020-11-10T23:09:19.700Z 271.0 62.0
2020-11-10T23:09:20.701Z 271.9 62.0
2020-11-10T23:09:21.701Z 274.0 58.0
2020-11-10T23:09:22.700Z 275.0 59.0
2020-11-10T23:09:23.701Z 265.9 66.0
2020-11-10T23:09:24.701Z 260.1 71.0
2020-11-10T23:09:25.701Z 272.8 62.0
2020-11-10T23:09:26.701Z 275.0 58.0
2020-11-10T23:09:27.701Z 269.0 64.0
2020-11-10T23:09:28.701Z 270.1 63.0
2020-11-10T23:09:29.701Z 268.9 65.0
2020-11-10T23:09:30.701Z 262.9 69.0
2020-11-10T23:09:31.701Z 267.1 66.0
2020-11-10T23:09:32.701Z 261.9 71.0
2020-11-10T23:09:33.701Z 264.9 68.0
2020-11-10T23:09:34.701Z 276.1 57.0
2020-11-10T23:09:35.702Z 268.6 63.9
2020-11-10T23:09:36.702Z 272.1 61.0
2020-11-10T23:09:37.701Z 257.2 76.1
2020-11-10T23:09:38.702Z 267.8 64.9
2020-11-10T23:09:39.701Z 273.3 59.1
2020-11-10T23:09:40.701Z 260.0 73.0
2020-11-10T23:09:41.702Z 268.8 64.9
2020-11-10T23:09:42.702Z 256.0 77.0
2020-11-10T23:09:43.701Z 289.2 44.0
2020-11-10T23:09:44.701Z 266.0 66.0
2020-11-10T23:09:45.701Z 275.9 57.0
2020-11-10T23:09:46.701Z 268.1 65.0
2020-11-10T23:09:47.701Z 246.9 86.0
2020-11-10T23:09:48.701Z 259.0 74.0
2020-11-10T23:09:49.701Z 277.0 57.0
2020-11-10T23:09:50.701Z 262.9 70.0
2020-11-10T23:09:51.701Z 259.0 73.0
2020-11-10T23:09:52.701Z 274.0 60.0
2020-11-10T23:09:53.701Z 258.1 74.0
2020-11-10T23:09:54.701Z 272.0 61.0
2020-11-10T23:09:55.702Z 269.7 63.9
2020-11-10T23:09:56.701Z 281.3 52.1
2020-11-10T23:09:57.701Z 253.9 78.0
2020-11-10T23:09:58.701Z 273.1 60.0
2020-11-10T23:09:59.702Z 281.8 52.0
2020-11-10T23:10:00.702Z 270.0 63.0
2020-11-10T23:10:01.701Z 264.2 68.0
2020-11-10T23:10:02.701Z 271.9 61.0
2020-11-10T23:10:03.701Z 278.0 56.0
2020-11-10T23:10:04.701Z 269.9 62.0
2020-11-10T23:10:05.701Z 267.1 66.0
2020-11-10T23:10:06.701Z 279.0 54.0
2020-11-10T23:10:07.702Z 261.9 72.0
2020-11-10T23:10:08.701Z 264.0 69.0
2020-11-10T23:10:09.702Z 261.9 71.0
2020-11-10T23:10:10.702Z 266.9 66.0
2020-11-10T23:10:11.701Z 264.2 68.0
2020-11-10T23:10:12.701Z 265.0 68.0
2020-11-10T23:10:13.701Z 267.0 66.0
2020-11-10T23:10:14.701Z 266.9 67.0
2020-11-10T23:10:15.701Z 264.0 68.0
2020-11-10T23:10:16.701Z 266.0 67.0
2020-11-10T23:10:17.701Z 266.1 67.0
2020-11-10T23:10:18.702Z 258.9 74.0
2020-11-10T23:10:19.702Z 250.0 84.0
2020-11-10T23:10:20.702Z 269.9 63.0
2020-11-10T23:10:21.701Z 272.2 61.1
2020-11-10T23:10:22.702Z 259.9 72.0
2020-11-10T23:10:23.701Z 264.1 70.0
2020-11-10T23:10:24.701Z 256.9 75.0
2020-11-10T23:10:25.701Z 265.0 68.0
2020-11-10T23:10:26.702Z 259.9 74.0
2020-11-10T23:10:27.702Z 268.8 64.0
2020-11-10T23:10:28.702Z 242.2 73.1
2020-11-10T23:10:29.701Z 276.1 57.0
2020-11-10T23:10:30.701Z 258.0 75.0
2020-11-10T23:10:31.702Z 268.7 64.9
2020-11-10T23:10:32.701Z 264.2 68.1
2020-11-10T23:10:33.702Z 251.8 81.9
2020-11-10T23:10:34.701Z 258.2 74.1
2020-11-10T23:10:35.701Z 273.0 60.0
2020-11-10T23:10:36.701Z 259.0 74.0
2020-11-10T23:10:37.702Z 279.9 53.0
2020-11-10T23:10:38.702Z 270.0 64.0
2020-11-10T23:10:39.702Z 260.8 72.0
2020-11-10T23:10:40.702Z 275.1 57.0
2020-11-10T23:10:41.702Z 275.1 58.0
2020-11-10T23:10:42.702Z 268.0 65.0
2020-11-10T23:10:43.702Z 255.0 78.0
2020-11-10T23:10:44.702Z 259.0 74.0
2020-11-10T23:10:45.703Z 264.8 68.9
2020-11-10T23:10:46.702Z 263.2 69.0
2020-11-10T23:10:47.702Z 278.0 55.0
2020-11-10T23:10:48.702Z 268.9 64.0
2020-11-10T23:10:49.702Z 261.2 73.0
2020-11-10T23:10:50.702Z 260.0 72.0
2020-11-10T23:10:51.702Z 270.0 63.0
2020-11-10T23:10:52.702Z 264.0 70.0
2020-11-10T23:10:53.702Z 272.0 60.0
2020-11-10T23:10:54.702Z 263.0 70.0
2020-11-10T23:10:55.702Z 266.0 67.0
2020-11-10T23:10:56.702Z 276.9 56.0
2020-11-10T23:10:57.702Z 259.9 73.0
2020-11-10T23:10:58.702Z 262.1 71.0
2020-11-10T23:10:59.702Z 275.0 58.0
2020-11-10T23:11:00.702Z 265.0 68.0
2020-11-10T23:11:01.702Z 252.8 79.9
2020-11-10T23:11:02.702Z 269.2 64.0
2020-11-10T23:11:03.702Z 259.0 74.0
2020-11-10T23:11:04.702Z 261.9 72.0
2020-11-10T23:11:05.702Z 267.0 65.0
2020-11-10T23:11:06.702Z 263.1 71.0
2020-11-10T23:11:07.702Z 269.9 62.0
2020-11-10T23:11:08.702Z 265.0 68.0
2020-11-10T23:11:09.702Z 256.9 76.0
2020-11-10T23:11:10.702Z 265.1 68.0
2020-11-10T23:11:11.702Z 276.0 57.0
2020-11-10T23:11:12.702Z 264.0 69.0
2020-11-10T23:11:13.703Z 265.8 67.9
2020-11-10T23:11:14.703Z 276.0 56.0
2020-11-10T23:11:15.702Z 266.2 67.0
2020-11-10T23:11:16.702Z 270.9 62.0
2020-11-10T23:11:17.702Z 263.1 70.0
2020-11-10T23:11:18.702Z 269.0 64.0
2020-11-10T23:11:19.702Z 265.9 68.0
2020-11-10T23:11:20.702Z 260.0 73.0
2020-11-10T23:11:21.703Z 273.9 59.0
2020-11-10T23:11:22.703Z 273.1 60.0
2020-11-10T23:11:23.702Z 267.0 65.0
2020-11-10T23:11:24.702Z 275.0 58.0
2020-11-10T23:11:25.702Z 261.0 72.0
2020-11-10T23:11:26.702Z 271.9 61.0
2020-11-10T23:11:27.702Z 262.1 72.0
2020-11-10T23:11:28.702Z 271.0 61.0
2020-11-10T23:11:29.702Z 255.0 78.0
2020-11-10T23:11:30.702Z 273.0 60.0
2020-11-10T23:11:31.703Z 266.8 67.0
2020-11-10T23:11:32.702Z 261.1 72.0
2020-11-10T23:11:33.702Z 260.0 72.0
2020-11-10T23:11:34.703Z 254.9 78.0
2020-11-10T23:11:35.703Z 265.0 69.0
2020-11-10T23:11:36.703Z 254.9 78.0
2020-11-10T23:11:37.702Z 278.2 55.0
2020-11-10T23:11:38.703Z 263.8 68.9
2020-11-10T23:11:39.702Z 265.2 67.1
2020-11-10T23:11:40.703Z 276.9 57.0
2020-11-10T23:11:41.702Z 274.1 59.0
2020-11-10T23:11:42.703Z 280.9 51.0
2020-11-10T23:11:43.703Z 267.0 66.0
2020-11-10T23:11:44.703Z 266.9 67.0
2020-11-10T23:11:45.702Z 262.2 70.0
2020-11-10T23:11:46.702Z 278.0 55.0
2020-11-10T23:11:47.703Z 267.9 66.0
2020-11-10T23:11:48.702Z 263.1 69.0
2020-11-10T23:11:49.703Z 278.0 56.0
2020-11-10T23:11:50.703Z 259.8 71.9
2020-11-10T23:11:51.703Z 267.1 66.0
2020-11-10T23:11:52.703Z 259.1 75.0
2020-11-10T23:11:53.703Z 269.0 63.0
2020-11-10T23:11:54.703Z 269.9 63.0
2020-11-10T23:11:55.702Z 273.1 61.0
2020-11-10T23:11:56.704Z 261.7 69.9
2020-11-10T23:11:57.703Z 268.3 65.1
2020-11-10T23:11:58.703Z 262.0 71.0
2020-11-10T23:11:59.703Z 268.0 65.0
2020-11-10T23:12:00.704Z 285.7 47.9
2020-11-10T23:12:01.703Z 255.2 77.1
2020-11-10T23:12:02.703Z 246.0 87.0
2020-11-10T23:12:03.703Z 283.0 50.0
2020-11-10T23:12:04.704Z 270.8 63.0
2020-11-10T23:12:05.703Z 271.2 61.0
2020-11-10T23:12:06.703Z 262.9 71.0
2020-11-10T23:12:07.703Z 276.2 56.0
2020-11-10T23:12:08.703Z 262.9 70.0
2020-11-10T23:12:09.703Z 264.0 69.0
2020-11-10T23:12:10.703Z 262.9 71.0
2020-11-10T23:12:11.703Z 272.1 61.0
2020-11-10T23:12:12.704Z 262.8 69.9
2020-11-10T23:12:13.703Z 273.3 59.1
2020-11-10T23:12:14.703Z 274.0 59.0
2020-11-10T23:12:15.704Z 250.8 82.9
2020-11-10T23:12:16.703Z 276.2 57.0
2020-11-10T23:12:17.703Z 254.0 78.0
2020-11-10T23:12:18.703Z 272.1 62.0
2020-11-10T23:12:19.703Z 264.0 68.0
2020-11-10T23:12:20.703Z 263.9 69.0
2020-11-10T23:12:21.703Z 265.1 68.0
2020-11-10T23:12:22.703Z 262.0 72.0
2020-11-10T23:12:23.704Z 272.7 59.9
2020-11-10T23:12:24.703Z 257.3 75.1
2020-11-10T23:12:25.703Z 268.0 65.0
2020-11-10T23:12:26.703Z 277.1 57.0
2020-11-10T23:12:27.704Z 263.8 68.9
2020-11-10T23:12:28.703Z 260.1 72.0
2020-11-10T23:12:29.704Z 263.9 70.0
2020-11-10T23:12:30.703Z 272.1 60.0
2020-11-10T23:12:31.703Z 269.0 64.0
2020-11-10T23:12:32.704Z 270.9 62.0
2020-11-10T23:12:33.703Z 276.1 58.0
2020-11-10T23:12:34.704Z 264.8 67.9
2020-11-10T23:12:35.703Z 270.1 62.0
2020-11-10T23:12:36.704Z 274.0 59.0
2020-11-10T23:12:37.703Z 266.1 67.0
2020-11-10T23:12:38.703Z 263.0 70.0
2020-11-10T23:12:39.703Z 270.1 63.0
2020-11-10T23:12:40.703Z 267.0 66.0
2020-11-10T23:12:41.704Z 249.8 83.9
2020-11-10T23:12:42.704Z 260.1 72.0
2020-11-10T23:12:43.703Z 275.1 58.0
2020-11-10T23:12:44.704Z 270.9 63.0
2020-11-10T23:12:45.704Z 269.0 63.0
2020-11-10T23:12:46.703Z 269.1 64.0
2020-11-10T23:12:47.704Z 259.9 74.0
2020-11-10T23:12:48.704Z 266.0 66.0
2020-11-10T23:12:49.704Z 275.0 59.0
2020-11-10T23:12:50.703Z 261.0 72.0
2020-11-10T23:12:51.703Z 267.0 66.0
2020-11-10T23:12:52.704Z 253.9 78.0
2020-11-10T23:12:53.704Z 268.0 65.0
2020-11-10T23:12:54.704Z 270.0 63.0
2020-11-10T23:12:55.704Z 263.0 71.0
2020-11-10T23:12:56.703Z 270.0 62.0
2020-11-10T23:12:57.704Z 261.9 71.0
2020-11-10T23:12:58.704Z 266.8 66.0
2020-11-10T23:12:59.704Z 264.1 70.0
2020-11-10T23:13:00.703Z 268.2 64.0
2020-11-10T23:13:01.704Z 264.9 69.0
2020-11-10T23:13:02.704Z 255.0 77.0
2020-11-10T23:13:03.704Z 253.0 80.0
2020-11-10T23:13:04.703Z 263.1 71.0
2020-11-10T23:13:05.704Z 258.0 75.0
2020-11-10T23:13:06.704Z 272.0 60.0
2020-11-10T23:13:07.704Z 267.0 67.0
2020-11-10T23:13:08.704Z 266.0 66.0
2020-11-10T23:13:09.705Z 274.7 58.9
2020-11-10T23:13:10.704Z 275.2 57.0
2020-11-10T23:13:11.704Z 270.0 63.0
2020-11-10T23:13:12.704Z 248.1 85.0
2020-11-10T23:13:13.704Z 264.9 68.0
2020-11-10T23:13:14.704Z 263.0 71.0
2020-11-10T23:13:15.704Z 280.0 52.0
2020-11-10T23:13:16.704Z 264.0 69.0
2020-11-10T23:13:17.705Z 256.8 75.9
2020-11-10T23:13:18.704Z 264.1 70.0
2020-11-10T23:13:19.704Z 263.1 69.0
2020-11-10T23:13:20.704Z 270.0 63.0
2020-11-10T23:13:21.704Z 272.9 60.0
2020-11-10T23:13:22.704Z 255.0 78.0
2020-11-10T23:13:23.704Z 262.9 70.0
2020-11-10T23:13:24.704Z 275.0 59.0
2020-11-10T23:13:25.704Z 268.1 64.0
2020-11-10T23:13:26.704Z 270.0 64.0
2020-11-10T23:13:27.704Z 267.0 66.0
2020-11-10T23:13:28.705Z 279.8 53.0
2020-11-10T23:13:29.704Z 267.2 65.0
2020-11-10T23:13:30.704Z 270.9 62.0
2020-11-10T23:13:31.704Z 269.0 64.0
2020-11-10T23:13:32.704Z 273.1 61.0
2020-11-10T23:13:33.704Z 269.0 63.0
2020-11-10T23:13:34.704Z 279.9 53.0
2020-11-10T23:13:35.704Z 270.0 64.0
2020-11-10T23:13:36.704Z 271.1 62.0
2020-11-10T23:13:37.704Z 268.0 65.0
2020-11-10T23:13:38.704Z 255.9 76.0
2020-11-10T23:13:39.704Z 264.9 68.0
2020-11-10T23:13:40.704Z 266.1 67.0
2020-11-10T23:13:41.704Z 272.0 61.0
2020-11-10T23:13:42.705Z 269.9 64.0
2020-11-10T23:13:43.704Z 259.1 73.0
2020-11-10T23:13:44.704Z 256.0 77.0
2020-11-10T23:13:45.704Z 265.9 67.0
2020-11-10T23:13:46.704Z 249.0 84.0
2020-11-10T23:13:47.705Z 262.8 71.0
2020-11-10T23:13:48.705Z 274.1 59.0
2020-11-10T23:13:49.705Z 263.9 68.0
2020-11-10T23:13:50.704Z 260.1 73.0
2020-11-10T23:13:51.705Z 270.8 63.0
2020-11-10T23:13:52.704Z 254.2 78.1
2020-11-10T23:13:53.705Z 260.0 74.0
2020-11-10T23:13:54.705Z 268.9 64.0
2020-11-10T23:13:55.704Z 272.2 60.0
2020-11-10T23:13:56.704Z 248.0 85.0
2020-11-10T23:13:57.704Z 272.0 61.0
2020-11-10T23:13:58.704Z 268.9 64.0
2020-11-10T23:13:59.704Z 268.0 65.0
2020-11-10T23:14:00.704Z 267.0 67.0
2020-11-10T23:14:01.705Z 269.9 62.0
2020-11-10T23:14:02.704Z 266.1 67.0
2020-11-10T23:14:03.705Z 265.7 67.9
2020-11-10T23:14:04.705Z 263.2 69.1
2020-11-10T23:14:05.705Z 276.0 57.0
2020-11-10T23:14:06.705Z 266.0 67.0
2020-11-10T23:14:07.705Z 270.0 64.0
2020-11-10T23:14:08.706Z 271.8 61.0
2020-11-10T23:14:09.704Z 271.3 61.1
2020-11-10T23:14:10.705Z 265.9 68.0
2020-11-10T23:14:11.704Z 271.1 61.0
2020-11-10T23:14:12.705Z 262.9 70.0
2020-11-10T23:14:13.705Z 253.0 81.0
2020-11-10T23:14:14.705Z 264.9 67.0
2020-11-10T23:14:15.705Z 259.0 74.0
2020-11-10T23:14:16.705Z 258.0 75.0
2020-11-10T23:14:17.705Z 256.0 77.0
2020-11-10T23:14:18.705Z 269.9 64.0
2020-11-10T23:14:19.705Z 269.1 64.0
2020-11-10T23:14:20.705Z 266.0 66.0
2020-11-10T23:14:21.705Z 279.0 54.0
2020-11-10T23:14:22.705Z 280.0 53.0
2020-11-10T23:14:23.705Z 275.1 59.0
2020-11-10T23:14:24.705Z 276.0 56.0
2020-11-10T23:14:25.705Z 267.0 66.0
2020-11-10T23:14:26.706Z 269.7 63.9
2020-11-10T23:14:27.705Z 264.2 69.1
2020-11-10T23:14:28.705Z 256.0 76.0
2020-11-10T23:14:29.705Z 268.1 65.0
2020-11-10T23:14:30.705Z 256.0 77.0
2020-11-10T23:14:31.705Z 258.0 75.0
2020-11-10T23:14:32.705Z 275.0 58.0
2020-11-10T23:14:33.705Z 264.0 69.0
2020-11-10T23:14:34.705Z 260.0 73.0
2020-11-10T23:14:35.705Z 273.0 60.0
2020-11-10T23:14:36.705Z 270.9 62.0
2020-11-10T23:14:37.705Z 268.0 66.0
2020-11-10T23:14:38.706Z 256.8 76.0
2020-11-10T23:14:39.705Z 271.1 61.0
2020-11-10T23:14:40.705Z 263.0 71.0
2020-11-10T23:14:41.705Z 256.0 76.0
2020-11-10T23:14:42.705Z 254.1 79.0
2020-11-10T23:14:43.705Z 263.0 70.0
2020-11-10T23:14:44.705Z 261.0 72.0
2020-11-10T23:14:45.705Z 265.0 68.0
2020-11-10T23:14:46.705Z 282.0 51.0
2020-11-10T23:14:47.705Z 265.9 67.0
2020-11-10T23:14:48.705Z 268.0 66.0
2020-11-10T23:14:49.705Z 275.0 57.0
2020-11-10T23:14:50.705Z 256.0 77.0
2020-11-10T23:14:51.705Z 273.0 61.0
2020-11-10T23:14:52.705Z 270.1 62.0
2020-11-10T23:14:53.706Z 267.7 65.9
2020-11-10T23:14:54.705Z 274.3 59.1
2020-11-10T23:14:55.706Z 252.9 79.0
2020-11-10T23:14:56.705Z 270.1 63.0
2020-11-10T23:14:57.705Z 272.0 61.0
2020-11-10T23:14:58.706Z 260.9 72.0
2020-11-10T23:14:59.705Z 266.1 67.0
2020-11-10T23:15:00.705Z 269.0 64.0
2020-11-10T23:15:01.705Z 270.1 63.0
2020-11-10T23:15:02.705Z 262.9 71.0
2020-11-10T23:15:03.706Z 273.9 59.0
2020-11-10T23:15:04.705Z 263.2 69.1
2020-11-10T23:15:05.705Z 257.0 76.0
2020-11-10T23:15:06.705Z 266.0 67.0
2020-11-10T23:15:07.706Z 255.8 77.9
2020-11-10T23:15:08.705Z 258.1 62.0
2020-11-10T23:15:09.705Z 273.0 60.0
2020-11-10T23:15:10.705Z 268.1 65.0
2020-11-10T23:15:11.705Z 266.0 67.0
2020-11-10T23:15:12.705Z 261.0 72.0
2020-11-10T23:15:13.705Z 260.0 73.0
2020-11-10T23:15:14.706Z 266.9 66.0
2020-11-10T23:15:15.705Z 279.0 54.0
2020-11-10T23:15:16.706Z 269.9 63.0
2020-11-10T23:15:17.706Z 272.0 61.0
2020-11-10T23:15:18.705Z 269.1 64.0
2020-11-10T23:15:19.705Z 249.0 84.0
2020-11-10T23:15:20.706Z 263.9 69.0
2020-11-10T23:15:21.705Z 269.0 65.0
2020-11-10T23:15:22.705Z 280.0 52.0
2020-11-10T23:15:23.705Z 250.0 83.0
2020-11-10T23:15:24.706Z 273.9 60.0
2020-11-10T23:15:25.706Z 267.9 65.0
2020-11-10T23:15:26.705Z 251.2 82.0
2020-11-10T23:15:27.706Z 250.0 82.0
2020-11-10T23:15:28.708Z 278.3 54.9
2020-11-10T23:15:29.706Z 264.6 69.2
2020-11-10T23:15:30.706Z 249.1 83.0
2020-11-10T23:15:31.706Z 262.0 71.0
2020-11-10T23:15:32.706Z 277.9 56.0
2020-11-10T23:15:33.706Z 272.1 61.0
2020-11-10T23:15:34.706Z 262.9 69.0
2020-11-10T23:15:35.706Z 267.0 66.0
2020-11-10T23:15:36.706Z 271.0 62.0
2020-11-10T23:15:37.706Z 257.9 76.0
2020-11-10T23:15:38.706Z 258.0 75.0
2020-11-10T23:15:39.706Z 263.0 70.0
2020-11-10T23:15:40.706Z 260.0 72.0
2020-11-10T23:15:41.706Z 267.9 65.0
2020-11-10T23:15:42.706Z 267.0 66.0
2020-11-10T23:15:43.706Z 272.0 61.0
2020-11-10T23:15:44.706Z 271.9 62.0
2020-11-10T23:15:45.706Z 271.2 61.0
2020-11-10T23:15:46.706Z 266.0 67.0
2020-11-10T23:15:47.706Z 262.0 72.0
2020-11-10T23:15:48.706Z 266.0 66.0
2020-11-10T23:15:49.706Z 279.0 55.0
2020-11-10T23:15:50.706Z 263.0 69.0
2020-11-10T23:15:51.706Z 269.1 65.0
2020-11-10T23:15:52.706Z 259.0 73.0
2020-11-10T23:15:53.706Z 262.0 71.0
2020-11-10T23:15:54.706Z 111.0 61.0
2020-11-10T23:15:55.706Z 0.0 60.0
2020-11-10T23:15:56.706Z 0.0 62.0
2020-11-10T23:15:57.706Z 0.0 58.0
2020-11-10T23:15:58.706Z 0.0 65.0
2020-11-10T23:15:59.706Z 0.0 68.0
2020-11-10T23:16:00.706Z 0.0 76.0
2020-11-10T23:16:01.706Z 0.0 62.0
2020-11-10T23:16:02.706Z 0.0 62.0
2020-11-10T23:16:03.707Z 0.0 64.0
2020-11-10T23:16:04.706Z 0.0 76.0
2020-11-10T23:16:05.706Z 0.0 52.0
2020-11-10T23:16:06.706Z 0.0 64.0
2020-11-10T23:16:07.706Z 0.0 63.0
2020-11-10T23:16:08.706Z 0.0 67.0
2020-11-10T23:16:09.706Z 0.0 72.0
2020-11-10T23:16:10.706Z 0.0 51.0
2020-11-10T23:16:11.706Z 0.0 60.0
2020-11-10T23:16:12.707Z 0.0 73.0
2020-11-10T23:16:13.706Z 0.0 59.0
2020-11-10T23:16:14.706Z 0.0 74.0
2020-11-10T23:16:15.707Z 0.0 61.0
2020-11-10T23:16:16.707Z 0.0 58.0
2020-11-10T23:16:17.707Z 0.0 60.0
2020-11-10T23:16:18.706Z 0.0 69.1
2020-11-10T23:16:19.707Z 0.0 56.0
2020-11-10T23:16:20.706Z 0.0 70.0
2020-11-10T23:16:21.706Z 0.0 65.0
2020-11-10T23:16:22.706Z 0.0 72.0
2020-11-10T23:16:23.707Z 0.0 69.0
2020-11-10T23:16:24.707Z 0.0 57.0
2020-11-10T23:16:25.707Z 0.0 79.0
2020-11-10T23:16:26.707Z 0.0 60.0
2020-11-10T23:16:27.707Z 0.0 67.0
2020-11-10T23:16:28.706Z 0.0 65.0
2020-11-10T23:16:29.707Z 0.0 74.0
2020-11-10T23:16:30.707Z 0.0 49.0
2020-11-10T23:16:31.707Z 0.0 67.0
2020-11-10T23:16:32.706Z 0.0 57.0
2020-11-10T23:16:33.707Z 0.0 65.0
2020-11-10T23:16:34.706Z 0.0 68.0
2020-11-10T23:16:35.707Z 0.0 58.0
2020-11-10T23:16:36.707Z 0.0 57.0
2020-11-10T23:16:37.707Z 0.0 62.0
2020-11-10T23:16:38.707Z 0.0 65.0
2020-11-10T23:16:39.707Z 0.0 66.0
2020-11-10T23:16:40.707Z 0.0 77.0
2020-11-10T23:16:41.707Z 0.0 68.0
2020-11-10T23:16:42.707Z 0.0 69.0
2020-11-10T23:16:43.707Z 0.0 65.0
2020-11-10T23:16:44.707Z 0.0 68.0
2020-11-10T23:16:45.707Z 0.0 69.9
2020-11-10T23:16:46.707Z 0.0 70.1
2020-11-10T23:16:47.707Z 0.0 49.0
2020-11-10T23:16:48.707Z 0.0 71.9
2020-11-10T23:16:49.707Z 0.0 41.0
2020-11-10T23:16:50.707Z 0.0 54.0
2020-11-10T23:16:51.707Z 0.0 61.0
2020-11-10T23:16:52.707Z 0.0 35.0
2020-11-10T23:16:53.707Z 0.0 45.0
2020-11-10T23:16:54.707Z 0.0 23.0
2020-11-10T23:16:55.707Z 0.0 5.0
2020-11-10T23:16:56.707Z 0.0 4.0
2020-11-10T23:16:57.707Z 0.0 0.0
2020-11-10T23:16:58.707Z 0.0 6.0
2020-11-10T23:16:59.707Z 0.0 4.0
2020-11-10T23:17:00.707Z 0.0 2.0
2020-11-10T23:17:01.708Z 0.0 5.0
2020-11-10T23:17:02.707Z 0.0 0.0
2020-11-10T23:17:03.707Z 0.0 4.0
2020-11-10T23:17:04.707Z 0.0 3.0
2020-11-10T23:17:05.707Z 0.0 5.0
2020-11-10T23:17:06.707Z 0.0 5.0
2020-11-10T23:17:07.707Z 0.0 4.0
2020-11-10T23:17:08.707Z 0.0 6.0
2020-11-10T23:17:09.707Z 0.0 6.0
2020-11-10T23:17:10.707Z 0.0 6.0
2020-11-10T23:17:11.707Z 0.0 3.0
2020-11-10T23:17:12.707Z 0.0 4.0
2020-11-10T23:17:13.707Z 0.0 6.0
2020-11-10T23:17:14.707Z 0.0 7.0
2020-11-10T23:17:15.707Z 0.0 3.0
2020-11-10T23:17:16.707Z 0.0 12.0
2020-11-10T23:17:17.707Z 0.0 3.0
2020-11-10T23:17:18.707Z 0.0 6.0
2020-11-10T23:17:19.707Z 0.0 3.0
2020-11-10T23:17:20.707Z 0.0 10.0
2020-11-10T23:17:21.707Z 0.0 8.0
2020-11-10T23:17:22.707Z 0.0 7.0
2020-11-10T23:17:23.707Z 0.0 4.0
2020-11-10T23:17:24.707Z 0.0 9.0
2020-11-10T23:17:25.707Z 0.0 6.0
2020-11-10T23:17:26.707Z 0.0 4.0
2020-11-10T23:17:27.707Z 0.0 8.0
2020-11-10T23:17:28.707Z 0.0 5.0
2020-11-10T23:17:29.707Z 0.0 13.0
2020-11-10T23:17:30.707Z 0.0 6.0
2020-11-10T23:17:31.707Z 0.0 11.0
2020-11-10T23:17:32.707Z 0.0 11.0
2020-11-10T23:17:33.707Z 0.0 9.0
2020-11-10T23:17:34.707Z 0.0 5.0
2020-11-10T23:17:35.707Z 0.0 2.0
2020-11-10T23:17:36.707Z 0.0 9.0
2020-11-10T23:17:37.707Z 0.0 9.0
2020-11-10T23:17:38.707Z 0.0 8.0
2020-11-10T23:17:39.707Z 0.0 2.0
2020-11-10T23:17:40.708Z 0.0 11.0
2020-11-10T23:17:41.708Z 0.0 0.0
2020-11-10T23:17:42.708Z 0.0 11.0
2020-11-10T23:17:43.708Z 0.0 14.0
2020-11-10T23:17:44.707Z 0.0 0.0
2020-11-10T23:17:45.708Z 0.0 3.0
2020-11-10T23:17:46.707Z 0.0 13.0
2020-11-10T23:17:47.707Z 0.0 4.0
2020-11-10T23:17:48.708Z 0.0 6.0
2020-11-10T23:17:49.708Z 0.0 13.0
2020-11-10T23:17:50.708Z 0.0 0.0
2020-11-10T23:17:51.708Z 0.0 7.0
2020-11-10T23:17:52.708Z 0.0 13.0
2020-11-10T23:17:53.708Z 0.0 2.0
2020-11-10T23:17:54.707Z 0.0 7.0
2020-11-10T23:17:55.708Z 0.0 0.0
2020-11-10T23:17:56.708Z 0.0 0.0
2020-11-10T23:17:57.708Z 0.0 0.0
2020-11-10T23:17:58.708Z 229.9 40.0
2020-11-10T23:17:59.708Z 251.1 82.0
2020-11-10T23:18:00.708Z 261.9 71.0
2020-11-10T23:18:01.708Z 270.0 63.0
2020-11-10T23:18:02.709Z 256.9 76.0
2020-11-10T23:18:03.708Z 274.1 59.0
2020-11-10T23:18:04.708Z 256.2 77.1
2020-11-10T23:18:05.708Z 268.8 64.0
2020-11-10T23:18:06.708Z 241.2 92.1
2020-11-10T23:18:07.708Z 273.9 59.0
2020-11-10T23:18:08.708Z 255.9 77.0
2020-11-10T23:18:09.709Z 251.9 80.0
2020-11-10T23:18:10.708Z 259.2 75.0
2020-11-10T23:18:11.708Z 263.1 70.0
2020-11-10T23:18:12.708Z 261.9 71.0
2020-11-10T23:18:13.708Z 260.1 72.0
2020-11-10T23:18:14.708Z 270.0 64.0
2020-11-10T23:18:15.709Z 276.7 55.9
2020-11-10T23:18:16.708Z 279.2 54.0
2020-11-10T23:18:17.708Z 262.0 71.0
2020-11-10T23:18:18.708Z 259.9 73.0
2020-11-10T23:18:19.708Z 267.0 67.0
2020-11-10T23:18:20.709Z 268.9 63.0
2020-11-10T23:18:21.709Z 267.9 65.0
2020-11-10T23:18:22.708Z 270.3 63.1
2020-11-10T23:18:23.709Z 264.9 68.0
2020-11-10T23:18:24.709Z 258.9 74.0
2020-11-10T23:18:25.708Z 261.3 72.1
2020-11-10T23:18:26.708Z 270.9 61.0
2020-11-10T23:18:27.709Z 267.9 66.0
2020-11-10T23:18:28.708Z 263.2 70.0
2020-11-10T23:18:29.709Z 274.8 59.0
2020-11-10T23:18:30.709Z 264.9 67.0
2020-11-10T23:18:31.708Z 262.2 71.1
2020-11-10T23:18:32.709Z 281.9 51.0
2020-11-10T23:18:33.708Z 260.1 73.0
2020-11-10T23:18:34.709Z 271.9 61.0
2020-11-10T23:18:35.708Z 273.1 60.0
2020-11-10T23:18:36.708Z 257.0 76.0
2020-11-10T23:18:37.709Z 262.8 69.9
2020-11-10T23:18:38.708Z 263.2 70.1
2020-11-10T23:18:39.709Z 268.8 64.0
2020-11-10T23:18:40.709Z 264.0 69.0
2020-11-10T23:18:41.709Z 279.0 54.0
2020-11-10T23:18:42.709Z 268.1 65.0
2020-11-10T23:18:43.708Z 276.1 57.0
2020-11-10T23:18:44.709Z 260.8 71.9
2020-11-10T23:18:45.708Z 281.3 52.1
2020-11-10T23:18:46.709Z 260.9 73.0
2020-11-10T23:18:47.708Z 246.1 77.0
2020-11-10T23:18:48.708Z 272.0 62.0
2020-11-10T23:18:49.708Z 213.0 62.0
2020-11-10T23:18:50.708Z 263.9 69.0
2020-11-10T23:18:51.709Z 263.0 70.0
2020-11-10T23:18:52.709Z 271.9 61.0
2020-11-10T23:18:53.709Z 272.0 61.0
2020-11-10T23:18:54.708Z 260.1 73.0
2020-11-10T23:18:55.708Z 280.0 53.0
2020-11-10T23:18:56.709Z 252.7 79.9
2020-11-10T23:18:57.708Z 269.3 64.1
2020-11-10T23:18:58.708Z 263.0 70.0
2020-11-10T23:18:59.709Z 262.9 70.0
2020-11-10T23:19:00.708Z 268.1 65.0
2020-11-10T23:19:01.709Z 263.0 70.0
2020-11-10T23:19:02.709Z 265.0 68.0
2020-11-10T23:19:03.709Z 274.8 58.0
2020-11-10T23:19:04.709Z 268.0 65.0
2020-11-10T23:19:05.709Z 260.1 73.0
2020-11-10T23:19:06.709Z 268.9 65.0
2020-11-10T23:19:07.709Z 275.9 56.0
2020-11-10T23:19:08.709Z 272.1 61.0
2020-11-10T23:19:09.709Z 257.9 75.0
2020-11-10T23:19:10.709Z 264.2 69.0
2020-11-10T23:19:11.709Z 263.8 69.0
2020-11-10T23:19:12.709Z 266.2 67.0
2020-11-10T23:19:13.709Z 260.9 72.0
2020-11-10T23:19:14.709Z 269.0 64.0
2020-11-10T23:19:15.709Z 277.1 56.0
2020-11-10T23:19:16.709Z 271.9 61.0
2020-11-10T23:19:17.709Z 269.0 64.0
2020-11-10T23:19:18.709Z 272.1 61.0
2020-11-10T23:19:19.709Z 268.9 64.0
2020-11-10T23:19:20.709Z 262.1 71.0
2020-11-10T23:19:21.709Z 256.0 77.0
2020-11-10T23:19:22.709Z 263.9 69.0
2020-11-10T23:19:23.709Z 285.1 48.0
2020-11-10T23:19:24.709Z 263.9 69.0
2020-11-10T23:19:25.710Z 264.8 68.0
2020-11-10T23:19:26.709Z 277.1 54.0
2020-11-10T23:19:27.710Z 278.8 56.0
2020-11-10T23:19:28.709Z 266.1 67.0
2020-11-10T23:19:29.709Z 269.9 63.0
2020-11-10T23:19:30.710Z 270.9 62.0
2020-11-10T23:19:31.709Z 273.1 60.0
2020-11-10T23:19:32.709Z 271.0 62.0
2020-11-10T23:19:33.709Z 267.1 66.0
2020-11-10T23:19:34.709Z 255.9 77.0
2020-11-10T23:19:35.710Z 272.9 60.0
2020-11-10T23:19:36.709Z 262.2 71.1
2020-11-10T23:19:37.709Z 282.8 50.0
2020-11-10T23:19:38.709Z 259.0 74.0
2020-11-10T23:19:39.709Z 276.0 57.0
2020-11-10T23:19:40.709Z 259.0 74.0
2020-11-10T23:19:41.709Z 270.0 63.0
2020-11-10T23:19:42.710Z 275.9 57.0
2020-11-10T23:19:43.709Z 264.1 69.0
2020-11-10T23:19:44.710Z 267.9 65.0
2020-11-10T23:19:45.709Z 276.1 57.0
2020-11-10T23:19:46.710Z 269.9 62.0
2020-11-10T23:19:47.710Z 260.0 73.0
2020-11-10T23:19:48.710Z 273.9 59.0
2020-11-10T23:19:49.709Z 252.2 81.1
2020-11-10T23:19:50.710Z 273.8 58.9
2020-11-10T23:19:51.709Z 279.2 54.0
2020-11-10T23:19:52.710Z 274.8 58.0
2020-11-10T23:19:53.709Z 268.2 65.1
2020-11-10T23:19:54.709Z 274.9 58.0
2020-11-10T23:19:55.710Z 263.8 69.0
2020-11-10T23:19:56.709Z 268.2 65.1
2020-11-10T23:19:57.710Z 278.7 53.9
2020-11-10T23:19:58.710Z 255.1 78.0
2020-11-10T23:19:59.710Z 263.1 70.0
2020-11-10T23:20:00.710Z 258.0 75.0
2020-11-10T23:20:01.710Z 278.9 54.0
2020-11-10T23:20:02.710Z 260.0 73.0
2020-11-10T23:20:03.710Z 283.1 50.0
2020-11-10T23:20:04.710Z 258.9 74.0
2020-11-10T23:20:05.710Z 249.0 84.0
2020-11-10T23:20:06.710Z 274.0 59.0
2020-11-10T23:20:07.709Z 265.2 68.0
2020-11-10T23:20:08.711Z 263.5 68.9
2020-11-10T23:20:09.710Z 269.3 64.1
2020-11-10T23:20:10.710Z 266.0 67.0
2020-11-10T23:20:11.710Z 263.2 70.0
2020-11-10T23:20:12.710Z 276.9 56.0
2020-11-10T23:20:13.710Z 276.9 56.0
2020-11-10T23:20:14.709Z 271.3 62.1
2020-11-10T23:20:15.710Z 266.8 65.9
2020-11-10T23:20:16.710Z 271.0 62.0
2020-11-10T23:20:17.710Z 259.0 74.0
2020-11-10T23:20:18.710Z 251.0 82.0
2020-11-10T23:20:19.710Z 266.0 67.0
2020-11-10T23:20:20.710Z 262.9 71.0
2020-11-10T23:20:21.710Z 266.0 66.0
2020-11-10T23:20:22.710Z 269.2 60.0
2020-11-10T23:20:23.710Z 259.8 74.0
2020-11-10T23:20:24.710Z 272.0 61.0
2020-11-10T23:20:25.710Z 260.2 72.0
2020-11-10T23:20:26.710Z 259.9 73.0
2020-11-10T23:20:27.711Z 262.8 71.0
2020-11-10T23:20:28.710Z 252.2 80.1
2020-11-10T23:20:29.710Z 261.0 72.0
2020-11-10T23:20:30.710Z 280.0 53.0
2020-11-10T23:20:31.710Z 267.0 66.0
2020-11-10T23:20:32.710Z 266.0 67.0
2020-11-10T23:20:33.710Z 270.0 64.0
2020-11-10T23:20:34.710Z 270.9 61.0
2020-11-10T23:20:35.710Z 261.1 73.0
2020-11-10T23:20:36.710Z 255.8 76.9
2020-11-10T23:20:37.710Z 272.0 61.0
2020-11-10T23:20:38.710Z 269.1 64.0
2020-11-10T23:20:39.711Z 266.8 66.0
2020-11-10T23:20:40.710Z 271.2 61.0
2020-11-10T23:20:41.710Z 255.0 78.0
2020-11-10T23:20:42.710Z 265.0 68.0
2020-11-10T23:20:43.711Z 265.8 68.0
2020-11-10T23:20:44.710Z 266.1 66.0
2020-11-10T23:20:45.711Z 266.8 67.0
2020-11-10T23:20:46.710Z 268.2 64.1
2020-11-10T23:20:47.710Z 275.0 59.0
2020-11-10T23:20:48.710Z 277.0 55.0
2020-11-10T23:20:49.711Z 259.8 73.9
2020-11-10T23:20:50.710Z 274.2 58.1
2020-11-10T23:20:51.710Z 267.0 66.0
2020-11-10T23:20:52.711Z 263.9 70.0
2020-11-10T23:20:53.710Z 258.1 75.0
2020-11-10T23:20:54.710Z 268.0 65.0
2020-11-10T23:20:55.710Z 258.0 74.0
2020-11-10T23:20:56.711Z 257.8 76.0
2020-11-10T23:20:57.710Z 260.2 72.1
2020-11-10T23:20:58.710Z 254.9 79.0
2020-11-10T23:20:59.710Z 263.0 69.0
2020-11-10T23:21:00.710Z 270.0 63.0
2020-11-10T23:21:01.710Z 264.0 69.0
2020-11-10T23:21:02.711Z 272.8 60.9
2020-11-10T23:21:03.711Z 273.1 60.0
2020-11-10T23:21:04.711Z 262.0 71.0
2020-11-10T23:21:05.711Z 250.9 81.0
2020-11-10T23:21:06.710Z 268.3 65.1
2020-11-10T23:21:07.710Z 262.0 71.0
2020-11-10T23:21:08.710Z 268.0 65.0
2020-11-10T23:21:09.711Z 274.7 58.9
2020-11-10T23:21:10.710Z 255.3 77.1
2020-11-10T23:21:11.710Z 252.9 80.0
2020-11-10T23:21:12.710Z 264.1 69.0
2020-11-10T23:21:13.710Z 276.0 58.0
2020-11-10T23:21:14.711Z 255.9 77.0
2020-11-10T23:21:15.711Z 267.0 65.0
2020-11-10T23:21:16.711Z 257.0 76.0
2020-11-10T23:21:17.711Z 261.0 72.0
2020-11-10T23:21:18.710Z 266.1 68.0
2020-11-10T23:21:19.710Z 272.0 60.0
2020-11-10T23:21:20.711Z 276.8 57.0
2020-11-10T23:21:21.710Z 261.2 71.1
2020-11-10T23:21:22.710Z 272.0 61.0
2020-11-10T23:21:23.710Z 269.0 64.0
2020-11-10T23:21:24.711Z 250.9 83.0
2020-11-10T23:21:25.711Z 265.0 67.0
2020-11-10T23:21:26.710Z 267.0 66.0
2020-11-10T23:21:27.711Z 272.9 60.0
2020-11-10T23:21:28.711Z 270.8 62.9
2020-11-10T23:21:29.711Z 269.0 64.0
2020-11-10T23:21:30.711Z 272.1 61.0
2020-11-10T23:21:31.710Z 270.2 63.0
2020-11-10T23:21:32.711Z 266.8 66.0
2020-11-10T23:21:33.711Z 271.0 61.0
2020-11-10T23:21:34.711Z 273.1 61.0
2020-11-10T23:21:35.711Z 265.0 68.0
2020-11-10T23:21:36.711Z 262.9 70.0
2020-11-10T23:21:37.710Z 261.2 72.0
2020-11-10T23:21:38.711Z 275.0 57.0
2020-11-10T23:21:39.711Z 265.0 69.0
2020-11-10T23:21:40.711Z 266.7 65.9
2020-11-10T23:21:41.712Z 254.0 79.0
2020-11-10T23:21:42.711Z 262.1 70.0
2020-11-10T23:21:43.711Z 267.0 66.0
2020-11-10T23:21:44.711Z 254.0 79.0
2020-11-10T23:21:45.712Z 270.8 63.0
2020-11-10T23:21:46.711Z 263.2 70.0
2020-11-10T23:21:47.711Z 273.1 59.0
2020-11-10T23:21:48.712Z 278.8 55.0
2020-11-10T23:21:49.711Z 256.1 76.0
2020-11-10T23:21:50.711Z 258.9 75.0
2020-11-10T23:21:51.711Z 274.2 59.0
2020-11-10T23:21:52.711Z 260.9 72.0
2020-11-10T23:21:53.711Z 265.1 67.0
2020-11-10T23:21:54.711Z 270.0 64.0
2020-11-10T23:21:55.711Z 272.0 61.0
2020-11-10T23:21:56.711Z 268.9 64.0
2020-11-10T23:21:57.712Z 257.8 75.0
2020-11-10T23:21:58.711Z 255.2 77.1
2020-11-10T23:21:59.711Z 265.1 68.0
2020-11-10T23:22:00.712Z 271.8 61.9
2020-11-10T23:22:01.712Z 270.0 63.0
2020-11-10T23:22:02.711Z 271.2 62.0
2020-11-10T23:22:03.711Z 276.0 56.0
2020-11-10T23:22:04.711Z 271.0 63.0
2020-11-10T23:22:05.711Z 266.0 66.0
2020-11-10T23:22:06.712Z 275.8 58.0
2020-11-10T23:22:07.711Z 271.2 62.0
2020-11-10T23:22:08.711Z 261.9 70.0
2020-11-10T23:22:09.712Z 254.9 78.0
2020-11-10T23:22:10.711Z 265.2 68.0
2020-11-10T23:22:11.711Z 265.0 69.0
2020-11-10T23:22:12.711Z 267.0 65.0
2020-11-10T23:22:13.711Z 270.0 63.0
2020-11-10T23:22:14.711Z 269.9 64.0
2020-11-10T23:22:15.712Z 271.8 61.0
2020-11-10T23:22:16.711Z 276.2 56.0
2020-11-10T23:22:17.712Z 269.9 64.0
2020-11-10T23:22:18.711Z 269.1 63.0
2020-11-10T23:22:19.711Z 276.0 57.0
2020-11-10T23:22:20.711Z 272.0 61.0
2020-11-10T23:22:21.711Z 274.0 59.0
2020-11-10T23:22:22.711Z 268.0 65.0
2020-11-10T23:22:23.712Z 257.9 75.0
2020-11-10T23:22:24.711Z 261.1 72.0
2020-11-10T23:22:25.711Z 269.0 65.0
2020-11-10T23:22:26.711Z 273.0 59.0
2020-11-10T23:22:27.711Z 280.0 54.0
2020-11-10T23:22:28.711Z 272.0 60.0
2020-11-10T23:22:29.712Z 269.9 64.0
2020-11-10T23:22:30.712Z 260.8 71.9
2020-11-10T23:22:31.712Z 259.2 73.1
2020-11-10T23:22:32.712Z 269.9 64.0
2020-11-10T23:22:33.711Z 275.1 58.0
2020-11-10T23:22:34.712Z 256.9 75.0
2020-11-10T23:22:35.711Z 273.1 61.0
2020-11-10T23:22:36.712Z 273.8 59.0
2020-11-10T23:22:37.711Z 283.2 49.0
2020-11-10T23:22:38.711Z 263.0 70.0
2020-11-10T23:22:39.712Z 257.9 75.0
2020-11-10T23:22:40.712Z 280.8 53.0
2020-11-10T23:22:41.711Z 261.3 71.1
2020-11-10T23:22:42.711Z 288.0 45.0
2020-11-10T23:22:43.712Z 268.0 65.0
2020-11-10T23:22:44.711Z 256.0 77.0
2020-11-10T23:22:45.711Z 270.0 64.0
2020-11-10T23:22:46.711Z 275.0 57.0
2020-11-10T23:22:47.712Z 275.0 58.0
2020-11-10T23:22:48.713Z 275.7 56.9
2020-11-10T23:22:49.712Z 264.3 69.1
2020-11-10T23:22:50.712Z 263.8 69.9
2020-11-10T23:22:51.712Z 274.2 59.0
2020-11-10T23:22:52.712Z 262.0 70.0
2020-11-10T23:22:53.713Z 265.7 67.9
2020-11-10T23:22:54.712Z 277.3 55.1
2020-11-10T23:22:55.712Z 279.0 54.0
2020-11-10T23:22:56.712Z 263.9 69.0
2020-11-10T23:22:57.712Z 263.0 71.0
2020-11-10T23:22:58.712Z 268.0 64.0
2020-11-10T23:22:59.713Z 262.8 71.0
2020-11-10T23:23:00.712Z 270.2 62.1
2020-11-10T23:23:01.712Z 275.9 57.0
2020-11-10T23:23:02.712Z 264.0 69.0
2020-11-10T23:23:03.713Z 257.8 75.9
2020-11-10T23:23:04.712Z 270.3 62.1
2020-11-10T23:23:05.713Z 259.8 73.9
2020-11-10T23:23:06.712Z 261.2 72.0
2020-11-10T23:23:07.712Z 272.0 61.0
2020-11-10T23:23:08.712Z 268.1 64.0
2020-11-10T23:23:09.712Z 270.0 64.0
2020-11-10T23:23:10.712Z 259.0 73.0
2020-11-10T23:23:11.712Z 266.0 68.0
2020-11-10T23:23:12.712Z 273.0 60.0
2020-11-10T23:23:13.713Z 268.7 63.9
2020-11-10T23:23:14.712Z 273.3 59.1
2020-11-10T23:23:15.712Z 270.0 63.0
2020-11-10T23:23:16.713Z 256.8 75.9
2020-11-10T23:23:17.712Z 274.2 59.0
2020-11-10T23:23:18.713Z 268.7 64.9
2020-11-10T23:23:19.712Z 261.1 72.0
2020-11-10T23:23:20.712Z 274.1 58.0
2020-11-10T23:23:21.712Z 272.1 62.0
2020-11-10T23:23:22.713Z 272.6 59.9
2020-11-10T23:23:23.713Z 265.1 68.0
2020-11-10T23:23:24.712Z 275.3 57.1
2020-11-10T23:23:25.712Z 276.0 57.0
2020-11-10T23:23:26.712Z 278.9 55.0
2020-11-10T23:23:27.712Z 261.1 71.0
2020-11-10T23:23:28.712Z 268.0 65.0
2020-11-10T23:23:29.712Z 259.0 74.0
2020-11-10T23:23:30.713Z 252.8 80.9
2020-11-10T23:23:31.712Z 266.1 67.0
2020-11-10T23:23:32.712Z 256.1 77.0
2020-11-10T23:23:33.712Z 260.0 73.0
2020-11-10T23:23:34.713Z 264.8 68.0
2020-11-10T23:23:35.712Z 282.1 51.0
2020-11-10T23:23:36.712Z 280.0 53.0
2020-11-10T23:23:37.713Z 256.8 76.0
2020-11-10T23:23:38.712Z 272.2 61.0
2020-11-10T23:23:39.712Z 271.0 62.0
2020-11-10T23:23:40.712Z 264.0 69.0
2020-11-10T23:23:41.712Z 259.0 73.0
2020-11-10T23:23:42.712Z 269.0 64.0
2020-11-10T23:23:43.713Z 273.9 59.0
2020-11-10T23:23:44.712Z 273.0 61.0
2020-11-10T23:23:45.713Z 261.0 71.0
2020-11-10T23:23:46.712Z 275.0 59.0
2020-11-10T23:23:47.713Z 247.9 78.0
2020-11-10T23:23:48.712Z 278.2 55.0
2020-11-10T23:23:49.713Z 276.8 56.0
2020-11-10T23:23:50.713Z 266.1 67.0
2020-11-10T23:23:51.713Z 285.0 48.0
2020-11-10T23:23:52.713Z 264.1 69.0
2020-11-10T23:23:53.713Z 271.9 61.0
2020-11-10T23:23:54.714Z 268.8 64.0
2020-11-10T23:23:55.712Z 255.3 78.1
2020-11-10T23:23:56.714Z 277.7 54.9
2020-11-10T23:23:57.713Z 269.0 64.0
2020-11-10T23:23:58.713Z 274.1 59.0
2020-11-10T23:23:59.713Z 249.0 84.0
2020-11-10T23:24:00.713Z 267.2 66.1
2020-11-10T23:24:01.713Z 268.8 63.0
2020-11-10T23:24:02.713Z 271.0 63.0
2020-11-10T23:24:03.713Z 269.1 64.0
2020-11-10T23:24:04.713Z 264.0 69.0
2020-11-10T23:24:05.713Z 263.8 68.9
2020-11-10T23:24:06.713Z 268.2 65.0
2020-11-10T23:24:07.714Z 271.7 59.9
2020-11-10T23:24:08.713Z 270.3 64.1
2020-11-10T23:24:09.713Z 269.0 64.0
2020-11-10T23:24:10.714Z 275.8 57.0
2020-11-10T23:24:11.713Z 260.2 73.1
2020-11-10T23:24:12.713Z 267.0 66.0
2020-11-10T23:24:13.713Z 272.0 61.0
2020-11-10T23:24:14.713Z 262.0 71.0
2020-11-10T23:24:15.714Z 269.8 62.9
2020-11-10T23:24:16.713Z 265.1 68.0
2020-11-10T23:24:17.713Z 269.9 63.0
2020-11-10T23:24:18.713Z 265.2 68.0
2020-11-10T23:24:19.713Z 255.0 77.0
2020-11-10T23:24:20.714Z 269.8 63.9
2020-11-10T23:24:21.714Z 269.0 64.0
2020-11-10T23:24:22.713Z 277.2 55.0
2020-11-10T23:24:23.713Z 266.1 68.0
2020-11-10T23:24:24.714Z 256.8 75.9
2020-11-10T23:24:25.714Z 265.9 67.0
2020-11-10T23:24:26.713Z 272.2 61.1
2020-11-10T23:24:27.714Z 268.7 63.9
2020-11-10T23:24:28.714Z 267.0 65.0
2020-11-10T23:24:29.713Z 283.1 51.0
2020-11-10T23:24:30.714Z 269.9 63.0
2020-11-10T23:24:31.714Z 268.0 65.0
2020-11-10T23:24:32.714Z 271.0 62.0
2020-11-10T23:24:33.714Z 272.0 61.0
2020-11-10T23:24:34.713Z 258.1 75.0
2020-11-10T23:24:35.714Z 272.8 59.9
2020-11-10T23:24:36.713Z 260.2 73.1
2020-11-10T23:24:37.713Z 256.0 77.0
2020-11-10T23:24:38.713Z 274.0 59.0
2020-11-10T23:24:39.714Z 273.9 59.0
2020-11-10T23:24:40.713Z 253.1 80.0
2020-11-10T23:24:41.713Z 260.9 68.0
2020-11-10T23:24:42.713Z 274.0 61.0
2020-11-10T23:24:43.713Z 270.1 63.0
2020-11-10T23:24:44.714Z 259.8 72.9
2020-11-10T23:24:45.714Z 241.1 92.0
2020-11-10T23:24:46.713Z 263.0 70.0
2020-11-10T23:24:47.713Z 268.1 65.0
2020-11-10T23:24:48.713Z 271.9 61.0
2020-11-10T23:24:49.713Z 271.0 62.0
2020-11-10T23:24:50.714Z 255.8 77.0
2020-11-10T23:24:51.713Z 272.2 61.0
2020-11-10T23:24:52.714Z 260.8 72.0
2020-11-10T23:24:53.713Z 272.2 61.0
2020-11-10T23:24:54.714Z 266.0 67.0
2020-11-10T23:24:55.714Z 266.8 66.0
2020-11-10T23:24:56.713Z 264.2 69.1
2020-11-10T23:24:57.714Z 266.9 66.0
2020-11-10T23:24:58.713Z 277.1 56.0
2020-11-10T23:24:59.714Z 271.7 60.9
2020-11-10T23:25:00.714Z 258.0 75.0
2020-11-10T23:25:01.714Z 272.0 61.0
2020-11-10T23:25:02.714Z 279.1 53.0
2020-11-10T23:25:03.713Z 261.1 73.0
2020-11-10T23:25:04.714Z 258.7 73.9
2020-11-10T23:25:05.713Z 267.3 66.1
2020-11-10T23:25:06.714Z 262.9 70.0
2020-11-10T23:25:07.714Z 263.0 70.0
2020-11-10T23:25:08.714Z 274.9 59.0
2020-11-10T23:25:09.714Z 259.0 73.0
2020-11-10T23:25:10.715Z 261.9 71.0
2020-11-10T23:25:11.714Z 272.2 61.0
2020-11-10T23:25:12.714Z 269.0 64.0
2020-11-10T23:25:13.714Z 257.9 75.0
2020-11-10T23:25:14.714Z 247.2 86.1
2020-11-10T23:25:15.714Z 255.9 77.0
2020-11-10T23:25:16.714Z 268.0 65.0
2020-11-10T23:25:17.714Z 268.9 64.0
2020-11-10T23:25:18.713Z 262.2 71.1
2020-11-10T23:25:19.714Z 273.8 59.0
2020-11-10T23:25:20.714Z 264.1 69.0
2020-11-10T23:25:21.714Z 267.0 66.0
2020-11-10T23:25:22.714Z 256.1 77.0
2020-11-10T23:25:23.715Z 268.7 63.9
2020-11-10T23:25:24.714Z 272.2 61.0
2020-11-10T23:25:25.715Z 276.9 56.0
2020-11-10T23:25:26.715Z 247.0 86.0
2020-11-10T23:25:27.714Z 271.1 62.0
2020-11-10T23:25:28.714Z 261.0 72.0
2020-11-10T23:25:29.714Z 278.0 55.0
2020-11-10T23:25:30.715Z 255.9 77.0
2020-11-10T23:25:31.714Z 266.2 67.0
2020-11-10T23:25:32.715Z 255.8 77.0
2020-11-10T23:25:33.714Z 261.1 72.0
2020-11-10T23:25:34.714Z 257.1 76.0
2020-11-10T23:25:35.714Z 272.0 61.0
2020-11-10T23:25:36.714Z 259.9 73.0
2020-11-10T23:25:37.715Z 272.9 60.0
2020-11-10T23:25:38.714Z 258.1 75.0
2020-11-10T23:25:39.714Z 264.0 69.0
2020-11-10T23:25:40.714Z 273.1 60.0
2020-11-10T23:25:41.714Z 259.9 73.0
2020-11-10T23:25:42.714Z 265.1 68.0
2020-11-10T23:25:43.714Z 270.0 63.0
2020-11-10T23:25:44.715Z 266.8 66.0
2020-11-10T23:25:45.714Z 264.2 69.0
2020-11-10T23:25:46.714Z 265.9 67.0
2020-11-10T23:25:47.714Z 260.1 73.0
2020-11-10T23:25:48.714Z 262.9 70.0
2020-11-10T23:25:49.714Z 267.0 67.0
2020-11-10T23:25:50.714Z 281.0 51.0
2020-11-10T23:25:51.715Z 268.8 64.0
2020-11-10T23:25:52.714Z 262.3 71.1
2020-11-10T23:25:53.715Z 265.9 67.0
2020-11-10T23:25:54.715Z 270.0 63.0
2020-11-10T23:25:55.714Z 265.1 69.0
2020-11-10T23:25:56.714Z 270.0 62.0
2020-11-10T23:25:57.715Z 268.8 64.0
2020-11-10T23:25:58.714Z 276.1 57.0
2020-11-10T23:25:59.715Z 267.9 65.0
2020-11-10T23:26:00.715Z 268.0 65.0
2020-11-10T23:26:01.715Z 269.1 64.0
2020-11-10T23:26:02.714Z 264.0 69.0
2020-11-10T23:26:03.715Z 256.8 76.0
2020-11-10T23:26:04.714Z 259.2 74.1
2020-11-10T23:26:05.715Z 259.8 72.9
2020-11-10T23:26:06.714Z 271.1 62.0
2020-11-10T23:26:07.714Z 268.0 65.0
2020-11-10T23:26:08.715Z 261.8 71.0
2020-11-10T23:26:09.715Z 277.2 56.0
2020-11-10T23:26:10.715Z 254.0 79.0
2020-11-10T23:26:11.715Z 264.9 68.0
2020-11-10T23:26:12.715Z 259.9 73.0
2020-11-10T23:26:13.715Z 273.1 60.0
2020-11-10T23:26:14.715Z 255.0 78.0
2020-11-10T23:26:15.716Z 269.9 63.0
2020-11-10T23:26:16.715Z 279.1 54.0
2020-11-10T23:26:17.715Z 272.1 61.0
2020-11-10T23:26:18.715Z 282.0 51.0
2020-11-10T23:26:19.715Z 254.9 79.0
2020-11-10T23:26:20.715Z 262.1 70.0
2020-11-10T23:26:21.715Z 265.1 68.0
2020-11-10T23:26:22.715Z 279.9 53.0
2020-11-10T23:26:23.715Z 270.0 63.0
2020-11-10T23:26:24.714Z 272.1 61.0
2020-11-10T23:26:25.715Z 275.8 56.9
2020-11-10T23:26:26.715Z 257.1 76.0
2020-11-10T23:26:27.715Z 273.0 60.0
2020-11-10T23:26:28.715Z 267.1 66.0
2020-11-10T23:26:29.715Z 272.0 61.0
2020-11-10T23:26:30.715Z 268.0 65.0
2020-11-10T23:26:31.715Z 263.1 70.0
2020-11-10T23:26:32.715Z 282.8 50.0
2020-11-10T23:26:33.715Z 269.1 64.0
2020-11-10T23:26:34.715Z 259.0 74.0
2020-11-10T23:26:35.715Z 272.9 60.0
2020-11-10T23:26:36.715Z 264.0 69.0
2020-11-10T23:26:37.715Z 269.1 64.0
2020-11-10T23:26:38.715Z 271.9 61.0
2020-11-10T23:26:39.715Z 255.1 78.0
2020-11-10T23:26:40.715Z 263.0 70.0
2020-11-10T23:26:41.715Z 252.1 81.0
2020-11-10T23:26:42.715Z 267.8 65.0
2020-11-10T23:26:43.715Z 264.0 69.0
2020-11-10T23:26:44.716Z 275.9 57.0
2020-11-10T23:26:45.715Z 261.2 72.1
2020-11-10T23:26:46.715Z 270.9 62.0
2020-11-10T23:26:47.715Z 270.9 62.0
2020-11-10T23:26:48.715Z 264.0 69.0
2020-11-10T23:26:49.715Z 258.1 75.0
2020-11-10T23:26:50.715Z 266.9 66.0
2020-11-10T23:26:51.715Z 260.0 74.0
2020-11-10T23:26:52.715Z 255.9 76.0
2020-11-10T23:26:53.715Z 262.0 71.0
2020-11-10T23:26:54.716Z 268.9 64.0
2020-11-10T23:26:55.715Z 273.2 60.1
2020-11-10T23:26:56.715Z 270.9 62.0
2020-11-10T23:26:57.715Z 277.1 56.0
2020-11-10T23:26:58.715Z 269.0 64.0
2020-11-10T23:26:59.716Z 267.9 65.0
2020-11-10T23:27:00.715Z 266.1 67.0
2020-11-10T23:27:01.715Z 271.0 62.0
2020-11-10T23:27:02.715Z 258.0 75.0
2020-11-10T23:27:03.715Z 266.9 66.0
2020-11-10T23:27:04.715Z 261.0 73.0
2020-11-10T23:27:05.715Z 266.0 66.0
2020-11-10T23:27:06.716Z 262.9 70.0
2020-11-10T23:27:07.715Z 270.2 63.0
2020-11-10T23:27:08.716Z 260.9 72.0
2020-11-10T23:27:09.716Z 269.0 64.0
2020-11-10T23:27:10.715Z 267.1 66.0
2020-11-10T23:27:11.716Z 262.8 70.0
2020-11-10T23:27:12.716Z 260.0 73.0
2020-11-10T23:27:13.716Z 272.1 61.0
2020-11-10T23:27:14.716Z 270.9 62.0
2020-11-10T23:27:15.715Z 265.3 68.1
2020-11-10T23:27:16.716Z 269.7 62.9
2020-11-10T23:27:17.715Z 265.2 68.1
2020-11-10T23:27:18.715Z 264.0 69.0
2020-11-10T23:27:19.716Z 267.9 66.0
2020-11-10T23:27:20.716Z 251.9 80.0
2020-11-10T23:27:21.716Z 272.0 61.0
2020-11-10T23:27:22.715Z 270.2 64.1
2020-11-10T23:27:23.716Z 270.9 61.0
2020-11-10T23:27:24.716Z 274.0 60.0
2020-11-10T23:27:25.716Z 271.9 60.0
2020-11-10T23:27:26.716Z 255.1 78.0
2020-11-10T23:27:27.715Z 265.1 68.0
2020-11-10T23:27:28.716Z 264.9 69.0
2020-11-10T23:27:29.715Z 252.1 80.0
2020-11-10T23:27:30.716Z 271.9 61.0
2020-11-10T23:27:31.716Z 265.9 67.0
2020-11-10T23:27:32.716Z 263.1 70.0
2020-11-10T23:27:33.716Z 259.9 73.0
2020-11-10T23:27:34.715Z 279.3 54.1
2020-11-10T23:27:35.716Z 268.7 63.9
2020-11-10T23:27:36.716Z 283.2 50.0
2020-11-10T23:27:37.716Z 265.9 67.0
2020-11-10T23:27:38.716Z 280.1 53.0
2020-11-10T23:27:39.716Z 284.8 48.0
2020-11-10T23:27:40.716Z 279.1 54.0
2020-11-10T23:27:41.716Z 266.9 66.0
2020-11-10T23:27:42.716Z 271.9 61.0
2020-11-10T23:27:43.716Z 254.1 79.0
2020-11-10T23:27:44.716Z 266.1 67.0
2020-11-10T23:27:45.716Z 270.0 63.0
2020-11-10T23:27:46.716Z 262.9 70.0
2020-11-10T23:27:47.716Z 264.0 69.0
2020-11-10T23:27:48.717Z 271.9 61.0
2020-11-10T23:27:49.716Z 269.2 65.0
2020-11-10T23:27:50.716Z 277.1 55.0
2020-11-10T23:27:51.716Z 272.0 61.0
2020-11-10T23:27:52.716Z 262.9 70.0
2020-11-10T23:27:53.716Z 273.1 60.0
2020-11-10T23:27:54.716Z 258.1 75.0
2020-11-10T23:27:55.716Z 269.0 64.0
2020-11-10T23:27:56.716Z 271.0 62.0
2020-11-10T23:27:57.717Z 283.7 49.0
2020-11-10T23:27:58.716Z 279.2 54.0
2020-11-10T23:27:59.716Z 263.9 69.0
2020-11-10T23:28:00.716Z 252.0 81.0
2020-11-10T23:28:01.716Z 273.1 59.0
2020-11-10T23:28:02.716Z 263.9 70.0
2020-11-10T23:28:03.716Z 273.1 60.0
2020-11-10T23:28:04.716Z 273.0 60.0
2020-11-10T23:28:05.717Z 263.9 69.0
2020-11-10T23:28:06.716Z 266.0 68.0
2020-11-10T23:28:07.716Z 268.0 64.0
2020-11-10T23:28:08.717Z 258.9 74.0
2020-11-10T23:28:09.716Z 266.0 67.0
2020-11-10T23:28:10.717Z 264.0 68.0
2020-11-10T23:28:11.716Z 268.0 67.0
2020-11-10T23:28:12.716Z 275.0 57.0
2020-11-10T23:28:13.716Z 270.1 63.0
2020-11-10T23:28:14.716Z 265.0 68.0
2020-11-10T23:28:15.716Z 280.9 52.0
2020-11-10T23:28:16.716Z 265.1 68.0
2020-11-10T23:28:17.716Z 264.0 67.0
2020-11-10T23:28:18.716Z 269.0 59.0
2020-11-10T23:28:19.717Z 256.8 74.9
2020-11-10T23:28:20.716Z 125.1 42.0
2020-11-10T23:28:21.716Z 267.0 67.0
2020-11-10T23:28:22.716Z 267.0 65.0
2020-11-10T23:28:23.716Z 261.9 71.0
2020-11-10T23:28:24.717Z 261.9 71.0
2020-11-10T23:28:25.716Z 253.1 80.0
2020-11-10T23:28:26.716Z 262.0 71.0
2020-11-10T23:28:27.717Z 265.8 67.0
2020-11-10T23:28:28.716Z 263.2 70.0
2020-11-10T23:28:29.716Z 278.0 56.0
2020-11-10T23:28:30.716Z 280.0 52.0
2020-11-10T23:28:31.716Z 252.0 81.0
2020-11-10T23:28:32.717Z 260.8 73.0
2020-11-10T23:28:33.718Z 273.8 59.0
2020-11-10T23:28:34.716Z 260.3 72.1
2020-11-10T23:28:35.716Z 261.0 72.0
2020-11-10T23:28:36.716Z 272.0 61.0
2020-11-10T23:28:37.717Z 269.9 64.0
2020-11-10T23:28:38.717Z 264.0 69.0
2020-11-10T23:28:39.716Z 271.0 61.0
2020-11-10T23:28:40.717Z 266.9 66.0
2020-11-10T23:28:41.717Z 269.9 64.0
2020-11-10T23:28:42.717Z 271.1 61.0
2020-11-10T23:28:43.717Z 261.0 73.0
2020-11-10T23:28:44.716Z 267.1 65.0
2020-11-10T23:28:45.717Z 250.9 82.0
2020-11-10T23:28:46.716Z 270.1 63.0
2020-11-10T23:28:47.716Z 272.0 61.0
2020-11-10T23:28:48.717Z 275.0 58.0
2020-11-10T23:28:49.717Z 248.9 84.0
2020-11-10T23:28:50.717Z 282.1 51.0
2020-11-10T23:28:51.717Z 258.8 74.9
2020-11-10T23:28:52.717Z 267.1 65.0
2020-11-10T23:28:53.717Z 265.0 68.0
2020-11-10T23:28:54.717Z 273.9 60.0
2020-11-10T23:28:55.717Z 271.2 61.0
2020-11-10T23:28:56.717Z 268.0 65.0
2020-11-10T23:28:57.718Z 264.7 67.9
2020-11-10T23:28:58.717Z 253.3 80.1
2020-11-10T23:28:59.717Z 272.0 62.0
2020-11-10T23:29:00.717Z 256.0 76.0
2020-11-10T23:29:01.717Z 262.0 71.0
2020-11-10T23:29:02.717Z 278.8 55.0
2020-11-10T23:29:03.717Z 275.1 58.0
2020-11-10T23:29:04.717Z 254.1 78.0
2020-11-10T23:29:05.717Z 276.0 58.0
2020-11-10T23:29:06.717Z 271.0 61.0
2020-11-10T23:29:07.717Z 277.9 55.0
2020-11-10T23:29:08.717Z 272.9 61.0
2020-11-10T23:29:09.717Z 265.1 68.0
2020-11-10T23:29:10.717Z 253.0 80.0
2020-11-10T23:29:11.717Z 269.0 63.0
2020-11-10T23:29:12.717Z 262.0 72.0
2020-11-10T23:29:13.717Z 272.9 55.0
2020-11-10T23:29:14.718Z 279.9 53.0
2020-11-10T23:29:15.718Z 265.0 68.0
2020-11-10T23:29:16.717Z 259.1 74.0
2020-11-10T23:29:17.717Z 267.0 65.0
2020-11-10T23:29:18.717Z 266.1 68.0
2020-11-10T23:29:19.718Z 278.8 55.0
2020-11-10T23:29:20.717Z 270.1 62.0
2020-11-10T23:29:21.718Z 257.9 75.0
2020-11-10T23:29:22.717Z 257.2 76.0
2020-11-10T23:29:23.717Z 263.0 70.0
2020-11-10T23:29:24.718Z 253.7 78.9
2020-11-10T23:29:25.718Z 277.1 56.0
2020-11-10T23:29:26.718Z 283.1 50.0
2020-11-10T23:29:27.718Z 272.0 61.0
2020-11-10T23:29:28.717Z 268.1 65.0
2020-11-10T23:29:29.718Z 262.9 70.0
2020-11-10T23:29:30.718Z 264.9 68.0
2020-11-10T23:29:31.718Z 275.0 58.0
2020-11-10T23:29:32.718Z 265.0 69.0
2020-11-10T23:29:33.718Z 254.9 72.0
2020-11-10T23:29:34.718Z 262.1 71.0
2020-11-10T23:29:35.717Z 265.2 68.0
2020-11-10T23:29:36.717Z 255.0 78.0
2020-11-10T23:29:37.718Z 254.8 78.0
2020-11-10T23:29:38.718Z 266.9 66.0
2020-11-10T23:29:39.717Z 267.3 66.1
2020-11-10T23:29:40.717Z 265.0 68.0
2020-11-10T23:29:41.717Z 267.0 66.0
2020-11-10T23:29:42.718Z 267.9 65.0
2020-11-10T23:29:43.718Z 270.9 62.0
2020-11-10T23:29:44.717Z 270.3 63.1
2020-11-10T23:29:45.718Z 263.8 68.9
2020-11-10T23:29:46.718Z 262.1 71.0
2020-11-10T23:29:47.718Z 271.0 56.0
2020-11-10T23:29:48.718Z 275.0 58.0
2020-11-10T23:29:49.717Z 268.0 65.0
2020-11-10T23:29:50.718Z 269.0 64.0
2020-11-10T23:29:51.717Z 270.1 63.0
2020-11-10T23:29:52.718Z 260.9 73.0
2020-11-10T23:29:53.718Z 268.9 64.0
2020-11-10T23:29:54.717Z 272.2 60.0
2020-11-10T23:29:55.718Z 275.9 57.0
2020-11-10T23:29:56.718Z 265.0 69.0
2020-11-10T23:29:57.717Z 278.1 53.0
2020-11-10T23:29:58.717Z 278.0 57.0
2020-11-10T23:29:59.717Z 267.0 65.0
