_elapsed___errors__ops/sec(inst)___ops/sec(cum)__p50(ms)__p95(ms)__p99(ms)_pMax(ms)
   60.0s        0          869.9          874.9      2.8      6.6     11.0     56.6 read
   60.0s        0          220.3          221.6      5.0      9.4     15.7     60.8 write
  120.0s        0          518.1          696.5      5.0     11.5     19.9     71.3 read
  120.0s        0          127.5          174.5      8.1     15.7     25.2     71.3 write
  180.0s        0          499.0          630.7      5.2     12.6     19.9     67.1 read
  180.0s        0          125.9          158.3      8.4     16.3     24.1     75.5 write
  240.0s        0          502.5          598.6      5.2     12.1     19.9     71.3 read
  240.0s        0          125.2          150.0      8.1     15.7     25.2     71.3 write
  300.0s        0          498.0          578.5      5.2     12.6     19.9     71.3 read
  300.0s        0          126.5          145.3      8.1     16.8     25.2     79.7 write
  360.0s        0          483.8          562.7      5.5     12.6     19.9     75.5 read
  360.0s        0          119.8          141.1      8.4     16.3     24.1     60.8 write
  420.0s        0          485.1          551.6      5.5     12.6     19.9    117.4 read
  420.0s        0          120.3          138.1      8.4     15.7     25.2     65.0 write
  480.0s        0          480.2          542.7      5.5     12.6     21.0     62.9 read
  480.0s        0          117.4          135.5      8.4     16.8     24.1     60.8 write
  540.0s        0          462.0          533.7      5.8     13.6     21.0     62.9 read
  540.0s        0          114.3          133.2      8.4     16.8     25.2     75.5 write
  600.0s        0          468.2          527.2      5.8     13.1     22.0     75.5 read
  600.0s        0          116.9          131.5      8.1     16.3     26.2     79.7 write
_elapsed___errors__ops/sec(inst)___ops/sec(cum)__p50(ms)__p95(ms)__p99(ms)_pMax(ms)
  660.0s        0          462.3          521.3      5.8     13.1     22.0    121.6 read
  660.0s        0          115.2          130.1      8.4     16.3     25.2    142.6 write
  720.0s        0          449.1          515.3      6.0     13.6     23.1     71.3 read
  720.0s        0          112.8          128.6      8.4     16.3     24.1     71.3 write
  780.0s        0          465.2          511.4      5.8     13.1     21.0     79.7 read
  780.0s        0          115.3          127.6      8.1     15.7     23.1     67.1 write
  840.0s        0          462.7          507.9      5.8     13.1     21.0     75.5 read
  840.0s        0          115.2          126.7      8.1     15.7     24.1     58.7 write
  899.9s        0          452.7          504.3      6.0     13.6     23.1    121.6 read
  899.9s        0          113.6          125.8      8.1     16.3     26.2    121.6 write
  959.9s        0          445.8          500.6      6.0     13.6     23.1    113.2 read
  959.9s        0          111.8          125.0      8.4     16.3     25.2     58.7 write
 1019.9s        0          453.7          497.8      6.0     13.1     22.0     67.1 read
 1019.9s        0          115.3          124.4      8.4     15.7     25.2     60.8 write
 1079.9s        0          452.8          495.3      6.0     13.6     21.0     71.3 read
 1079.9s        0          113.4          123.8      8.4     16.3     25.2     88.1 write
 1139.9s        0          427.5          491.8      6.3     14.2     22.0     79.7 read
 1139.9s        0          107.7          122.9      8.9     16.8     26.2    117.4 write
 1199.9s        0          447.9          489.6      6.0     13.6     22.0     79.7 read
 1199.9s        0          110.7          122.3      8.4     16.3     25.2     65.0 write
_elapsed___errors__ops/sec(inst)___ops/sec(cum)__p50(ms)__p95(ms)__p99(ms)_pMax(ms)
 1259.9s        0          446.5          487.5      6.0     13.6     22.0     75.5 read
 1259.9s        0          114.4          121.9      8.1     16.3     27.3     75.5 write
 1319.9s        0          442.9          485.5      6.3     13.6     21.0     67.1 read
 1319.9s        0          111.8          121.5      8.4     16.3     25.2     83.9 write
 1379.9s        0          449.3          483.9      6.0     13.1     21.0     79.7 read
 1379.9s        0          112.4          121.1      8.4     16.3     25.2     96.5 write
 1439.9s        0          452.8          482.6      6.0     13.1     19.9     79.7 read
 1439.9s        0          112.7          120.7      8.4     15.7     23.1     67.1 write
 1499.9s        0          444.9          481.1      6.0     14.2     23.1     71.3 read
 1499.9s        0          111.2          120.4      8.1     16.3     25.2     60.8 write
 1559.9s        0          415.7          478.6      6.3     13.6     21.0     92.3 read
 1559.9s        0          104.5          119.7      8.4     16.3     25.2     62.9 write
 1619.9s        0          292.0          471.7      6.3     14.7     26.2  12348.0 read
 1619.9s        0           71.6          118.0      8.4     16.8     29.4   5905.6 write
 1679.9s        0          441.1          470.6      6.3     13.6     23.1    125.8 read
 1679.9s        0          109.3          117.7      8.4     16.3     25.2     88.1 write
 1739.9s        0          435.4          469.4      6.3     14.2     22.0     75.5 read
 1739.9s        0          108.7          117.3      8.4     16.8     27.3     60.8 write
 1799.9s        0          450.0          468.7      6.0     13.6     22.0     96.5 read
 1799.9s        0          111.5          117.1      8.4     15.7     24.1     60.8 write
_elapsed___errors__ops/sec(inst)___ops/sec(cum)__p50(ms)__p95(ms)__p99(ms)_pMax(ms)
 1859.9s        0          445.8          468.0      6.3     13.6     22.0     71.3 read
 1859.9s        0          112.1          117.0      8.4     16.3     23.1     71.3 write
 1919.9s        0          439.9          467.1      6.3     14.2     23.1    117.4 read
 1919.9s        0          112.4          116.8      8.4     16.8     25.2    117.4 write
 1979.9s        0          435.2          466.2      6.3     13.6     23.1     75.5 read
 1979.9s        0          107.9          116.6      8.9     16.8     24.1     79.7 write
 2039.9s        0          447.8          465.6      6.3     13.6     22.0     79.7 read
 2039.9s        0          110.6          116.4      8.4     16.3     24.1     56.6 write
 2099.9s        0          443.2          465.0      6.0     13.6     22.0    109.1 read
 2099.9s        0          112.1          116.3      8.4     16.3     25.2     71.3 write
 2159.9s        0          434.5          464.1      6.3     14.2     22.0     79.7 read
 2159.9s        0          111.3          116.1      8.4     16.3     25.2     60.8 write
 2219.9s        0          448.1          463.7      6.0     13.6     22.0     88.1 read
 2219.9s        0          111.6          116.0      8.4     16.8     25.2     92.3 write
 2279.9s        0          446.0          463.2      6.0     14.2     23.1     96.5 read
 2279.9s        0          108.8          115.8      8.4     17.8     27.3     65.0 write
 2339.9s        0          429.5          462.4      6.3     14.7     24.1     92.3 read
 2339.9s        0          107.7          115.6      8.4     17.8     29.4     83.9 write
 2399.9s        0          452.9          462.1      6.0     13.6     22.0     83.9 read
 2399.9s        0          112.6          115.5      8.1     15.7     23.1    100.7 write
_elapsed___errors__ops/sec(inst)___ops/sec(cum)__p50(ms)__p95(ms)__p99(ms)_pMax(ms)
 2459.9s        0          451.6          461.9      6.0     13.6     22.0     83.9 read
 2459.9s        0          111.1          115.4      8.4     16.3     25.2     60.8 write
 2519.9s        0          443.7          461.4      6.0     14.2     23.1     62.9 read
 2519.9s        0          111.6          115.3      8.4     16.8     26.2     79.7 write
 2579.9s        0          436.5          460.9      6.3     13.6     22.0     75.5 read
 2579.9s        0          110.2          115.2      8.4     16.3     24.1     71.3 write
 2639.9s        0          446.7          460.5      6.0     13.6     22.0     75.5 read
 2639.9s        0          112.3          115.1      8.1     16.3     24.1     54.5 write
 2699.8s        0          448.6          460.3      6.0     13.6     23.1     71.3 read
 2699.8s        0          111.4          115.1      8.1     16.3     25.2     79.7 write
 2759.8s        0          434.7          459.7      6.3     14.2     22.0    121.6 read
 2759.8s        0          108.7          114.9      8.9     16.8     25.2    142.6 write
 2819.8s        0          448.8          459.5      6.3     13.6     23.1    104.9 read
 2819.8s        0          109.0          114.8      8.4     16.3     27.3     79.7 write
 2879.8s        0          465.7          459.6      6.0     13.1     22.0     92.3 read
 2879.8s        0          116.0          114.8      7.3     14.2     22.0     46.1 write
 2939.8s        0          437.9          459.2      6.3     14.7     23.1     75.5 read
 2939.8s        0          110.4          114.7      7.9     16.8     26.2     88.1 write
 2999.8s        0          450.2          459.0      6.3     13.6     23.1     71.3 read
 2999.8s        0          116.2          114.8      7.6     14.7     24.1     71.3 write
_elapsed___errors__ops/sec(inst)___ops/sec(cum)__p50(ms)__p95(ms)__p99(ms)_pMax(ms)
 3059.8s        0          454.0          458.9      6.3     13.6     22.0     88.1 read
 3059.8s        0          114.0          114.8      7.6     15.2     24.1     65.0 write
 3119.8s        0          454.9          458.8      6.3     14.2     23.1     79.7 read
 3119.8s        0          113.6          114.7      7.3     15.2     25.2     58.7 write
 3179.8s        0          405.1          457.8      7.1     15.2     25.2     83.9 read
 3179.8s        0           99.0          114.4      8.4     17.8     28.3     88.1 write
 3239.8s        0          442.2          457.5      6.3     14.2     23.1    121.6 read
 3239.8s        0          112.2          114.4      7.9     16.8     25.2    142.6 write
 3299.8s        0          456.6          457.5      6.0     13.6     23.1    159.4 read
 3299.8s        0          115.2          114.4      7.6     15.2     23.1    151.0 write
 3359.8s        0          444.2          457.3      6.3     13.6     23.1    121.6 read
 3359.8s        0          112.1          114.4      7.9     15.7     24.1     56.6 write
 3419.8s        0          452.5          457.2      6.3     13.6     23.1     75.5 read
 3419.8s        0          114.3          114.4      7.6     15.7     25.2     71.3 write
 3479.8s        0          459.9          457.2      6.0     13.1     22.0     58.7 read
 3479.8s        0          114.3          114.4      7.9     15.2     23.1     54.5 write
 3539.8s        0          452.1          457.1      6.3     13.6     23.1    125.8 read
 3539.8s        0          115.2          114.4      7.6     15.2     23.1     58.7 write
 3599.8s        0          434.6          456.8      6.6     14.2     23.1     71.3 read
 3599.8s        0          107.4          114.3      8.1     15.7     24.1     65.0 write
_elapsed___errors__ops/sec(inst)___ops/sec(cum)__p50(ms)__p95(ms)__p99(ms)_pMax(ms)
 3659.8s        0          450.3          456.6      6.3     13.6     23.1     67.1 read
 3659.8s        0          112.4          114.2      7.6     15.2     25.2     54.5 write
 3719.8s        0          438.9          456.4      6.3     14.7     24.1    192.9 read
 3719.8s        0          109.6          114.2      7.9     17.8     27.3    184.5 write
 3779.8s        0          425.2          455.9      6.6     14.7     22.0     88.1 read
 3779.8s        0          106.4          114.0      8.1     16.3     24.1     65.0 write
 3839.8s        0          447.7          455.7      6.3     13.6     22.0     79.7 read
 3839.8s        0          114.2          114.0      7.9     15.7     24.1     79.7 write
 3899.8s        0          454.4          455.7      6.3     13.1     21.0     71.3 read
 3899.8s        0          111.6          114.0      7.9     15.2     22.0     65.0 write
 3959.8s        0          435.8          455.4      6.3     14.7     24.1     67.1 read
 3959.8s        0          108.5          113.9      7.9     16.3     26.2     96.5 write
 4019.8s        0          444.8          455.3      6.3     13.6     22.0     79.7 read
 4019.8s        0          112.6          113.9      7.9     15.2     23.1     56.6 write
 4079.8s        0          449.7          455.2      6.3     13.6     22.0     75.5 read
 4079.8s        0          112.1          113.9      7.9     15.2     24.1     48.2 write
 4139.8s        0          449.4          455.1      6.3     14.2     22.0     83.9 read
 4139.8s        0          109.8          113.8      7.9     15.7     24.1     50.3 write
 4199.8s        0          428.8          454.7      6.6     14.2     24.1    104.9 read
 4199.8s        0          110.4          113.8      8.1     16.3     26.2     71.3 write
_elapsed___errors__ops/sec(inst)___ops/sec(cum)__p50(ms)__p95(ms)__p99(ms)_pMax(ms)
 4259.8s        0          445.2          454.6      6.3     14.2     22.0    100.7 read
 4259.8s        0          111.2          113.7      7.9     15.2     24.1     75.5 write
 4319.8s        0          444.2          454.4      6.3     14.2     23.1     79.7 read
 4319.8s        0          110.7          113.7      7.9     15.2     24.1     92.3 write
 4379.8s        0          426.1          454.0      6.6     14.7     23.1     75.5 read
 4379.8s        0          105.9          113.6      8.1     15.7     25.2     71.3 write
 4439.7s        0          440.2          453.9      6.3     14.2     23.1     96.5 read
 4439.7s        0          111.4          113.5      7.9     15.7     24.1     71.3 write
 4499.7s        0          447.9          453.8      6.3     13.6     22.0     58.7 read
 4499.7s        0          111.3          113.5      7.9     14.7     23.1     52.4 write
 4559.7s        0          441.9          453.6      6.3     14.2     22.0     75.5 read
 4559.7s        0          111.0          113.5      7.9     16.3     25.2     71.3 write
 4619.7s        0          433.6          453.4      6.6     14.2     22.0    104.9 read
 4619.7s        0          107.3          113.4      7.9     15.7     24.1    121.6 write
 4679.7s        0          440.9          453.2      6.3     14.2     22.0    104.9 read
 4679.7s        0          108.8          113.3      7.9     15.7     24.1    109.1 write
 4739.7s        0          440.0          453.0      6.3     14.2     23.1     75.5 read
 4739.7s        0          109.5          113.3      7.9     15.2     25.2     58.7 write
 4799.7s        0          407.9          452.5      6.8     15.2     24.1     83.9 read
 4799.7s        0          102.1          113.2      8.4     16.8     26.2    125.8 write
_elapsed___errors__ops/sec(inst)___ops/sec(cum)__p50(ms)__p95(ms)__p99(ms)_pMax(ms)
 4859.7s        0          431.1          452.2      6.6     14.2     23.1     65.0 read
 4859.7s        0          110.2          113.1      7.9     16.3     24.1     65.0 write
 4919.7s        0          434.8          452.0      6.6     13.6     22.0     65.0 read
 4919.7s        0          109.6          113.1      7.9     15.7     25.2     54.5 write
Number of reads that didn't return any results: 9.
Highest sequence written: 558824. Can be passed as --write-seq=R558824 to the next run.

_elapsed___errors_____ops(total)___ops/sec(cum)__avg(ms)__p50(ms)__p95(ms)__p99(ms)_pMax(ms)__total
 4941.6s        0        2233835          452.0      6.7      6.0     13.6     22.0  12348.0  read

_elapsed___errors_____ops(total)___ops/sec(cum)__avg(ms)__p50(ms)__p95(ms)__p99(ms)_pMax(ms)__total
 4941.6s        0         558823          113.1      8.6      8.1     15.7     25.2   5905.6  write

_elapsed___errors_____ops(total)___ops/sec(cum)__avg(ms)__p50(ms)__p95(ms)__p99(ms)_pMax(ms)__result
 4941.6s        0        2792658          565.1      7.1      6.6     14.2     23.1  12348.0  
