_elapsed___errors__ops/sec(inst)___ops/sec(cum)__p50(ms)__p95(ms)__p99(ms)_pMax(ms)
   60.0s        0          610.2          612.3      4.1     10.0     16.8     75.5 read
   60.0s        0          150.7          151.2      6.8     13.6     22.0     71.3 write
  120.0s        0          516.1          564.2      5.2     11.5     18.9     96.5 read
  120.0s        0          126.7          139.0      7.9     15.2     25.2     71.3 write
  180.0s        0          505.5          544.6      5.2     12.1     19.9     83.9 read
  180.0s        0          125.9          134.6      7.9     15.2     23.1     60.8 write
  240.0s        0          500.1          533.5      5.2     12.1     19.9     79.7 read
  240.0s        0          127.5          132.8      7.9     15.2     24.1     65.0 write
  300.0s        0          460.7          518.9      5.8     13.6     22.0     75.5 read
  300.0s        0          117.2          129.7      8.4     17.8     26.2     79.7 write
  360.0s        0          481.5          512.7      5.8     12.1     19.9     52.4 read
  360.0s        0          119.6          128.0      8.1     15.7     23.1     50.3 write
  420.0s        0          476.1          507.5      5.8     12.6     19.9    113.2 read
  420.0s        0          115.2          126.2      8.1     16.3     25.2     79.7 write
  480.0s        0          457.1          501.2      6.0     13.6     21.0     79.7 read
  480.0s        0          112.6          124.5      8.1     16.3     24.1     71.3 write
  540.0s        0          456.3          496.2      6.0     13.6     21.0     67.1 read
  540.0s        0          115.5          123.5      8.1     16.3     24.1     67.1 write
  600.0s        0          454.5          492.0      6.0     13.6     21.0     75.5 read
  600.0s        0          115.5          122.7      8.1     15.7     25.2     75.5 write
_elapsed___errors__ops/sec(inst)___ops/sec(cum)__p50(ms)__p95(ms)__p99(ms)_pMax(ms)
  660.0s        0          442.1          487.5      6.3     13.6     22.0    100.7 read
  660.0s        0          110.5          121.6      8.1     16.3     24.1     65.0 write
  720.0s        0          447.5          484.1      6.3     13.6     22.0     67.1 read
  720.0s        0          112.6          120.8      8.1     16.3     24.1     79.7 write
  780.0s        0          454.7          481.9      6.3     13.1     19.9     75.5 read
  780.0s        0          113.8          120.3      8.1     15.2     24.1     88.1 write
  840.0s        0          438.9          478.8      6.3     13.6     23.1    113.2 read
  840.0s        0          108.3          119.4      8.4     15.7     25.2    117.4 write
  899.9s        0          450.5          476.9      6.3     13.6     21.0    142.6 read
  899.9s        0          113.3          119.0      8.1     15.2     23.1     46.1 write
  959.9s        0          447.6          475.1      6.3     13.6     23.1     65.0 read
  959.9s        0          109.6          118.4      8.1     15.7     25.2     60.8 write
 1019.9s        0          438.1          472.9      6.3     13.6     22.0     60.8 read
 1019.9s        0          108.8          117.9      8.4     15.7     24.1     75.5 write
 1079.9s        0          436.0          470.9      6.3     14.2     22.0    121.6 read
 1079.9s        0          109.7          117.4      8.4     16.3     24.1    109.1 write
 1139.9s        0          443.8          469.4      6.3     13.6     21.0    142.6 read
 1139.9s        0          108.1          116.9      8.4     15.7     24.1    134.2 write
 1199.9s        0          441.4          468.0      6.3     13.6     22.0     75.5 read
 1199.9s        0          108.7          116.5      8.4     15.7     26.2     75.5 write
_elapsed___errors__ops/sec(inst)___ops/sec(cum)__p50(ms)__p95(ms)__p99(ms)_pMax(ms)
 1259.9s        0          426.6          466.1      6.6     13.6     22.0     71.3 read
 1259.9s        0          107.4          116.1      8.9     16.3     25.2     65.0 write
 1319.9s        0          433.9          464.6      6.3     14.2     22.0     67.1 read
 1319.9s        0          109.7          115.8      8.9     16.8     25.2     79.7 write
 1379.9s        0          433.2          463.2      6.3     13.6     22.0     79.7 read
 1379.9s        0          109.1          115.5      8.9     16.8     27.3     62.9 write
 1439.9s        0          411.8          461.1      6.6     14.2     23.1     75.5 read
 1439.9s        0          106.8          115.1      8.9     17.8     27.3     71.3 write
 1499.9s        0          431.7          459.9      6.3     13.6     22.0    109.1 read
 1499.9s        0          109.9          114.9      8.9     16.3     25.2     83.9 write
 1559.9s        0          264.9          452.4      6.6     14.2     24.1  12348.0 read
 1559.9s        0           67.8          113.1      8.9     16.8     25.2  12348.0 write
 1619.9s        0          421.7          451.3      6.6     14.2     23.1     83.9 read
 1619.9s        0          107.9          112.9      8.9     16.8     27.3     67.1 write
 1679.9s        0          426.2          450.4      6.6     14.2     22.0    100.7 read
 1679.9s        0          107.0          112.7      8.9     16.8     25.2     96.5 write
 1739.9s        0          434.0          449.8      6.3     13.6     23.1     71.3 read
 1739.9s        0          108.5          112.6      8.9     16.8     26.2     83.9 write
 1799.9s        0          428.8          449.1      6.6     14.2     23.1     62.9 read
 1799.9s        0          108.6          112.4      8.9     16.3     25.2     88.1 write
_elapsed___errors__ops/sec(inst)___ops/sec(cum)__p50(ms)__p95(ms)__p99(ms)_pMax(ms)
 1859.9s        0          421.2          448.2      6.6     14.2     23.1     83.9 read
 1859.9s        0          104.3          112.2      8.9     16.8     26.2    109.1 write
 1919.9s        0          429.6          447.6      6.3     14.2     23.1     75.5 read
 1919.9s        0          108.4          112.1      8.9     16.8     27.3     71.3 write
 1979.9s        0          431.8          447.2      6.3     13.6     22.0     67.1 read
 1979.9s        0          110.1          112.0      8.9     16.3     25.2     83.9 write
 2039.9s        0          431.3          446.7      6.3     13.6     23.1     79.7 read
 2039.9s        0          109.5          111.9      8.9     16.3     27.3     54.5 write
 2099.9s        0          418.8          445.9      6.6     14.7     23.1     88.1 read
 2099.9s        0          107.3          111.8      8.9     16.8     25.2     96.5 write
 2159.9s        0          432.7          445.5      6.3     13.6     22.0     75.5 read
 2159.9s        0          110.2          111.7      8.9     15.7     25.2     50.3 write
 2219.9s        0          429.7          445.1      6.3     14.2     23.1     83.9 read
 2219.9s        0          107.1          111.6      8.9     16.8     26.2     62.9 write
 2279.9s        0          389.3          443.6      7.1     15.7     25.2     75.5 read
 2279.9s        0           95.1          111.2      9.4     18.9     30.4     79.7 write
 2339.9s        0          426.2          443.2      6.6     14.2     22.0    104.9 read
 2339.9s        0          108.0          111.1      8.9     17.8     27.3    113.2 write
 2399.9s        0          433.4          442.9      6.3     13.6     22.0    100.7 read
 2399.9s        0          109.6          111.1      8.9     16.3     25.2     83.9 write
_elapsed___errors__ops/sec(inst)___ops/sec(cum)__p50(ms)__p95(ms)__p99(ms)_pMax(ms)
 2459.9s        0          428.8          442.6      6.6     14.2     22.0    100.7 read
 2459.9s        0          105.6          110.9      8.9     16.3     26.2     96.5 write
 2519.9s        0          429.4          442.3      6.3     14.2     23.1     75.5 read
 2519.9s        0          109.2          110.9      8.9     16.8     25.2    109.1 write
 2579.9s        0          434.0          442.1      6.3     14.2     23.1     83.9 read
 2579.9s        0          106.4          110.8      8.9     16.3     25.2     83.9 write
 2639.9s        0          437.6          442.0      6.3     13.1     21.0     71.3 read
 2639.9s        0          109.4          110.8      8.9     15.7     25.2     79.7 write
 2699.8s        0          421.2          441.5      6.6     14.7     23.1     75.5 read
 2699.8s        0          105.8          110.6      8.9     17.8     26.2    151.0 write
 2759.8s        0          432.4          441.3      6.3     13.6     22.0     62.9 read
 2759.8s        0          109.8          110.6      8.9     16.3     24.1     52.4 write
 2819.8s        0          434.5          441.2      6.3     13.6     22.0     83.9 read
 2819.8s        0          110.1          110.6      8.9     16.3     26.2     83.9 write
 2879.8s        0          412.8          440.6      6.6     14.7     24.1     65.0 read
 2879.8s        0          103.4          110.5      8.9     17.8     26.2     79.7 write
 2939.8s        0          430.1          440.4      6.3     14.2     23.1     71.3 read
 2939.8s        0          110.3          110.5      8.4     16.8     25.2     60.8 write
 2999.8s        0          432.6          440.2      6.3     13.6     23.1     71.3 read
 2999.8s        0          107.7          110.4      8.9     16.3     26.2     79.7 write
_elapsed___errors__ops/sec(inst)___ops/sec(cum)__p50(ms)__p95(ms)__p99(ms)_pMax(ms)
 3059.8s        0          424.0          439.9      6.6     14.2     24.1     75.5 read
 3059.8s        0          106.3          110.3      8.9     16.8     27.3     65.0 write
 3119.8s        0          428.2          439.7      6.3     14.7     24.1    109.1 read
 3119.8s        0          106.5          110.3      8.9     17.8     28.3     83.9 write
 3179.8s        0          427.4          439.4      6.3     14.7     23.1    125.8 read
 3179.8s        0          107.0          110.2      8.9     17.8     26.2    134.2 write
 3239.8s        0          432.4          439.3      6.3     14.2     23.1    130.0 read
 3239.8s        0          107.3          110.1      8.9     16.8     25.2    130.0 write
 3299.8s        0          422.0          439.0      6.6     14.2     22.0     96.5 read
 3299.8s        0          108.3          110.1      8.9     16.8     26.2     79.7 write
 3359.8s        0          438.2          439.0      6.3     14.2     22.0    109.1 read
 3359.8s        0          105.0          110.0      8.9     16.8     26.2     62.9 write
 3419.8s        0          438.8          439.0      6.3     13.6     22.0     71.3 read
 3419.8s        0          108.4          110.0      8.4     16.3     24.1     79.7 write
 3479.8s        0          423.3          438.7      6.6     14.2     23.1    125.8 read
 3479.8s        0          106.2          109.9      8.9     16.8     27.3     52.4 write
 3539.8s        0          431.4          438.6      6.3     13.6     23.1    104.9 read
 3539.8s        0          110.2          109.9      8.9     16.8     26.2     79.7 write
 3599.8s        0          434.6          438.5      6.3     13.6     22.0     62.9 read
 3599.8s        0          110.0          109.9      8.4     16.3     25.2     62.9 write
_elapsed___errors__ops/sec(inst)___ops/sec(cum)__p50(ms)__p95(ms)__p99(ms)_pMax(ms)
 3659.8s        0          434.2          438.4      6.6     13.6     22.0     58.7 read
 3659.8s        0          107.5          109.9      8.9     16.8     26.2     56.6 write
 3719.8s        0          381.6          437.5      7.1     16.3     25.2    184.5 read
 3719.8s        0           97.7          109.7      9.4     18.9     29.4     96.5 write
 3779.8s        0          430.3          437.4      6.3     14.2     23.1     83.9 read
 3779.8s        0          106.1          109.6      8.9     16.3     25.2     71.3 write
 3839.8s        0          434.2          437.4      6.3     14.2     23.1     62.9 read
 3839.8s        0          106.0          109.6      8.9     16.8     25.2     62.9 write
 3899.8s        0          420.2          437.1      6.6     14.2     23.1     71.3 read
 3899.8s        0          103.6          109.5      8.9     17.8     27.3     71.3 write
 3959.8s        0          426.7          436.9      6.3     14.2     23.1     60.8 read
 3959.8s        0          108.0          109.5      8.9     16.8     27.3     83.9 write
 4019.8s        0          429.2          436.8      6.6     13.6     22.0     67.1 read
 4019.8s        0          108.2          109.4      8.9     16.8     25.2     62.9 write
 4079.8s        0          420.1          436.6      6.6     14.2     23.1     75.5 read
 4079.8s        0          106.4          109.4      8.9     16.8     26.2     71.3 write
 4139.8s        0          425.0          436.4      6.3     14.2     23.1     92.3 read
 4139.8s        0          108.2          109.4      8.9     17.8     28.3    100.7 write
 4199.8s        0          425.5          436.3      6.6     14.2     23.1    104.9 read
 4199.8s        0          107.1          109.3      8.9     16.8     26.2    104.9 write
_elapsed___errors__ops/sec(inst)___ops/sec(cum)__p50(ms)__p95(ms)__p99(ms)_pMax(ms)
 4259.8s        0          431.6          436.2      6.6     13.6     22.0     67.1 read
 4259.8s        0          107.5          109.3      8.9     15.7     25.2     56.6 write
 4319.8s        0          415.7          435.9      6.6     14.2     23.1     67.1 read
 4319.8s        0          105.0          109.3      8.9     16.8     26.2     71.3 write
 4379.8s        0          423.5          435.7      6.6     14.7     24.1     79.7 read
 4379.8s        0          104.9          109.2      8.9     17.8     27.3     92.3 write
 4439.7s        0          424.1          435.6      6.6     14.2     24.1     79.7 read
 4439.7s        0          104.6          109.1      8.9     17.8     26.2     79.7 write
 4499.7s        0          412.8          435.3      6.8     14.7     24.1     71.3 read
 4499.7s        0          102.0          109.0      8.9     17.8     26.2     83.9 write
 4559.7s        0          424.9          435.1      6.6     14.2     23.1    100.7 read
 4559.7s        0          105.4          109.0      8.9     17.8     26.2     62.9 write
 4619.7s        0          425.0          435.0      6.6     14.2     22.0     92.3 read
 4619.7s        0          106.4          109.0      8.9     16.8     26.2    117.4 write
 4679.7s        0          426.1          434.9      6.6     13.6     22.0     56.6 read
 4679.7s        0          106.5          108.9      8.9     16.3     26.2     75.5 write
 4739.7s        0          405.2          434.5      6.8     14.7     24.1     96.5 read
 4739.7s        0          102.8          108.9      8.9     17.8     28.3    100.7 write
 4799.7s        0          413.8          434.3      6.6     14.7     25.2    167.8 read
 4799.7s        0          105.5          108.8      8.9     17.8     27.3     75.5 write
_elapsed___errors__ops/sec(inst)___ops/sec(cum)__p50(ms)__p95(ms)__p99(ms)_pMax(ms)
 4859.7s        0          425.1          434.1      6.6     13.6     22.0     83.9 read
 4859.7s        0          107.0          108.8      8.9     16.3     24.1     54.5 write
Number of reads that didn't return any results: 5.
Highest sequence written: 533053. Can be passed as --write-seq=R533053 to the next run.

_elapsed___errors_____ops(total)___ops/sec(cum)__avg(ms)__p50(ms)__p95(ms)__p99(ms)_pMax(ms)__total
 4904.6s        0        2127923          433.9      6.9      6.3     13.6     22.0  12348.0  read

_elapsed___errors_____ops(total)___ops/sec(cum)__avg(ms)__p50(ms)__p95(ms)__p99(ms)_pMax(ms)__total
 4904.6s        0         533053          108.7      9.1      8.4     16.8     26.2  12348.0  write

_elapsed___errors_____ops(total)___ops/sec(cum)__avg(ms)__p50(ms)__p95(ms)__p99(ms)_pMax(ms)__result
 4904.6s        0        2660976          542.5      7.4      6.8     14.7     23.1  12348.0  
