_elapsed___errors__ops/sec(inst)___ops/sec(cum)__p50(ms)__p95(ms)__p99(ms)_pMax(ms)
   60.0s        0          571.7          576.9      4.5     11.0     17.8     79.7 read
   60.0s        0          141.9          143.2      7.3     14.2     23.1     67.1 write
  120.0s        0          534.0          555.5      5.0     11.5     18.9    117.4 read
  120.0s        0          135.7          139.5      7.6     15.7     24.1     79.7 write
  180.0s        0          528.2          546.4      5.0     12.1     18.9     60.8 read
  180.0s        0          130.7          136.6      7.6     15.2     25.2     71.3 write
  240.0s        0          524.9          541.0      5.0     12.6     21.0     71.3 read
  240.0s        0          134.0          135.9      7.3     15.7     24.1     75.5 write
  300.0s        0          530.8          539.0      5.0     12.1     18.9     56.6 read
  300.0s        0          131.8          135.1      7.3     15.2     23.1     79.7 write
  360.0s        0          503.8          533.1      5.2     12.6     19.9     92.3 read
  360.0s        0          125.7          133.5      7.6     15.7     24.1    109.1 write
  420.0s        0          507.2          529.4      5.2     12.6     19.9     67.1 read
  420.0s        0          124.0          132.2      7.6     15.2     23.1     65.0 write
  480.0s        0          491.2          524.6      5.5     13.1     21.0     75.5 read
  480.0s        0          125.4          131.3      7.9     15.7     24.1     75.5 write
  540.0s        0          470.3          518.6      5.8     13.6     22.0     79.7 read
  540.0s        0          117.5          129.8      8.1     16.3     25.2     67.1 write
  600.0s        0          480.6          514.8      5.5     13.1     22.0    125.8 read
  600.0s        0          120.9          128.9      7.9     15.7     26.2     58.7 write
_elapsed___errors__ops/sec(inst)___ops/sec(cum)__p50(ms)__p95(ms)__p99(ms)_pMax(ms)
  660.0s        0          479.4          511.6      5.5     13.1     22.0     71.3 read
  660.0s        0          120.0          128.1      7.9     15.7     25.2     71.3 write
  720.0s        0          480.8          509.0      5.8     13.1     21.0     75.5 read
  720.0s        0          121.0          127.5      7.9     15.7     23.1     52.4 write
  780.0s        0          468.9          505.9      5.8     13.1     21.0     75.5 read
  780.0s        0          120.9          127.0      8.1     15.7     24.1     83.9 write
  840.0s        0          474.6          503.7      5.8     13.1     22.0    121.6 read
  840.0s        0          118.1          126.4      7.9     16.3     26.2    104.9 write
  899.9s        0          467.8          501.3      5.8     13.6     22.0    121.6 read
  899.9s        0          115.8          125.7      7.9     16.3     26.2    142.6 write
  959.9s        0          466.0          499.1      5.8     13.6     22.0     83.9 read
  959.9s        0          116.8          125.1      7.9     15.7     24.1     75.5 write
 1019.9s        0          465.3          497.1      5.8     13.1     22.0     79.7 read
 1019.9s        0          118.3          124.7      8.1     16.3     26.2     67.1 write
 1079.9s        0          456.8          494.9      5.8     13.6     22.0    113.2 read
 1079.9s        0          115.6          124.2      8.1     16.8     26.2    151.0 write
 1139.9s        0          457.8          492.9      6.0     13.6     22.0     67.1 read
 1139.9s        0          112.0          123.6      8.1     16.3     24.1     83.9 write
 1199.9s        0          466.0          491.6      5.8     13.6     22.0     71.3 read
 1199.9s        0          116.1          123.2      7.9     15.7     24.1     88.1 write
_elapsed___errors__ops/sec(inst)___ops/sec(cum)__p50(ms)__p95(ms)__p99(ms)_pMax(ms)
 1259.9s        0          462.8          490.2      6.0     13.6     21.0     75.5 read
 1259.9s        0          114.8          122.8      7.9     16.3     24.1     50.3 write
 1319.9s        0          462.4          488.9      6.0     13.6     22.0     75.5 read
 1319.9s        0          113.2          122.3      8.1     16.3     24.1     62.9 write
 1379.9s        0          462.0          487.8      6.0     13.1     21.0     62.9 read
 1379.9s        0          117.0          122.1      8.1     15.7     24.1     54.5 write
 1439.9s        0          455.9          486.4      5.8     14.2     24.1     79.7 read
 1439.9s        0          114.3          121.8      7.9     16.3     26.2     67.1 write
 1499.9s        0          436.0          484.4      5.8     13.6     21.0     88.1 read
 1499.9s        0          107.4          121.2      8.1     15.7     24.1    104.9 write
 1559.9s        0          287.2          476.8      6.6     15.2     26.2   6174.0 read
 1559.9s        0           70.9          119.3      8.9     17.8     31.5   1140.9 write
 1619.9s        0          454.0          476.0      6.0     13.6     22.0    121.6 read
 1619.9s        0          114.9          119.1      7.9     15.7     26.2     88.1 write
 1679.9s        0          461.2          475.5      6.0     13.6     23.1     67.1 read
 1679.9s        0          113.5          118.9      7.9     15.7     25.2     60.8 write
 1739.9s        0          459.0          474.9      6.0     13.6     22.0     75.5 read
 1739.9s        0          114.7          118.8      7.9     15.2     24.1     88.1 write
 1799.9s        0          457.0          474.3      6.0     13.6     22.0     79.7 read
 1799.9s        0          115.3          118.6      7.9     15.2     24.1     71.3 write
_elapsed___errors__ops/sec(inst)___ops/sec(cum)__p50(ms)__p95(ms)__p99(ms)_pMax(ms)
 1859.9s        0          458.9          473.8      6.0     13.6     23.1     79.7 read
 1859.9s        0          115.4          118.5      7.9     15.7     25.2    151.0 write
 1919.9s        0          460.7          473.4      6.0     13.6     22.0     71.3 read
 1919.9s        0          113.8          118.4      7.9     16.3     24.1     48.2 write
 1979.9s        0          455.9          472.9      6.0     13.6     22.0     67.1 read
 1979.9s        0          115.8          118.3      7.6     15.2     23.1     58.7 write
 2039.9s        0          463.0          472.6      6.0     13.6     22.0     71.3 read
 2039.9s        0          115.3          118.2      7.6     15.7     25.2     92.3 write
 2099.9s        0          465.3          472.4      6.0     13.1     22.0     92.3 read
 2099.9s        0          116.9          118.2      7.6     15.2     24.1     75.5 write
 2159.9s        0          449.0          471.7      6.3     13.6     23.1     88.1 read
 2159.9s        0          111.6          118.0      7.9     15.2     25.2     83.9 write
 2219.9s        0          458.1          471.3      6.0     13.6     22.0     83.9 read
 2219.9s        0          114.9          117.9      7.6     16.3     23.1     88.1 write
 2279.9s        0          447.6          470.7      6.0     14.7     25.2    104.9 read
 2279.9s        0          112.0          117.8      7.6     16.8     27.3    100.7 write
 2339.9s        0          465.9          470.6      6.0     13.1     21.0    104.9 read
 2339.9s        0          115.1          117.7      7.6     15.2     23.1     83.9 write
 2399.9s        0          461.6          470.4      6.0     13.1     22.0     92.3 read
 2399.9s        0          114.0          117.6      7.9     15.2     24.1     60.8 write
_elapsed___errors__ops/sec(inst)___ops/sec(cum)__p50(ms)__p95(ms)__p99(ms)_pMax(ms)
 2459.9s        0          465.7          470.3      6.0     13.6     22.0     71.3 read
 2459.9s        0          115.1          117.5      7.6     15.2     24.1     79.7 write
 2519.9s        0          458.0          470.0      6.0     13.6     23.1    100.7 read
 2519.9s        0          116.6          117.5      7.6     15.2     23.1     79.7 write
 2579.9s        0          462.0          469.8      6.0     13.6     22.0     71.3 read
 2579.9s        0          114.1          117.4      7.6     15.2     23.1     75.5 write
 2639.9s        0          459.1          469.5      6.0     13.6     23.1     75.5 read
 2639.9s        0          117.8          117.4      7.6     15.2     24.1     83.9 write
 2699.8s        0          455.5          469.2      6.0     13.6     22.0    142.6 read
 2699.8s        0          116.1          117.4      7.6     15.2     25.2     56.6 write
 2759.8s        0          455.5          468.9      6.3     13.6     22.0     83.9 read
 2759.8s        0          112.3          117.3      7.6     15.2     24.1     79.7 write
 2819.8s        0          460.5          468.7      6.0     13.1     22.0     92.3 read
 2819.8s        0          117.1          117.3      7.9     15.2     24.1     88.1 write
 2879.8s        0          454.2          468.4      6.0     14.2     23.1     96.5 read
 2879.8s        0          112.9          117.2      7.6     16.8     27.3    100.7 write
 2939.8s        0          457.3          468.2      6.0     13.6     23.1     71.3 read
 2939.8s        0          112.8          117.1      7.9     15.7     23.1     75.5 write
 2999.8s        0          457.8          468.0      6.0     13.6     23.1     75.5 read
 2999.8s        0          114.6          117.1      7.9     15.7     24.1     71.3 write
_elapsed___errors__ops/sec(inst)___ops/sec(cum)__p50(ms)__p95(ms)__p99(ms)_pMax(ms)
 3059.8s        0          461.3          467.9      6.0     13.6     23.1     79.7 read
 3059.8s        0          114.1          117.0      7.6     15.7     25.2     71.3 write
 3119.8s        0          443.0          467.4      6.0     14.7     24.1    109.1 read
 3119.8s        0          110.5          116.9      8.1     16.8     27.3    104.9 write
 3179.8s        0          411.6          466.3      6.6     15.2     24.1     88.1 read
 3179.8s        0          102.2          116.6      8.9     17.8     27.3    113.2 write
 3239.8s        0          461.4          466.3      6.0     13.6     22.0    142.6 read
 3239.8s        0          113.2          116.5      7.6     16.3     24.1    151.0 write
 3299.8s        0          465.8          466.2      6.0     13.6     22.0    113.2 read
 3299.8s        0          112.9          116.5      7.3     15.7     25.2    100.7 write
 3359.8s        0          453.7          466.0      6.0     13.6     23.1     67.1 read
 3359.8s        0          113.3          116.4      7.9     15.7     24.1     62.9 write
 3419.8s        0          476.9          466.2      6.0     13.1     21.0     67.1 read
 3419.8s        0          114.9          116.4      7.3     14.7     23.1     60.8 write
 3479.8s        0          462.7          466.2      6.0     13.6     22.0    121.6 read
 3479.8s        0          113.8          116.3      7.6     15.7     25.2    125.8 write
 3539.8s        0          454.1          465.9      6.0     13.6     22.0     92.3 read
 3539.8s        0          113.4          116.3      7.9     16.3     25.2     96.5 write
 3599.8s        0          446.7          465.6      6.0     13.6     23.1     65.0 read
 3599.8s        0          111.0          116.2      8.1     16.3     25.2     65.0 write
_elapsed___errors__ops/sec(inst)___ops/sec(cum)__p50(ms)__p95(ms)__p99(ms)_pMax(ms)
 3659.8s        0          443.2          465.3      6.0     14.7     25.2    192.9 read
 3659.8s        0          109.4          116.1      8.1     16.8     26.2    209.7 write
 3719.8s        0          447.3          465.0      6.0     13.6     22.0     65.0 read
 3719.8s        0          113.9          116.1      8.1     16.8     26.2     79.7 write
 3779.8s        0          436.8          464.5      6.3     14.2     23.1     83.9 read
 3779.8s        0          108.8          115.9      8.4     16.3     26.2     52.4 write
 3839.8s        0          458.1          464.4      6.0     13.1     22.0     71.3 read
 3839.8s        0          112.5          115.9      8.1     15.7     24.1     67.1 write
 3899.8s        0          446.7          464.1      6.0     14.2     24.1     88.1 read
 3899.8s        0          112.5          115.8      8.1     16.8     27.3     75.5 write
 3959.8s        0          443.7          463.8      6.3     13.6     22.0     79.7 read
 3959.8s        0          112.4          115.8      8.1     16.8     27.3     65.0 write
 4019.8s        0          454.3          463.7      6.0     13.6     21.0     71.3 read
 4019.8s        0          114.3          115.8      8.1     15.7     24.1     75.5 write
 4079.8s        0          451.8          463.5      6.0     13.6     23.1     79.7 read
 4079.8s        0          112.7          115.7      8.1     16.3     26.2     83.9 write
 4139.8s        0          449.7          463.3      6.0     14.2     23.1     92.3 read
 4139.8s        0          109.7          115.6      8.1     16.3     26.2    104.9 write
 4199.8s        0          436.1          462.9      6.3     13.6     22.0    104.9 read
 4199.8s        0          113.7          115.6      8.1     15.7     25.2     75.5 write
_elapsed___errors__ops/sec(inst)___ops/sec(cum)__p50(ms)__p95(ms)__p99(ms)_pMax(ms)
 4259.8s        0          447.9          462.7      6.0     14.2     23.1     75.5 read
 4259.8s        0          112.6          115.6      8.1     16.3     25.2     60.8 write
 4319.8s        0          443.6          462.5      6.0     14.2     23.1     79.7 read
 4319.8s        0          111.6          115.5      8.1     16.8     26.2     71.3 write
 4379.8s        0          429.9          462.0      6.6     14.2     23.1     92.3 read
 4379.8s        0          107.1          115.4      8.4     16.8     25.2     79.7 write
 4439.7s        0          449.7          461.8      6.3     13.1     22.0     52.4 read
 4439.7s        0          114.3          115.4      8.1     15.2     24.1     46.1 write
 4499.7s        0          448.1          461.7      6.0     13.6     23.1     71.3 read
 4499.7s        0          109.3          115.3      8.1     16.3     25.2     54.5 write
 4559.7s        0          446.8          461.5      6.0     14.2     23.1    100.7 read
 4559.7s        0          111.7          115.2      8.1     16.3     24.1    130.0 write
 4619.7s        0          442.6          461.2      6.3     14.2     22.0     96.5 read
 4619.7s        0          108.9          115.2      8.1     16.3     25.2     71.3 write
 4679.7s        0          442.5          461.0      6.3     13.6     23.1     75.5 read
 4679.7s        0          111.2          115.1      8.1     16.3     25.2     75.5 write
 4739.7s        0          438.9          460.7      6.3     14.7     24.1    142.6 read
 4739.7s        0          109.0          115.0      8.1     16.8     27.3     96.5 write
 4799.7s        0          436.3          460.4      6.3     14.2     23.1     67.1 read
 4799.7s        0          108.6          115.0      8.4     16.3     25.2     52.4 write
_elapsed___errors__ops/sec(inst)___ops/sec(cum)__p50(ms)__p95(ms)__p99(ms)_pMax(ms)
 4859.7s        0          451.3          460.3      6.0     13.6     23.1     62.9 read
 4859.7s        0          111.3          114.9      8.1     15.7     26.2     56.6 write
Number of reads that didn't return any results: 5.
Highest sequence written: 560360. Can be passed as --write-seq=R560360 to the next run.

_elapsed___errors_____ops(total)___ops/sec(cum)__avg(ms)__p50(ms)__p95(ms)__p99(ms)_pMax(ms)__total
 4877.8s        0        2244608          460.2      6.6      6.0     13.6     22.0   6174.0  read

_elapsed___errors_____ops(total)___ops/sec(cum)__avg(ms)__p50(ms)__p95(ms)__p99(ms)_pMax(ms)__total
 4877.8s        0         560360          114.9      8.5      7.9     15.7     25.2   1140.9  write

_elapsed___errors_____ops(total)___ops/sec(cum)__avg(ms)__p50(ms)__p95(ms)__p99(ms)_pMax(ms)__result
 4877.8s        0        2804968          575.0      7.0      6.3     14.2     23.1   6174.0  
