TIME                     OPNAM  # OPS/SEC p50(ms) p95(ms) p99(ms)    pMax
2020-09-30T22:45:16.095Z  read  3  1780.1     2.0     3.9     6.8   302.0
2020-09-30T22:46:16.092Z  read  3  1607.1     2.5     4.7     7.9   218.1
2020-09-30T22:47:16.088Z  read  3  1541.6     2.5     5.0     8.4    75.5
2020-09-30T22:48:16.085Z  read  3  1541.8     2.6     4.7     7.9    58.7
2020-09-30T22:49:16.081Z  read  3  1468.2     2.6     5.0     9.4   302.0
2020-09-30T22:50:16.078Z  read  3  1550.6     2.6     4.7     7.3    58.7
2020-09-30T22:51:16.075Z  read  3  1355.1     2.6     5.5    10.5   973.1
2020-09-30T22:52:16.071Z  read  3  1064.9     3.4     8.9    17.8   167.8
2020-09-30T22:53:16.068Z  read  3   996.7     3.5     9.4    19.9   453.0
2020-09-30T22:54:16.064Z  read  3  1420.7     2.8     5.2     8.9    58.7
2020-09-30T22:55:16.061Z  read  3  1439.7     2.8     5.2     8.4    48.2
2020-09-30T22:56:16.057Z  read  3  1400.3     2.8     5.2    10.0   671.1
2020-09-30T22:57:16.054Z  read  3  1415.8     2.8     5.2     8.1   385.9
2020-09-30T22:58:16.050Z  read  3  1372.2     2.8     5.5     9.4   369.1
2020-09-30T22:59:16.047Z  read  3  1065.8     2.9     6.0    13.1  2684.4
2020-09-30T23:00:16.044Z  read  3   257.3     6.8    31.5   117.4  2415.9
2020-09-30T23:01:16.040Z  read  3   313.7     6.6    25.2    56.6   738.2
2020-09-30T23:02:16.037Z  read  3   372.6     6.0    23.1    60.8  2550.1
2020-09-30T23:03:16.034Z  read  3   291.4     8.1    29.4    75.5  3489.7
2020-09-30T23:04:16.030Z  read  3   217.4     8.9    37.7   100.7  1140.9
2020-09-30T23:05:16.027Z  read  3   262.0     8.4    31.5    79.7   738.2
2020-09-30T23:06:16.024Z  read  3   308.2     7.1    27.3    83.9   939.5
2020-09-30T23:07:16.020Z  read  3   267.4     8.4    32.5    75.5   738.2
2020-09-30T23:08:16.017Z  read  3   248.3     6.3    25.2    56.6 10200.5
2020-09-30T23:09:16.013Z  read  3   196.9     7.1    33.6   184.5  9663.7
2020-09-30T23:10:16.011Z  read  3   359.0     5.2    18.9    41.9  7247.8
2020-09-30T23:11:16.007Z  read  3  1083.0     3.3     7.1    13.6    92.3
2020-09-30T23:12:16.003Z  read  3  1326.1     3.0     5.8     9.4    75.5
2020-09-30T23:13:16.000Z  read  3  1328.0     3.0     5.8    10.0    92.3
2020-09-30T23:14:15.997Z  read  3  1310.7     3.0     5.8    10.0   109.1
2020-09-30T23:15:15.993Z  read  3  1321.5     3.0     5.8     9.4    52.4
2020-09-30T23:16:15.989Z  read  3  1335.0     3.0     5.8    10.0    71.3
2020-09-30T23:17:15.986Z  read  3  1348.4     3.0     5.8     9.4    60.8
2020-09-30T23:18:15.983Z  read  3  1291.7     3.0     6.0    10.5    75.5
2020-09-30T23:19:15.979Z  read  3  1343.2     3.0     5.8     8.9    62.9
2020-09-30T23:20:15.976Z  read  3  1244.0     3.1     6.3    11.0    88.1
2020-09-30T23:21:15.973Z  read  3  1292.7     3.1     6.0    10.0    60.8
2020-09-30T23:22:15.969Z  read  3  1286.6     3.1     6.0    10.0   260.0
2020-09-30T23:23:15.966Z  read  3  1318.3     3.1     5.8    10.0    88.1
2020-09-30T23:24:15.963Z  read  3  1289.2     3.1     6.0    10.5   226.5
2020-09-30T23:25:15.960Z  read  3  1331.6     3.1     5.8     8.9    54.5
2020-09-30T23:26:15.956Z  read  3   899.2     3.3     8.9    18.9  3355.4
2020-09-30T23:27:15.952Z  read  3   328.3     7.1    25.2    65.0  3355.4
2020-09-30T23:28:15.949Z  read  3   356.7     7.6    27.3    65.0   671.1
2020-09-30T23:29:15.946Z  read  3   248.9     9.4    37.7   109.1  1073.7
2020-09-30T23:30:15.942Z  read  3   231.3     8.9    33.6    83.9  1140.9
2020-09-30T23:31:15.939Z  read  3   229.0    10.0    37.7    83.9  1879.0
2020-09-30T23:32:15.935Z  read  3   235.2     8.9    35.7    83.9  1140.9
2020-09-30T23:33:15.932Z  read  3   155.1    10.5    37.7   125.8  3221.2
2020-09-30T23:34:15.929Z  read  3   215.1    10.5    37.7    96.5  1006.6
2020-09-30T23:35:15.925Z  read  3   224.1     8.9    31.5    71.3  1006.6
2020-09-30T23:36:15.922Z  read  3   269.0     8.1    29.4    62.9   469.8
2020-09-30T23:37:15.919Z  read  3   327.4     8.4    31.5    67.1   419.4
2020-09-30T23:38:15.915Z  read  3   292.2     7.9    28.3    58.7  1275.1
2020-09-30T23:39:15.912Z  read  3   319.5     7.1    25.2    52.4  1811.9
2020-09-30T23:40:15.908Z  read  3   567.9     5.0    15.7    32.5   268.4
2020-09-30T23:41:15.905Z  read  3   776.0     4.5    11.0    24.1   805.3
2020-09-30T23:42:15.901Z  read  3   983.5     4.1     7.6    14.2   872.4
2020-09-30T23:43:15.899Z  read  3  1068.6     4.1     7.1    11.0    52.4
2020-09-30T23:44:15.895Z  read  3   984.0     4.1     8.1    14.7   100.7
2020-09-30T23:45:15.892Z  read  3  1041.9     3.9     7.3    12.1    88.1
2020-09-30T23:46:15.888Z  read  3   970.7     4.1     7.9    15.2   771.8
2020-09-30T23:47:15.885Z  read  3  1014.8     3.9     7.6    14.2   604.0
2020-09-30T23:48:15.881Z  read  3   332.7     7.1    31.5    79.7  1543.5
2020-09-30T23:49:15.878Z  read  3   308.2     8.9    33.6    75.5  1140.9
2020-09-30T23:50:15.874Z  read  3   300.9     8.1    32.5    75.5   486.5
2020-09-30T23:51:15.871Z  read  3   242.9    11.0    39.8    88.1   872.4
2020-09-30T23:52:15.868Z  read  3   218.7    11.0    39.8    92.3  1811.9
2020-09-30T23:53:15.865Z  read  3   229.1    11.5    37.7    79.7  1040.2
2020-09-30T23:54:15.861Z  read  3   245.7    10.0    37.7    79.7  1543.5
2020-09-30T23:55:15.858Z  read  3   194.2    11.5    41.9    83.9  1476.4
2020-09-30T23:56:15.854Z  read  3   191.0    12.1    44.0   100.7  1073.7
2020-09-30T23:57:15.851Z  read  3   201.3    12.6    41.9    83.9   385.9
2020-09-30T23:58:15.847Z  read  3   202.9    13.6    46.1    92.3   335.5
2020-09-30T23:59:15.844Z  read  3   193.9    11.5    41.9    92.3  1140.9
2020-10-01T00:00:15.841Z  read  3   207.6    11.5    39.8    83.9  1208.0
2020-10-01T00:01:15.837Z  read  3   195.0    12.1    41.9    83.9  1140.9
2020-10-01T00:02:15.834Z  read  3   217.9    12.6    39.8    83.9   385.9
2020-10-01T00:03:15.831Z  read  3   199.0    13.6    46.1   104.9  1275.1
2020-10-01T00:04:15.827Z  read  3   201.8    12.1    39.8    75.5   402.7
2020-10-01T00:05:15.824Z  read  3   208.8    12.1    39.8    79.7   469.8
2020-10-01T00:06:15.821Z  read  3   179.9    13.1    46.1    92.3   704.6
2020-10-01T00:07:15.817Z  read  3   198.7    13.1    46.1    88.1  1073.7
2020-10-01T00:08:15.814Z  read  3   129.0    13.6    46.1    96.5 12348.0
2020-10-01T00:09:15.810Z  read  3    82.8    13.1    88.1   385.9 11811.2
2020-10-01T00:10:15.807Z  read  3   247.2     8.4    29.4    60.8   738.2
2020-10-01T00:11:15.804Z  read  3   510.6     5.2    14.2    27.3    83.9
2020-10-01T00:12:15.800Z  read  3   681.6     5.2    13.6    26.2   771.8
2020-10-01T00:13:15.797Z  read  3   878.5     4.7     9.4    16.3   134.2
2020-10-01T00:14:15.793Z  read  3   945.4     4.2     8.4    14.7   117.4
2020-10-01T00:15:15.790Z  read  3   873.9     4.5     9.4    16.3  1040.2
2020-10-01T00:16:15.788Z  read  3   947.6     4.2     8.1    14.2   939.5
2020-10-01T00:17:15.784Z  read  3   807.2     5.0    11.0    18.9   604.0
2020-10-01T00:18:15.780Z  read  3   955.0     4.5     8.4    13.1   142.6
2020-10-01T00:19:15.777Z  read  3   958.6     4.5     8.4    14.2   117.4
2020-10-01T00:20:15.773Z  read  3   942.1     4.5     8.9    15.7   318.8
2020-10-01T00:21:15.770Z  read  3   939.0     4.5     8.9    14.2   604.0
2020-10-01T00:22:15.767Z  read  3   881.2     4.5     9.4    17.8   637.5
2020-10-01T00:23:15.763Z  read  3   938.5     4.5     8.9    15.2   100.7
2020-10-01T00:24:15.760Z  read  3   998.3     4.2     7.9    12.6    71.3
2020-10-01T00:25:15.757Z  read  3   922.7     4.5     8.9    15.2   637.5
2020-10-01T00:26:15.754Z  read  3   892.9     4.7    10.0    16.8   109.1
2020-10-01T00:27:15.750Z  read  3   991.7     4.5     7.9    12.6    65.0
2020-10-01T00:28:15.747Z  read  3   877.9     4.7     9.4    16.3   570.4
2020-10-01T00:29:15.744Z  read  3   898.5     4.5     9.4    15.7   104.9
2020-10-01T00:30:15.740Z  read  3  1010.9     4.2     7.9    12.1   142.6
2020-10-01T00:31:15.737Z  read  3   933.9     4.5     8.9    15.2   335.5
2020-10-01T00:32:15.733Z  read  3   925.3     4.5     8.9    15.7   436.2
2020-10-01T00:33:15.730Z  read  3   971.8     4.5     8.1    12.6    62.9
2020-10-01T00:34:15.727Z  read  3   935.2     4.5     8.9    15.2    79.7
2020-10-01T00:35:15.723Z  read  3   902.1     4.5     8.9    15.2   268.4
2020-10-01T00:36:15.720Z  read  3   982.9     4.5     7.9    12.1   159.4
2020-10-01T00:37:15.717Z  read  3   891.0     4.5     8.9    16.3   973.1
2020-10-01T00:38:15.714Z  read  3   900.5     4.5     8.9    16.3   486.5
2020-10-01T00:39:15.711Z  read  3   995.7     4.5     7.9    12.1    44.0
2020-10-01T00:40:15.707Z  read  3   930.5     4.5     8.9    15.7   100.7
2020-10-01T00:41:15.703Z  read  3   904.0     4.5     8.9    15.7   302.0
2020-10-01T00:42:15.700Z  read  3   999.9     4.2     7.9    12.1    50.3
2020-10-01T00:43:15.697Z  read  3   892.2     4.7     9.4    16.3    75.5
2020-10-01T00:44:15.693Z  read  3   820.9     5.0    11.0    22.0   218.1
2020-10-01T00:45:15.690Z  read  3   951.2     4.5     8.9    14.7    71.3
2020-10-01T00:46:15.687Z  read  3   902.7     4.5     8.9    16.3   906.0
2020-10-01T00:47:15.683Z  read  3   928.6     4.5     8.9    15.7   419.4
2020-10-01T00:48:15.681Z  read  3   971.4     4.5     7.9    13.1    58.7
2020-10-01T00:49:15.676Z  read  3   807.8     4.7    11.0    21.0   906.0
2020-10-01T00:50:15.673Z  read  3   953.1     4.5     8.4    13.6   671.1
2020-10-01T00:51:15.670Z  read  3   952.4     4.5     8.4    14.7   268.4
2020-10-01T00:52:15.667Z  read  3   902.6     4.5     8.9    16.3   604.0
2020-10-01T00:53:15.663Z  read  3   953.5     4.5     8.1    13.6   973.1
2020-10-01T00:54:15.659Z  read  3   938.5     4.5     8.4    14.2   738.2
2020-10-01T00:55:15.656Z  read  3   891.9     4.5     8.9    15.7   318.8
2020-10-01T00:56:15.653Z  read  3   977.8     4.5     8.1    13.6   385.9
2020-10-01T00:57:15.650Z  read  3   932.6     4.5     8.9    15.2   151.0
2020-10-01T00:58:15.647Z  read  3   778.7     5.0    11.0    19.9   939.5
2020-10-01T00:59:15.643Z  read  3   982.0     4.5     7.9    12.1    56.6
2020-10-01T01:00:15.639Z  read  3   862.4     4.7     9.4    16.3   570.4
2020-10-01T01:01:15.637Z  read  3   865.8     4.5     9.4    17.8   520.1
2020-10-01T01:02:15.633Z  read  3   993.3     4.5     7.9    12.1    52.4
2020-10-01T01:03:15.630Z  read  3   904.6     4.5     8.9    16.8   872.4
2020-10-01T01:04:15.626Z  read  3   922.4     4.5     8.9    15.2   285.2
2020-10-01T01:05:15.622Z  read  3   989.0     4.5     7.9    12.1    56.6
2020-10-01T01:06:15.619Z  read  3   914.1     4.5     8.9    16.3   243.3
2020-10-01T01:07:15.616Z  read  3   891.3     4.5     8.9    16.3   738.2
2020-10-01T01:08:15.612Z  read  3   707.8     4.7    11.5    26.2  6710.9
2020-10-01T01:09:15.609Z  read  3   631.2     4.7    12.6    35.7  7516.2
2020-10-01T01:10:15.606Z  read  3   657.1     5.0    13.1    30.4  6710.9
2020-10-01T01:11:15.603Z  read  3   860.1     4.7    10.0    15.7   121.6
2020-10-01T01:12:15.599Z  read  3  1010.0     4.1     7.9    12.1    44.0
2020-10-01T01:13:15.596Z  read  3   941.6     4.2     8.4    15.2   113.2
2020-10-01T01:14:15.592Z  read  3   946.9     4.5     8.9    15.7    60.8
2020-10-01T01:15:15.589Z  read  3  1026.9     4.1     7.9    12.6    56.6
2020-10-01T01:16:15.586Z  read  3  1002.7     4.1     7.9    13.6    62.9
2020-10-01T01:17:15.582Z  read  3   955.0     4.2     8.4    14.7   121.6
2020-10-01T01:18:15.579Z  read  3   977.4     4.2     8.1    13.6    79.7
2020-10-01T01:19:15.575Z  read  3  1012.9     4.1     7.6    12.6    60.8
2020-10-01T01:20:15.572Z  read  3   946.7     4.2     8.9    16.3   121.6
2020-10-01T01:21:15.569Z  read  3   975.6     4.2     8.4    14.2    67.1
2020-10-01T01:22:15.565Z  read  3  1050.6     4.1     7.6    11.5    48.2
2020-10-01T01:23:15.562Z  read  3   960.9     4.2     8.4    15.2   109.1
2020-10-01T01:24:15.559Z  read  3   961.6     4.2     8.4    14.7   117.4
2020-10-01T01:25:15.555Z  read  3  1021.5     4.2     7.6    12.1    65.0
2020-10-01T01:26:15.552Z  read  3   860.0     4.5    11.0    21.0   109.1
2020-10-01T01:27:15.550Z  read  3   980.7     4.2     8.4    13.6    83.9
2020-10-01T01:28:15.546Z  read  3  1044.4     4.1     7.6    11.5    52.4
2020-10-01T01:29:15.542Z  read  3   945.4     4.2     8.4    14.7    71.3
2020-10-01T01:30:15.539Z  read  3   944.9     4.2     8.4    14.2    79.7
2020-10-01T01:31:15.535Z  read  3  1021.0     4.1     7.9    13.1    71.3
2020-10-01T01:32:15.532Z  read  3   902.3     4.5     9.4    16.3    75.5
2020-10-01T01:33:15.528Z  read  3   922.1     4.2     8.9    16.3   109.1
2020-10-01T01:34:15.525Z  read  3  1023.5     4.1     7.6    12.6    83.9
2020-10-01T01:35:15.522Z  read  3   998.2     4.2     7.9    13.1    79.7
2020-10-01T01:36:15.519Z  read  3   965.9     4.2     8.4    14.7   121.6
2020-10-01T01:37:15.515Z  read  3   994.9     4.2     8.1    13.1    83.9
2020-10-01T01:38:15.512Z  read  3  1014.3     4.1     7.6    12.6    88.1
2020-10-01T01:39:15.509Z  read  3   957.5     4.2     8.4    14.7   100.7
2020-10-01T01:40:15.506Z  read  3   924.8     4.5     8.9    15.2    88.1
2020-10-01T01:41:15.502Z  read  3  1020.5     4.2     7.6    12.1    54.5
2020-10-01T01:42:15.498Z  read  3   948.3     4.5     8.9    14.7   142.6
2020-10-01T01:43:15.495Z  read  3   888.4     4.5    10.0    17.8    88.1
2020-10-01T01:44:15.491Z  read  3   992.2     4.2     8.1    13.6    62.9
2020-10-01T01:45:15.488Z  read  3   935.8     4.2     8.9    16.3    71.3
2020-10-01T01:46:15.485Z  read  3   973.3     4.2     8.4    14.7   109.1
2020-10-01T01:47:15.481Z  read  3  1037.7     4.1     7.6    12.1    56.6
2020-10-01T01:48:15.478Z  read  3   947.5     4.2     8.4    14.7   113.2
2020-10-01T01:49:15.474Z  read  3   944.7     4.2     8.9    15.2    71.3
2020-10-01T01:50:15.471Z  read  3  1030.4     4.1     7.6    12.6    60.8
2020-10-01T01:51:15.468Z  read  3   963.4     4.2     8.4    14.2   113.2
2020-10-01T01:52:15.466Z  read  3   970.3     4.2     8.4    15.2   100.7
2020-10-01T01:53:15.461Z  read  3  1018.9     4.2     7.9    12.1    71.3
2020-10-01T01:54:15.458Z  read  3   970.6     4.2     8.1    14.7    71.3
2020-10-01T01:55:15.455Z  read  3   957.4     4.2     8.4    15.2    88.1
2020-10-01T01:56:15.451Z  read  3   988.3     4.2     8.1    13.6    75.5
2020-10-01T01:57:15.447Z  read  3   983.2     4.2     8.1    13.6   100.7
2020-10-01T01:58:15.444Z  read  3   924.0     4.5     8.9    15.7   113.2
2020-10-01T01:59:15.441Z  read  3   972.7     4.2     8.1    14.2   121.6
2020-10-01T02:00:15.437Z  read  3   989.9     4.2     7.9    13.1    88.1
2020-10-01T02:01:15.434Z  read  3   939.0     4.2     8.9    15.7   109.1
2020-10-01T02:02:15.431Z  read  3   975.3     4.2     8.4    14.2    92.3
2020-10-01T02:03:15.427Z  read  3  1011.5     4.2     7.9    12.6    52.4
2020-10-01T02:04:15.424Z  read  3   946.6     4.2     8.9    16.3    96.5
2020-10-01T02:05:15.421Z  read  3   943.7     4.5     8.9    15.7   176.2
2020-10-01T02:06:15.417Z  read  3  1022.6     4.2     7.6    13.1    60.8
2020-10-01T02:07:15.414Z  read  3   927.0     4.5     8.9    17.8   159.4
2020-10-01T02:08:15.410Z  read  3   737.3     4.5     9.4    16.8  6979.3
2020-10-01T02:09:15.407Z  read  3   527.1     5.2    12.1    30.4  8589.9
2020-10-01T02:10:15.404Z  read  3   907.8     4.7     9.4    15.7    71.3
2020-10-01T02:11:15.400Z  read  3   995.2     4.2     7.9    12.6    67.1
2020-10-01T02:12:15.397Z  read  3   879.1     4.5    10.0    17.8    65.0
2020-10-01T02:13:15.394Z  read  3   960.3     4.2     8.4    14.2    75.5
2020-10-01T02:14:15.390Z  read  3  1011.3     4.2     7.6    12.6    62.9
2020-10-01T02:15:15.387Z  read  3   939.5     4.5     8.9    15.2   167.8
2020-10-01T02:16:15.383Z  read  3   950.8     4.5     8.4    14.7    71.3
2020-10-01T02:17:15.380Z  read  3  1007.5     4.2     7.9    12.1    52.4
2020-10-01T02:18:15.376Z  read  3   937.1     4.2     8.9    16.3    71.3
2020-10-01T02:19:15.374Z  read  3   960.6     4.2     8.4    15.2   268.4
2020-10-01T02:20:15.370Z  read  3  1024.5     4.2     7.6    11.5    48.2
2020-10-01T02:21:15.366Z  read  3   924.4     4.5     8.9    16.3    71.3
2020-10-01T02:22:15.363Z  read  3   904.5     4.5     8.9    15.7   260.0
2020-10-01T02:23:15.360Z  read  3  1020.1     4.2     7.6    11.5   218.1
2020-10-01T02:24:15.356Z  read  3   953.8     4.5     8.9    15.2   100.7
2020-10-01T02:25:15.353Z  read  3   927.3     4.5     8.9    16.8   100.7
2020-10-01T02:26:15.349Z  read  3  1020.7     4.2     7.6    12.1   192.9
2020-10-01T02:27:15.346Z  read  3   945.7     4.2     8.4    14.7    62.9
2020-10-01T02:28:15.343Z  read  3   938.7     4.5     8.4    15.7   234.9
2020-10-01T02:29:15.340Z  read  3  1011.3     4.2     7.9    12.6   226.5
2020-10-01T02:30:15.336Z  read  3   972.2     4.2     8.4    14.7   260.0
2020-10-01T02:31:15.333Z  read  3   929.6     4.5     8.9    15.7    88.1
2020-10-01T02:32:15.329Z  read  3   999.8     4.2     7.9    13.1    58.7
2020-10-01T02:33:15.326Z  read  3   980.3     4.2     8.1    14.2    96.5
2020-10-01T02:34:15.322Z  read  3   944.8     4.5     8.9    15.7   318.8
2020-10-01T02:35:15.319Z  read  3   953.7     4.2     8.4    15.7    60.8
2020-10-01T02:36:15.315Z  read  3   934.3     4.5     8.9    14.7    71.3
2020-10-01T02:37:15.312Z  read  3   906.9     4.5     9.4    16.8   285.2
2020-10-01T02:38:15.309Z  read  3   968.5     4.2     8.4    14.7   109.1
2020-10-01T02:39:15.305Z  read  3   979.3     4.2     8.1    13.1    96.5
2020-10-01T02:40:15.302Z  read  3   901.5     4.5     8.9    16.3   113.2
2020-10-01T02:41:15.299Z  read  3   965.1     4.5     8.4    14.2   335.5
2020-10-01T02:42:15.295Z  read  3   974.3     4.2     8.1    13.6   130.0
2020-10-01T02:43:15.292Z  read  3   912.3     4.5     9.4    17.8   113.2
2020-10-01T02:44:15.288Z  read  3   956.8     4.5     8.4    14.2    67.1
2020-10-01T02:45:15.285Z  read  3   986.1     4.2     8.1    13.1    71.3
2020-10-01T02:46:15.282Z  read  3   924.5     4.5     8.9    15.7   184.5
2020-10-01T02:47:15.278Z  read  3   950.5     4.2     8.4    14.7   176.2
2020-10-01T02:48:15.275Z  read  3  1006.5     4.2     7.9    13.1    75.5
2020-10-01T02:49:15.272Z  read  3   950.2     4.2     8.4    14.7    71.3
2020-10-01T02:50:15.268Z  read  3   957.7     4.5     8.4    14.7    79.7
2020-10-01T02:50:54.095Z  read  3  1077.6     4.2     7.9    12.6    46.1
