TIME                     OPNAM  # OPS/SEC p50(ms) p95(ms) p99(ms)    pMax
2020-09-30T18:38:26.200Z write  3   300.9     5.5    12.1    22.0   402.7
2020-09-30T18:39:26.196Z write  3   278.3     5.5    12.1    22.0   503.3
2020-09-30T18:40:26.193Z write  3   272.4     5.2    11.0    19.9   604.0
2020-09-30T18:41:26.190Z write  3   268.2     5.2    11.0    19.9   536.9
2020-09-30T18:42:26.186Z write  3   261.1     5.5    11.0    18.9   570.4
2020-09-30T18:43:26.183Z write  3   243.2     5.5    11.5    22.0   453.0
2020-09-30T18:44:26.179Z write  3   245.8     5.5    11.0    21.0   570.4
2020-09-30T18:45:26.176Z write  3   247.5     5.5    10.5    18.9    75.5
2020-09-30T18:46:26.173Z write  3   237.5     5.5    11.0    21.0   285.2
2020-09-30T18:47:26.169Z write  3   234.0     5.5    11.5    22.0   536.9
2020-09-30T18:48:26.167Z write  3   239.6     5.5    11.0    18.9   318.8
2020-09-30T18:49:26.162Z write  3   228.5     5.8    12.1    22.0   604.0
2020-09-30T18:50:26.159Z write  3   229.8     5.8    11.5    19.9   503.3
2020-09-30T18:51:26.156Z write  3   238.0     5.5    11.0    18.9   570.4
2020-09-30T18:52:26.152Z write  3   216.8     5.8    12.1    24.1   570.4
2020-09-30T18:53:26.149Z write  3   229.3     5.8    11.5    21.0   604.0
2020-09-30T18:54:26.146Z write  3   237.5     5.8    10.5    17.8   486.5
2020-09-30T18:55:26.142Z write  3   211.7     5.8    13.1    24.1   604.0
2020-09-30T18:56:26.139Z write  3   147.3     8.1    19.9    32.5   121.6
2020-09-30T18:57:26.136Z write  3   134.5     8.9    22.0    39.8   570.4
2020-09-30T18:58:26.132Z write  3   176.1     7.1    16.3    28.3    75.5
2020-09-30T18:59:26.129Z write  3   212.8     6.0    12.6    24.1   637.5
2020-09-30T19:00:26.126Z write  3   225.4     6.0    11.5    21.0    67.1
2020-09-30T19:01:26.122Z write  3   222.8     6.0    11.5    22.0   503.3
2020-09-30T19:02:26.120Z write  3   226.0     5.8    12.6    22.0    79.7
2020-09-30T19:03:26.116Z write  3   231.3     5.8    11.0    19.9   570.4
2020-09-30T19:04:26.112Z write  3   224.3     5.8    11.5    22.0   637.5
2020-09-30T19:05:26.109Z write  3   223.7     5.8    12.1    22.0   604.0
2020-09-30T19:06:26.105Z write  3   233.8     5.8    11.0    19.9   570.4
2020-09-30T19:07:26.103Z write  3   228.3     5.8    11.5    22.0   234.9
2020-09-30T19:08:26.099Z write  3   205.9     5.8    12.1    21.0  3355.4
2020-09-30T19:09:26.095Z write  3   196.7     5.8    11.5    21.0  5368.7
2020-09-30T19:10:26.093Z write  3   201.7     5.8    12.6    26.2  4160.7
2020-09-30T19:11:26.089Z write  3   226.9     5.8    11.0    22.0   570.4
2020-09-30T19:12:26.085Z write  3   217.2     5.8    12.1    23.1   503.3
2020-09-30T19:13:26.082Z write  3   152.6     8.1    19.9    32.5    71.3
2020-09-30T19:14:26.079Z write  3   138.1     8.9    22.0    37.7   243.3
2020-09-30T19:15:26.075Z write  3   163.2     7.6    18.9    32.5   604.0
2020-09-30T19:16:26.072Z write  3   212.2     6.3    13.1    24.1   604.0
2020-09-30T19:17:26.069Z write  3   228.6     6.0    12.1    21.0   436.2
2020-09-30T19:18:26.065Z write  3   237.5     5.8    10.5    18.9   570.4
2020-09-30T19:19:26.062Z write  3   217.1     6.0    12.1    24.1   637.5
2020-09-30T19:20:26.059Z write  3   228.5     5.8    12.1    21.0   369.1
2020-09-30T19:21:26.055Z write  3   231.9     5.8    11.0    21.0   671.1
2020-09-30T19:22:26.052Z write  3   217.0     5.8    12.1    25.2   536.9
2020-09-30T19:23:26.049Z write  3   233.8     5.8    11.5    21.0   268.4
2020-09-30T19:24:26.046Z write  3   236.4     5.8    11.0    18.9   318.8
2020-09-30T19:25:26.042Z write  3   217.4     5.8    12.1    23.1   771.8
2020-09-30T19:26:26.039Z write  3   237.3     5.5    11.0    18.9   570.4
2020-09-30T19:27:26.035Z write  3   228.9     5.8    11.0    19.9   738.2
2020-09-30T19:28:26.032Z write  3   226.1     5.8    12.1    22.0   771.8
2020-09-30T19:29:26.028Z write  3   239.1     5.8    11.0    18.9    96.5
2020-09-30T19:30:26.025Z write  3   229.5     5.8    11.5    23.1   570.4
2020-09-30T19:31:26.022Z write  3   174.2     5.8    13.1    27.3  3489.7
2020-09-30T19:32:26.019Z write  3    89.3     7.3    30.4   226.5  2684.4
2020-09-30T19:33:26.015Z write  3   117.3     7.3    26.2    83.9  2147.5
2020-09-30T19:34:26.012Z write  3   134.4     7.3    24.1    75.5   604.0
2020-09-30T19:35:26.009Z write  3   143.2     7.6    22.0    54.5   704.6
2020-09-30T19:36:26.006Z write  3   128.5     7.6    26.2   104.9   704.6
2020-09-30T19:37:26.002Z write  3   132.0     7.3    26.2    92.3  1275.1
2020-09-30T19:38:25.998Z write  3   124.0     8.1    27.3    92.3   604.0
2020-09-30T19:39:25.995Z write  3   120.8     8.1    28.3   121.6   704.6
2020-09-30T19:40:25.992Z write  3   113.5     7.9    32.5   436.2  1006.6
2020-09-30T19:41:25.989Z write  3   121.3     8.1    29.4   385.9   771.8
2020-09-30T19:42:25.985Z write  3   104.6     8.9    35.7   243.3  1040.2
2020-09-30T19:43:25.982Z write  3   134.2     7.9    26.2   243.3   704.6
2020-09-30T19:44:25.978Z write  3   116.8     8.9    31.5   285.2   704.6
2020-09-30T19:45:25.975Z write  3   129.0     7.9    26.2   285.2  1409.3
2020-09-30T19:46:25.972Z write  3   132.6     7.9    25.2   184.5   738.2
2020-09-30T19:47:25.968Z write  3   125.3     7.6    27.3   352.3  1342.2
2020-09-30T19:48:25.965Z write  3   145.4     7.3    23.1   268.4   738.2
2020-09-30T19:49:25.962Z write  3   134.8     7.6    24.1   318.8   738.2
2020-09-30T19:50:25.959Z write  3   140.7     7.9    25.2    92.3   738.2
2020-09-30T19:51:25.955Z write  3   136.7     7.3    25.2   268.4   771.8
2020-09-30T19:52:25.952Z write  3   145.8     7.3    26.2   268.4   671.1
2020-09-30T19:53:25.949Z write  3   142.3     7.1    25.2   302.0   671.1
2020-09-30T19:54:25.945Z write  3   129.0     7.6    30.4   486.5   738.2
2020-09-30T19:55:25.942Z write  3   132.2     7.3    27.3   503.3  1073.7
2020-09-30T19:56:25.939Z write  3   140.3     7.3    26.2   486.5   738.2
2020-09-30T19:57:25.935Z write  3   126.4     7.9    29.4   503.3   738.2
2020-09-30T19:58:25.932Z write  3   147.1     7.1    24.1   486.5   771.8
2020-09-30T19:59:25.929Z write  3   156.2     6.8    22.0   335.5   872.4
2020-09-30T20:00:25.925Z write  3   145.9     6.8    24.1   402.7   771.8
2020-09-30T20:01:25.922Z write  3   136.5     7.3    28.3   243.3   671.1
2020-09-30T20:02:25.919Z write  3   160.5     6.8    21.0   318.8   738.2
2020-09-30T20:03:25.915Z write  3   207.5     5.5    15.2    48.2   738.2
2020-09-30T20:04:25.912Z write  3   281.2     5.2     8.9    14.7    48.2
2020-09-30T20:05:25.909Z write  3   278.8     5.0     8.9    14.2   184.5
2020-09-30T20:06:25.906Z write  3   271.3     5.2     8.9    16.3   243.3
2020-09-30T20:07:25.902Z write  3   282.9     5.2     8.4    13.1    65.0
2020-09-30T20:08:25.900Z write  3   215.3     5.2    11.5    22.0  6174.0
2020-09-30T20:09:25.895Z write  3   195.7     5.2    10.0    18.9  4831.8
2020-09-30T20:10:25.892Z write  3   258.1     5.2    10.0    16.8   125.8
2020-09-30T20:11:25.889Z write  3   293.0     5.0     8.9    14.7    75.5
2020-09-30T20:12:25.886Z write  3   302.3     5.0     8.4    14.2    67.1
2020-09-30T20:13:25.882Z write  3   296.0     5.0     8.9    15.2    79.7
2020-09-30T20:14:25.880Z write  3   299.9     5.0     8.9    15.2   134.2
2020-09-30T20:15:25.876Z write  3   301.7     5.0     8.4    13.6    88.1
2020-09-30T20:16:25.872Z write  3   292.7     5.0     8.9    17.8   419.4
2020-09-30T20:17:25.870Z write  3   300.1     5.0     8.4    14.2   113.2
2020-09-30T20:18:25.866Z write  3   297.2     5.0     8.4    14.2   134.2
2020-09-30T20:19:25.862Z write  3   288.8     5.0     8.9    15.7    96.5
2020-09-30T20:20:25.859Z write  3   295.5     5.0     8.9    14.7    75.5
2020-09-30T20:21:25.856Z write  3   292.5     5.0     8.9    14.2   436.2
2020-09-30T20:22:25.853Z write  3   289.5     5.0     8.9    15.2   637.5
2020-09-30T20:23:25.849Z write  3   293.0     5.0     8.4    13.6   209.7
2020-09-30T20:24:25.846Z write  3   290.4     5.0     8.9    15.2   125.8
2020-09-30T20:25:25.844Z write  3   273.9     5.0     9.4    18.9   570.4
2020-09-30T20:26:25.839Z write  3   302.7     5.0     8.1    13.1    56.6
2020-09-30T20:27:25.837Z write  3   280.2     5.0     8.9    17.8   604.0
2020-09-30T20:28:25.833Z write  3   286.8     5.0     8.9    16.3   335.5
2020-09-30T20:29:25.829Z write  3   299.8     5.0     8.1    13.6    60.8
2020-09-30T20:30:25.826Z write  3   276.8     5.0     8.9    16.8   637.5
2020-09-30T20:31:25.823Z write  3   281.8     5.2     9.4    16.3    88.1
2020-09-30T20:32:25.819Z write  3   269.4     5.0     8.4    14.2  4295.0
2020-09-30T20:33:25.817Z write  3   284.7     5.0     9.4    17.8   604.0
2020-09-30T20:34:25.813Z write  3   297.0     5.0     8.4    14.2   536.9
2020-09-30T20:35:25.809Z write  3   291.3     5.0     8.9    15.2   604.0
2020-09-30T20:36:25.806Z write  3   280.2     5.0     9.4    17.8   486.5
2020-09-30T20:37:25.803Z write  3   309.6     5.0     7.9    13.1    71.3
2020-09-30T20:38:25.800Z write  3   291.3     5.0     8.9    16.3   604.0
2020-09-30T20:39:25.796Z write  3   292.8     5.0     8.9    15.7   570.4
2020-09-30T20:40:25.793Z write  3   299.5     5.0     8.9    16.3    75.5
2020-09-30T20:41:25.790Z write  3   292.6     5.0     8.9    15.2   637.5
2020-09-30T20:42:25.786Z write  3   284.3     5.0     8.9    15.7   570.4
2020-09-30T20:43:25.783Z write  3   302.2     5.0     8.1    12.6   637.5
2020-09-30T20:44:25.780Z write  3   285.7     5.0     8.9    16.8   637.5
2020-09-30T20:45:25.777Z write  3   289.1     5.0     8.9    15.7   520.1
2020-09-30T20:46:25.774Z write  3   304.6     4.7     7.9    12.6    48.2
2020-09-30T20:47:25.770Z write  3   282.8     5.0     8.9    17.8   570.4
2020-09-30T20:48:25.767Z write  3   289.4     5.0     8.4    16.3   486.5
2020-09-30T20:49:25.764Z write  3   297.3     4.7     8.1    13.6   570.4
2020-09-30T20:50:25.760Z write  3   287.6     4.7     8.9    15.7   570.4
2020-09-30T20:51:25.757Z write  3   287.3     4.7     8.1    15.2   570.4
2020-09-30T20:52:25.753Z write  3   297.9     4.7     8.1    14.2   570.4
2020-09-30T20:53:25.750Z write  3   281.2     5.0     8.9    17.8   671.1
2020-09-30T20:54:25.747Z write  3   297.6     4.7     8.1    13.6   704.6
2020-09-30T20:55:25.744Z write  3   286.4     5.0     8.4    15.2   704.6
2020-09-30T20:56:25.740Z write  3   285.0     4.7     8.9    16.8   302.0
2020-09-30T20:57:25.737Z write  3   303.2     4.7     7.6    12.1    92.3
2020-09-30T20:58:25.734Z write  3   278.4     5.0     8.9    17.8   704.6
2020-09-30T20:59:25.730Z write  3   276.3     5.0     8.9    16.8   604.0
2020-09-30T21:00:25.727Z write  3   294.3     5.0     7.9    13.1   503.3
2020-09-30T21:01:25.724Z write  3   280.4     5.0     8.9    16.3   570.4
2020-09-30T21:02:25.720Z write  3   287.2     5.0     8.4    15.2   570.4
2020-09-30T21:03:25.717Z write  3   298.6     4.7     7.9    12.1   536.9
2020-09-30T21:04:25.713Z write  3   273.7     5.0     8.9    17.8   570.4
2020-09-30T21:05:25.710Z write  3   292.1     4.7     7.9    14.2   536.9
2020-09-30T21:06:25.707Z write  3   290.3     5.0     8.4    14.7   520.1
2020-09-30T21:07:25.703Z write  3   275.5     5.0     8.4    15.7   671.1
2020-09-30T21:08:25.700Z write  3   271.6     4.7     8.1    14.7  7784.6
2020-09-30T21:09:25.696Z write  3   155.9     5.0    10.5    26.2  7516.2
2020-09-30T21:10:25.693Z write  3   156.9     5.8    19.9    56.6   704.6
2020-09-30T21:11:25.689Z write  3   155.4     6.0    23.1    65.0   906.0
2020-09-30T21:12:25.687Z write  3   124.0     6.8    28.3   151.0  1811.9
2020-09-30T21:13:25.683Z write  3   194.5     5.8    14.7    50.3   738.2
2020-09-30T21:14:25.680Z write  3   197.5     5.8    15.7    52.4   637.5
2020-09-30T21:15:25.676Z write  3   191.2     5.8    17.8    46.1   637.5
2020-09-30T21:16:25.673Z write  3   184.6     5.8    19.9    54.5   872.4
2020-09-30T21:17:25.670Z write  3   162.9     6.0    19.9   302.0  1409.3
2020-09-30T21:18:25.667Z write  3   174.5     5.8    18.9   302.0   771.8
2020-09-30T21:19:25.663Z write  3   171.7     6.0    17.8   243.3   771.8
2020-09-30T21:20:25.659Z write  3   185.9     5.8    17.8    83.9   771.8
2020-09-30T21:21:25.656Z write  3   161.9     6.0    22.0   419.4   838.9
2020-09-30T21:22:25.653Z write  3   181.2     5.5    17.8   302.0   771.8
2020-09-30T21:23:25.649Z write  3   159.6     6.0    19.9   260.0   771.8
2020-09-30T21:24:25.646Z write  3   157.8     6.0    18.9   402.7   906.0
2020-09-30T21:25:25.643Z write  3   168.8     6.0    17.8   167.8   771.8
2020-09-30T21:26:25.639Z write  3   159.0     6.3    19.9   167.8   671.1
2020-09-30T21:27:25.637Z write  3   184.9     5.8    17.8    75.5   637.5
2020-09-30T21:28:25.632Z write  3   146.4     6.3    19.9   335.5  1275.1
2020-09-30T21:29:25.629Z write  3   171.3     5.5    19.9   352.3   771.8
2020-09-30T21:30:25.626Z write  3   185.5     5.8    16.3   104.9   939.5
2020-09-30T21:31:25.622Z write  3   169.1     5.8    19.9   352.3   771.8
2020-09-30T21:32:25.619Z write  3   174.7     5.5    17.8   318.8  2080.4
2020-09-30T21:33:25.616Z write  3   248.4     4.7     8.1    13.6  9126.8
2020-09-30T21:34:25.612Z write  3   310.4     4.7     7.6    12.6    46.1
2020-09-30T21:35:25.609Z write  3   294.1     4.7     8.1    13.6   402.7
2020-09-30T21:36:25.605Z write  3   294.1     4.7     8.4    14.2    79.7
2020-09-30T21:37:25.602Z write  3   301.7     4.7     7.9    13.1   100.7
2020-09-30T21:38:25.599Z write  3   299.8     4.5     7.6    13.6   486.5
2020-09-30T21:39:25.595Z write  3   317.6     4.5     7.3    11.5    65.0
2020-09-30T21:40:25.592Z write  3   310.6     4.5     7.3    11.5    65.0
2020-09-30T21:41:25.589Z write  3   309.4     4.5     7.3    12.1    71.3
2020-09-30T21:42:25.585Z write  3   304.5     4.5     7.6    12.6   385.9
2020-09-30T21:43:25.582Z write  3   303.4     4.5     7.3    12.6   352.3
2020-09-30T21:44:25.579Z write  3   310.1     4.5     7.9    13.1    71.3
2020-09-30T21:45:25.575Z write  3   308.8     4.5     7.3    12.6   453.0
2020-09-30T21:46:25.573Z write  3   309.4     4.5     7.3    12.6    88.1
2020-09-30T21:47:25.569Z write  3   315.0     4.5     7.3    11.5    83.9
2020-09-30T21:48:25.565Z write  3   300.2     4.7     7.9    13.1   234.9
2020-09-30T21:49:25.562Z write  3   301.3     4.5     7.3    13.1   184.5
2020-09-30T21:50:25.559Z write  3   286.6     4.7     8.4    14.2   167.8
2020-09-30T21:51:25.555Z write  3   271.0     4.7     7.9    16.3   872.4
2020-09-30T21:52:25.552Z write  3   266.8     4.7     8.4    14.7   872.4
2020-09-30T21:53:25.548Z write  3   267.8     5.0     9.4    16.8   637.5
2020-09-30T21:54:25.545Z write  3   300.7     4.7     7.6    12.1    75.5
2020-09-30T21:55:25.542Z write  3   298.2     4.5     7.6    14.7   151.0
2020-09-30T21:56:25.538Z write  3   301.8     4.5     7.6    14.2   520.1
2020-09-30T21:57:25.536Z write  3   300.6     4.5     7.6    12.6   671.1
2020-09-30T21:58:25.532Z write  3   316.3     4.5     7.3    12.1   243.3
2020-09-30T21:59:25.528Z write  3   303.2     4.5     7.9    14.7   604.0
2020-09-30T22:00:25.525Z write  3   303.2     4.5     7.3    13.1   176.2
2020-09-30T22:01:25.521Z write  3   303.8     4.5     7.6    12.1    79.7
2020-09-30T22:02:25.519Z write  3   304.5     4.5     7.3    13.1   130.0
2020-09-30T22:03:25.515Z write  3   304.2     4.5     7.6    13.1   570.4
2020-09-30T22:04:25.511Z write  3   297.9     4.7     7.9    14.2   134.2
2020-09-30T22:05:25.508Z write  3   297.6     4.5     7.6    13.6   604.0
2020-09-30T22:06:25.505Z write  3   299.8     4.5     7.3    13.1   503.3
2020-09-30T22:07:25.501Z write  3   302.4     4.5     7.6    12.6    65.0
2020-09-30T22:08:25.498Z write  3   246.3     4.7     8.4    17.8  5368.7
2020-09-30T22:09:25.495Z write  3   191.0     4.7    10.0    22.0  5637.1
2020-09-30T22:10:25.491Z write  3   291.7     4.7     7.9    13.6   469.8
2020-09-30T22:11:25.488Z write  3   258.9     4.7     7.6    13.1  5368.7
2020-09-30T22:12:25.485Z write  3   308.6     4.5     7.6    13.6   130.0
2020-09-30T22:13:25.482Z write  3   324.2     4.5     7.3    12.1    67.1
2020-09-30T22:14:25.478Z write  3   320.1     4.5     7.9    14.2   604.0
2020-09-30T22:15:25.474Z write  3   247.7     4.7    10.5    25.2  1342.2
2020-09-30T22:16:25.471Z write  3   177.3     5.5    16.3    67.1  1140.9
2020-09-30T22:17:25.467Z write  3   202.4     5.2    13.1    35.7  2147.5
2020-09-30T22:18:25.464Z write  3   199.7     5.5    15.7    54.5   671.1
2020-09-30T22:19:25.461Z write  3   211.7     5.2    15.2    35.7   604.0
2020-09-30T22:20:25.457Z write  3   197.5     5.2    15.7    62.9   838.9
2020-09-30T22:21:25.455Z write  3   205.4     5.0    15.2    67.1  1342.2
2020-09-30T22:22:25.452Z write  3   198.3     5.2    15.2    75.5   805.3
2020-09-30T22:23:25.447Z write  3   182.1     5.2    15.7   159.4  1140.9
2020-09-30T22:24:25.444Z write  3   193.1     5.2    17.8   218.1   738.2
2020-09-30T22:25:25.441Z write  3   199.1     5.5    15.2    48.2   805.3
2020-09-30T22:25:39.647Z write  2   158.2     6.6    21.0   100.7   604.0
