TIME                     OPNAM  # OPS/SEC p50(ms) p95(ms) p99(ms)    pMax
2020-09-30T18:38:26.200Z  read  3  1197.3     2.9     7.1    13.6   100.7
2020-09-30T18:39:26.196Z  read  3  1092.9     3.4     7.9    14.7   637.5
2020-09-30T18:40:26.193Z  read  3  1082.0     3.5     8.4    15.7    58.7
2020-09-30T18:41:26.190Z  read  3  1078.4     3.5     8.4    15.2   302.0
2020-09-30T18:42:26.186Z  read  3  1038.8     3.8     8.4    15.2    83.9
2020-09-30T18:43:26.183Z  read  3   983.9     3.9     9.4    16.8   113.2
2020-09-30T18:44:26.179Z  read  3   965.5     4.1     9.4    16.8   226.5
2020-09-30T18:45:26.176Z  read  3  1001.9     4.1     8.9    15.2    62.9
2020-09-30T18:46:26.173Z  read  3   954.2     4.2     9.4    16.8   121.6
2020-09-30T18:47:26.169Z  read  3   930.4     4.2    10.0    16.8   104.9
2020-09-30T18:48:26.167Z  read  3   972.4     4.2     8.9    15.7   260.0
2020-09-30T18:49:26.162Z  read  3   898.9     4.5    10.0    17.8   192.9
2020-09-30T18:50:26.159Z  read  3   923.8     4.5    10.0    17.8   318.8
2020-09-30T18:51:26.156Z  read  3   946.5     4.5     9.4    16.3    65.0
2020-09-30T18:52:26.152Z  read  3   879.3     4.5    10.0    18.9   117.4
2020-09-30T18:53:26.149Z  read  3   913.9     4.5     9.4    16.8   419.4
2020-09-30T18:54:26.146Z  read  3   942.3     4.5     8.9    15.7    65.0
2020-09-30T18:55:26.142Z  read  3   848.2     4.7    11.0    21.0   218.1
2020-09-30T18:56:26.139Z  read  3   600.7     6.6    16.3    29.4   260.0
2020-09-30T18:57:26.136Z  read  3   546.6     7.1    18.9    33.6   402.7
2020-09-30T18:58:26.132Z  read  3   708.3     5.5    14.2    25.2   184.5
2020-09-30T18:59:26.129Z  read  3   850.1     4.7    10.5    19.9   637.5
2020-09-30T19:00:26.126Z  read  3   915.3     4.5    10.0    17.8    88.1
2020-09-30T19:01:26.122Z  read  3   900.1     4.5    10.0    17.8    79.7
2020-09-30T19:02:26.120Z  read  3   898.2     4.5    10.0    18.9    75.5
2020-09-30T19:03:26.116Z  read  3   937.3     4.5     9.4    17.8   318.8
2020-09-30T19:04:26.112Z  read  3   898.7     4.5    10.0    18.9   226.5
2020-09-30T19:05:26.109Z  read  3   884.8     4.5    10.5    18.9   176.2
2020-09-30T19:06:26.105Z  read  3   935.6     4.5     9.4    15.7    65.0
2020-09-30T19:07:26.103Z  read  3   913.2     4.5    10.0    17.8   159.4
2020-09-30T19:08:26.099Z  read  3   832.2     4.5    10.0    17.8  3355.4
2020-09-30T19:09:26.095Z  read  3   785.9     4.7    10.0    17.8  5368.7
2020-09-30T19:10:26.093Z  read  3   806.9     4.5    10.5    21.0  4295.0
2020-09-30T19:11:26.089Z  read  3   905.7     4.5     9.4    17.8   671.1
2020-09-30T19:12:26.085Z  read  3   880.2     4.5     9.4    18.9   805.3
2020-09-30T19:13:26.082Z  read  3   606.6     6.6    16.8    29.4   100.7
2020-09-30T19:14:26.079Z  read  3   562.7     6.8    17.8    31.5   469.8
2020-09-30T19:15:26.075Z  read  3   654.2     6.0    15.2    27.3   151.0
2020-09-30T19:16:26.072Z  read  3   856.5     4.5    10.5    19.9   872.4
2020-09-30T19:17:26.069Z  read  3   904.5     4.5     9.4    17.8   419.4
2020-09-30T19:18:26.065Z  read  3   950.4     4.5     8.9    15.7   335.5
2020-09-30T19:19:26.062Z  read  3   875.7     4.5    10.0    19.9   419.4
2020-09-30T19:20:26.059Z  read  3   907.6     4.5    10.0    18.9   385.9
2020-09-30T19:21:26.055Z  read  3   933.6     4.5     8.9    16.8   184.5
2020-09-30T19:22:26.052Z  read  3   873.2     4.5    10.0    19.9   704.6
2020-09-30T19:23:26.049Z  read  3   945.4     4.2     9.4    16.8   570.4
2020-09-30T19:24:26.046Z  read  3   945.7     4.5     9.4    16.8   520.1
2020-09-30T19:25:26.042Z  read  3   871.6     4.5    10.0    18.9  1140.9
2020-09-30T19:26:26.039Z  read  3   960.6     4.2     8.9    16.3   704.6
2020-09-30T19:27:26.035Z  read  3   921.6     4.5     9.4    16.3   738.2
2020-09-30T19:28:26.032Z  read  3   898.3     4.5    10.0    17.8   469.8
2020-09-30T19:29:26.028Z  read  3   952.1     4.2     9.4    17.8   130.0
2020-09-30T19:30:26.025Z  read  3   912.4     4.5     9.4    17.8   302.0
2020-09-30T19:31:26.022Z  read  3   701.8     4.5    11.5    23.1  3489.7
2020-09-30T19:32:26.019Z  read  3   352.5     6.0    24.1    92.3  2684.4
2020-09-30T19:33:26.015Z  read  3   467.3     6.0    23.1    54.5  2281.7
2020-09-30T19:34:26.012Z  read  3   538.0     6.0    21.0    52.4   637.5
2020-09-30T19:35:26.009Z  read  3   574.5     6.0    17.8    35.7   453.0
2020-09-30T19:36:26.006Z  read  3   510.8     6.3    22.0    50.3   570.4
2020-09-30T19:37:26.002Z  read  3   530.8     5.5    21.0    48.2  1677.7
2020-09-30T19:38:25.998Z  read  3   492.1     6.3    23.1    52.4   503.3
2020-09-30T19:39:25.995Z  read  3   483.1     6.3    22.0    56.6   486.5
2020-09-30T19:40:25.992Z  read  3   446.5     5.8    18.9    46.1   805.3
2020-09-30T19:41:25.989Z  read  3   491.8     5.8    19.9    41.9   486.5
2020-09-30T19:42:25.985Z  read  3   417.6     6.8    25.2    62.9  1040.2
2020-09-30T19:43:25.982Z  read  3   534.7     5.8    17.8    35.7   503.3
2020-09-30T19:44:25.978Z  read  3   467.5     6.6    23.1    54.5   570.4
2020-09-30T19:45:25.975Z  read  3   517.0     5.8    18.9    35.7  1006.6
2020-09-30T19:46:25.972Z  read  3   539.7     5.8    18.9    35.7   419.4
2020-09-30T19:47:25.968Z  read  3   507.5     5.5    18.9    39.8   939.5
2020-09-30T19:48:25.965Z  read  3   576.1     5.0    15.2    31.5   637.5
2020-09-30T19:49:25.962Z  read  3   551.4     5.5    17.8    33.6   436.2
2020-09-30T19:50:25.959Z  read  3   561.6     5.5    17.8    35.7   536.9
2020-09-30T19:51:25.955Z  read  3   541.8     5.0    16.8    37.7   738.2
2020-09-30T19:52:25.952Z  read  3   573.9     5.0    16.8    35.7   486.5
2020-09-30T19:53:25.949Z  read  3   562.3     5.0    17.8    37.7   469.8
2020-09-30T19:54:25.945Z  read  3   519.7     5.0    15.7    37.7   536.9
2020-09-30T19:55:25.942Z  read  3   523.0     5.0    15.2    32.5  1140.9
2020-09-30T19:56:25.939Z  read  3   555.7     5.0    13.6    29.4   352.3
2020-09-30T19:57:25.935Z  read  3   509.5     5.2    16.3    33.6   604.0
2020-09-30T19:58:25.932Z  read  3   576.8     4.7    13.6    28.3   385.9
2020-09-30T19:59:25.929Z  read  3   626.7     4.5    13.6    29.4   486.5
2020-09-30T20:00:25.925Z  read  3   583.6     4.5    13.6    30.4  1073.7
2020-09-30T20:01:25.922Z  read  3   553.8     5.0    17.8    44.0   536.9
2020-09-30T20:02:25.919Z  read  3   644.5     4.7    13.1    29.4   436.2
2020-09-30T20:03:25.915Z  read  3   822.9     3.9    11.0    23.1   201.3
2020-09-30T20:04:25.912Z  read  3  1116.2     3.7     6.8    12.1   201.3
2020-09-30T20:05:25.909Z  read  3  1113.3     3.7     6.8    11.5   184.5
2020-09-30T20:06:25.906Z  read  3  1086.3     3.8     7.3    13.6   176.2
2020-09-30T20:07:25.902Z  read  3  1122.7     3.7     6.8    11.0    54.5
2020-09-30T20:08:25.900Z  read  3   859.8     3.9     9.4    21.0  6174.0
2020-09-30T20:09:25.895Z  read  3   783.8     4.1     8.1    15.7  6442.5
2020-09-30T20:10:25.892Z  read  3  1034.6     3.9     8.1    13.6   134.2
2020-09-30T20:11:25.889Z  read  3  1156.8     3.5     6.8    11.0    96.5
2020-09-30T20:12:25.886Z  read  3  1216.1     3.4     6.3    11.0    79.7
2020-09-30T20:13:25.882Z  read  3  1194.6     3.4     6.6    12.1    92.3
2020-09-30T20:14:25.880Z  read  3  1197.1     3.4     6.6    11.5    71.3
2020-09-30T20:15:25.876Z  read  3  1214.2     3.4     6.6    11.5   100.7
2020-09-30T20:16:25.872Z  read  3  1170.4     3.4     6.8    12.6   142.6
2020-09-30T20:17:25.870Z  read  3  1196.6     3.4     6.3    11.0    88.1
2020-09-30T20:18:25.866Z  read  3  1194.2     3.4     6.6    11.0   104.9
2020-09-30T20:19:25.862Z  read  3  1168.4     3.4     6.8    12.6    83.9
2020-09-30T20:20:25.859Z  read  3  1179.7     3.4     6.6    11.5    71.3
2020-09-30T20:21:25.856Z  read  3  1156.3     3.5     6.8    11.5    58.7
2020-09-30T20:22:25.853Z  read  3  1149.4     3.5     6.8    12.1    88.1
2020-09-30T20:23:25.849Z  read  3  1194.5     3.4     6.6    11.0   436.2
2020-09-30T20:24:25.846Z  read  3  1169.3     3.5     6.8    12.1    75.5
2020-09-30T20:25:25.844Z  read  3  1102.2     3.5     7.3    13.6    83.9
2020-09-30T20:26:25.839Z  read  3  1205.9     3.4     6.3    10.5    46.1
2020-09-30T20:27:25.837Z  read  3  1121.6     3.5     6.8    12.6   536.9
2020-09-30T20:28:25.833Z  read  3  1144.1     3.5     6.8    12.6   130.0
2020-09-30T20:29:25.829Z  read  3  1182.7     3.5     6.6    11.0    50.3
2020-09-30T20:30:25.826Z  read  3  1105.4     3.5     7.1    12.6    88.1
2020-09-30T20:31:25.823Z  read  3  1126.5     3.5     7.1    13.1   285.2
2020-09-30T20:32:25.819Z  read  3  1077.3     3.5     6.6    11.5  4295.0
2020-09-30T20:33:25.817Z  read  3  1128.3     3.4     7.1    13.6    92.3
2020-09-30T20:34:25.813Z  read  3  1198.3     3.4     6.6    11.0    75.5
2020-09-30T20:35:25.809Z  read  3  1167.5     3.4     6.8    12.6   352.3
2020-09-30T20:36:25.806Z  read  3  1141.2     3.4     7.1    13.6   184.5
2020-09-30T20:37:25.803Z  read  3  1228.7     3.3     6.3    10.5    65.0
2020-09-30T20:38:25.800Z  read  3  1140.2     3.4     6.8    12.1   184.5
2020-09-30T20:39:25.796Z  read  3  1166.0     3.4     6.8    12.1    60.8
2020-09-30T20:40:25.793Z  read  3  1194.9     3.4     6.6    12.6    71.3
2020-09-30T20:41:25.790Z  read  3  1157.3     3.4     6.8    11.5    71.3
2020-09-30T20:42:25.786Z  read  3  1153.7     3.4     6.8    13.1    83.9
2020-09-30T20:43:25.783Z  read  3  1207.2     3.4     6.3    10.5    88.1
2020-09-30T20:44:25.780Z  read  3  1139.4     3.4     7.1    13.1   100.7
2020-09-30T20:45:25.777Z  read  3  1160.5     3.4     6.8    12.1   218.1
2020-09-30T20:46:25.774Z  read  3  1222.4     3.4     6.6    10.5    50.3
2020-09-30T20:47:25.770Z  read  3  1139.9     3.4     7.1    13.1   117.4
2020-09-30T20:48:25.767Z  read  3  1164.4     3.4     6.8    12.6   385.9
2020-09-30T20:49:25.764Z  read  3  1189.7     3.4     6.6    11.0    58.7
2020-09-30T20:50:25.760Z  read  3  1157.6     3.4     7.1    12.6    96.5
2020-09-30T20:51:25.757Z  read  3  1143.2     3.4     6.8    12.6   302.0
2020-09-30T20:52:25.753Z  read  3  1187.1     3.4     6.6    12.1    62.9
2020-09-30T20:53:25.750Z  read  3  1111.3     3.5     7.6    14.2    71.3
2020-09-30T20:54:25.747Z  read  3  1170.8     3.5     6.8    11.5   302.0
2020-09-30T20:55:25.744Z  read  3  1146.9     3.5     6.8    12.6   318.8
2020-09-30T20:56:25.740Z  read  3  1144.2     3.5     7.1    13.1   109.1
2020-09-30T20:57:25.737Z  read  3  1203.0     3.4     6.6    10.5    67.1
2020-09-30T20:58:25.734Z  read  3  1127.4     3.5     7.3    13.6    71.3
2020-09-30T20:59:25.730Z  read  3  1120.8     3.5     7.3    13.6   113.2
2020-09-30T21:00:25.727Z  read  3  1175.4     3.5     6.6    11.0    54.5
2020-09-30T21:01:25.724Z  read  3  1137.8     3.5     7.1    12.6   151.0
2020-09-30T21:02:25.720Z  read  3  1138.6     3.5     7.1    12.6   201.3
2020-09-30T21:03:25.717Z  read  3  1189.1     3.5     6.6    10.5    44.0
2020-09-30T21:04:25.713Z  read  3  1104.7     3.5     7.3    13.6   218.1
2020-09-30T21:05:25.710Z  read  3  1158.5     3.5     6.8    12.1    67.1
2020-09-30T21:06:25.707Z  read  3  1154.7     3.5     6.8    12.1    92.3
2020-09-30T21:07:25.703Z  read  3  1105.8     3.5     7.1    13.1   419.4
2020-09-30T21:08:25.700Z  read  3  1083.2     3.5     6.8    12.6  7247.8
2020-09-30T21:09:25.696Z  read  3   626.5     4.1    10.0    24.1  7784.6
2020-09-30T21:10:25.693Z  read  3   623.9     4.7    16.8    35.7  2550.1
2020-09-30T21:11:25.689Z  read  3   627.2     4.5    18.9    37.7   771.8
2020-09-30T21:12:25.687Z  read  3   503.5     5.2    21.0    50.3  1811.9
2020-09-30T21:13:25.683Z  read  3   780.1     4.1    11.5    24.1  1006.6
2020-09-30T21:14:25.680Z  read  3   792.8     3.9    11.5    25.2   637.5
2020-09-30T21:15:25.676Z  read  3   760.2     3.9    13.6    28.3   604.0
2020-09-30T21:16:25.673Z  read  3   738.5     3.9    13.6    29.4  1040.2
2020-09-30T21:17:25.670Z  read  3   645.3     4.1    14.2    30.4  1342.2
2020-09-30T21:18:25.667Z  read  3   708.7     3.9    12.6    26.2   469.8
2020-09-30T21:19:25.663Z  read  3   692.9     4.1    12.6    26.2   805.3
2020-09-30T21:20:25.659Z  read  3   739.3     3.9    12.6    26.2   243.3
2020-09-30T21:21:25.656Z  read  3   646.9     4.1    12.6    26.2   218.1
2020-09-30T21:22:25.653Z  read  3   734.4     3.8    11.5    25.2   402.7
2020-09-30T21:23:25.649Z  read  3   629.8     4.7    14.7    29.4   402.7
2020-09-30T21:24:25.646Z  read  3   638.0     4.5    12.6    25.2   604.0
2020-09-30T21:25:25.643Z  read  3   669.8     4.5    13.6    27.3   771.8
2020-09-30T21:26:25.639Z  read  3   644.9     4.7    14.7    30.4   939.5
2020-09-30T21:27:25.637Z  read  3   745.5     4.1    13.1    26.2   419.4
2020-09-30T21:28:25.632Z  read  3   584.9     4.7    14.7    33.6   906.0
2020-09-30T21:29:25.629Z  read  3   679.2     3.9    12.6    29.4   704.6
2020-09-30T21:30:25.626Z  read  3   737.7     3.9    12.1    25.2   838.9
2020-09-30T21:31:25.622Z  read  3   675.1     3.8    12.6    26.2  2147.5
2020-09-30T21:32:25.619Z  read  3   701.6     4.1    11.5    24.1  2013.3
2020-09-30T21:33:25.616Z  read  3   985.0     3.5     6.8    11.0 13421.8
2020-09-30T21:34:25.612Z  read  3  1222.3     3.4     6.3    10.5   167.8
2020-09-30T21:35:25.609Z  read  3  1172.5     3.4     6.8    11.5   335.5
2020-09-30T21:36:25.605Z  read  3  1169.2     3.4     7.1    12.1   369.1
2020-09-30T21:37:25.602Z  read  3  1205.1     3.4     6.8    11.5   113.2
2020-09-30T21:38:25.599Z  read  3  1204.0     3.3     6.8    12.1   486.5
2020-09-30T21:39:25.595Z  read  3  1262.9     3.3     6.3    10.5    71.3
2020-09-30T21:40:25.592Z  read  3  1249.9     3.3     6.3    11.0    67.1
2020-09-30T21:41:25.589Z  read  3  1250.4     3.3     6.3    10.5    60.8
2020-09-30T21:42:25.585Z  read  3  1233.1     3.3     6.6    11.5    65.0
2020-09-30T21:43:25.582Z  read  3  1219.0     3.3     6.3    10.5   436.2
2020-09-30T21:44:25.579Z  read  3  1228.4     3.3     6.6    11.0    67.1
2020-09-30T21:45:25.575Z  read  3  1238.4     3.3     6.3    10.5    75.5
2020-09-30T21:46:25.573Z  read  3  1237.4     3.3     6.3    10.5   318.8
2020-09-30T21:47:25.569Z  read  3  1248.8     3.3     6.3    10.0    79.7
2020-09-30T21:48:25.565Z  read  3  1194.3     3.4     6.8    11.5   436.2
2020-09-30T21:49:25.562Z  read  3  1221.1     3.4     6.3    11.0   302.0
2020-09-30T21:50:25.559Z  read  3  1141.5     3.5     7.3    13.1   469.8
2020-09-30T21:51:25.555Z  read  3  1067.4     3.4     6.6    11.5   838.9
2020-09-30T21:52:25.552Z  read  3  1063.4     3.5     7.6    12.6   838.9
2020-09-30T21:53:25.548Z  read  3  1063.0     3.5     7.9    13.6   872.4
2020-09-30T21:54:25.545Z  read  3  1210.6     3.4     6.8    11.0   121.6
2020-09-30T21:55:25.542Z  read  3  1206.5     3.4     6.8    12.6   209.7
2020-09-30T21:56:25.538Z  read  3  1224.0     3.3     6.6    11.0    60.8
2020-09-30T21:57:25.536Z  read  3  1203.0     3.4     6.6    11.0   113.2
2020-09-30T21:58:25.532Z  read  3  1248.9     3.3     6.3    10.0   192.9
2020-09-30T21:59:25.528Z  read  3  1197.9     3.4     6.6    11.5   201.3
2020-09-30T22:00:25.525Z  read  3  1200.8     3.4     6.6    11.0   570.4
2020-09-30T22:01:25.521Z  read  3  1210.7     3.4     6.6    11.5    71.3
2020-09-30T22:02:25.519Z  read  3  1215.8     3.4     6.6    11.5   385.9
2020-09-30T22:03:25.515Z  read  3  1217.6     3.4     6.6    10.5    71.3
2020-09-30T22:04:25.511Z  read  3  1186.7     3.4     6.8    12.6    79.7
2020-09-30T22:05:25.508Z  read  3  1180.1     3.4     6.6    11.5   486.5
2020-09-30T22:06:25.505Z  read  3  1190.8     3.4     6.6    11.5   302.0
2020-09-30T22:07:25.501Z  read  3  1202.3     3.4     6.6    11.5    92.3
2020-09-30T22:08:25.498Z  read  3   992.7     3.4     7.3    16.3  5637.1
2020-09-30T22:09:25.495Z  read  3   771.0     3.7     8.9    19.9  5905.6
2020-09-30T22:10:25.491Z  read  3  1160.4     3.5     7.1    11.5   109.1
2020-09-30T22:11:25.488Z  read  3  1038.6     3.3     6.3    11.0  5368.7
2020-09-30T22:12:25.485Z  read  3  1242.0     3.3     6.3    11.0  5368.7
2020-09-30T22:13:25.482Z  read  3  1279.8     3.1     6.0    10.5    65.0
2020-09-30T22:14:25.478Z  read  3  1258.2     3.1     6.3    10.5   453.0
2020-09-30T22:15:25.474Z  read  3   998.5     3.3     8.4    18.9  1342.2
2020-09-30T22:16:25.471Z  read  3   714.0     3.8    13.1    30.4  2147.5
2020-09-30T22:17:25.467Z  read  3   825.2     3.7    10.5    24.1  2281.7
2020-09-30T22:18:25.464Z  read  3   792.0     3.8    12.1    28.3   838.9
2020-09-30T22:19:25.461Z  read  3   834.3     3.7    12.1    26.2   570.4
2020-09-30T22:20:25.457Z  read  3   788.6     3.5    11.5    27.3   973.1
2020-09-30T22:21:25.455Z  read  3   834.2     3.4    11.0    25.2   939.5
2020-09-30T22:22:25.452Z  read  3   781.8     3.7    11.5    24.1   838.9
2020-09-30T22:23:25.447Z  read  3   741.7     3.7    12.1    27.3  1342.2
2020-09-30T22:24:25.444Z  read  3   773.4     3.5    11.0    24.1   402.7
2020-09-30T22:25:25.441Z  read  3   797.2     3.8    11.5    27.3   671.1
2020-09-30T22:25:39.647Z  read  2   647.3     4.7    14.2    37.7   453.0
