2020-09-30T18:38:26.200Z 402.7
2020-09-30T18:39:26.196Z 503.3
2020-09-30T18:40:26.193Z 604.0
2020-09-30T18:41:26.190Z 536.9
2020-09-30T18:42:26.186Z 570.4
2020-09-30T18:43:26.183Z 453.0
2020-09-30T18:44:26.179Z 570.4
2020-09-30T18:45:26.176Z 75.5
2020-09-30T18:46:26.173Z 285.2
2020-09-30T18:47:26.169Z 536.9
2020-09-30T18:48:26.167Z 318.8
2020-09-30T18:49:26.162Z 604.0
2020-09-30T18:50:26.159Z 503.3
2020-09-30T18:51:26.156Z 570.4
2020-09-30T18:52:26.152Z 570.4
2020-09-30T18:53:26.149Z 604.0
2020-09-30T18:54:26.146Z 486.5
2020-09-30T18:55:26.142Z 604.0
2020-09-30T18:56:26.139Z 121.6
2020-09-30T18:57:26.136Z 570.4
2020-09-30T18:58:26.132Z 75.5
2020-09-30T18:59:26.129Z 637.5
2020-09-30T19:00:26.126Z 67.1
2020-09-30T19:01:26.122Z 503.3
2020-09-30T19:02:26.120Z 79.7
2020-09-30T19:03:26.116Z 570.4
2020-09-30T19:04:26.112Z 637.5
2020-09-30T19:05:26.109Z 604.0
2020-09-30T19:06:26.105Z 570.4
2020-09-30T19:07:26.103Z 234.9
2020-09-30T19:08:26.099Z 3355.4
2020-09-30T19:09:26.095Z 5368.7
2020-09-30T19:10:26.093Z 4160.7
2020-09-30T19:11:26.089Z 570.4
2020-09-30T19:12:26.085Z 503.3
2020-09-30T19:13:26.082Z 71.3
2020-09-30T19:14:26.079Z 243.3
2020-09-30T19:15:26.075Z 604.0
2020-09-30T19:16:26.072Z 604.0
2020-09-30T19:17:26.069Z 436.2
2020-09-30T19:18:26.065Z 570.4
2020-09-30T19:19:26.062Z 637.5
2020-09-30T19:20:26.059Z 369.1
2020-09-30T19:21:26.055Z 671.1
2020-09-30T19:22:26.052Z 536.9
2020-09-30T19:23:26.049Z 268.4
2020-09-30T19:24:26.046Z 318.8
2020-09-30T19:25:26.042Z 771.8
2020-09-30T19:26:26.039Z 570.4
2020-09-30T19:27:26.035Z 738.2
2020-09-30T19:28:26.032Z 771.8
2020-09-30T19:29:26.028Z 96.5
2020-09-30T19:30:26.025Z 570.4
2020-09-30T19:31:26.022Z 3489.7
2020-09-30T19:32:26.019Z 2684.4
2020-09-30T19:33:26.015Z 2147.5
2020-09-30T19:34:26.012Z 604.0
2020-09-30T19:35:26.009Z 704.6
2020-09-30T19:36:26.006Z 704.6
2020-09-30T19:37:26.002Z 1275.1
2020-09-30T19:38:25.998Z 604.0
2020-09-30T19:39:25.995Z 704.6
2020-09-30T19:40:25.992Z 1006.6
2020-09-30T19:41:25.989Z 771.8
2020-09-30T19:42:25.985Z 1040.2
2020-09-30T19:43:25.982Z 704.6
2020-09-30T19:44:25.978Z 704.6
2020-09-30T19:45:25.975Z 1409.3
2020-09-30T19:46:25.972Z 738.2
2020-09-30T19:47:25.968Z 1342.2
2020-09-30T19:48:25.965Z 738.2
2020-09-30T19:49:25.962Z 738.2
2020-09-30T19:50:25.959Z 738.2
2020-09-30T19:51:25.955Z 771.8
2020-09-30T19:52:25.952Z 671.1
2020-09-30T19:53:25.949Z 671.1
2020-09-30T19:54:25.945Z 738.2
2020-09-30T19:55:25.942Z 1073.7
2020-09-30T19:56:25.939Z 738.2
2020-09-30T19:57:25.935Z 738.2
2020-09-30T19:58:25.932Z 771.8
2020-09-30T19:59:25.929Z 872.4
2020-09-30T20:00:25.925Z 771.8
2020-09-30T20:01:25.922Z 671.1
2020-09-30T20:02:25.919Z 738.2
2020-09-30T20:03:25.915Z 738.2
2020-09-30T20:04:25.912Z 48.2
2020-09-30T20:05:25.909Z 184.5
2020-09-30T20:06:25.906Z 243.3
2020-09-30T20:07:25.902Z 65.0
2020-09-30T20:08:25.900Z 6174.0
2020-09-30T20:09:25.895Z 4831.8
2020-09-30T20:10:25.892Z 125.8
2020-09-30T20:11:25.889Z 75.5
2020-09-30T20:12:25.886Z 67.1
2020-09-30T20:13:25.882Z 79.7
2020-09-30T20:14:25.880Z 134.2
2020-09-30T20:15:25.876Z 88.1
2020-09-30T20:16:25.872Z 419.4
2020-09-30T20:17:25.870Z 113.2
2020-09-30T20:18:25.866Z 134.2
2020-09-30T20:19:25.862Z 96.5
2020-09-30T20:20:25.859Z 75.5
2020-09-30T20:21:25.856Z 436.2
2020-09-30T20:22:25.853Z 637.5
2020-09-30T20:23:25.849Z 209.7
2020-09-30T20:24:25.846Z 125.8
2020-09-30T20:25:25.844Z 570.4
2020-09-30T20:26:25.839Z 56.6
2020-09-30T20:27:25.837Z 604.0
2020-09-30T20:28:25.833Z 335.5
2020-09-30T20:29:25.829Z 60.8
2020-09-30T20:30:25.826Z 637.5
2020-09-30T20:31:25.823Z 88.1
2020-09-30T20:32:25.819Z 4295.0
2020-09-30T20:33:25.817Z 604.0
2020-09-30T20:34:25.813Z 536.9
2020-09-30T20:35:25.809Z 604.0
2020-09-30T20:36:25.806Z 486.5
2020-09-30T20:37:25.803Z 71.3
2020-09-30T20:38:25.800Z 604.0
2020-09-30T20:39:25.796Z 570.4
2020-09-30T20:40:25.793Z 75.5
2020-09-30T20:41:25.790Z 637.5
2020-09-30T20:42:25.786Z 570.4
2020-09-30T20:43:25.783Z 637.5
2020-09-30T20:44:25.780Z 637.5
2020-09-30T20:45:25.777Z 520.1
2020-09-30T20:46:25.774Z 48.2
2020-09-30T20:47:25.770Z 570.4
2020-09-30T20:48:25.767Z 486.5
2020-09-30T20:49:25.764Z 570.4
2020-09-30T20:50:25.760Z 570.4
2020-09-30T20:51:25.757Z 570.4
2020-09-30T20:52:25.753Z 570.4
2020-09-30T20:53:25.750Z 671.1
2020-09-30T20:54:25.747Z 704.6
2020-09-30T20:55:25.744Z 704.6
2020-09-30T20:56:25.740Z 302.0
2020-09-30T20:57:25.737Z 92.3
2020-09-30T20:58:25.734Z 704.6
2020-09-30T20:59:25.730Z 604.0
2020-09-30T21:00:25.727Z 503.3
2020-09-30T21:01:25.724Z 570.4
2020-09-30T21:02:25.720Z 570.4
2020-09-30T21:03:25.717Z 536.9
2020-09-30T21:04:25.713Z 570.4
2020-09-30T21:05:25.710Z 536.9
2020-09-30T21:06:25.707Z 520.1
2020-09-30T21:07:25.703Z 671.1
2020-09-30T21:08:25.700Z 7784.6
2020-09-30T21:09:25.696Z 7516.2
2020-09-30T21:10:25.693Z 704.6
2020-09-30T21:11:25.689Z 906.0
2020-09-30T21:12:25.687Z 1811.9
2020-09-30T21:13:25.683Z 738.2
2020-09-30T21:14:25.680Z 637.5
2020-09-30T21:15:25.676Z 637.5
2020-09-30T21:16:25.673Z 872.4
2020-09-30T21:17:25.670Z 1409.3
2020-09-30T21:18:25.667Z 771.8
2020-09-30T21:19:25.663Z 771.8
2020-09-30T21:20:25.659Z 771.8
2020-09-30T21:21:25.656Z 838.9
2020-09-30T21:22:25.653Z 771.8
2020-09-30T21:23:25.649Z 771.8
2020-09-30T21:24:25.646Z 906.0
2020-09-30T21:25:25.643Z 771.8
2020-09-30T21:26:25.639Z 671.1
2020-09-30T21:27:25.637Z 637.5
2020-09-30T21:28:25.632Z 1275.1
2020-09-30T21:29:25.629Z 771.8
2020-09-30T21:30:25.626Z 939.5
2020-09-30T21:31:25.622Z 771.8
2020-09-30T21:32:25.619Z 2080.4
2020-09-30T21:33:25.616Z 9126.8
2020-09-30T21:34:25.612Z 46.1
2020-09-30T21:35:25.609Z 402.7
2020-09-30T21:36:25.605Z 79.7
2020-09-30T21:37:25.602Z 100.7
2020-09-30T21:38:25.599Z 486.5
2020-09-30T21:39:25.595Z 65.0
2020-09-30T21:40:25.592Z 65.0
2020-09-30T21:41:25.589Z 71.3
2020-09-30T21:42:25.585Z 385.9
2020-09-30T21:43:25.582Z 352.3
2020-09-30T21:44:25.579Z 71.3
2020-09-30T21:45:25.575Z 453.0
2020-09-30T21:46:25.573Z 88.1
2020-09-30T21:47:25.569Z 83.9
2020-09-30T21:48:25.565Z 234.9
2020-09-30T21:49:25.562Z 184.5
2020-09-30T21:50:25.559Z 167.8
2020-09-30T21:51:25.555Z 872.4
2020-09-30T21:52:25.552Z 872.4
2020-09-30T21:53:25.548Z 637.5
2020-09-30T21:54:25.545Z 75.5
2020-09-30T21:55:25.542Z 151.0
2020-09-30T21:56:25.538Z 520.1
2020-09-30T21:57:25.536Z 671.1
2020-09-30T21:58:25.532Z 243.3
2020-09-30T21:59:25.528Z 604.0
2020-09-30T22:00:25.525Z 176.2
2020-09-30T22:01:25.521Z 79.7
2020-09-30T22:02:25.519Z 130.0
2020-09-30T22:03:25.515Z 570.4
2020-09-30T22:04:25.511Z 134.2
2020-09-30T22:05:25.508Z 604.0
2020-09-30T22:06:25.505Z 503.3
2020-09-30T22:07:25.501Z 65.0
2020-09-30T22:08:25.498Z 5368.7
2020-09-30T22:09:25.495Z 5637.1
2020-09-30T22:10:25.491Z 469.8
2020-09-30T22:11:25.488Z 5368.7
2020-09-30T22:12:25.485Z 130.0
2020-09-30T22:13:25.482Z 67.1
2020-09-30T22:14:25.478Z 604.0
2020-09-30T22:15:25.474Z 1342.2
2020-09-30T22:16:25.471Z 1140.9
2020-09-30T22:17:25.467Z 2147.5
2020-09-30T22:18:25.464Z 671.1
2020-09-30T22:19:25.461Z 604.0
2020-09-30T22:20:25.457Z 838.9
2020-09-30T22:21:25.455Z 1342.2
2020-09-30T22:22:25.452Z 805.3
2020-09-30T22:23:25.447Z 1140.9
2020-09-30T22:24:25.444Z 738.2
2020-09-30T22:25:25.441Z 805.3
2020-09-30T22:25:39.647Z 604.0

2020-09-30T22:45:16.095Z 243.3
2020-09-30T22:46:16.092Z 71.3
2020-09-30T22:47:16.088Z 637.5
2020-09-30T22:48:16.085Z 570.4
2020-09-30T22:49:16.081Z 486.5
2020-09-30T22:50:16.078Z 56.6
2020-09-30T22:51:16.075Z 906.0
2020-09-30T22:52:16.071Z 167.8
2020-09-30T22:53:16.068Z 604.0
2020-09-30T22:54:16.064Z 402.7
2020-09-30T22:55:16.061Z 704.6
2020-09-30T22:56:16.057Z 738.2
2020-09-30T22:57:16.054Z 570.4
2020-09-30T22:58:16.050Z 570.4
2020-09-30T22:59:16.047Z 2684.4
2020-09-30T23:00:16.044Z 2818.6
2020-09-30T23:01:16.040Z 771.8
2020-09-30T23:02:16.037Z 2550.1
2020-09-30T23:03:16.034Z 3489.7
2020-09-30T23:04:16.030Z 973.1
2020-09-30T23:05:16.027Z 872.4
2020-09-30T23:06:16.024Z 1006.6
2020-09-30T23:07:16.020Z 1208.0
2020-09-30T23:08:16.017Z 10200.5
2020-09-30T23:09:16.013Z 9126.8
2020-09-30T23:10:16.011Z 973.1
2020-09-30T23:11:16.007Z 604.0
2020-09-30T23:12:16.003Z 71.3
2020-09-30T23:13:16.000Z 109.1
2020-09-30T23:14:15.997Z 671.1
2020-09-30T23:15:15.993Z 637.5
2020-09-30T23:16:15.989Z 469.8
2020-09-30T23:17:15.986Z 260.0
2020-09-30T23:18:15.983Z 671.1
2020-09-30T23:19:15.979Z 52.4
2020-09-30T23:20:15.976Z 671.1
2020-09-30T23:21:15.973Z 570.4
2020-09-30T23:22:15.969Z 637.5
2020-09-30T23:23:15.966Z 209.7
2020-09-30T23:24:15.963Z 637.5
2020-09-30T23:25:15.960Z 54.5
2020-09-30T23:26:15.956Z 2550.1
2020-09-30T23:27:15.952Z 2684.4
2020-09-30T23:28:15.949Z 771.8
2020-09-30T23:29:15.946Z 1140.9
2020-09-30T23:30:15.942Z 973.1
2020-09-30T23:31:15.939Z 771.8
2020-09-30T23:32:15.935Z 1208.0
2020-09-30T23:33:15.932Z 12348.0
2020-09-30T23:34:15.929Z 1342.2
2020-09-30T23:35:15.925Z 1006.6
2020-09-30T23:36:15.922Z 771.8
2020-09-30T23:37:15.919Z 738.2
2020-09-30T23:38:15.915Z 1275.1
2020-09-30T23:39:15.912Z 805.3
2020-09-30T23:40:15.908Z 704.6
2020-09-30T23:41:15.905Z 805.3
2020-09-30T23:42:15.901Z 838.9
2020-09-30T23:43:15.899Z 62.9
2020-09-30T23:44:15.895Z 570.4
2020-09-30T23:45:15.892Z 226.5
2020-09-30T23:46:15.888Z 604.0
2020-09-30T23:47:15.885Z 570.4
2020-09-30T23:48:15.881Z 1275.1
2020-09-30T23:49:15.878Z 1006.6
2020-09-30T23:50:15.874Z 906.0
2020-09-30T23:51:15.871Z 1006.6
2020-09-30T23:52:15.868Z 2080.4
2020-09-30T23:53:15.865Z 1342.2
2020-09-30T23:54:15.861Z 872.4
2020-09-30T23:55:15.858Z 2013.3
2020-09-30T23:56:15.854Z 1140.9
2020-09-30T23:57:15.851Z 805.3
2020-09-30T23:58:15.847Z 738.2
2020-09-30T23:59:15.844Z 1409.3
2020-10-01T00:00:15.841Z 1140.9
2020-10-01T00:01:15.837Z 771.8
2020-10-01T00:02:15.834Z 738.2
2020-10-01T00:03:15.831Z 1040.2
2020-10-01T00:04:15.827Z 805.3
2020-10-01T00:05:15.824Z 906.0
2020-10-01T00:06:15.821Z 1208.0
2020-10-01T00:07:15.817Z 805.3
2020-10-01T00:08:15.814Z 11274.3
2020-10-01T00:09:15.810Z 13421.8
2020-10-01T00:10:15.807Z 1006.6
2020-10-01T00:11:15.804Z 771.8
2020-10-01T00:12:15.800Z 570.4
2020-10-01T00:13:15.797Z 570.4
2020-10-01T00:14:15.793Z 419.4
2020-10-01T00:15:15.790Z 671.1
2020-10-01T00:16:15.788Z 486.5
2020-10-01T00:17:15.784Z 520.1
2020-10-01T00:18:15.780Z 104.9
2020-10-01T00:19:15.777Z 604.0
2020-10-01T00:20:15.773Z 570.4
2020-10-01T00:21:15.770Z 192.9
2020-10-01T00:22:15.767Z 637.5
2020-10-01T00:23:15.763Z 536.9
2020-10-01T00:24:15.760Z 46.1
2020-10-01T00:25:15.757Z 838.9
2020-10-01T00:26:15.754Z 75.5
2020-10-01T00:27:15.750Z 56.6
2020-10-01T00:28:15.747Z 637.5
2020-10-01T00:29:15.744Z 536.9
2020-10-01T00:30:15.740Z 65.0
2020-10-01T00:31:15.737Z 570.4
2020-10-01T00:32:15.733Z 570.4
2020-10-01T00:33:15.730Z 83.9
2020-10-01T00:34:15.727Z 604.0
2020-10-01T00:35:15.723Z 536.9
2020-10-01T00:36:15.720Z 71.3
2020-10-01T00:37:15.717Z 637.5
2020-10-01T00:38:15.714Z 604.0
2020-10-01T00:39:15.711Z 50.3
2020-10-01T00:40:15.707Z 604.0
2020-10-01T00:41:15.703Z 570.4
2020-10-01T00:42:15.700Z 58.7
2020-10-01T00:43:15.697Z 604.0
2020-10-01T00:44:15.693Z 503.3
2020-10-01T00:45:15.690Z 104.9
2020-10-01T00:46:15.687Z 671.1
2020-10-01T00:47:15.683Z 436.2
2020-10-01T00:48:15.681Z 570.4
2020-10-01T00:49:15.676Z 771.8
2020-10-01T00:50:15.673Z 771.8
2020-10-01T00:51:15.670Z 570.4
2020-10-01T00:52:15.667Z 570.4
2020-10-01T00:53:15.663Z 637.5
2020-10-01T00:54:15.659Z 604.0
2020-10-01T00:55:15.656Z 604.0
2020-10-01T00:56:15.653Z 201.3
2020-10-01T00:57:15.650Z 520.1
2020-10-01T00:58:15.647Z 637.5
2020-10-01T00:59:15.643Z 56.6
2020-10-01T01:00:15.639Z 570.4
2020-10-01T01:01:15.637Z 771.8
2020-10-01T01:02:15.633Z 50.3
2020-10-01T01:03:15.630Z 604.0
2020-10-01T01:04:15.626Z 469.8
2020-10-01T01:05:15.622Z 58.7
2020-10-01T01:06:15.619Z 604.0
2020-10-01T01:07:15.616Z 738.2
2020-10-01T01:08:15.612Z 6710.9
2020-10-01T01:09:15.609Z 6442.5
2020-10-01T01:10:15.606Z 6979.3
2020-10-01T01:11:15.603Z 453.0
2020-10-01T01:12:15.599Z 83.9
2020-10-01T01:13:15.596Z 671.1
2020-10-01T01:14:15.592Z 570.4
2020-10-01T01:15:15.589Z 117.4
2020-10-01T01:16:15.586Z 285.2
2020-10-01T01:17:15.582Z 604.0
2020-10-01T01:18:15.579Z 637.5
2020-10-01T01:19:15.575Z 604.0
2020-10-01T01:20:15.572Z 671.1
2020-10-01T01:21:15.569Z 637.5
2020-10-01T01:22:15.565Z 48.2
2020-10-01T01:23:15.562Z 469.8
2020-10-01T01:24:15.559Z 671.1
2020-10-01T01:25:15.555Z 41.9
2020-10-01T01:26:15.552Z 570.4
2020-10-01T01:27:15.550Z 637.5
2020-10-01T01:28:15.546Z 52.4
2020-10-01T01:29:15.542Z 604.0
2020-10-01T01:30:15.539Z 771.8
2020-10-01T01:31:15.535Z 58.7
2020-10-01T01:32:15.532Z 637.5
2020-10-01T01:33:15.528Z 637.5
2020-10-01T01:34:15.525Z 75.5
2020-10-01T01:35:15.522Z 671.1
2020-10-01T01:36:15.519Z 486.5
2020-10-01T01:37:15.515Z 604.0
2020-10-01T01:38:15.512Z 570.4
2020-10-01T01:39:15.509Z 604.0
2020-10-01T01:40:15.506Z 570.4
2020-10-01T01:41:15.502Z 604.0
2020-10-01T01:42:15.498Z 637.5
2020-10-01T01:43:15.495Z 604.0
2020-10-01T01:44:15.491Z 520.1
2020-10-01T01:45:15.488Z 604.0
2020-10-01T01:46:15.485Z 570.4
2020-10-01T01:47:15.481Z 56.6
2020-10-01T01:48:15.478Z 604.0
2020-10-01T01:49:15.474Z 570.4
2020-10-01T01:50:15.471Z 54.5
2020-10-01T01:51:15.468Z 604.0
2020-10-01T01:52:15.466Z 260.0
2020-10-01T01:53:15.461Z 48.2
2020-10-01T01:54:15.458Z 637.5
2020-10-01T01:55:15.455Z 637.5
2020-10-01T01:56:15.451Z 604.0
2020-10-01T01:57:15.447Z 184.5
2020-10-01T01:58:15.444Z 570.4
2020-10-01T01:59:15.441Z 604.0
2020-10-01T02:00:15.437Z 604.0
2020-10-01T02:01:15.434Z 604.0
2020-10-01T02:02:15.431Z 335.5
2020-10-01T02:03:15.427Z 335.5
2020-10-01T02:04:15.424Z 536.9
2020-10-01T02:05:15.421Z 536.9
2020-10-01T02:06:15.417Z 56.6
2020-10-01T02:07:15.414Z 637.5
2020-10-01T02:08:15.410Z 6979.3
2020-10-01T02:09:15.407Z 8589.9
2020-10-01T02:10:15.404Z 302.0
2020-10-01T02:11:15.400Z 536.9
2020-10-01T02:12:15.397Z 637.5
2020-10-01T02:13:15.394Z 671.1
2020-10-01T02:14:15.390Z 436.2
2020-10-01T02:15:15.387Z 637.5
2020-10-01T02:16:15.383Z 637.5
2020-10-01T02:17:15.380Z 637.5
2020-10-01T02:18:15.376Z 503.3
2020-10-01T02:19:15.374Z 637.5
2020-10-01T02:20:15.370Z 50.3
2020-10-01T02:21:15.366Z 771.8
2020-10-01T02:22:15.363Z 637.5
2020-10-01T02:23:15.360Z 243.3
2020-10-01T02:24:15.356Z 570.4
2020-10-01T02:25:15.353Z 604.0
2020-10-01T02:26:15.349Z 83.9
2020-10-01T02:27:15.346Z 637.5
2020-10-01T02:28:15.343Z 671.1
2020-10-01T02:29:15.340Z 121.6
2020-10-01T02:30:15.336Z 268.4
2020-10-01T02:31:15.333Z 604.0
2020-10-01T02:32:15.329Z 570.4
2020-10-01T02:33:15.326Z 604.0
2020-10-01T02:34:15.322Z 570.4
2020-10-01T02:35:15.319Z 604.0
2020-10-01T02:36:15.315Z 671.1
2020-10-01T02:37:15.312Z 805.3
2020-10-01T02:38:15.309Z 570.4
2020-10-01T02:39:15.305Z 604.0
2020-10-01T02:40:15.302Z 604.0
2020-10-01T02:41:15.299Z 142.6
2020-10-01T02:42:15.295Z 570.4
2020-10-01T02:43:15.292Z 570.4
2020-10-01T02:44:15.288Z 520.1
2020-10-01T02:45:15.285Z 536.9
2020-10-01T02:46:15.282Z 771.8
2020-10-01T02:47:15.278Z 738.2
2020-10-01T02:48:15.275Z 637.5
2020-10-01T02:49:15.272Z 570.4
2020-10-01T02:50:15.268Z 486.5
2020-10-01T02:50:54.095Z 302.0
