2020-09-30T18:38:26.200Z 13.6
2020-09-30T18:39:26.196Z 14.7
2020-09-30T18:40:26.193Z 15.7
2020-09-30T18:41:26.190Z 15.2
2020-09-30T18:42:26.186Z 15.2
2020-09-30T18:43:26.183Z 16.8
2020-09-30T18:44:26.179Z 16.8
2020-09-30T18:45:26.176Z 15.2
2020-09-30T18:46:26.173Z 16.8
2020-09-30T18:47:26.169Z 16.8
2020-09-30T18:48:26.167Z 15.7
2020-09-30T18:49:26.162Z 17.8
2020-09-30T18:50:26.159Z 17.8
2020-09-30T18:51:26.156Z 16.3
2020-09-30T18:52:26.152Z 18.9
2020-09-30T18:53:26.149Z 16.8
2020-09-30T18:54:26.146Z 15.7
2020-09-30T18:55:26.142Z 21.0
2020-09-30T18:56:26.139Z 29.4
2020-09-30T18:57:26.136Z 33.6
2020-09-30T18:58:26.132Z 25.2
2020-09-30T18:59:26.129Z 19.9
2020-09-30T19:00:26.126Z 17.8
2020-09-30T19:01:26.122Z 17.8
2020-09-30T19:02:26.120Z 18.9
2020-09-30T19:03:26.116Z 17.8
2020-09-30T19:04:26.112Z 18.9
2020-09-30T19:05:26.109Z 18.9
2020-09-30T19:06:26.105Z 15.7
2020-09-30T19:07:26.103Z 17.8
2020-09-30T19:08:26.099Z 17.8
2020-09-30T19:09:26.095Z 17.8
2020-09-30T19:10:26.093Z 21.0
2020-09-30T19:11:26.089Z 17.8
2020-09-30T19:12:26.085Z 18.9
2020-09-30T19:13:26.082Z 29.4
2020-09-30T19:14:26.079Z 31.5
2020-09-30T19:15:26.075Z 27.3
2020-09-30T19:16:26.072Z 19.9
2020-09-30T19:17:26.069Z 17.8
2020-09-30T19:18:26.065Z 15.7
2020-09-30T19:19:26.062Z 19.9
2020-09-30T19:20:26.059Z 18.9
2020-09-30T19:21:26.055Z 16.8
2020-09-30T19:22:26.052Z 19.9
2020-09-30T19:23:26.049Z 16.8
2020-09-30T19:24:26.046Z 16.8
2020-09-30T19:25:26.042Z 18.9
2020-09-30T19:26:26.039Z 16.3
2020-09-30T19:27:26.035Z 16.3
2020-09-30T19:28:26.032Z 17.8
2020-09-30T19:29:26.028Z 17.8
2020-09-30T19:30:26.025Z 17.8
2020-09-30T19:31:26.022Z 23.1
2020-09-30T19:32:26.019Z 92.3
2020-09-30T19:33:26.015Z 54.5
2020-09-30T19:34:26.012Z 52.4
2020-09-30T19:35:26.009Z 35.7
2020-09-30T19:36:26.006Z 50.3
2020-09-30T19:37:26.002Z 48.2
2020-09-30T19:38:25.998Z 52.4
2020-09-30T19:39:25.995Z 56.6
2020-09-30T19:40:25.992Z 46.1
2020-09-30T19:41:25.989Z 41.9
2020-09-30T19:42:25.985Z 62.9
2020-09-30T19:43:25.982Z 35.7
2020-09-30T19:44:25.978Z 54.5
2020-09-30T19:45:25.975Z 35.7
2020-09-30T19:46:25.972Z 35.7
2020-09-30T19:47:25.968Z 39.8
2020-09-30T19:48:25.965Z 31.5
2020-09-30T19:49:25.962Z 33.6
2020-09-30T19:50:25.959Z 35.7
2020-09-30T19:51:25.955Z 37.7
2020-09-30T19:52:25.952Z 35.7
2020-09-30T19:53:25.949Z 37.7
2020-09-30T19:54:25.945Z 37.7
2020-09-30T19:55:25.942Z 32.5
2020-09-30T19:56:25.939Z 29.4
2020-09-30T19:57:25.935Z 33.6
2020-09-30T19:58:25.932Z 28.3
2020-09-30T19:59:25.929Z 29.4
2020-09-30T20:00:25.925Z 30.4
2020-09-30T20:01:25.922Z 44.0
2020-09-30T20:02:25.919Z 29.4
2020-09-30T20:03:25.915Z 23.1
2020-09-30T20:04:25.912Z 12.1
2020-09-30T20:05:25.909Z 11.5
2020-09-30T20:06:25.906Z 13.6
2020-09-30T20:07:25.902Z 11.0
2020-09-30T20:08:25.900Z 21.0
2020-09-30T20:09:25.895Z 15.7
2020-09-30T20:10:25.892Z 13.6
2020-09-30T20:11:25.889Z 11.0
2020-09-30T20:12:25.886Z 11.0
2020-09-30T20:13:25.882Z 12.1
2020-09-30T20:14:25.880Z 11.5
2020-09-30T20:15:25.876Z 11.5
2020-09-30T20:16:25.872Z 12.6
2020-09-30T20:17:25.870Z 11.0
2020-09-30T20:18:25.866Z 11.0
2020-09-30T20:19:25.862Z 12.6
2020-09-30T20:20:25.859Z 11.5
2020-09-30T20:21:25.856Z 11.5
2020-09-30T20:22:25.853Z 12.1
2020-09-30T20:23:25.849Z 11.0
2020-09-30T20:24:25.846Z 12.1
2020-09-30T20:25:25.844Z 13.6
2020-09-30T20:26:25.839Z 10.5
2020-09-30T20:27:25.837Z 12.6
2020-09-30T20:28:25.833Z 12.6
2020-09-30T20:29:25.829Z 11.0
2020-09-30T20:30:25.826Z 12.6
2020-09-30T20:31:25.823Z 13.1
2020-09-30T20:32:25.819Z 11.5
2020-09-30T20:33:25.817Z 13.6
2020-09-30T20:34:25.813Z 11.0
2020-09-30T20:35:25.809Z 12.6
2020-09-30T20:36:25.806Z 13.6
2020-09-30T20:37:25.803Z 10.5
2020-09-30T20:38:25.800Z 12.1
2020-09-30T20:39:25.796Z 12.1
2020-09-30T20:40:25.793Z 12.6
2020-09-30T20:41:25.790Z 11.5
2020-09-30T20:42:25.786Z 13.1
2020-09-30T20:43:25.783Z 10.5
2020-09-30T20:44:25.780Z 13.1
2020-09-30T20:45:25.777Z 12.1
2020-09-30T20:46:25.774Z 10.5
2020-09-30T20:47:25.770Z 13.1
2020-09-30T20:48:25.767Z 12.6
2020-09-30T20:49:25.764Z 11.0
2020-09-30T20:50:25.760Z 12.6
2020-09-30T20:51:25.757Z 12.6
2020-09-30T20:52:25.753Z 12.1
2020-09-30T20:53:25.750Z 14.2
2020-09-30T20:54:25.747Z 11.5
2020-09-30T20:55:25.744Z 12.6
2020-09-30T20:56:25.740Z 13.1
2020-09-30T20:57:25.737Z 10.5
2020-09-30T20:58:25.734Z 13.6
2020-09-30T20:59:25.730Z 13.6
2020-09-30T21:00:25.727Z 11.0
2020-09-30T21:01:25.724Z 12.6
2020-09-30T21:02:25.720Z 12.6
2020-09-30T21:03:25.717Z 10.5
2020-09-30T21:04:25.713Z 13.6
2020-09-30T21:05:25.710Z 12.1
2020-09-30T21:06:25.707Z 12.1
2020-09-30T21:07:25.703Z 13.1
2020-09-30T21:08:25.700Z 12.6
2020-09-30T21:09:25.696Z 24.1
2020-09-30T21:10:25.693Z 35.7
2020-09-30T21:11:25.689Z 37.7
2020-09-30T21:12:25.687Z 50.3
2020-09-30T21:13:25.683Z 24.1
2020-09-30T21:14:25.680Z 25.2
2020-09-30T21:15:25.676Z 28.3
2020-09-30T21:16:25.673Z 29.4
2020-09-30T21:17:25.670Z 30.4
2020-09-30T21:18:25.667Z 26.2
2020-09-30T21:19:25.663Z 26.2
2020-09-30T21:20:25.659Z 26.2
2020-09-30T21:21:25.656Z 26.2
2020-09-30T21:22:25.653Z 25.2
2020-09-30T21:23:25.649Z 29.4
2020-09-30T21:24:25.646Z 25.2
2020-09-30T21:25:25.643Z 27.3
2020-09-30T21:26:25.639Z 30.4
2020-09-30T21:27:25.637Z 26.2
2020-09-30T21:28:25.632Z 33.6
2020-09-30T21:29:25.629Z 29.4
2020-09-30T21:30:25.626Z 25.2
2020-09-30T21:31:25.622Z 26.2
2020-09-30T21:32:25.619Z 24.1
2020-09-30T21:33:25.616Z 11.0
2020-09-30T21:34:25.612Z 10.5
2020-09-30T21:35:25.609Z 11.5
2020-09-30T21:36:25.605Z 12.1
2020-09-30T21:37:25.602Z 11.5
2020-09-30T21:38:25.599Z 12.1
2020-09-30T21:39:25.595Z 10.5
2020-09-30T21:40:25.592Z 11.0
2020-09-30T21:41:25.589Z 10.5
2020-09-30T21:42:25.585Z 11.5
2020-09-30T21:43:25.582Z 10.5
2020-09-30T21:44:25.579Z 11.0
2020-09-30T21:45:25.575Z 10.5
2020-09-30T21:46:25.573Z 10.5
2020-09-30T21:47:25.569Z 10.0
2020-09-30T21:48:25.565Z 11.5
2020-09-30T21:49:25.562Z 11.0
2020-09-30T21:50:25.559Z 13.1
2020-09-30T21:51:25.555Z 11.5
2020-09-30T21:52:25.552Z 12.6
2020-09-30T21:53:25.548Z 13.6
2020-09-30T21:54:25.545Z 11.0
2020-09-30T21:55:25.542Z 12.6
2020-09-30T21:56:25.538Z 11.0
2020-09-30T21:57:25.536Z 11.0
2020-09-30T21:58:25.532Z 10.0
2020-09-30T21:59:25.528Z 11.5
2020-09-30T22:00:25.525Z 11.0
2020-09-30T22:01:25.521Z 11.5
2020-09-30T22:02:25.519Z 11.5
2020-09-30T22:03:25.515Z 10.5
2020-09-30T22:04:25.511Z 12.6
2020-09-30T22:05:25.508Z 11.5
2020-09-30T22:06:25.505Z 11.5
2020-09-30T22:07:25.501Z 11.5
2020-09-30T22:08:25.498Z 16.3
2020-09-30T22:09:25.495Z 19.9
2020-09-30T22:10:25.491Z 11.5
2020-09-30T22:11:25.488Z 11.0
2020-09-30T22:12:25.485Z 11.0
2020-09-30T22:13:25.482Z 10.5
2020-09-30T22:14:25.478Z 10.5
2020-09-30T22:15:25.474Z 18.9
2020-09-30T22:16:25.471Z 30.4
2020-09-30T22:17:25.467Z 24.1
2020-09-30T22:18:25.464Z 28.3
2020-09-30T22:19:25.461Z 26.2
2020-09-30T22:20:25.457Z 27.3
2020-09-30T22:21:25.455Z 25.2
2020-09-30T22:22:25.452Z 24.1
2020-09-30T22:23:25.447Z 27.3
2020-09-30T22:24:25.444Z 24.1
2020-09-30T22:25:25.441Z 27.3
2020-09-30T22:25:39.647Z 37.7

2020-09-30T22:45:16.095Z 6.8
2020-09-30T22:46:16.092Z 7.9
2020-09-30T22:47:16.088Z 8.4
2020-09-30T22:48:16.085Z 7.9
2020-09-30T22:49:16.081Z 9.4
2020-09-30T22:50:16.078Z 7.3
2020-09-30T22:51:16.075Z 10.5
2020-09-30T22:52:16.071Z 17.8
2020-09-30T22:53:16.068Z 19.9
2020-09-30T22:54:16.064Z 8.9
2020-09-30T22:55:16.061Z 8.4
2020-09-30T22:56:16.057Z 10.0
2020-09-30T22:57:16.054Z 8.1
2020-09-30T22:58:16.050Z 9.4
2020-09-30T22:59:16.047Z 13.1
2020-09-30T23:00:16.044Z 117.4
2020-09-30T23:01:16.040Z 56.6
2020-09-30T23:02:16.037Z 60.8
2020-09-30T23:03:16.034Z 75.5
2020-09-30T23:04:16.030Z 100.7
2020-09-30T23:05:16.027Z 79.7
2020-09-30T23:06:16.024Z 83.9
2020-09-30T23:07:16.020Z 75.5
2020-09-30T23:08:16.017Z 56.6
2020-09-30T23:09:16.013Z 184.5
2020-09-30T23:10:16.011Z 41.9
2020-09-30T23:11:16.007Z 13.6
2020-09-30T23:12:16.003Z 9.4
2020-09-30T23:13:16.000Z 10.0
2020-09-30T23:14:15.997Z 10.0
2020-09-30T23:15:15.993Z 9.4
2020-09-30T23:16:15.989Z 10.0
2020-09-30T23:17:15.986Z 9.4
2020-09-30T23:18:15.983Z 10.5
2020-09-30T23:19:15.979Z 8.9
2020-09-30T23:20:15.976Z 11.0
2020-09-30T23:21:15.973Z 10.0
2020-09-30T23:22:15.969Z 10.0
2020-09-30T23:23:15.966Z 10.0
2020-09-30T23:24:15.963Z 10.5
2020-09-30T23:25:15.960Z 8.9
2020-09-30T23:26:15.956Z 18.9
2020-09-30T23:27:15.952Z 65.0
2020-09-30T23:28:15.949Z 65.0
2020-09-30T23:29:15.946Z 109.1
2020-09-30T23:30:15.942Z 83.9
2020-09-30T23:31:15.939Z 83.9
2020-09-30T23:32:15.935Z 83.9
2020-09-30T23:33:15.932Z 125.8
2020-09-30T23:34:15.929Z 96.5
2020-09-30T23:35:15.925Z 71.3
2020-09-30T23:36:15.922Z 62.9
2020-09-30T23:37:15.919Z 67.1
2020-09-30T23:38:15.915Z 58.7
2020-09-30T23:39:15.912Z 52.4
2020-09-30T23:40:15.908Z 32.5
2020-09-30T23:41:15.905Z 24.1
2020-09-30T23:42:15.901Z 14.2
2020-09-30T23:43:15.899Z 11.0
2020-09-30T23:44:15.895Z 14.7
2020-09-30T23:45:15.892Z 12.1
2020-09-30T23:46:15.888Z 15.2
2020-09-30T23:47:15.885Z 14.2
2020-09-30T23:48:15.881Z 79.7
2020-09-30T23:49:15.878Z 75.5
2020-09-30T23:50:15.874Z 75.5
2020-09-30T23:51:15.871Z 88.1
2020-09-30T23:52:15.868Z 92.3
2020-09-30T23:53:15.865Z 79.7
2020-09-30T23:54:15.861Z 79.7
2020-09-30T23:55:15.858Z 83.9
2020-09-30T23:56:15.854Z 100.7
2020-09-30T23:57:15.851Z 83.9
2020-09-30T23:58:15.847Z 92.3
2020-09-30T23:59:15.844Z 92.3
2020-10-01T00:00:15.841Z 83.9
2020-10-01T00:01:15.837Z 83.9
2020-10-01T00:02:15.834Z 83.9
2020-10-01T00:03:15.831Z 104.9
2020-10-01T00:04:15.827Z 75.5
2020-10-01T00:05:15.824Z 79.7
2020-10-01T00:06:15.821Z 92.3
2020-10-01T00:07:15.817Z 88.1
2020-10-01T00:08:15.814Z 96.5
2020-10-01T00:09:15.810Z 385.9
2020-10-01T00:10:15.807Z 60.8
2020-10-01T00:11:15.804Z 27.3
2020-10-01T00:12:15.800Z 26.2
2020-10-01T00:13:15.797Z 16.3
2020-10-01T00:14:15.793Z 14.7
2020-10-01T00:15:15.790Z 16.3
2020-10-01T00:16:15.788Z 14.2
2020-10-01T00:17:15.784Z 18.9
2020-10-01T00:18:15.780Z 13.1
2020-10-01T00:19:15.777Z 14.2
2020-10-01T00:20:15.773Z 15.7
2020-10-01T00:21:15.770Z 14.2
2020-10-01T00:22:15.767Z 17.8
2020-10-01T00:23:15.763Z 15.2
2020-10-01T00:24:15.760Z 12.6
2020-10-01T00:25:15.757Z 15.2
2020-10-01T00:26:15.754Z 16.8
2020-10-01T00:27:15.750Z 12.6
2020-10-01T00:28:15.747Z 16.3
2020-10-01T00:29:15.744Z 15.7
2020-10-01T00:30:15.740Z 12.1
2020-10-01T00:31:15.737Z 15.2
2020-10-01T00:32:15.733Z 15.7
2020-10-01T00:33:15.730Z 12.6
2020-10-01T00:34:15.727Z 15.2
2020-10-01T00:35:15.723Z 15.2
2020-10-01T00:36:15.720Z 12.1
2020-10-01T00:37:15.717Z 16.3
2020-10-01T00:38:15.714Z 16.3
2020-10-01T00:39:15.711Z 12.1
2020-10-01T00:40:15.707Z 15.7
2020-10-01T00:41:15.703Z 15.7
2020-10-01T00:42:15.700Z 12.1
2020-10-01T00:43:15.697Z 16.3
2020-10-01T00:44:15.693Z 22.0
2020-10-01T00:45:15.690Z 14.7
2020-10-01T00:46:15.687Z 16.3
2020-10-01T00:47:15.683Z 15.7
2020-10-01T00:48:15.681Z 13.1
2020-10-01T00:49:15.676Z 21.0
2020-10-01T00:50:15.673Z 13.6
2020-10-01T00:51:15.670Z 14.7
2020-10-01T00:52:15.667Z 16.3
2020-10-01T00:53:15.663Z 13.6
2020-10-01T00:54:15.659Z 14.2
2020-10-01T00:55:15.656Z 15.7
2020-10-01T00:56:15.653Z 13.6
2020-10-01T00:57:15.650Z 15.2
2020-10-01T00:58:15.647Z 19.9
2020-10-01T00:59:15.643Z 12.1
2020-10-01T01:00:15.639Z 16.3
2020-10-01T01:01:15.637Z 17.8
2020-10-01T01:02:15.633Z 12.1
2020-10-01T01:03:15.630Z 16.8
2020-10-01T01:04:15.626Z 15.2
2020-10-01T01:05:15.622Z 12.1
2020-10-01T01:06:15.619Z 16.3
2020-10-01T01:07:15.616Z 16.3
2020-10-01T01:08:15.612Z 26.2
2020-10-01T01:09:15.609Z 35.7
2020-10-01T01:10:15.606Z 30.4
2020-10-01T01:11:15.603Z 15.7
2020-10-01T01:12:15.599Z 12.1
2020-10-01T01:13:15.596Z 15.2
2020-10-01T01:14:15.592Z 15.7
2020-10-01T01:15:15.589Z 12.6
2020-10-01T01:16:15.586Z 13.6
2020-10-01T01:17:15.582Z 14.7
2020-10-01T01:18:15.579Z 13.6
2020-10-01T01:19:15.575Z 12.6
2020-10-01T01:20:15.572Z 16.3
2020-10-01T01:21:15.569Z 14.2
2020-10-01T01:22:15.565Z 11.5
2020-10-01T01:23:15.562Z 15.2
2020-10-01T01:24:15.559Z 14.7
2020-10-01T01:25:15.555Z 12.1
2020-10-01T01:26:15.552Z 21.0
2020-10-01T01:27:15.550Z 13.6
2020-10-01T01:28:15.546Z 11.5
2020-10-01T01:29:15.542Z 14.7
2020-10-01T01:30:15.539Z 14.2
2020-10-01T01:31:15.535Z 13.1
2020-10-01T01:32:15.532Z 16.3
2020-10-01T01:33:15.528Z 16.3
2020-10-01T01:34:15.525Z 12.6
2020-10-01T01:35:15.522Z 13.1
2020-10-01T01:36:15.519Z 14.7
2020-10-01T01:37:15.515Z 13.1
2020-10-01T01:38:15.512Z 12.6
2020-10-01T01:39:15.509Z 14.7
2020-10-01T01:40:15.506Z 15.2
2020-10-01T01:41:15.502Z 12.1
2020-10-01T01:42:15.498Z 14.7
2020-10-01T01:43:15.495Z 17.8
2020-10-01T01:44:15.491Z 13.6
2020-10-01T01:45:15.488Z 16.3
2020-10-01T01:46:15.485Z 14.7
2020-10-01T01:47:15.481Z 12.1
2020-10-01T01:48:15.478Z 14.7
2020-10-01T01:49:15.474Z 15.2
2020-10-01T01:50:15.471Z 12.6
2020-10-01T01:51:15.468Z 14.2
2020-10-01T01:52:15.466Z 15.2
2020-10-01T01:53:15.461Z 12.1
2020-10-01T01:54:15.458Z 14.7
2020-10-01T01:55:15.455Z 15.2
2020-10-01T01:56:15.451Z 13.6
2020-10-01T01:57:15.447Z 13.6
2020-10-01T01:58:15.444Z 15.7
2020-10-01T01:59:15.441Z 14.2
2020-10-01T02:00:15.437Z 13.1
2020-10-01T02:01:15.434Z 15.7
2020-10-01T02:02:15.431Z 14.2
2020-10-01T02:03:15.427Z 12.6
2020-10-01T02:04:15.424Z 16.3
2020-10-01T02:05:15.421Z 15.7
2020-10-01T02:06:15.417Z 13.1
2020-10-01T02:07:15.414Z 17.8
2020-10-01T02:08:15.410Z 16.8
2020-10-01T02:09:15.407Z 30.4
2020-10-01T02:10:15.404Z 15.7
2020-10-01T02:11:15.400Z 12.6
2020-10-01T02:12:15.397Z 17.8
2020-10-01T02:13:15.394Z 14.2
2020-10-01T02:14:15.390Z 12.6
2020-10-01T02:15:15.387Z 15.2
2020-10-01T02:16:15.383Z 14.7
2020-10-01T02:17:15.380Z 12.1
2020-10-01T02:18:15.376Z 16.3
2020-10-01T02:19:15.374Z 15.2
2020-10-01T02:20:15.370Z 11.5
2020-10-01T02:21:15.366Z 16.3
2020-10-01T02:22:15.363Z 15.7
2020-10-01T02:23:15.360Z 11.5
2020-10-01T02:24:15.356Z 15.2
2020-10-01T02:25:15.353Z 16.8
2020-10-01T02:26:15.349Z 12.1
2020-10-01T02:27:15.346Z 14.7
2020-10-01T02:28:15.343Z 15.7
2020-10-01T02:29:15.340Z 12.6
2020-10-01T02:30:15.336Z 14.7
2020-10-01T02:31:15.333Z 15.7
2020-10-01T02:32:15.329Z 13.1
2020-10-01T02:33:15.326Z 14.2
2020-10-01T02:34:15.322Z 15.7
2020-10-01T02:35:15.319Z 15.7
2020-10-01T02:36:15.315Z 14.7
2020-10-01T02:37:15.312Z 16.8
2020-10-01T02:38:15.309Z 14.7
2020-10-01T02:39:15.305Z 13.1
2020-10-01T02:40:15.302Z 16.3
2020-10-01T02:41:15.299Z 14.2
2020-10-01T02:42:15.295Z 13.6
2020-10-01T02:43:15.292Z 17.8
2020-10-01T02:44:15.288Z 14.2
2020-10-01T02:45:15.285Z 13.1
2020-10-01T02:46:15.282Z 15.7
2020-10-01T02:47:15.278Z 14.7
2020-10-01T02:48:15.275Z 13.1
2020-10-01T02:49:15.272Z 14.7
2020-10-01T02:50:15.268Z 14.7
2020-10-01T02:50:54.095Z 12.6
