2020-09-30T18:38:26.200Z 1197.3
2020-09-30T18:39:26.196Z 1092.9
2020-09-30T18:40:26.193Z 1082.0
2020-09-30T18:41:26.190Z 1078.4
2020-09-30T18:42:26.186Z 1038.8
2020-09-30T18:43:26.183Z 983.9
2020-09-30T18:44:26.179Z 965.5
2020-09-30T18:45:26.176Z 1001.9
2020-09-30T18:46:26.173Z 954.2
2020-09-30T18:47:26.169Z 930.4
2020-09-30T18:48:26.167Z 972.4
2020-09-30T18:49:26.162Z 898.9
2020-09-30T18:50:26.159Z 923.8
2020-09-30T18:51:26.156Z 946.5
2020-09-30T18:52:26.152Z 879.3
2020-09-30T18:53:26.149Z 913.9
2020-09-30T18:54:26.146Z 942.3
2020-09-30T18:55:26.142Z 848.2
2020-09-30T18:56:26.139Z 600.7
2020-09-30T18:57:26.136Z 546.6
2020-09-30T18:58:26.132Z 708.3
2020-09-30T18:59:26.129Z 850.1
2020-09-30T19:00:26.126Z 915.3
2020-09-30T19:01:26.122Z 900.1
2020-09-30T19:02:26.120Z 898.2
2020-09-30T19:03:26.116Z 937.3
2020-09-30T19:04:26.112Z 898.7
2020-09-30T19:05:26.109Z 884.8
2020-09-30T19:06:26.105Z 935.6
2020-09-30T19:07:26.103Z 913.2
2020-09-30T19:08:26.099Z 832.2
2020-09-30T19:09:26.095Z 785.9
2020-09-30T19:10:26.093Z 806.9
2020-09-30T19:11:26.089Z 905.7
2020-09-30T19:12:26.085Z 880.2
2020-09-30T19:13:26.082Z 606.6
2020-09-30T19:14:26.079Z 562.7
2020-09-30T19:15:26.075Z 654.2
2020-09-30T19:16:26.072Z 856.5
2020-09-30T19:17:26.069Z 904.5
2020-09-30T19:18:26.065Z 950.4
2020-09-30T19:19:26.062Z 875.7
2020-09-30T19:20:26.059Z 907.6
2020-09-30T19:21:26.055Z 933.6
2020-09-30T19:22:26.052Z 873.2
2020-09-30T19:23:26.049Z 945.4
2020-09-30T19:24:26.046Z 945.7
2020-09-30T19:25:26.042Z 871.6
2020-09-30T19:26:26.039Z 960.6
2020-09-30T19:27:26.035Z 921.6
2020-09-30T19:28:26.032Z 898.3
2020-09-30T19:29:26.028Z 952.1
2020-09-30T19:30:26.025Z 912.4
2020-09-30T19:31:26.022Z 701.8
2020-09-30T19:32:26.019Z 352.5
2020-09-30T19:33:26.015Z 467.3
2020-09-30T19:34:26.012Z 538.0
2020-09-30T19:35:26.009Z 574.5
2020-09-30T19:36:26.006Z 510.8
2020-09-30T19:37:26.002Z 530.8
2020-09-30T19:38:25.998Z 492.1
2020-09-30T19:39:25.995Z 483.1
2020-09-30T19:40:25.992Z 446.5
2020-09-30T19:41:25.989Z 491.8
2020-09-30T19:42:25.985Z 417.6
2020-09-30T19:43:25.982Z 534.7
2020-09-30T19:44:25.978Z 467.5
2020-09-30T19:45:25.975Z 517.0
2020-09-30T19:46:25.972Z 539.7
2020-09-30T19:47:25.968Z 507.5
2020-09-30T19:48:25.965Z 576.1
2020-09-30T19:49:25.962Z 551.4
2020-09-30T19:50:25.959Z 561.6
2020-09-30T19:51:25.955Z 541.8
2020-09-30T19:52:25.952Z 573.9
2020-09-30T19:53:25.949Z 562.3
2020-09-30T19:54:25.945Z 519.7
2020-09-30T19:55:25.942Z 523.0
2020-09-30T19:56:25.939Z 555.7
2020-09-30T19:57:25.935Z 509.5
2020-09-30T19:58:25.932Z 576.8
2020-09-30T19:59:25.929Z 626.7
2020-09-30T20:00:25.925Z 583.6
2020-09-30T20:01:25.922Z 553.8
2020-09-30T20:02:25.919Z 644.5
2020-09-30T20:03:25.915Z 822.9
2020-09-30T20:04:25.912Z 1116.2
2020-09-30T20:05:25.909Z 1113.3
2020-09-30T20:06:25.906Z 1086.3
2020-09-30T20:07:25.902Z 1122.7
2020-09-30T20:08:25.900Z 859.8
2020-09-30T20:09:25.895Z 783.8
2020-09-30T20:10:25.892Z 1034.6
2020-09-30T20:11:25.889Z 1156.8
2020-09-30T20:12:25.886Z 1216.1
2020-09-30T20:13:25.882Z 1194.6
2020-09-30T20:14:25.880Z 1197.1
2020-09-30T20:15:25.876Z 1214.2
2020-09-30T20:16:25.872Z 1170.4
2020-09-30T20:17:25.870Z 1196.6
2020-09-30T20:18:25.866Z 1194.2
2020-09-30T20:19:25.862Z 1168.4
2020-09-30T20:20:25.859Z 1179.7
2020-09-30T20:21:25.856Z 1156.3
2020-09-30T20:22:25.853Z 1149.4
2020-09-30T20:23:25.849Z 1194.5
2020-09-30T20:24:25.846Z 1169.3
2020-09-30T20:25:25.844Z 1102.2
2020-09-30T20:26:25.839Z 1205.9
2020-09-30T20:27:25.837Z 1121.6
2020-09-30T20:28:25.833Z 1144.1
2020-09-30T20:29:25.829Z 1182.7
2020-09-30T20:30:25.826Z 1105.4
2020-09-30T20:31:25.823Z 1126.5
2020-09-30T20:32:25.819Z 1077.3
2020-09-30T20:33:25.817Z 1128.3
2020-09-30T20:34:25.813Z 1198.3
2020-09-30T20:35:25.809Z 1167.5
2020-09-30T20:36:25.806Z 1141.2
2020-09-30T20:37:25.803Z 1228.7
2020-09-30T20:38:25.800Z 1140.2
2020-09-30T20:39:25.796Z 1166.0
2020-09-30T20:40:25.793Z 1194.9
2020-09-30T20:41:25.790Z 1157.3
2020-09-30T20:42:25.786Z 1153.7
2020-09-30T20:43:25.783Z 1207.2
2020-09-30T20:44:25.780Z 1139.4
2020-09-30T20:45:25.777Z 1160.5
2020-09-30T20:46:25.774Z 1222.4
2020-09-30T20:47:25.770Z 1139.9
2020-09-30T20:48:25.767Z 1164.4
2020-09-30T20:49:25.764Z 1189.7
2020-09-30T20:50:25.760Z 1157.6
2020-09-30T20:51:25.757Z 1143.2
2020-09-30T20:52:25.753Z 1187.1
2020-09-30T20:53:25.750Z 1111.3
2020-09-30T20:54:25.747Z 1170.8
2020-09-30T20:55:25.744Z 1146.9
2020-09-30T20:56:25.740Z 1144.2
2020-09-30T20:57:25.737Z 1203.0
2020-09-30T20:58:25.734Z 1127.4
2020-09-30T20:59:25.730Z 1120.8
2020-09-30T21:00:25.727Z 1175.4
2020-09-30T21:01:25.724Z 1137.8
2020-09-30T21:02:25.720Z 1138.6
2020-09-30T21:03:25.717Z 1189.1
2020-09-30T21:04:25.713Z 1104.7
2020-09-30T21:05:25.710Z 1158.5
2020-09-30T21:06:25.707Z 1154.7
2020-09-30T21:07:25.703Z 1105.8
2020-09-30T21:08:25.700Z 1083.2
2020-09-30T21:09:25.696Z 626.5
2020-09-30T21:10:25.693Z 623.9
2020-09-30T21:11:25.689Z 627.2
2020-09-30T21:12:25.687Z 503.5
2020-09-30T21:13:25.683Z 780.1
2020-09-30T21:14:25.680Z 792.8
2020-09-30T21:15:25.676Z 760.2
2020-09-30T21:16:25.673Z 738.5
2020-09-30T21:17:25.670Z 645.3
2020-09-30T21:18:25.667Z 708.7
2020-09-30T21:19:25.663Z 692.9
2020-09-30T21:20:25.659Z 739.3
2020-09-30T21:21:25.656Z 646.9
2020-09-30T21:22:25.653Z 734.4
2020-09-30T21:23:25.649Z 629.8
2020-09-30T21:24:25.646Z 638.0
2020-09-30T21:25:25.643Z 669.8
2020-09-30T21:26:25.639Z 644.9
2020-09-30T21:27:25.637Z 745.5
2020-09-30T21:28:25.632Z 584.9
2020-09-30T21:29:25.629Z 679.2
2020-09-30T21:30:25.626Z 737.7
2020-09-30T21:31:25.622Z 675.1
2020-09-30T21:32:25.619Z 701.6
2020-09-30T21:33:25.616Z 985.0
2020-09-30T21:34:25.612Z 1222.3
2020-09-30T21:35:25.609Z 1172.5
2020-09-30T21:36:25.605Z 1169.2
2020-09-30T21:37:25.602Z 1205.1
2020-09-30T21:38:25.599Z 1204.0
2020-09-30T21:39:25.595Z 1262.9
2020-09-30T21:40:25.592Z 1249.9
2020-09-30T21:41:25.589Z 1250.4
2020-09-30T21:42:25.585Z 1233.1
2020-09-30T21:43:25.582Z 1219.0
2020-09-30T21:44:25.579Z 1228.4
2020-09-30T21:45:25.575Z 1238.4
2020-09-30T21:46:25.573Z 1237.4
2020-09-30T21:47:25.569Z 1248.8
2020-09-30T21:48:25.565Z 1194.3
2020-09-30T21:49:25.562Z 1221.1
2020-09-30T21:50:25.559Z 1141.5
2020-09-30T21:51:25.555Z 1067.4
2020-09-30T21:52:25.552Z 1063.4
2020-09-30T21:53:25.548Z 1063.0
2020-09-30T21:54:25.545Z 1210.6
2020-09-30T21:55:25.542Z 1206.5
2020-09-30T21:56:25.538Z 1224.0
2020-09-30T21:57:25.536Z 1203.0
2020-09-30T21:58:25.532Z 1248.9
2020-09-30T21:59:25.528Z 1197.9
2020-09-30T22:00:25.525Z 1200.8
2020-09-30T22:01:25.521Z 1210.7
2020-09-30T22:02:25.519Z 1215.8
2020-09-30T22:03:25.515Z 1217.6
2020-09-30T22:04:25.511Z 1186.7
2020-09-30T22:05:25.508Z 1180.1
2020-09-30T22:06:25.505Z 1190.8
2020-09-30T22:07:25.501Z 1202.3
2020-09-30T22:08:25.498Z 992.7
2020-09-30T22:09:25.495Z 771.0
2020-09-30T22:10:25.491Z 1160.4
2020-09-30T22:11:25.488Z 1038.6
2020-09-30T22:12:25.485Z 1242.0
2020-09-30T22:13:25.482Z 1279.8
2020-09-30T22:14:25.478Z 1258.2
2020-09-30T22:15:25.474Z 998.5
2020-09-30T22:16:25.471Z 714.0
2020-09-30T22:17:25.467Z 825.2
2020-09-30T22:18:25.464Z 792.0
2020-09-30T22:19:25.461Z 834.3
2020-09-30T22:20:25.457Z 788.6
2020-09-30T22:21:25.455Z 834.2
2020-09-30T22:22:25.452Z 781.8
2020-09-30T22:23:25.447Z 741.7
2020-09-30T22:24:25.444Z 773.4
2020-09-30T22:25:25.441Z 797.2
2020-09-30T22:25:39.647Z 647.3

2020-09-30T22:45:16.095Z 1780.1
2020-09-30T22:46:16.092Z 1607.1
2020-09-30T22:47:16.088Z 1541.6
2020-09-30T22:48:16.085Z 1541.8
2020-09-30T22:49:16.081Z 1468.2
2020-09-30T22:50:16.078Z 1550.6
2020-09-30T22:51:16.075Z 1355.1
2020-09-30T22:52:16.071Z 1064.9
2020-09-30T22:53:16.068Z 996.7
2020-09-30T22:54:16.064Z 1420.7
2020-09-30T22:55:16.061Z 1439.7
2020-09-30T22:56:16.057Z 1400.3
2020-09-30T22:57:16.054Z 1415.8
2020-09-30T22:58:16.050Z 1372.2
2020-09-30T22:59:16.047Z 1065.8
2020-09-30T23:00:16.044Z 257.3
2020-09-30T23:01:16.040Z 313.7
2020-09-30T23:02:16.037Z 372.6
2020-09-30T23:03:16.034Z 291.4
2020-09-30T23:04:16.030Z 217.4
2020-09-30T23:05:16.027Z 262.0
2020-09-30T23:06:16.024Z 308.2
2020-09-30T23:07:16.020Z 267.4
2020-09-30T23:08:16.017Z 248.3
2020-09-30T23:09:16.013Z 196.9
2020-09-30T23:10:16.011Z 359.0
2020-09-30T23:11:16.007Z 1083.0
2020-09-30T23:12:16.003Z 1326.1
2020-09-30T23:13:16.000Z 1328.0
2020-09-30T23:14:15.997Z 1310.7
2020-09-30T23:15:15.993Z 1321.5
2020-09-30T23:16:15.989Z 1335.0
2020-09-30T23:17:15.986Z 1348.4
2020-09-30T23:18:15.983Z 1291.7
2020-09-30T23:19:15.979Z 1343.2
2020-09-30T23:20:15.976Z 1244.0
2020-09-30T23:21:15.973Z 1292.7
2020-09-30T23:22:15.969Z 1286.6
2020-09-30T23:23:15.966Z 1318.3
2020-09-30T23:24:15.963Z 1289.2
2020-09-30T23:25:15.960Z 1331.6
2020-09-30T23:26:15.956Z 899.2
2020-09-30T23:27:15.952Z 328.3
2020-09-30T23:28:15.949Z 356.7
2020-09-30T23:29:15.946Z 248.9
2020-09-30T23:30:15.942Z 231.3
2020-09-30T23:31:15.939Z 229.0
2020-09-30T23:32:15.935Z 235.2
2020-09-30T23:33:15.932Z 155.1
2020-09-30T23:34:15.929Z 215.1
2020-09-30T23:35:15.925Z 224.1
2020-09-30T23:36:15.922Z 269.0
2020-09-30T23:37:15.919Z 327.4
2020-09-30T23:38:15.915Z 292.2
2020-09-30T23:39:15.912Z 319.5
2020-09-30T23:40:15.908Z 567.9
2020-09-30T23:41:15.905Z 776.0
2020-09-30T23:42:15.901Z 983.5
2020-09-30T23:43:15.899Z 1068.6
2020-09-30T23:44:15.895Z 984.0
2020-09-30T23:45:15.892Z 1041.9
2020-09-30T23:46:15.888Z 970.7
2020-09-30T23:47:15.885Z 1014.8
2020-09-30T23:48:15.881Z 332.7
2020-09-30T23:49:15.878Z 308.2
2020-09-30T23:50:15.874Z 300.9
2020-09-30T23:51:15.871Z 242.9
2020-09-30T23:52:15.868Z 218.7
2020-09-30T23:53:15.865Z 229.1
2020-09-30T23:54:15.861Z 245.7
2020-09-30T23:55:15.858Z 194.2
2020-09-30T23:56:15.854Z 191.0
2020-09-30T23:57:15.851Z 201.3
2020-09-30T23:58:15.847Z 202.9
2020-09-30T23:59:15.844Z 193.9
2020-10-01T00:00:15.841Z 207.6
2020-10-01T00:01:15.837Z 195.0
2020-10-01T00:02:15.834Z 217.9
2020-10-01T00:03:15.831Z 199.0
2020-10-01T00:04:15.827Z 201.8
2020-10-01T00:05:15.824Z 208.8
2020-10-01T00:06:15.821Z 179.9
2020-10-01T00:07:15.817Z 198.7
2020-10-01T00:08:15.814Z 129.0
2020-10-01T00:09:15.810Z 82.8
2020-10-01T00:10:15.807Z 247.2
2020-10-01T00:11:15.804Z 510.6
2020-10-01T00:12:15.800Z 681.6
2020-10-01T00:13:15.797Z 878.5
2020-10-01T00:14:15.793Z 945.4
2020-10-01T00:15:15.790Z 873.9
2020-10-01T00:16:15.788Z 947.6
2020-10-01T00:17:15.784Z 807.2
2020-10-01T00:18:15.780Z 955.0
2020-10-01T00:19:15.777Z 958.6
2020-10-01T00:20:15.773Z 942.1
2020-10-01T00:21:15.770Z 939.0
2020-10-01T00:22:15.767Z 881.2
2020-10-01T00:23:15.763Z 938.5
2020-10-01T00:24:15.760Z 998.3
2020-10-01T00:25:15.757Z 922.7
2020-10-01T00:26:15.754Z 892.9
2020-10-01T00:27:15.750Z 991.7
2020-10-01T00:28:15.747Z 877.9
2020-10-01T00:29:15.744Z 898.5
2020-10-01T00:30:15.740Z 1010.9
2020-10-01T00:31:15.737Z 933.9
2020-10-01T00:32:15.733Z 925.3
2020-10-01T00:33:15.730Z 971.8
2020-10-01T00:34:15.727Z 935.2
2020-10-01T00:35:15.723Z 902.1
2020-10-01T00:36:15.720Z 982.9
2020-10-01T00:37:15.717Z 891.0
2020-10-01T00:38:15.714Z 900.5
2020-10-01T00:39:15.711Z 995.7
2020-10-01T00:40:15.707Z 930.5
2020-10-01T00:41:15.703Z 904.0
2020-10-01T00:42:15.700Z 999.9
2020-10-01T00:43:15.697Z 892.2
2020-10-01T00:44:15.693Z 820.9
2020-10-01T00:45:15.690Z 951.2
2020-10-01T00:46:15.687Z 902.7
2020-10-01T00:47:15.683Z 928.6
2020-10-01T00:48:15.681Z 971.4
2020-10-01T00:49:15.676Z 807.8
2020-10-01T00:50:15.673Z 953.1
2020-10-01T00:51:15.670Z 952.4
2020-10-01T00:52:15.667Z 902.6
2020-10-01T00:53:15.663Z 953.5
2020-10-01T00:54:15.659Z 938.5
2020-10-01T00:55:15.656Z 891.9
2020-10-01T00:56:15.653Z 977.8
2020-10-01T00:57:15.650Z 932.6
2020-10-01T00:58:15.647Z 778.7
2020-10-01T00:59:15.643Z 982.0
2020-10-01T01:00:15.639Z 862.4
2020-10-01T01:01:15.637Z 865.8
2020-10-01T01:02:15.633Z 993.3
2020-10-01T01:03:15.630Z 904.6
2020-10-01T01:04:15.626Z 922.4
2020-10-01T01:05:15.622Z 989.0
2020-10-01T01:06:15.619Z 914.1
2020-10-01T01:07:15.616Z 891.3
2020-10-01T01:08:15.612Z 707.8
2020-10-01T01:09:15.609Z 631.2
2020-10-01T01:10:15.606Z 657.1
2020-10-01T01:11:15.603Z 860.1
2020-10-01T01:12:15.599Z 1010.0
2020-10-01T01:13:15.596Z 941.6
2020-10-01T01:14:15.592Z 946.9
2020-10-01T01:15:15.589Z 1026.9
2020-10-01T01:16:15.586Z 1002.7
2020-10-01T01:17:15.582Z 955.0
2020-10-01T01:18:15.579Z 977.4
2020-10-01T01:19:15.575Z 1012.9
2020-10-01T01:20:15.572Z 946.7
2020-10-01T01:21:15.569Z 975.6
2020-10-01T01:22:15.565Z 1050.6
2020-10-01T01:23:15.562Z 960.9
2020-10-01T01:24:15.559Z 961.6
2020-10-01T01:25:15.555Z 1021.5
2020-10-01T01:26:15.552Z 860.0
2020-10-01T01:27:15.550Z 980.7
2020-10-01T01:28:15.546Z 1044.4
2020-10-01T01:29:15.542Z 945.4
2020-10-01T01:30:15.539Z 944.9
2020-10-01T01:31:15.535Z 1021.0
2020-10-01T01:32:15.532Z 902.3
2020-10-01T01:33:15.528Z 922.1
2020-10-01T01:34:15.525Z 1023.5
2020-10-01T01:35:15.522Z 998.2
2020-10-01T01:36:15.519Z 965.9
2020-10-01T01:37:15.515Z 994.9
2020-10-01T01:38:15.512Z 1014.3
2020-10-01T01:39:15.509Z 957.5
2020-10-01T01:40:15.506Z 924.8
2020-10-01T01:41:15.502Z 1020.5
2020-10-01T01:42:15.498Z 948.3
2020-10-01T01:43:15.495Z 888.4
2020-10-01T01:44:15.491Z 992.2
2020-10-01T01:45:15.488Z 935.8
2020-10-01T01:46:15.485Z 973.3
2020-10-01T01:47:15.481Z 1037.7
2020-10-01T01:48:15.478Z 947.5
2020-10-01T01:49:15.474Z 944.7
2020-10-01T01:50:15.471Z 1030.4
2020-10-01T01:51:15.468Z 963.4
2020-10-01T01:52:15.466Z 970.3
2020-10-01T01:53:15.461Z 1018.9
2020-10-01T01:54:15.458Z 970.6
2020-10-01T01:55:15.455Z 957.4
2020-10-01T01:56:15.451Z 988.3
2020-10-01T01:57:15.447Z 983.2
2020-10-01T01:58:15.444Z 924.0
2020-10-01T01:59:15.441Z 972.7
2020-10-01T02:00:15.437Z 989.9
2020-10-01T02:01:15.434Z 939.0
2020-10-01T02:02:15.431Z 975.3
2020-10-01T02:03:15.427Z 1011.5
2020-10-01T02:04:15.424Z 946.6
2020-10-01T02:05:15.421Z 943.7
2020-10-01T02:06:15.417Z 1022.6
2020-10-01T02:07:15.414Z 927.0
2020-10-01T02:08:15.410Z 737.3
2020-10-01T02:09:15.407Z 527.1
2020-10-01T02:10:15.404Z 907.8
2020-10-01T02:11:15.400Z 995.2
2020-10-01T02:12:15.397Z 879.1
2020-10-01T02:13:15.394Z 960.3
2020-10-01T02:14:15.390Z 1011.3
2020-10-01T02:15:15.387Z 939.5
2020-10-01T02:16:15.383Z 950.8
2020-10-01T02:17:15.380Z 1007.5
2020-10-01T02:18:15.376Z 937.1
2020-10-01T02:19:15.374Z 960.6
2020-10-01T02:20:15.370Z 1024.5
2020-10-01T02:21:15.366Z 924.4
2020-10-01T02:22:15.363Z 904.5
2020-10-01T02:23:15.360Z 1020.1
2020-10-01T02:24:15.356Z 953.8
2020-10-01T02:25:15.353Z 927.3
2020-10-01T02:26:15.349Z 1020.7
2020-10-01T02:27:15.346Z 945.7
2020-10-01T02:28:15.343Z 938.7
2020-10-01T02:29:15.340Z 1011.3
2020-10-01T02:30:15.336Z 972.2
2020-10-01T02:31:15.333Z 929.6
2020-10-01T02:32:15.329Z 999.8
2020-10-01T02:33:15.326Z 980.3
2020-10-01T02:34:15.322Z 944.8
2020-10-01T02:35:15.319Z 953.7
2020-10-01T02:36:15.315Z 934.3
2020-10-01T02:37:15.312Z 906.9
2020-10-01T02:38:15.309Z 968.5
2020-10-01T02:39:15.305Z 979.3
2020-10-01T02:40:15.302Z 901.5
2020-10-01T02:41:15.299Z 965.1
2020-10-01T02:42:15.295Z 974.3
2020-10-01T02:43:15.292Z 912.3
2020-10-01T02:44:15.288Z 956.8
2020-10-01T02:45:15.285Z 986.1
2020-10-01T02:46:15.282Z 924.5
2020-10-01T02:47:15.278Z 950.5
2020-10-01T02:48:15.275Z 1006.5
2020-10-01T02:49:15.272Z 950.2
2020-10-01T02:50:15.268Z 957.7
2020-10-01T02:50:54.095Z 1077.6
