2020-09-30T18:38:26.200Z 22.0
2020-09-30T18:39:26.196Z 22.0
2020-09-30T18:40:26.193Z 19.9
2020-09-30T18:41:26.190Z 19.9
2020-09-30T18:42:26.186Z 18.9
2020-09-30T18:43:26.183Z 22.0
2020-09-30T18:44:26.179Z 21.0
2020-09-30T18:45:26.176Z 18.9
2020-09-30T18:46:26.173Z 21.0
2020-09-30T18:47:26.169Z 22.0
2020-09-30T18:48:26.167Z 18.9
2020-09-30T18:49:26.162Z 22.0
2020-09-30T18:50:26.159Z 19.9
2020-09-30T18:51:26.156Z 18.9
2020-09-30T18:52:26.152Z 24.1
2020-09-30T18:53:26.149Z 21.0
2020-09-30T18:54:26.146Z 17.8
2020-09-30T18:55:26.142Z 24.1
2020-09-30T18:56:26.139Z 32.5
2020-09-30T18:57:26.136Z 39.8
2020-09-30T18:58:26.132Z 28.3
2020-09-30T18:59:26.129Z 24.1
2020-09-30T19:00:26.126Z 21.0
2020-09-30T19:01:26.122Z 22.0
2020-09-30T19:02:26.120Z 22.0
2020-09-30T19:03:26.116Z 19.9
2020-09-30T19:04:26.112Z 22.0
2020-09-30T19:05:26.109Z 22.0
2020-09-30T19:06:26.105Z 19.9
2020-09-30T19:07:26.103Z 22.0
2020-09-30T19:08:26.099Z 21.0
2020-09-30T19:09:26.095Z 21.0
2020-09-30T19:10:26.093Z 26.2
2020-09-30T19:11:26.089Z 22.0
2020-09-30T19:12:26.085Z 23.1
2020-09-30T19:13:26.082Z 32.5
2020-09-30T19:14:26.079Z 37.7
2020-09-30T19:15:26.075Z 32.5
2020-09-30T19:16:26.072Z 24.1
2020-09-30T19:17:26.069Z 21.0
2020-09-30T19:18:26.065Z 18.9
2020-09-30T19:19:26.062Z 24.1
2020-09-30T19:20:26.059Z 21.0
2020-09-30T19:21:26.055Z 21.0
2020-09-30T19:22:26.052Z 25.2
2020-09-30T19:23:26.049Z 21.0
2020-09-30T19:24:26.046Z 18.9
2020-09-30T19:25:26.042Z 23.1
2020-09-30T19:26:26.039Z 18.9
2020-09-30T19:27:26.035Z 19.9
2020-09-30T19:28:26.032Z 22.0
2020-09-30T19:29:26.028Z 18.9
2020-09-30T19:30:26.025Z 23.1
2020-09-30T19:31:26.022Z 27.3
2020-09-30T19:32:26.019Z 226.5
2020-09-30T19:33:26.015Z 83.9
2020-09-30T19:34:26.012Z 75.5
2020-09-30T19:35:26.009Z 54.5
2020-09-30T19:36:26.006Z 104.9
2020-09-30T19:37:26.002Z 92.3
2020-09-30T19:38:25.998Z 92.3
2020-09-30T19:39:25.995Z 121.6
2020-09-30T19:40:25.992Z 436.2
2020-09-30T19:41:25.989Z 385.9
2020-09-30T19:42:25.985Z 243.3
2020-09-30T19:43:25.982Z 243.3
2020-09-30T19:44:25.978Z 285.2
2020-09-30T19:45:25.975Z 285.2
2020-09-30T19:46:25.972Z 184.5
2020-09-30T19:47:25.968Z 352.3
2020-09-30T19:48:25.965Z 268.4
2020-09-30T19:49:25.962Z 318.8
2020-09-30T19:50:25.959Z 92.3
2020-09-30T19:51:25.955Z 268.4
2020-09-30T19:52:25.952Z 268.4
2020-09-30T19:53:25.949Z 302.0
2020-09-30T19:54:25.945Z 486.5
2020-09-30T19:55:25.942Z 503.3
2020-09-30T19:56:25.939Z 486.5
2020-09-30T19:57:25.935Z 503.3
2020-09-30T19:58:25.932Z 486.5
2020-09-30T19:59:25.929Z 335.5
2020-09-30T20:00:25.925Z 402.7
2020-09-30T20:01:25.922Z 243.3
2020-09-30T20:02:25.919Z 318.8
2020-09-30T20:03:25.915Z 48.2
2020-09-30T20:04:25.912Z 14.7
2020-09-30T20:05:25.909Z 14.2
2020-09-30T20:06:25.906Z 16.3
2020-09-30T20:07:25.902Z 13.1
2020-09-30T20:08:25.900Z 22.0
2020-09-30T20:09:25.895Z 18.9
2020-09-30T20:10:25.892Z 16.8
2020-09-30T20:11:25.889Z 14.7
2020-09-30T20:12:25.886Z 14.2
2020-09-30T20:13:25.882Z 15.2
2020-09-30T20:14:25.880Z 15.2
2020-09-30T20:15:25.876Z 13.6
2020-09-30T20:16:25.872Z 17.8
2020-09-30T20:17:25.870Z 14.2
2020-09-30T20:18:25.866Z 14.2
2020-09-30T20:19:25.862Z 15.7
2020-09-30T20:20:25.859Z 14.7
2020-09-30T20:21:25.856Z 14.2
2020-09-30T20:22:25.853Z 15.2
2020-09-30T20:23:25.849Z 13.6
2020-09-30T20:24:25.846Z 15.2
2020-09-30T20:25:25.844Z 18.9
2020-09-30T20:26:25.839Z 13.1
2020-09-30T20:27:25.837Z 17.8
2020-09-30T20:28:25.833Z 16.3
2020-09-30T20:29:25.829Z 13.6
2020-09-30T20:30:25.826Z 16.8
2020-09-30T20:31:25.823Z 16.3
2020-09-30T20:32:25.819Z 14.2
2020-09-30T20:33:25.817Z 17.8
2020-09-30T20:34:25.813Z 14.2
2020-09-30T20:35:25.809Z 15.2
2020-09-30T20:36:25.806Z 17.8
2020-09-30T20:37:25.803Z 13.1
2020-09-30T20:38:25.800Z 16.3
2020-09-30T20:39:25.796Z 15.7
2020-09-30T20:40:25.793Z 16.3
2020-09-30T20:41:25.790Z 15.2
2020-09-30T20:42:25.786Z 15.7
2020-09-30T20:43:25.783Z 12.6
2020-09-30T20:44:25.780Z 16.8
2020-09-30T20:45:25.777Z 15.7
2020-09-30T20:46:25.774Z 12.6
2020-09-30T20:47:25.770Z 17.8
2020-09-30T20:48:25.767Z 16.3
2020-09-30T20:49:25.764Z 13.6
2020-09-30T20:50:25.760Z 15.7
2020-09-30T20:51:25.757Z 15.2
2020-09-30T20:52:25.753Z 14.2
2020-09-30T20:53:25.750Z 17.8
2020-09-30T20:54:25.747Z 13.6
2020-09-30T20:55:25.744Z 15.2
2020-09-30T20:56:25.740Z 16.8
2020-09-30T20:57:25.737Z 12.1
2020-09-30T20:58:25.734Z 17.8
2020-09-30T20:59:25.730Z 16.8
2020-09-30T21:00:25.727Z 13.1
2020-09-30T21:01:25.724Z 16.3
2020-09-30T21:02:25.720Z 15.2
2020-09-30T21:03:25.717Z 12.1
2020-09-30T21:04:25.713Z 17.8
2020-09-30T21:05:25.710Z 14.2
2020-09-30T21:06:25.707Z 14.7
2020-09-30T21:07:25.703Z 15.7
2020-09-30T21:08:25.700Z 14.7
2020-09-30T21:09:25.696Z 26.2
2020-09-30T21:10:25.693Z 56.6
2020-09-30T21:11:25.689Z 65.0
2020-09-30T21:12:25.687Z 151.0
2020-09-30T21:13:25.683Z 50.3
2020-09-30T21:14:25.680Z 52.4
2020-09-30T21:15:25.676Z 46.1
2020-09-30T21:16:25.673Z 54.5
2020-09-30T21:17:25.670Z 302.0
2020-09-30T21:18:25.667Z 302.0
2020-09-30T21:19:25.663Z 243.3
2020-09-30T21:20:25.659Z 83.9
2020-09-30T21:21:25.656Z 419.4
2020-09-30T21:22:25.653Z 302.0
2020-09-30T21:23:25.649Z 260.0
2020-09-30T21:24:25.646Z 402.7
2020-09-30T21:25:25.643Z 167.8
2020-09-30T21:26:25.639Z 167.8
2020-09-30T21:27:25.637Z 75.5
2020-09-30T21:28:25.632Z 335.5
2020-09-30T21:29:25.629Z 352.3
2020-09-30T21:30:25.626Z 104.9
2020-09-30T21:31:25.622Z 352.3
2020-09-30T21:32:25.619Z 318.8
2020-09-30T21:33:25.616Z 13.6
2020-09-30T21:34:25.612Z 12.6
2020-09-30T21:35:25.609Z 13.6
2020-09-30T21:36:25.605Z 14.2
2020-09-30T21:37:25.602Z 13.1
2020-09-30T21:38:25.599Z 13.6
2020-09-30T21:39:25.595Z 11.5
2020-09-30T21:40:25.592Z 11.5
2020-09-30T21:41:25.589Z 12.1
2020-09-30T21:42:25.585Z 12.6
2020-09-30T21:43:25.582Z 12.6
2020-09-30T21:44:25.579Z 13.1
2020-09-30T21:45:25.575Z 12.6
2020-09-30T21:46:25.573Z 12.6
2020-09-30T21:47:25.569Z 11.5
2020-09-30T21:48:25.565Z 13.1
2020-09-30T21:49:25.562Z 13.1
2020-09-30T21:50:25.559Z 14.2
2020-09-30T21:51:25.555Z 16.3
2020-09-30T21:52:25.552Z 14.7
2020-09-30T21:53:25.548Z 16.8
2020-09-30T21:54:25.545Z 12.1
2020-09-30T21:55:25.542Z 14.7
2020-09-30T21:56:25.538Z 14.2
2020-09-30T21:57:25.536Z 12.6
2020-09-30T21:58:25.532Z 12.1
2020-09-30T21:59:25.528Z 14.7
2020-09-30T22:00:25.525Z 13.1
2020-09-30T22:01:25.521Z 12.1
2020-09-30T22:02:25.519Z 13.1
2020-09-30T22:03:25.515Z 13.1
2020-09-30T22:04:25.511Z 14.2
2020-09-30T22:05:25.508Z 13.6
2020-09-30T22:06:25.505Z 13.1
2020-09-30T22:07:25.501Z 12.6
2020-09-30T22:08:25.498Z 17.8
2020-09-30T22:09:25.495Z 22.0
2020-09-30T22:10:25.491Z 13.6
2020-09-30T22:11:25.488Z 13.1
2020-09-30T22:12:25.485Z 13.6
2020-09-30T22:13:25.482Z 12.1
2020-09-30T22:14:25.478Z 14.2
2020-09-30T22:15:25.474Z 25.2
2020-09-30T22:16:25.471Z 67.1
2020-09-30T22:17:25.467Z 35.7
2020-09-30T22:18:25.464Z 54.5
2020-09-30T22:19:25.461Z 35.7
2020-09-30T22:20:25.457Z 62.9
2020-09-30T22:21:25.455Z 67.1
2020-09-30T22:22:25.452Z 75.5
2020-09-30T22:23:25.447Z 159.4
2020-09-30T22:24:25.444Z 218.1
2020-09-30T22:25:25.441Z 48.2
2020-09-30T22:25:39.647Z 100.7

2020-09-30T22:45:16.095Z 11.5
2020-09-30T22:46:16.092Z 12.1
2020-09-30T22:47:16.088Z 12.1
2020-09-30T22:48:16.085Z 11.0
2020-09-30T22:49:16.081Z 13.6
2020-09-30T22:50:16.078Z 10.5
2020-09-30T22:51:16.075Z 16.8
2020-09-30T22:52:16.071Z 22.0
2020-09-30T22:53:16.068Z 25.2
2020-09-30T22:54:16.064Z 12.6
2020-09-30T22:55:16.061Z 11.5
2020-09-30T22:56:16.057Z 13.6
2020-09-30T22:57:16.054Z 13.1
2020-09-30T22:58:16.050Z 14.2
2020-09-30T22:59:16.047Z 17.8
2020-09-30T23:00:16.044Z 604.0
2020-09-30T23:01:16.040Z 604.0
2020-09-30T23:02:16.037Z 486.5
2020-09-30T23:03:16.034Z 486.5
2020-09-30T23:04:16.030Z 637.5
2020-09-30T23:05:16.027Z 570.4
2020-09-30T23:06:16.024Z 570.4
2020-09-30T23:07:16.020Z 604.0
2020-09-30T23:08:16.017Z 671.1
2020-09-30T23:09:16.013Z 520.1
2020-09-30T23:10:16.011Z 604.0
2020-09-30T23:11:16.007Z 24.1
2020-09-30T23:12:16.003Z 12.6
2020-09-30T23:13:16.000Z 13.6
2020-09-30T23:14:15.997Z 14.2
2020-09-30T23:15:15.993Z 12.6
2020-09-30T23:16:15.989Z 13.6
2020-09-30T23:17:15.986Z 13.1
2020-09-30T23:18:15.983Z 13.6
2020-09-30T23:19:15.979Z 11.5
2020-09-30T23:20:15.976Z 14.7
2020-09-30T23:21:15.973Z 13.1
2020-09-30T23:22:15.969Z 13.6
2020-09-30T23:23:15.966Z 13.1
2020-09-30T23:24:15.963Z 13.1
2020-09-30T23:25:15.960Z 11.5
2020-09-30T23:26:15.956Z 26.2
2020-09-30T23:27:15.952Z 503.3
2020-09-30T23:28:15.949Z 469.8
2020-09-30T23:29:15.946Z 570.4
2020-09-30T23:30:15.942Z 637.5
2020-09-30T23:31:15.939Z 570.4
2020-09-30T23:32:15.935Z 637.5
2020-09-30T23:33:15.932Z 604.0
2020-09-30T23:34:15.929Z 637.5
2020-09-30T23:35:15.925Z 671.1
2020-09-30T23:36:15.922Z 637.5
2020-09-30T23:37:15.919Z 453.0
2020-09-30T23:38:15.915Z 570.4
2020-09-30T23:39:15.912Z 604.0
2020-09-30T23:40:15.908Z 419.4
2020-09-30T23:41:15.905Z 50.3
2020-09-30T23:42:15.901Z 18.9
2020-09-30T23:43:15.899Z 13.6
2020-09-30T23:44:15.895Z 18.9
2020-09-30T23:45:15.892Z 14.7
2020-09-30T23:46:15.888Z 21.0
2020-09-30T23:47:15.885Z 16.8
2020-09-30T23:48:15.881Z 436.2
2020-09-30T23:49:15.878Z 453.0
2020-09-30T23:50:15.874Z 536.9
2020-09-30T23:51:15.871Z 536.9
2020-09-30T23:52:15.868Z 604.0
2020-09-30T23:53:15.865Z 570.4
2020-09-30T23:54:15.861Z 604.0
2020-09-30T23:55:15.858Z 637.5
2020-09-30T23:56:15.854Z 570.4
2020-09-30T23:57:15.851Z 637.5
2020-09-30T23:58:15.847Z 604.0
2020-09-30T23:59:15.844Z 637.5
2020-10-01T00:00:15.841Z 604.0
2020-10-01T00:01:15.837Z 637.5
2020-10-01T00:02:15.834Z 570.4
2020-10-01T00:03:15.831Z 604.0
2020-10-01T00:04:15.827Z 637.5
2020-10-01T00:05:15.824Z 637.5
2020-10-01T00:06:15.821Z 637.5
2020-10-01T00:07:15.817Z 604.0
2020-10-01T00:08:15.814Z 637.5
2020-10-01T00:09:15.810Z 872.4
2020-10-01T00:10:15.807Z 637.5
2020-10-01T00:11:15.804Z 520.1
2020-10-01T00:12:15.800Z 50.3
2020-10-01T00:13:15.797Z 19.9
2020-10-01T00:14:15.793Z 18.9
2020-10-01T00:15:15.790Z 22.0
2020-10-01T00:16:15.788Z 18.9
2020-10-01T00:17:15.784Z 22.0
2020-10-01T00:18:15.780Z 17.8
2020-10-01T00:19:15.777Z 18.9
2020-10-01T00:20:15.773Z 21.0
2020-10-01T00:21:15.770Z 17.8
2020-10-01T00:22:15.767Z 21.0
2020-10-01T00:23:15.763Z 18.9
2020-10-01T00:24:15.760Z 15.7
2020-10-01T00:25:15.757Z 18.9
2020-10-01T00:26:15.754Z 21.0
2020-10-01T00:27:15.750Z 15.7
2020-10-01T00:28:15.747Z 22.0
2020-10-01T00:29:15.744Z 19.9
2020-10-01T00:30:15.740Z 14.7
2020-10-01T00:31:15.737Z 19.9
2020-10-01T00:32:15.733Z 18.9
2020-10-01T00:33:15.730Z 15.2
2020-10-01T00:34:15.727Z 18.9
2020-10-01T00:35:15.723Z 22.0
2020-10-01T00:36:15.720Z 14.7
2020-10-01T00:37:15.717Z 23.1
2020-10-01T00:38:15.714Z 21.0
2020-10-01T00:39:15.711Z 15.2
2020-10-01T00:40:15.707Z 19.9
2020-10-01T00:41:15.703Z 22.0
2020-10-01T00:42:15.700Z 14.7
2020-10-01T00:43:15.697Z 19.9
2020-10-01T00:44:15.693Z 23.1
2020-10-01T00:45:15.690Z 18.9
2020-10-01T00:46:15.687Z 21.0
2020-10-01T00:47:15.683Z 19.9
2020-10-01T00:48:15.681Z 17.8
2020-10-01T00:49:15.676Z 25.2
2020-10-01T00:50:15.673Z 16.8
2020-10-01T00:51:15.670Z 17.8
2020-10-01T00:52:15.667Z 21.0
2020-10-01T00:53:15.663Z 16.3
2020-10-01T00:54:15.659Z 17.8
2020-10-01T00:55:15.656Z 21.0
2020-10-01T00:56:15.653Z 15.7
2020-10-01T00:57:15.650Z 18.9
2020-10-01T00:58:15.647Z 24.1
2020-10-01T00:59:15.643Z 14.7
2020-10-01T01:00:15.639Z 21.0
2020-10-01T01:01:15.637Z 22.0
2020-10-01T01:02:15.633Z 14.7
2020-10-01T01:03:15.630Z 22.0
2020-10-01T01:04:15.626Z 19.9
2020-10-01T01:05:15.622Z 14.2
2020-10-01T01:06:15.619Z 21.0
2020-10-01T01:07:15.616Z 19.9
2020-10-01T01:08:15.612Z 31.5
2020-10-01T01:09:15.609Z 46.1
2020-10-01T01:10:15.606Z 29.4
2020-10-01T01:11:15.603Z 19.9
2020-10-01T01:12:15.599Z 16.3
2020-10-01T01:13:15.596Z 19.9
2020-10-01T01:14:15.592Z 21.0
2020-10-01T01:15:15.589Z 15.7
2020-10-01T01:16:15.586Z 18.9
2020-10-01T01:17:15.582Z 18.9
2020-10-01T01:18:15.579Z 17.8
2020-10-01T01:19:15.575Z 15.7
2020-10-01T01:20:15.572Z 21.0
2020-10-01T01:21:15.569Z 18.9
2020-10-01T01:22:15.565Z 15.2
2020-10-01T01:23:15.562Z 22.0
2020-10-01T01:24:15.559Z 19.9
2020-10-01T01:25:15.555Z 15.2
2020-10-01T01:26:15.552Z 26.2
2020-10-01T01:27:15.550Z 18.9
2020-10-01T01:28:15.546Z 14.2
2020-10-01T01:29:15.542Z 18.9
2020-10-01T01:30:15.539Z 19.9
2020-10-01T01:31:15.535Z 16.3
2020-10-01T01:32:15.532Z 21.0
2020-10-01T01:33:15.528Z 22.0
2020-10-01T01:34:15.525Z 14.7
2020-10-01T01:35:15.522Z 16.8
2020-10-01T01:36:15.519Z 18.9
2020-10-01T01:37:15.515Z 15.7
2020-10-01T01:38:15.512Z 16.8
2020-10-01T01:39:15.509Z 19.9
2020-10-01T01:40:15.506Z 18.9
2020-10-01T01:41:15.502Z 14.7
2020-10-01T01:42:15.498Z 17.8
2020-10-01T01:43:15.495Z 21.0
2020-10-01T01:44:15.491Z 16.3
2020-10-01T01:45:15.488Z 21.0
2020-10-01T01:46:15.485Z 18.9
2020-10-01T01:47:15.481Z 14.7
2020-10-01T01:48:15.478Z 19.9
2020-10-01T01:49:15.474Z 21.0
2020-10-01T01:50:15.471Z 14.2
2020-10-01T01:51:15.468Z 19.9
2020-10-01T01:52:15.466Z 19.9
2020-10-01T01:53:15.461Z 15.2
2020-10-01T01:54:15.458Z 17.8
2020-10-01T01:55:15.455Z 21.0
2020-10-01T01:56:15.451Z 16.3
2020-10-01T01:57:15.447Z 16.8
2020-10-01T01:58:15.444Z 22.0
2020-10-01T01:59:15.441Z 17.8
2020-10-01T02:00:15.437Z 16.8
2020-10-01T02:01:15.434Z 22.0
2020-10-01T02:02:15.431Z 16.8
2020-10-01T02:03:15.427Z 15.7
2020-10-01T02:04:15.424Z 22.0
2020-10-01T02:05:15.421Z 19.9
2020-10-01T02:06:15.417Z 15.7
2020-10-01T02:07:15.414Z 23.1
2020-10-01T02:08:15.410Z 21.0
2020-10-01T02:09:15.407Z 56.6
2020-10-01T02:10:15.404Z 18.9
2020-10-01T02:11:15.400Z 15.7
2020-10-01T02:12:15.397Z 23.1
2020-10-01T02:13:15.394Z 18.9
2020-10-01T02:14:15.390Z 16.3
2020-10-01T02:15:15.387Z 19.9
2020-10-01T02:16:15.383Z 18.9
2020-10-01T02:17:15.380Z 15.2
2020-10-01T02:18:15.376Z 22.0
2020-10-01T02:19:15.374Z 19.9
2020-10-01T02:20:15.370Z 14.7
2020-10-01T02:21:15.366Z 18.9
2020-10-01T02:22:15.363Z 21.0
2020-10-01T02:23:15.360Z 14.7
2020-10-01T02:24:15.356Z 18.9
2020-10-01T02:25:15.353Z 22.0
2020-10-01T02:26:15.349Z 15.2
2020-10-01T02:27:15.346Z 19.9
2020-10-01T02:28:15.343Z 22.0
2020-10-01T02:29:15.340Z 14.7
2020-10-01T02:30:15.336Z 17.8
2020-10-01T02:31:15.333Z 22.0
2020-10-01T02:32:15.329Z 16.3
2020-10-01T02:33:15.326Z 17.8
2020-10-01T02:34:15.322Z 19.9
2020-10-01T02:35:15.319Z 19.9
2020-10-01T02:36:15.315Z 18.9
2020-10-01T02:37:15.312Z 19.9
2020-10-01T02:38:15.309Z 17.8
2020-10-01T02:39:15.305Z 15.7
2020-10-01T02:40:15.302Z 24.1
2020-10-01T02:41:15.299Z 18.9
2020-10-01T02:42:15.295Z 16.8
2020-10-01T02:43:15.292Z 23.1
2020-10-01T02:44:15.288Z 17.8
2020-10-01T02:45:15.285Z 16.3
2020-10-01T02:46:15.282Z 22.0
2020-10-01T02:47:15.278Z 18.9
2020-10-01T02:48:15.275Z 16.3
2020-10-01T02:49:15.272Z 22.0
2020-10-01T02:50:15.268Z 21.0
2020-10-01T02:50:54.095Z 15.7
