2020-09-30T18:38:26.200Z 300.9
2020-09-30T18:39:26.196Z 278.3
2020-09-30T18:40:26.193Z 272.4
2020-09-30T18:41:26.190Z 268.2
2020-09-30T18:42:26.186Z 261.1
2020-09-30T18:43:26.183Z 243.2
2020-09-30T18:44:26.179Z 245.8
2020-09-30T18:45:26.176Z 247.5
2020-09-30T18:46:26.173Z 237.5
2020-09-30T18:47:26.169Z 234.0
2020-09-30T18:48:26.167Z 239.6
2020-09-30T18:49:26.162Z 228.5
2020-09-30T18:50:26.159Z 229.8
2020-09-30T18:51:26.156Z 238.0
2020-09-30T18:52:26.152Z 216.8
2020-09-30T18:53:26.149Z 229.3
2020-09-30T18:54:26.146Z 237.5
2020-09-30T18:55:26.142Z 211.7
2020-09-30T18:56:26.139Z 147.3
2020-09-30T18:57:26.136Z 134.5
2020-09-30T18:58:26.132Z 176.1
2020-09-30T18:59:26.129Z 212.8
2020-09-30T19:00:26.126Z 225.4
2020-09-30T19:01:26.122Z 222.8
2020-09-30T19:02:26.120Z 226.0
2020-09-30T19:03:26.116Z 231.3
2020-09-30T19:04:26.112Z 224.3
2020-09-30T19:05:26.109Z 223.7
2020-09-30T19:06:26.105Z 233.8
2020-09-30T19:07:26.103Z 228.3
2020-09-30T19:08:26.099Z 205.9
2020-09-30T19:09:26.095Z 196.7
2020-09-30T19:10:26.093Z 201.7
2020-09-30T19:11:26.089Z 226.9
2020-09-30T19:12:26.085Z 217.2
2020-09-30T19:13:26.082Z 152.6
2020-09-30T19:14:26.079Z 138.1
2020-09-30T19:15:26.075Z 163.2
2020-09-30T19:16:26.072Z 212.2
2020-09-30T19:17:26.069Z 228.6
2020-09-30T19:18:26.065Z 237.5
2020-09-30T19:19:26.062Z 217.1
2020-09-30T19:20:26.059Z 228.5
2020-09-30T19:21:26.055Z 231.9
2020-09-30T19:22:26.052Z 217.0
2020-09-30T19:23:26.049Z 233.8
2020-09-30T19:24:26.046Z 236.4
2020-09-30T19:25:26.042Z 217.4
2020-09-30T19:26:26.039Z 237.3
2020-09-30T19:27:26.035Z 228.9
2020-09-30T19:28:26.032Z 226.1
2020-09-30T19:29:26.028Z 239.1
2020-09-30T19:30:26.025Z 229.5
2020-09-30T19:31:26.022Z 174.2
2020-09-30T19:32:26.019Z 89.3
2020-09-30T19:33:26.015Z 117.3
2020-09-30T19:34:26.012Z 134.4
2020-09-30T19:35:26.009Z 143.2
2020-09-30T19:36:26.006Z 128.5
2020-09-30T19:37:26.002Z 132.0
2020-09-30T19:38:25.998Z 124.0
2020-09-30T19:39:25.995Z 120.8
2020-09-30T19:40:25.992Z 113.5
2020-09-30T19:41:25.989Z 121.3
2020-09-30T19:42:25.985Z 104.6
2020-09-30T19:43:25.982Z 134.2
2020-09-30T19:44:25.978Z 116.8
2020-09-30T19:45:25.975Z 129.0
2020-09-30T19:46:25.972Z 132.6
2020-09-30T19:47:25.968Z 125.3
2020-09-30T19:48:25.965Z 145.4
2020-09-30T19:49:25.962Z 134.8
2020-09-30T19:50:25.959Z 140.7
2020-09-30T19:51:25.955Z 136.7
2020-09-30T19:52:25.952Z 145.8
2020-09-30T19:53:25.949Z 142.3
2020-09-30T19:54:25.945Z 129.0
2020-09-30T19:55:25.942Z 132.2
2020-09-30T19:56:25.939Z 140.3
2020-09-30T19:57:25.935Z 126.4
2020-09-30T19:58:25.932Z 147.1
2020-09-30T19:59:25.929Z 156.2
2020-09-30T20:00:25.925Z 145.9
2020-09-30T20:01:25.922Z 136.5
2020-09-30T20:02:25.919Z 160.5
2020-09-30T20:03:25.915Z 207.5
2020-09-30T20:04:25.912Z 281.2
2020-09-30T20:05:25.909Z 278.8
2020-09-30T20:06:25.906Z 271.3
2020-09-30T20:07:25.902Z 282.9
2020-09-30T20:08:25.900Z 215.3
2020-09-30T20:09:25.895Z 195.7
2020-09-30T20:10:25.892Z 258.1
2020-09-30T20:11:25.889Z 293.0
2020-09-30T20:12:25.886Z 302.3
2020-09-30T20:13:25.882Z 296.0
2020-09-30T20:14:25.880Z 299.9
2020-09-30T20:15:25.876Z 301.7
2020-09-30T20:16:25.872Z 292.7
2020-09-30T20:17:25.870Z 300.1
2020-09-30T20:18:25.866Z 297.2
2020-09-30T20:19:25.862Z 288.8
2020-09-30T20:20:25.859Z 295.5
2020-09-30T20:21:25.856Z 292.5
2020-09-30T20:22:25.853Z 289.5
2020-09-30T20:23:25.849Z 293.0
2020-09-30T20:24:25.846Z 290.4
2020-09-30T20:25:25.844Z 273.9
2020-09-30T20:26:25.839Z 302.7
2020-09-30T20:27:25.837Z 280.2
2020-09-30T20:28:25.833Z 286.8
2020-09-30T20:29:25.829Z 299.8
2020-09-30T20:30:25.826Z 276.8
2020-09-30T20:31:25.823Z 281.8
2020-09-30T20:32:25.819Z 269.4
2020-09-30T20:33:25.817Z 284.7
2020-09-30T20:34:25.813Z 297.0
2020-09-30T20:35:25.809Z 291.3
2020-09-30T20:36:25.806Z 280.2
2020-09-30T20:37:25.803Z 309.6
2020-09-30T20:38:25.800Z 291.3
2020-09-30T20:39:25.796Z 292.8
2020-09-30T20:40:25.793Z 299.5
2020-09-30T20:41:25.790Z 292.6
2020-09-30T20:42:25.786Z 284.3
2020-09-30T20:43:25.783Z 302.2
2020-09-30T20:44:25.780Z 285.7
2020-09-30T20:45:25.777Z 289.1
2020-09-30T20:46:25.774Z 304.6
2020-09-30T20:47:25.770Z 282.8
2020-09-30T20:48:25.767Z 289.4
2020-09-30T20:49:25.764Z 297.3
2020-09-30T20:50:25.760Z 287.6
2020-09-30T20:51:25.757Z 287.3
2020-09-30T20:52:25.753Z 297.9
2020-09-30T20:53:25.750Z 281.2
2020-09-30T20:54:25.747Z 297.6
2020-09-30T20:55:25.744Z 286.4
2020-09-30T20:56:25.740Z 285.0
2020-09-30T20:57:25.737Z 303.2
2020-09-30T20:58:25.734Z 278.4
2020-09-30T20:59:25.730Z 276.3
2020-09-30T21:00:25.727Z 294.3
2020-09-30T21:01:25.724Z 280.4
2020-09-30T21:02:25.720Z 287.2
2020-09-30T21:03:25.717Z 298.6
2020-09-30T21:04:25.713Z 273.7
2020-09-30T21:05:25.710Z 292.1
2020-09-30T21:06:25.707Z 290.3
2020-09-30T21:07:25.703Z 275.5
2020-09-30T21:08:25.700Z 271.6
2020-09-30T21:09:25.696Z 155.9
2020-09-30T21:10:25.693Z 156.9
2020-09-30T21:11:25.689Z 155.4
2020-09-30T21:12:25.687Z 124.0
2020-09-30T21:13:25.683Z 194.5
2020-09-30T21:14:25.680Z 197.5
2020-09-30T21:15:25.676Z 191.2
2020-09-30T21:16:25.673Z 184.6
2020-09-30T21:17:25.670Z 162.9
2020-09-30T21:18:25.667Z 174.5
2020-09-30T21:19:25.663Z 171.7
2020-09-30T21:20:25.659Z 185.9
2020-09-30T21:21:25.656Z 161.9
2020-09-30T21:22:25.653Z 181.2
2020-09-30T21:23:25.649Z 159.6
2020-09-30T21:24:25.646Z 157.8
2020-09-30T21:25:25.643Z 168.8
2020-09-30T21:26:25.639Z 159.0
2020-09-30T21:27:25.637Z 184.9
2020-09-30T21:28:25.632Z 146.4
2020-09-30T21:29:25.629Z 171.3
2020-09-30T21:30:25.626Z 185.5
2020-09-30T21:31:25.622Z 169.1
2020-09-30T21:32:25.619Z 174.7
2020-09-30T21:33:25.616Z 248.4
2020-09-30T21:34:25.612Z 310.4
2020-09-30T21:35:25.609Z 294.1
2020-09-30T21:36:25.605Z 294.1
2020-09-30T21:37:25.602Z 301.7
2020-09-30T21:38:25.599Z 299.8
2020-09-30T21:39:25.595Z 317.6
2020-09-30T21:40:25.592Z 310.6
2020-09-30T21:41:25.589Z 309.4
2020-09-30T21:42:25.585Z 304.5
2020-09-30T21:43:25.582Z 303.4
2020-09-30T21:44:25.579Z 310.1
2020-09-30T21:45:25.575Z 308.8
2020-09-30T21:46:25.573Z 309.4
2020-09-30T21:47:25.569Z 315.0
2020-09-30T21:48:25.565Z 300.2
2020-09-30T21:49:25.562Z 301.3
2020-09-30T21:50:25.559Z 286.6
2020-09-30T21:51:25.555Z 271.0
2020-09-30T21:52:25.552Z 266.8
2020-09-30T21:53:25.548Z 267.8
2020-09-30T21:54:25.545Z 300.7
2020-09-30T21:55:25.542Z 298.2
2020-09-30T21:56:25.538Z 301.8
2020-09-30T21:57:25.536Z 300.6
2020-09-30T21:58:25.532Z 316.3
2020-09-30T21:59:25.528Z 303.2
2020-09-30T22:00:25.525Z 303.2
2020-09-30T22:01:25.521Z 303.8
2020-09-30T22:02:25.519Z 304.5
2020-09-30T22:03:25.515Z 304.2
2020-09-30T22:04:25.511Z 297.9
2020-09-30T22:05:25.508Z 297.6
2020-09-30T22:06:25.505Z 299.8
2020-09-30T22:07:25.501Z 302.4
2020-09-30T22:08:25.498Z 246.3
2020-09-30T22:09:25.495Z 191.0
2020-09-30T22:10:25.491Z 291.7
2020-09-30T22:11:25.488Z 258.9
2020-09-30T22:12:25.485Z 308.6
2020-09-30T22:13:25.482Z 324.2
2020-09-30T22:14:25.478Z 320.1
2020-09-30T22:15:25.474Z 247.7
2020-09-30T22:16:25.471Z 177.3
2020-09-30T22:17:25.467Z 202.4
2020-09-30T22:18:25.464Z 199.7
2020-09-30T22:19:25.461Z 211.7
2020-09-30T22:20:25.457Z 197.5
2020-09-30T22:21:25.455Z 205.4
2020-09-30T22:22:25.452Z 198.3
2020-09-30T22:23:25.447Z 182.1
2020-09-30T22:24:25.444Z 193.1
2020-09-30T22:25:25.441Z 199.1
2020-09-30T22:25:39.647Z 158.2

2020-09-30T22:45:16.095Z 442.0
2020-09-30T22:46:16.092Z 400.4
2020-09-30T22:47:16.088Z 385.8
2020-09-30T22:48:16.085Z 386.2
2020-09-30T22:49:16.081Z 370.9
2020-09-30T22:50:16.078Z 390.5
2020-09-30T22:51:16.075Z 342.3
2020-09-30T22:52:16.071Z 268.0
2020-09-30T22:53:16.068Z 251.7
2020-09-30T22:54:16.064Z 355.5
2020-09-30T22:55:16.061Z 358.6
2020-09-30T22:56:16.057Z 348.7
2020-09-30T22:57:16.054Z 350.9
2020-09-30T22:58:16.050Z 339.8
2020-09-30T22:59:16.047Z 265.5
2020-09-30T23:00:16.044Z 65.1
2020-09-30T23:01:16.040Z 78.5
2020-09-30T23:02:16.037Z 93.0
2020-09-30T23:03:16.034Z 71.8
2020-09-30T23:04:16.030Z 53.8
2020-09-30T23:05:16.027Z 64.2
2020-09-30T23:06:16.024Z 77.4
2020-09-30T23:07:16.020Z 67.9
2020-09-30T23:08:16.017Z 59.8
2020-09-30T23:09:16.013Z 48.9
2020-09-30T23:10:16.011Z 90.4
2020-09-30T23:11:16.007Z 269.7
2020-09-30T23:12:16.003Z 328.8
2020-09-30T23:13:16.000Z 333.0
2020-09-30T23:14:15.997Z 331.6
2020-09-30T23:15:15.993Z 332.6
2020-09-30T23:16:15.989Z 328.6
2020-09-30T23:17:15.986Z 335.6
2020-09-30T23:18:15.983Z 324.3
2020-09-30T23:19:15.979Z 332.0
2020-09-30T23:20:15.976Z 308.0
2020-09-30T23:21:15.973Z 322.2
2020-09-30T23:22:15.969Z 321.9
2020-09-30T23:23:15.966Z 326.9
2020-09-30T23:24:15.963Z 320.8
2020-09-30T23:25:15.960Z 329.0
2020-09-30T23:26:15.956Z 225.8
2020-09-30T23:27:15.952Z 84.1
2020-09-30T23:28:15.949Z 87.7
2020-09-30T23:29:15.946Z 61.5
2020-09-30T23:30:15.942Z 58.1
2020-09-30T23:31:15.939Z 58.6
2020-09-30T23:32:15.935Z 57.6
2020-09-30T23:33:15.932Z 40.3
2020-09-30T23:34:15.929Z 52.9
2020-09-30T23:35:15.925Z 55.1
2020-09-30T23:36:15.922Z 66.6
2020-09-30T23:37:15.919Z 80.4
2020-09-30T23:38:15.915Z 74.9
2020-09-30T23:39:15.912Z 79.8
2020-09-30T23:40:15.908Z 144.4
2020-09-30T23:41:15.905Z 193.1
2020-09-30T23:42:15.901Z 246.4
2020-09-30T23:43:15.899Z 264.3
2020-09-30T23:44:15.895Z 242.8
2020-09-30T23:45:15.892Z 264.3
2020-09-30T23:46:15.888Z 245.8
2020-09-30T23:47:15.885Z 257.1
2020-09-30T23:48:15.881Z 84.0
2020-09-30T23:49:15.878Z 77.1
2020-09-30T23:50:15.874Z 76.3
2020-09-30T23:51:15.871Z 59.9
2020-09-30T23:52:15.868Z 55.1
2020-09-30T23:53:15.865Z 59.1
2020-09-30T23:54:15.861Z 61.3
2020-09-30T23:55:15.858Z 50.2
2020-09-30T23:56:15.854Z 48.9
2020-09-30T23:57:15.851Z 49.2
2020-09-30T23:58:15.847Z 49.3
2020-09-30T23:59:15.844Z 48.6
2020-10-01T00:00:15.841Z 53.2
2020-10-01T00:01:15.837Z 50.6
2020-10-01T00:02:15.834Z 52.9
2020-10-01T00:03:15.831Z 49.3
2020-10-01T00:04:15.827Z 51.7
2020-10-01T00:05:15.824Z 51.6
2020-10-01T00:06:15.821Z 43.8
2020-10-01T00:07:15.817Z 50.3
2020-10-01T00:08:15.814Z 33.6
2020-10-01T00:09:15.810Z 20.6
2020-10-01T00:10:15.807Z 62.1
2020-10-01T00:11:15.804Z 127.7
2020-10-01T00:12:15.800Z 172.2
2020-10-01T00:13:15.797Z 223.0
2020-10-01T00:14:15.793Z 239.5
2020-10-01T00:15:15.790Z 219.3
2020-10-01T00:16:15.788Z 235.6
2020-10-01T00:17:15.784Z 199.9
2020-10-01T00:18:15.780Z 238.1
2020-10-01T00:19:15.777Z 239.6
2020-10-01T00:20:15.773Z 235.2
2020-10-01T00:21:15.770Z 239.1
2020-10-01T00:22:15.767Z 218.3
2020-10-01T00:23:15.763Z 236.8
2020-10-01T00:24:15.760Z 244.8
2020-10-01T00:25:15.757Z 230.9
2020-10-01T00:26:15.754Z 223.2
2020-10-01T00:27:15.750Z 249.7
2020-10-01T00:28:15.747Z 219.1
2020-10-01T00:29:15.744Z 226.1
2020-10-01T00:30:15.740Z 249.2
2020-10-01T00:31:15.737Z 232.7
2020-10-01T00:32:15.733Z 232.3
2020-10-01T00:33:15.730Z 241.7
2020-10-01T00:34:15.727Z 233.9
2020-10-01T00:35:15.723Z 226.7
2020-10-01T00:36:15.720Z 248.5
2020-10-01T00:37:15.717Z 222.8
2020-10-01T00:38:15.714Z 225.2
2020-10-01T00:39:15.711Z 250.1
2020-10-01T00:40:15.707Z 227.4
2020-10-01T00:41:15.703Z 229.7
2020-10-01T00:42:15.700Z 253.2
2020-10-01T00:43:15.697Z 222.2
2020-10-01T00:44:15.693Z 204.6
2020-10-01T00:45:15.690Z 237.1
2020-10-01T00:46:15.687Z 225.9
2020-10-01T00:47:15.683Z 230.8
2020-10-01T00:48:15.681Z 242.6
2020-10-01T00:49:15.676Z 202.0
2020-10-01T00:50:15.673Z 234.9
2020-10-01T00:51:15.670Z 241.3
2020-10-01T00:52:15.667Z 227.1
2020-10-01T00:53:15.663Z 239.4
2020-10-01T00:54:15.659Z 234.3
2020-10-01T00:55:15.656Z 231.5
2020-10-01T00:56:15.653Z 242.2
2020-10-01T00:57:15.650Z 230.1
2020-10-01T00:58:15.647Z 196.9
2020-10-01T00:59:15.643Z 248.0
2020-10-01T01:00:15.639Z 216.4
2020-10-01T01:01:15.637Z 217.7
2020-10-01T01:02:15.633Z 252.2
2020-10-01T01:03:15.630Z 224.2
2020-10-01T01:04:15.626Z 228.2
2020-10-01T01:05:15.622Z 247.9
2020-10-01T01:06:15.619Z 229.6
2020-10-01T01:07:15.616Z 221.6
2020-10-01T01:08:15.612Z 178.5
2020-10-01T01:09:15.609Z 159.4
2020-10-01T01:10:15.606Z 163.6
2020-10-01T01:11:15.603Z 221.4
2020-10-01T01:12:15.599Z 256.9
2020-10-01T01:13:15.596Z 233.4
2020-10-01T01:14:15.592Z 236.6
2020-10-01T01:15:15.589Z 256.2
2020-10-01T01:16:15.586Z 249.6
2020-10-01T01:17:15.582Z 237.6
2020-10-01T01:18:15.579Z 246.9
2020-10-01T01:19:15.575Z 253.3
2020-10-01T01:20:15.572Z 238.6
2020-10-01T01:21:15.569Z 243.4
2020-10-01T01:22:15.565Z 258.8
2020-10-01T01:23:15.562Z 240.4
2020-10-01T01:24:15.559Z 240.9
2020-10-01T01:25:15.555Z 256.4
2020-10-01T01:26:15.552Z 214.3
2020-10-01T01:27:15.550Z 242.4
2020-10-01T01:28:15.546Z 259.4
2020-10-01T01:29:15.542Z 238.2
2020-10-01T01:30:15.539Z 232.7
2020-10-01T01:31:15.535Z 254.0
2020-10-01T01:32:15.532Z 223.0
2020-10-01T01:33:15.528Z 232.3
2020-10-01T01:34:15.525Z 257.0
2020-10-01T01:35:15.522Z 248.3
2020-10-01T01:36:15.519Z 237.6
2020-10-01T01:37:15.515Z 246.1
2020-10-01T01:38:15.512Z 253.5
2020-10-01T01:39:15.509Z 239.0
2020-10-01T01:40:15.506Z 228.4
2020-10-01T01:41:15.502Z 255.1
2020-10-01T01:42:15.498Z 237.5
2020-10-01T01:43:15.495Z 218.4
2020-10-01T01:44:15.491Z 247.7
2020-10-01T01:45:15.488Z 231.3
2020-10-01T01:46:15.485Z 243.4
2020-10-01T01:47:15.481Z 258.9
2020-10-01T01:48:15.478Z 236.2
2020-10-01T01:49:15.474Z 237.2
2020-10-01T01:50:15.471Z 259.1
2020-10-01T01:51:15.468Z 241.5
2020-10-01T01:52:15.466Z 244.9
2020-10-01T01:53:15.461Z 252.9
2020-10-01T01:54:15.458Z 240.6
2020-10-01T01:55:15.455Z 242.1
2020-10-01T01:56:15.451Z 248.1
2020-10-01T01:57:15.447Z 242.9
2020-10-01T01:58:15.444Z 229.7
2020-10-01T01:59:15.441Z 242.1
2020-10-01T02:00:15.437Z 248.5
2020-10-01T02:01:15.434Z 235.2
2020-10-01T02:02:15.431Z 246.5
2020-10-01T02:03:15.427Z 252.3
2020-10-01T02:04:15.424Z 232.2
2020-10-01T02:05:15.421Z 235.9
2020-10-01T02:06:15.417Z 251.5
2020-10-01T02:07:15.414Z 230.0
2020-10-01T02:08:15.410Z 183.6
2020-10-01T02:09:15.407Z 134.8
2020-10-01T02:10:15.404Z 224.4
2020-10-01T02:11:15.400Z 250.5
2020-10-01T02:12:15.397Z 219.2
2020-10-01T02:13:15.394Z 243.5
2020-10-01T02:14:15.390Z 252.7
2020-10-01T02:15:15.387Z 233.4
2020-10-01T02:16:15.383Z 238.2
2020-10-01T02:17:15.380Z 253.8
2020-10-01T02:18:15.376Z 235.4
2020-10-01T02:19:15.374Z 234.5
2020-10-01T02:20:15.370Z 257.1
2020-10-01T02:21:15.366Z 232.9
2020-10-01T02:22:15.363Z 228.5
2020-10-01T02:23:15.360Z 256.0
2020-10-01T02:24:15.356Z 238.7
2020-10-01T02:25:15.353Z 234.6
2020-10-01T02:26:15.349Z 253.4
2020-10-01T02:27:15.346Z 233.7
2020-10-01T02:28:15.343Z 234.3
2020-10-01T02:29:15.340Z 253.7
2020-10-01T02:30:15.336Z 239.3
2020-10-01T02:31:15.333Z 229.6
2020-10-01T02:32:15.329Z 247.9
2020-10-01T02:33:15.326Z 245.4
2020-10-01T02:34:15.322Z 238.8
2020-10-01T02:35:15.319Z 241.0
2020-10-01T02:36:15.315Z 238.9
2020-10-01T02:37:15.312Z 228.4
2020-10-01T02:38:15.309Z 238.8
2020-10-01T02:39:15.305Z 245.4
2020-10-01T02:40:15.302Z 226.6
2020-10-01T02:41:15.299Z 241.2
2020-10-01T02:42:15.295Z 245.8
2020-10-01T02:43:15.292Z 225.6
2020-10-01T02:44:15.288Z 240.5
2020-10-01T02:45:15.285Z 247.2
2020-10-01T02:46:15.282Z 233.3
2020-10-01T02:47:15.278Z 238.5
2020-10-01T02:48:15.275Z 246.8
2020-10-01T02:49:15.272Z 238.3
2020-10-01T02:50:15.268Z 238.6
2020-10-01T02:50:54.095Z 268.7
